[1.520s] Invoking command in '/home/eylul/main_HD_workspace/2023/ros2_ws/src/vision': PYTHONPATH=/home/eylul/main_HD_workspace/2023/ros2_ws/build/vision/prefix_override:/home/eylul/main_HD_workspace/2023/ros2_ws/install/vision/lib/python3.10/site-packages:${PYTHONPATH} /usr/bin/python3 setup.py egg_info --egg-base ../../build/vision build --build-base /home/eylul/main_HD_workspace/2023/ros2_ws/build/vision/build install --record /home/eylul/main_HD_workspace/2023/ros2_ws/build/vision/install.log --single-version-externally-managed
[2.010s] running egg_info
[2.011s] creating ../../build/vision/vision.egg-info
[2.012s] writing ../../build/vision/vision.egg-info/PKG-INFO
[2.013s] writing dependency_links to ../../build/vision/vision.egg-info/dependency_links.txt
[2.013s] writing entry points to ../../build/vision/vision.egg-info/entry_points.txt
[2.013s] writing requirements to ../../build/vision/vision.egg-info/requires.txt
[2.014s] writing top-level names to ../../build/vision/vision.egg-info/top_level.txt
[2.014s] writing manifest file '../../build/vision/vision.egg-info/SOURCES.txt'
[2.016s] reading manifest file '../../build/vision/vision.egg-info/SOURCES.txt'
[2.018s] writing manifest file '../../build/vision/vision.egg-info/SOURCES.txt'
[2.019s] running build
[2.019s] running build_py
[2.020s] creating /home/eylul/main_HD_workspace/2023/ros2_ws/build/vision/build
[2.020s] creating /home/eylul/main_HD_workspace/2023/ros2_ws/build/vision/build/lib
[2.020s] creating /home/eylul/main_HD_workspace/2023/ros2_ws/build/vision/build/lib/vision
[2.020s] copying vision/fake_matthias.py -> /home/eylul/main_HD_workspace/2023/ros2_ws/build/vision/build/lib/vision
[2.020s] copying vision/__init__.py -> /home/eylul/main_HD_workspace/2023/ros2_ws/build/vision/build/lib/vision
[2.020s] copying vision/vision_publisher.py -> /home/eylul/main_HD_workspace/2023/ros2_ws/build/vision/build/lib/vision
[2.020s] running install
[2.023s] /usr/lib/python3/dist-packages/setuptools/command/install.py:34: SetuptoolsDeprecationWarning: setup.py install is deprecated. Use build and pip and other standards-based tools.
[2.023s]   warnings.warn(
[2.023s] running install_lib
[2.024s] creating /home/eylul/main_HD_workspace/2023/ros2_ws/install/vision/lib/python3.10/site-packages/vision
[2.025s] copying /home/eylul/main_HD_workspace/2023/ros2_ws/build/vision/build/lib/vision/fake_matthias.py -> /home/eylul/main_HD_workspace/2023/ros2_ws/install/vision/lib/python3.10/site-packages/vision
[2.025s] copying /home/eylul/main_HD_workspace/2023/ros2_ws/build/vision/build/lib/vision/__init__.py -> /home/eylul/main_HD_workspace/2023/ros2_ws/install/vision/lib/python3.10/site-packages/vision
[2.025s] copying /home/eylul/main_HD_workspace/2023/ros2_ws/build/vision/build/lib/vision/vision_publisher.py -> /home/eylul/main_HD_workspace/2023/ros2_ws/install/vision/lib/python3.10/site-packages/vision
[2.027s] byte-compiling /home/eylul/main_HD_workspace/2023/ros2_ws/install/vision/lib/python3.10/site-packages/vision/fake_matthias.py to fake_matthias.cpython-310.pyc
[2.028s] byte-compiling /home/eylul/main_HD_workspace/2023/ros2_ws/install/vision/lib/python3.10/site-packages/vision/__init__.py to __init__.cpython-310.pyc
[2.029s]   File "/home/eylul/main_HD_workspace/2023/ros2_ws/install/vision/lib/python3.10/site-packages/vision/fake_matthias.py", line 20
[2.031s]     '''
[2.031s]     ^
[2.032s] SyntaxError: unterminated triple-quoted string literal (detected at line 26)
[2.032s] 
[2.033s]   File "/home/eylul/main_HD_workspace/2023/ros2_ws/install/vision/lib/python3.10/site-packages/vision/vision_publisher.py", line 26
[2.033s]     '''
[2.033s]     ^
[2.033s] SyntaxError: unterminated triple-quoted string literal (detected at line 29)
[2.033s] 
[2.033s] byte-compiling /home/eylul/main_HD_workspace/2023/ros2_ws/install/vision/lib/python3.10/site-packages/vision/vision_publisher.py to vision_publisher.cpython-310.pyc
[2.034s] running install_data
[2.034s] creating /home/eylul/main_HD_workspace/2023/ros2_ws/install/vision/share/ament_index
[2.034s] creating /home/eylul/main_HD_workspace/2023/ros2_ws/install/vision/share/ament_index/resource_index
[2.034s] creating /home/eylul/main_HD_workspace/2023/ros2_ws/install/vision/share/ament_index/resource_index/packages
[2.034s] copying resource/vision -> /home/eylul/main_HD_workspace/2023/ros2_ws/install/vision/share/ament_index/resource_index/packages
[2.034s] copying package.xml -> /home/eylul/main_HD_workspace/2023/ros2_ws/install/vision/share/vision
[2.034s] running install_egg_info
[2.034s] Copying ../../build/vision/vision.egg-info to /home/eylul/main_HD_workspace/2023/ros2_ws/install/vision/lib/python3.10/site-packages/vision-0.0.0-py3.10.egg-info
[2.035s] running install_scripts
[2.087s] writing list of installed files to '/home/eylul/main_HD_workspace/2023/ros2_ws/build/vision/install.log'
[2.120s] Invoked command in '/home/eylul/main_HD_workspace/2023/ros2_ws/src/vision' returned '0': PYTHONPATH=/home/eylul/main_HD_workspace/2023/ros2_ws/build/vision/prefix_override:/home/eylul/main_HD_workspace/2023/ros2_ws/install/vision/lib/python3.10/site-packages:${PYTHONPATH} /usr/bin/python3 setup.py egg_info --egg-base ../../build/vision build --build-base /home/eylul/main_HD_workspace/2023/ros2_ws/build/vision/build install --record /home/eylul/main_HD_workspace/2023/ros2_ws/build/vision/install.log --single-version-externally-managed
