[0.686s] Invoking command in '/home/matthias/xplore2023/hd_ws/src/control/manager': PYTHONPATH=/home/matthias/xplore2023/hd_ws/install/manager/lib/python3.10/site-packages:${PYTHONPATH} /usr/bin/python3 setup.py egg_info --egg-base ../../../build/manager build --build-base /home/matthias/xplore2023/hd_ws/build/manager/build install --prefix /home/matthias/xplore2023/hd_ws/install/manager --record /home/matthias/xplore2023/hd_ws/build/manager/install.log --single-version-externally-managed
[0.924s] running egg_info
[0.925s] writing ../../../build/manager/manager.egg-info/PKG-INFO
[0.925s] writing dependency_links to ../../../build/manager/manager.egg-info/dependency_links.txt
[0.925s] writing entry points to ../../../build/manager/manager.egg-info/entry_points.txt
[0.926s] writing requirements to ../../../build/manager/manager.egg-info/requires.txt
[0.926s] writing top-level names to ../../../build/manager/manager.egg-info/top_level.txt
[0.948s] listing git files failed - pretending there aren't any
[1.041s] reading manifest file '../../../build/manager/manager.egg-info/SOURCES.txt'
[1.042s] writing manifest file '../../../build/manager/manager.egg-info/SOURCES.txt'
[1.042s] running build
[1.042s] running build_py
[1.042s] copying manager/manager.py -> /home/matthias/xplore2023/hd_ws/build/manager/build/lib/manager
[1.042s] running install
[1.043s] /usr/lib/python3/dist-packages/setuptools/command/install.py:34: SetuptoolsDeprecationWarning: setup.py install is deprecated. Use build and pip and other standards-based tools.
[1.043s]   warnings.warn(
[1.043s] running install_lib
[1.043s] copying /home/matthias/xplore2023/hd_ws/build/manager/build/lib/manager/manager.py -> /home/matthias/xplore2023/hd_ws/install/manager/lib/python3.10/site-packages/manager
[1.044s] byte-compiling /home/matthias/xplore2023/hd_ws/install/manager/lib/python3.10/site-packages/manager/manager.py to manager.cpython-310.pyc
[1.045s] running install_data
[1.046s] running install_egg_info
[1.046s] removing '/home/matthias/xplore2023/hd_ws/install/manager/lib/python3.10/site-packages/manager-0.0.0-py3.10.egg-info' (and everything under it)
[1.047s] Copying ../../../build/manager/manager.egg-info to /home/matthias/xplore2023/hd_ws/install/manager/lib/python3.10/site-packages/manager-0.0.0-py3.10.egg-info
[1.047s] running install_scripts
[1.062s] Installing manager script to /home/matthias/xplore2023/hd_ws/install/manager/lib/manager
[1.062s] writing list of installed files to '/home/matthias/xplore2023/hd_ws/build/manager/install.log'
[1.084s] Invoked command in '/home/matthias/xplore2023/hd_ws/src/control/manager' returned '0': PYTHONPATH=/home/matthias/xplore2023/hd_ws/install/manager/lib/python3.10/site-packages:${PYTHONPATH} /usr/bin/python3 setup.py egg_info --egg-base ../../../build/manager build --build-base /home/matthias/xplore2023/hd_ws/build/manager/build install --prefix /home/matthias/xplore2023/hd_ws/install/manager --record /home/matthias/xplore2023/hd_ws/build/manager/install.log --single-version-externally-managed
