-- The C compiler identification is GNU 9.4.0
-- The CXX compiler identification is GNU 9.4.0
-- Check for working C compiler: /usr/bin/cc
-- Check for working C compiler: /usr/bin/cc -- works
-- Detecting C compiler ABI info
-- Detecting C compiler ABI info - done
-- Detecting C compile features
-- Detecting C compile features - done
-- Check for working CXX compiler: /usr/bin/c++
-- Check for working CXX compiler: /usr/bin/c++ -- works
-- Detecting CXX compiler ABI info
-- Detecting CXX compiler ABI info - done
-- Detecting CXX compile features
-- Detecting CXX compile features - done
-- Found ament_cmake: 0.9.11 (/opt/ros/foxy/share/ament_cmake/cmake)
-- Found PythonInterp: /usr/bin/python3 (found suitable version "3.8.10", minimum required is "3") 
-- Using PYTHON_EXECUTABLE: /usr/bin/python3
-- Found geometry_msgs: 2.0.5 (/opt/ros/foxy/share/geometry_msgs/cmake)
-- Using all available rosidl_typesupport_c: rosidl_typesupport_fastrtps_c;rosidl_typesupport_introspection_c
-- Found rosidl_adapter: 1.3.0 (/opt/ros/foxy/share/rosidl_adapter/cmake)
-- Found OpenSSL: /usr/lib/aarch64-linux-gnu/libcrypto.so (found version "1.1.1f")  
-- Found FastRTPS: /opt/ros/foxy/include  
-- Using all available rosidl_typesupport_cpp: rosidl_typesupport_fastrtps_cpp;rosidl_typesupport_introspection_cpp
-- Found rosidl_default_generators: 1.0.1 (/opt/ros/foxy/share/rosidl_default_generators/cmake)
-- Found PythonInterp: /usr/bin/python3 (found version "3.8.10") 
-- Found ament_cmake_ros: 0.9.2 (/opt/ros/foxy/share/ament_cmake_ros/cmake)
-- Using all available rosidl_typesupport_c: rosidl_typesupport_fastrtps_c;rosidl_typesupport_introspection_c
-- Using all available rosidl_typesupport_cpp: rosidl_typesupport_fastrtps_cpp;rosidl_typesupport_introspection_cpp
-- Found PythonInterp: /usr/bin/python3 (found suitable version "3.8.10", minimum required is "3.5") 
-- Found python_cmake_module: 0.8.1 (/opt/ros/foxy/share/python_cmake_module/cmake)
-- Found PythonLibs: /usr/lib/aarch64-linux-gnu/libpython3.8.so (found suitable version "3.8.10", minimum required is "3.5") 
-- Using PYTHON_EXECUTABLE: /usr/bin/python3
-- Using PYTHON_INCLUDE_DIRS: /usr/include/python3.8
-- Using PYTHON_LIBRARIES: /usr/lib/aarch64-linux-gnu/libpython3.8.so
-- Found PythonExtra: .so  
-- Found ament_lint_auto: 0.9.8 (/opt/ros/foxy/share/ament_lint_auto/cmake)
-- Added test 'lint_cmake' to check CMake code style
-- Added test 'xmllint' to check XML markup files
-- Configuring done
-- Generating done
-- Build files have been written to: /home/xplore/Desktop/main_HD_workspace/hd_ws/build/astra_interfaces
[  2%] [34m[1mGenerating C code for ROS interfaces[0m
[35m[1mScanning dependencies of target astra_interfaces__cpp[0m
[  4%] [34m[1mGenerating C++ code for ROS interfaces[0m
[  4%] Built target astra_interfaces__cpp
[35m[1mScanning dependencies of target astra_interfaces__rosidl_generator_c[0m
[  8%] [34m[1mGenerating C++ type support for eProsima Fast-RTPS[0m
[  8%] [34m[1mGenerating C++ introspection for ROS interfaces[0m
[ 10%] [34m[1mGenerating C++ type support dispatch for ROS interfaces[0m
[ 12%] [32mBuilding C object CMakeFiles/astra_interfaces__rosidl_generator_c.dir/rosidl_generator_c/astra_interfaces/msg/detail/cmd_outcome__functions.c.o[0m
[ 14%] [32mBuilding C object CMakeFiles/astra_interfaces__rosidl_generator_c.dir/rosidl_generator_c/astra_interfaces/msg/detail/task__functions.c.o[0m
[ 17%] [32mBuilding C object CMakeFiles/astra_interfaces__rosidl_generator_c.dir/rosidl_generator_c/astra_interfaces/msg/detail/object__functions.c.o[0m
[ 19%] [32m[1mLinking C shared library libastra_interfaces__rosidl_generator_c.so[0m
[ 19%] Built target astra_interfaces__rosidl_generator_c
[ 21%] [34m[1mGenerating C introspection for ROS interfaces[0m
[ 23%] [34m[1mGenerating C type support dispatch for ROS interfaces[0m
[35m[1mScanning dependencies of target astra_interfaces__rosidl_typesupport_cpp[0m
[35m[1mScanning dependencies of target astra_interfaces__rosidl_typesupport_introspection_cpp[0m
[ 25%] [32mBuilding CXX object CMakeFiles/astra_interfaces__rosidl_typesupport_cpp.dir/rosidl_typesupport_cpp/astra_interfaces/msg/cmd_outcome__type_support.cpp.o[0m
[ 27%] [32mBuilding CXX object CMakeFiles/astra_interfaces__rosidl_typesupport_cpp.dir/rosidl_typesupport_cpp/astra_interfaces/msg/task__type_support.cpp.o[0m
[ 29%] [32mBuilding CXX object CMakeFiles/astra_interfaces__rosidl_typesupport_cpp.dir/rosidl_typesupport_cpp/astra_interfaces/msg/object__type_support.cpp.o[0m
[ 31%] [32mBuilding CXX object CMakeFiles/astra_interfaces__rosidl_typesupport_introspection_cpp.dir/rosidl_typesupport_introspection_cpp/astra_interfaces/msg/detail/object__type_support.cpp.o[0m
[ 34%] [32mBuilding CXX object CMakeFiles/astra_interfaces__rosidl_typesupport_introspection_cpp.dir/rosidl_typesupport_introspection_cpp/astra_interfaces/msg/detail/cmd_outcome__type_support.cpp.o[0m
[35m[1mScanning dependencies of target astra_interfaces__rosidl_typesupport_fastrtps_cpp[0m
[ 36%] [32mBuilding CXX object CMakeFiles/astra_interfaces__rosidl_typesupport_fastrtps_cpp.dir/rosidl_typesupport_fastrtps_cpp/astra_interfaces/msg/detail/dds_fastrtps/cmd_outcome__type_support.cpp.o[0m
[35m[1mScanning dependencies of target astra_interfaces__rosidl_typesupport_c[0m
[ 38%] [32mBuilding CXX object CMakeFiles/astra_interfaces__rosidl_typesupport_c.dir/rosidl_typesupport_c/astra_interfaces/msg/cmd_outcome__type_support.cpp.o[0m
[35m[1mScanning dependencies of target astra_interfaces__rosidl_typesupport_introspection_c[0m
[ 40%] [32mBuilding C object CMakeFiles/astra_interfaces__rosidl_typesupport_introspection_c.dir/rosidl_typesupport_introspection_c/astra_interfaces/msg/detail/cmd_outcome__type_support.c.o[0m
[ 42%] [32mBuilding CXX object CMakeFiles/astra_interfaces__rosidl_typesupport_c.dir/rosidl_typesupport_c/astra_interfaces/msg/object__type_support.cpp.o[0m
[ 44%] [32mBuilding C object CMakeFiles/astra_interfaces__rosidl_typesupport_introspection_c.dir/rosidl_typesupport_introspection_c/astra_interfaces/msg/detail/object__type_support.c.o[0m
[ 46%] [32mBuilding CXX object CMakeFiles/astra_interfaces__rosidl_typesupport_c.dir/rosidl_typesupport_c/astra_interfaces/msg/task__type_support.cpp.o[0m
[ 48%] [32mBuilding C object CMakeFiles/astra_interfaces__rosidl_typesupport_introspection_c.dir/rosidl_typesupport_introspection_c/astra_interfaces/msg/detail/task__type_support.c.o[0m
[ 51%] [32mBuilding CXX object CMakeFiles/astra_interfaces__rosidl_typesupport_introspection_cpp.dir/rosidl_typesupport_introspection_cpp/astra_interfaces/msg/detail/task__type_support.cpp.o[0m
[ 53%] [32mBuilding CXX object CMakeFiles/astra_interfaces__rosidl_typesupport_fastrtps_cpp.dir/rosidl_typesupport_fastrtps_cpp/astra_interfaces/msg/detail/dds_fastrtps/object__type_support.cpp.o[0m
[ 55%] [32m[1mLinking CXX shared library libastra_interfaces__rosidl_typesupport_cpp.so[0m
[ 57%] [32m[1mLinking CXX shared library libastra_interfaces__rosidl_typesupport_c.so[0m
[ 59%] [32mBuilding CXX object CMakeFiles/astra_interfaces__rosidl_typesupport_fastrtps_cpp.dir/rosidl_typesupport_fastrtps_cpp/astra_interfaces/msg/detail/dds_fastrtps/task__type_support.cpp.o[0m
[ 61%] [32m[1mLinking C shared library libastra_interfaces__rosidl_typesupport_introspection_c.so[0m
[ 61%] Built target astra_interfaces__rosidl_typesupport_cpp
[ 61%] Built target astra_interfaces__rosidl_typesupport_c
[ 61%] Built target astra_interfaces__rosidl_typesupport_introspection_c
[ 63%] [32m[1mLinking CXX shared library libastra_interfaces__rosidl_typesupport_introspection_cpp.so[0m
[ 63%] Built target astra_interfaces__rosidl_typesupport_introspection_cpp
[ 65%] [32m[1mLinking CXX shared library libastra_interfaces__rosidl_typesupport_fastrtps_cpp.so[0m
[ 65%] Built target astra_interfaces__rosidl_typesupport_fastrtps_cpp
[ 68%] [34m[1mGenerating C type support for eProsima Fast-RTPS[0m
[35m[1mScanning dependencies of target astra_interfaces__rosidl_typesupport_fastrtps_c[0m
[ 70%] [32mBuilding CXX object CMakeFiles/astra_interfaces__rosidl_typesupport_fastrtps_c.dir/rosidl_typesupport_fastrtps_c/astra_interfaces/msg/detail/cmd_outcome__type_support_c.cpp.o[0m
[ 72%] [32mBuilding CXX object CMakeFiles/astra_interfaces__rosidl_typesupport_fastrtps_c.dir/rosidl_typesupport_fastrtps_c/astra_interfaces/msg/detail/task__type_support_c.cpp.o[0m
[ 74%] [32mBuilding CXX object CMakeFiles/astra_interfaces__rosidl_typesupport_fastrtps_c.dir/rosidl_typesupport_fastrtps_c/astra_interfaces/msg/detail/object__type_support_c.cpp.o[0m
[ 76%] [32m[1mLinking CXX shared library libastra_interfaces__rosidl_typesupport_fastrtps_c.so[0m
[ 76%] Built target astra_interfaces__rosidl_typesupport_fastrtps_c
[35m[1mScanning dependencies of target astra_interfaces[0m
[ 76%] Built target astra_interfaces
[35m[1mScanning dependencies of target astra_interfaces__py[0m
[ 78%] [34m[1mGenerating Python code for ROS interfaces[0m
[ 78%] Built target astra_interfaces__py
[35m[1mScanning dependencies of target astra_interfaces__python[0m
[ 80%] [32mBuilding C object CMakeFiles/astra_interfaces__python.dir/rosidl_generator_py/astra_interfaces/msg/_cmd_outcome_s.c.o[0m
[ 82%] [32mBuilding C object CMakeFiles/astra_interfaces__python.dir/rosidl_generator_py/astra_interfaces/msg/_object_s.c.o[0m
[ 85%] [32mBuilding C object CMakeFiles/astra_interfaces__python.dir/rosidl_generator_py/astra_interfaces/msg/_task_s.c.o[0m
[ 87%] [32m[1mLinking C shared library rosidl_generator_py/astra_interfaces/libastra_interfaces__python.so[0m
[ 87%] Built target astra_interfaces__python
[35m[1mScanning dependencies of target astra_interfaces__rosidl_typesupport_fastrtps_c__pyext[0m
[35m[1mScanning dependencies of target astra_interfaces__rosidl_typesupport_c__pyext[0m
[35m[1mScanning dependencies of target astra_interfaces__rosidl_typesupport_introspection_c__pyext[0m
[ 89%] [32mBuilding C object CMakeFiles/astra_interfaces__rosidl_typesupport_c__pyext.dir/rosidl_generator_py/astra_interfaces/_astra_interfaces_s.ep.rosidl_typesupport_c.c.o[0m
[ 91%] [32mBuilding C object CMakeFiles/astra_interfaces__rosidl_typesupport_introspection_c__pyext.dir/rosidl_generator_py/astra_interfaces/_astra_interfaces_s.ep.rosidl_typesupport_introspection_c.c.o[0m
[ 93%] [32mBuilding C object CMakeFiles/astra_interfaces__rosidl_typesupport_fastrtps_c__pyext.dir/rosidl_generator_py/astra_interfaces/_astra_interfaces_s.ep.rosidl_typesupport_fastrtps_c.c.o[0m
[ 95%] [32m[1mLinking C shared library rosidl_generator_py/astra_interfaces/astra_interfaces_s__rosidl_typesupport_introspection_c.cpython-38-aarch64-linux-gnu.so[0m
[ 97%] [32m[1mLinking C shared library rosidl_generator_py/astra_interfaces/astra_interfaces_s__rosidl_typesupport_c.cpython-38-aarch64-linux-gnu.so[0m
[100%] [32m[1mLinking CXX shared library rosidl_generator_py/astra_interfaces/astra_interfaces_s__rosidl_typesupport_fastrtps_c.cpython-38-aarch64-linux-gnu.so[0m
[100%] Built target astra_interfaces__rosidl_typesupport_introspection_c__pyext
[100%] Built target astra_interfaces__rosidl_typesupport_c__pyext
[100%] Built target astra_interfaces__rosidl_typesupport_fastrtps_c__pyext
-- Install configuration: ""
-- Installing: /home/xplore/Desktop/main_HD_workspace/hd_ws/install/astra_interfaces/share/ament_index/resource_index/rosidl_interfaces/astra_interfaces
-- Installing: /home/xplore/Desktop/main_HD_workspace/hd_ws/install/astra_interfaces/include/astra_interfaces
-- Installing: /home/xplore/Desktop/main_HD_workspace/hd_ws/install/astra_interfaces/include/astra_interfaces/msg
-- Installing: /home/xplore/Desktop/main_HD_workspace/hd_ws/install/astra_interfaces/include/astra_interfaces/msg/task.h
-- Installing: /home/xplore/Desktop/main_HD_workspace/hd_ws/install/astra_interfaces/include/astra_interfaces/msg/object.h
-- Installing: /home/xplore/Desktop/main_HD_workspace/hd_ws/install/astra_interfaces/include/astra_interfaces/msg/detail
-- Installing: /home/xplore/Desktop/main_HD_workspace/hd_ws/install/astra_interfaces/include/astra_interfaces/msg/detail/object__type_support.h
-- Installing: /home/xplore/Desktop/main_HD_workspace/hd_ws/install/astra_interfaces/include/astra_interfaces/msg/detail/task__struct.h
-- Installing: /home/xplore/Desktop/main_HD_workspace/hd_ws/install/astra_interfaces/include/astra_interfaces/msg/detail/object__functions.c
-- Installing: /home/xplore/Desktop/main_HD_workspace/hd_ws/install/astra_interfaces/include/astra_interfaces/msg/detail/task__functions.c
-- Installing: /home/xplore/Desktop/main_HD_workspace/hd_ws/install/astra_interfaces/include/astra_interfaces/msg/detail/object__struct.h
-- Installing: /home/xplore/Desktop/main_HD_workspace/hd_ws/install/astra_interfaces/include/astra_interfaces/msg/detail/task__type_support.h
-- Installing: /home/xplore/Desktop/main_HD_workspace/hd_ws/install/astra_interfaces/include/astra_interfaces/msg/detail/object__functions.h
-- Installing: /home/xplore/Desktop/main_HD_workspace/hd_ws/install/astra_interfaces/include/astra_interfaces/msg/detail/cmd_outcome__functions.h
-- Installing: /home/xplore/Desktop/main_HD_workspace/hd_ws/install/astra_interfaces/include/astra_interfaces/msg/detail/cmd_outcome__type_support.h
-- Installing: /home/xplore/Desktop/main_HD_workspace/hd_ws/install/astra_interfaces/include/astra_interfaces/msg/detail/cmd_outcome__functions.c
-- Installing: /home/xplore/Desktop/main_HD_workspace/hd_ws/install/astra_interfaces/include/astra_interfaces/msg/detail/task__functions.h
-- Installing: /home/xplore/Desktop/main_HD_workspace/hd_ws/install/astra_interfaces/include/astra_interfaces/msg/detail/cmd_outcome__struct.h
-- Installing: /home/xplore/Desktop/main_HD_workspace/hd_ws/install/astra_interfaces/include/astra_interfaces/msg/rosidl_generator_c__visibility_control.h
-- Installing: /home/xplore/Desktop/main_HD_workspace/hd_ws/install/astra_interfaces/include/astra_interfaces/msg/cmd_outcome.h
-- Installing: /home/xplore/Desktop/main_HD_workspace/hd_ws/install/astra_interfaces/share/astra_interfaces/environment/library_path.sh
-- Installing: /home/xplore/Desktop/main_HD_workspace/hd_ws/install/astra_interfaces/share/astra_interfaces/environment/library_path.dsv
-- Installing: /home/xplore/Desktop/main_HD_workspace/hd_ws/install/astra_interfaces/lib/libastra_interfaces__rosidl_generator_c.so
-- Set runtime path of "/home/xplore/Desktop/main_HD_workspace/hd_ws/install/astra_interfaces/lib/libastra_interfaces__rosidl_generator_c.so" to ""
-- Up-to-date: /home/xplore/Desktop/main_HD_workspace/hd_ws/install/astra_interfaces/include/astra_interfaces
-- Up-to-date: /home/xplore/Desktop/main_HD_workspace/hd_ws/install/astra_interfaces/include/astra_interfaces/msg
-- Up-to-date: /home/xplore/Desktop/main_HD_workspace/hd_ws/install/astra_interfaces/include/astra_interfaces/msg/detail
-- Installing: /home/xplore/Desktop/main_HD_workspace/hd_ws/install/astra_interfaces/include/astra_interfaces/msg/detail/cmd_outcome__rosidl_typesupport_fastrtps_c.h
-- Installing: /home/xplore/Desktop/main_HD_workspace/hd_ws/install/astra_interfaces/include/astra_interfaces/msg/detail/task__rosidl_typesupport_fastrtps_c.h
-- Installing: /home/xplore/Desktop/main_HD_workspace/hd_ws/install/astra_interfaces/include/astra_interfaces/msg/detail/object__rosidl_typesupport_fastrtps_c.h
-- Installing: /home/xplore/Desktop/main_HD_workspace/hd_ws/install/astra_interfaces/include/astra_interfaces/msg/rosidl_typesupport_fastrtps_c__visibility_control.h
-- Installing: /home/xplore/Desktop/main_HD_workspace/hd_ws/install/astra_interfaces/lib/libastra_interfaces__rosidl_typesupport_fastrtps_c.so
-- Set runtime path of "/home/xplore/Desktop/main_HD_workspace/hd_ws/install/astra_interfaces/lib/libastra_interfaces__rosidl_typesupport_fastrtps_c.so" to ""
-- Up-to-date: /home/xplore/Desktop/main_HD_workspace/hd_ws/install/astra_interfaces/include/astra_interfaces
-- Up-to-date: /home/xplore/Desktop/main_HD_workspace/hd_ws/install/astra_interfaces/include/astra_interfaces/msg
-- Installing: /home/xplore/Desktop/main_HD_workspace/hd_ws/install/astra_interfaces/include/astra_interfaces/msg/rosidl_typesupport_fastrtps_cpp__visibility_control.h
-- Up-to-date: /home/xplore/Desktop/main_HD_workspace/hd_ws/install/astra_interfaces/include/astra_interfaces/msg/detail
-- Installing: /home/xplore/Desktop/main_HD_workspace/hd_ws/install/astra_interfaces/include/astra_interfaces/msg/detail/object__rosidl_typesupport_fastrtps_cpp.hpp
-- Installing: /home/xplore/Desktop/main_HD_workspace/hd_ws/install/astra_interfaces/include/astra_interfaces/msg/detail/cmd_outcome__rosidl_typesupport_fastrtps_cpp.hpp
-- Installing: /home/xplore/Desktop/main_HD_workspace/hd_ws/install/astra_interfaces/include/astra_interfaces/msg/detail/task__rosidl_typesupport_fastrtps_cpp.hpp
-- Installing: /home/xplore/Desktop/main_HD_workspace/hd_ws/install/astra_interfaces/include/astra_interfaces/msg/detail/dds_fastrtps
-- Installing: /home/xplore/Desktop/main_HD_workspace/hd_ws/install/astra_interfaces/lib/libastra_interfaces__rosidl_typesupport_fastrtps_cpp.so
-- Set runtime path of "/home/xplore/Desktop/main_HD_workspace/hd_ws/install/astra_interfaces/lib/libastra_interfaces__rosidl_typesupport_fastrtps_cpp.so" to ""
-- Up-to-date: /home/xplore/Desktop/main_HD_workspace/hd_ws/install/astra_interfaces/include/astra_interfaces
-- Up-to-date: /home/xplore/Desktop/main_HD_workspace/hd_ws/install/astra_interfaces/include/astra_interfaces/msg
-- Up-to-date: /home/xplore/Desktop/main_HD_workspace/hd_ws/install/astra_interfaces/include/astra_interfaces/msg/detail
-- Installing: /home/xplore/Desktop/main_HD_workspace/hd_ws/install/astra_interfaces/include/astra_interfaces/msg/detail/task__type_support.c
-- Installing: /home/xplore/Desktop/main_HD_workspace/hd_ws/install/astra_interfaces/include/astra_interfaces/msg/detail/object__type_support.c
-- Installing: /home/xplore/Desktop/main_HD_workspace/hd_ws/install/astra_interfaces/include/astra_interfaces/msg/detail/cmd_outcome__rosidl_typesupport_introspection_c.h
-- Installing: /home/xplore/Desktop/main_HD_workspace/hd_ws/install/astra_interfaces/include/astra_interfaces/msg/detail/cmd_outcome__type_support.c
-- Installing: /home/xplore/Desktop/main_HD_workspace/hd_ws/install/astra_interfaces/include/astra_interfaces/msg/detail/object__rosidl_typesupport_introspection_c.h
-- Installing: /home/xplore/Desktop/main_HD_workspace/hd_ws/install/astra_interfaces/include/astra_interfaces/msg/detail/task__rosidl_typesupport_introspection_c.h
-- Installing: /home/xplore/Desktop/main_HD_workspace/hd_ws/install/astra_interfaces/include/astra_interfaces/msg/rosidl_typesupport_introspection_c__visibility_control.h
-- Installing: /home/xplore/Desktop/main_HD_workspace/hd_ws/install/astra_interfaces/lib/libastra_interfaces__rosidl_typesupport_introspection_c.so
-- Set runtime path of "/home/xplore/Desktop/main_HD_workspace/hd_ws/install/astra_interfaces/lib/libastra_interfaces__rosidl_typesupport_introspection_c.so" to ""
-- Installing: /home/xplore/Desktop/main_HD_workspace/hd_ws/install/astra_interfaces/lib/libastra_interfaces__rosidl_typesupport_c.so
-- Set runtime path of "/home/xplore/Desktop/main_HD_workspace/hd_ws/install/astra_interfaces/lib/libastra_interfaces__rosidl_typesupport_c.so" to ""
-- Up-to-date: /home/xplore/Desktop/main_HD_workspace/hd_ws/install/astra_interfaces/include/astra_interfaces
-- Up-to-date: /home/xplore/Desktop/main_HD_workspace/hd_ws/install/astra_interfaces/include/astra_interfaces/msg
-- Installing: /home/xplore/Desktop/main_HD_workspace/hd_ws/install/astra_interfaces/include/astra_interfaces/msg/task.hpp
-- Up-to-date: /home/xplore/Desktop/main_HD_workspace/hd_ws/install/astra_interfaces/include/astra_interfaces/msg/detail
-- Installing: /home/xplore/Desktop/main_HD_workspace/hd_ws/install/astra_interfaces/include/astra_interfaces/msg/detail/object__struct.hpp
-- Installing: /home/xplore/Desktop/main_HD_workspace/hd_ws/install/astra_interfaces/include/astra_interfaces/msg/detail/cmd_outcome__builder.hpp
-- Installing: /home/xplore/Desktop/main_HD_workspace/hd_ws/install/astra_interfaces/include/astra_interfaces/msg/detail/task__builder.hpp
-- Installing: /home/xplore/Desktop/main_HD_workspace/hd_ws/install/astra_interfaces/include/astra_interfaces/msg/detail/object__traits.hpp
-- Installing: /home/xplore/Desktop/main_HD_workspace/hd_ws/install/astra_interfaces/include/astra_interfaces/msg/detail/cmd_outcome__struct.hpp
-- Installing: /home/xplore/Desktop/main_HD_workspace/hd_ws/install/astra_interfaces/include/astra_interfaces/msg/detail/cmd_outcome__traits.hpp
-- Installing: /home/xplore/Desktop/main_HD_workspace/hd_ws/install/astra_interfaces/include/astra_interfaces/msg/detail/object__builder.hpp
-- Installing: /home/xplore/Desktop/main_HD_workspace/hd_ws/install/astra_interfaces/include/astra_interfaces/msg/detail/task__struct.hpp
-- Installing: /home/xplore/Desktop/main_HD_workspace/hd_ws/install/astra_interfaces/include/astra_interfaces/msg/detail/task__traits.hpp
-- Installing: /home/xplore/Desktop/main_HD_workspace/hd_ws/install/astra_interfaces/include/astra_interfaces/msg/cmd_outcome.hpp
-- Installing: /home/xplore/Desktop/main_HD_workspace/hd_ws/install/astra_interfaces/include/astra_interfaces/msg/object.hpp
-- Up-to-date: /home/xplore/Desktop/main_HD_workspace/hd_ws/install/astra_interfaces/include/astra_interfaces
-- Up-to-date: /home/xplore/Desktop/main_HD_workspace/hd_ws/install/astra_interfaces/include/astra_interfaces/msg
-- Up-to-date: /home/xplore/Desktop/main_HD_workspace/hd_ws/install/astra_interfaces/include/astra_interfaces/msg/detail
-- Installing: /home/xplore/Desktop/main_HD_workspace/hd_ws/install/astra_interfaces/include/astra_interfaces/msg/detail/object__rosidl_typesupport_introspection_cpp.hpp
-- Installing: /home/xplore/Desktop/main_HD_workspace/hd_ws/install/astra_interfaces/include/astra_interfaces/msg/detail/object__type_support.cpp
-- Installing: /home/xplore/Desktop/main_HD_workspace/hd_ws/install/astra_interfaces/include/astra_interfaces/msg/detail/task__type_support.cpp
-- Installing: /home/xplore/Desktop/main_HD_workspace/hd_ws/install/astra_interfaces/include/astra_interfaces/msg/detail/task__rosidl_typesupport_introspection_cpp.hpp
-- Installing: /home/xplore/Desktop/main_HD_workspace/hd_ws/install/astra_interfaces/include/astra_interfaces/msg/detail/cmd_outcome__rosidl_typesupport_introspection_cpp.hpp
-- Installing: /home/xplore/Desktop/main_HD_workspace/hd_ws/install/astra_interfaces/include/astra_interfaces/msg/detail/cmd_outcome__type_support.cpp
-- Installing: /home/xplore/Desktop/main_HD_workspace/hd_ws/install/astra_interfaces/lib/libastra_interfaces__rosidl_typesupport_introspection_cpp.so
-- Set runtime path of "/home/xplore/Desktop/main_HD_workspace/hd_ws/install/astra_interfaces/lib/libastra_interfaces__rosidl_typesupport_introspection_cpp.so" to ""
-- Installing: /home/xplore/Desktop/main_HD_workspace/hd_ws/install/astra_interfaces/lib/libastra_interfaces__rosidl_typesupport_cpp.so
-- Set runtime path of "/home/xplore/Desktop/main_HD_workspace/hd_ws/install/astra_interfaces/lib/libastra_interfaces__rosidl_typesupport_cpp.so" to ""
-- Installing: /home/xplore/Desktop/main_HD_workspace/hd_ws/install/astra_interfaces/share/astra_interfaces/environment/pythonpath.sh
-- Installing: /home/xplore/Desktop/main_HD_workspace/hd_ws/install/astra_interfaces/share/astra_interfaces/environment/pythonpath.dsv
-- Installing: /home/xplore/Desktop/main_HD_workspace/hd_ws/install/astra_interfaces/lib/python3.8/site-packages/astra_interfaces/__init__.py
Compiling '/home/xplore/Desktop/main_HD_workspace/hd_ws/install/astra_interfaces/lib/python3.8/site-packages/astra_interfaces/__init__.py'...
-- Installing: /home/xplore/Desktop/main_HD_workspace/hd_ws/install/astra_interfaces/lib/python3.8/site-packages/astra_interfaces/msg
-- Installing: /home/xplore/Desktop/main_HD_workspace/hd_ws/install/astra_interfaces/lib/python3.8/site-packages/astra_interfaces/msg/_task_s.c
-- Installing: /home/xplore/Desktop/main_HD_workspace/hd_ws/install/astra_interfaces/lib/python3.8/site-packages/astra_interfaces/msg/_cmd_outcome_s.c
-- Installing: /home/xplore/Desktop/main_HD_workspace/hd_ws/install/astra_interfaces/lib/python3.8/site-packages/astra_interfaces/msg/_object_s.c
-- Installing: /home/xplore/Desktop/main_HD_workspace/hd_ws/install/astra_interfaces/lib/python3.8/site-packages/astra_interfaces/msg/__init__.py
-- Installing: /home/xplore/Desktop/main_HD_workspace/hd_ws/install/astra_interfaces/lib/python3.8/site-packages/astra_interfaces/msg/_cmd_outcome.py
-- Installing: /home/xplore/Desktop/main_HD_workspace/hd_ws/install/astra_interfaces/lib/python3.8/site-packages/astra_interfaces/msg/_task.py
-- Installing: /home/xplore/Desktop/main_HD_workspace/hd_ws/install/astra_interfaces/lib/python3.8/site-packages/astra_interfaces/msg/_object.py
-- Installing: /home/xplore/Desktop/main_HD_workspace/hd_ws/install/astra_interfaces/lib/python3.8/site-packages/astra_interfaces/astra_interfaces_s__rosidl_typesupport_fastrtps_c.cpython-38-aarch64-linux-gnu.so
-- Set runtime path of "/home/xplore/Desktop/main_HD_workspace/hd_ws/install/astra_interfaces/lib/python3.8/site-packages/astra_interfaces/astra_interfaces_s__rosidl_typesupport_fastrtps_c.cpython-38-aarch64-linux-gnu.so" to ""
-- Installing: /home/xplore/Desktop/main_HD_workspace/hd_ws/install/astra_interfaces/lib/python3.8/site-packages/astra_interfaces/astra_interfaces_s__rosidl_typesupport_introspection_c.cpython-38-aarch64-linux-gnu.so
-- Set runtime path of "/home/xplore/Desktop/main_HD_workspace/hd_ws/install/astra_interfaces/lib/python3.8/site-packages/astra_interfaces/astra_interfaces_s__rosidl_typesupport_introspection_c.cpython-38-aarch64-linux-gnu.so" to ""
-- Installing: /home/xplore/Desktop/main_HD_workspace/hd_ws/install/astra_interfaces/lib/python3.8/site-packages/astra_interfaces/astra_interfaces_s__rosidl_typesupport_c.cpython-38-aarch64-linux-gnu.so
-- Set runtime path of "/home/xplore/Desktop/main_HD_workspace/hd_ws/install/astra_interfaces/lib/python3.8/site-packages/astra_interfaces/astra_interfaces_s__rosidl_typesupport_c.cpython-38-aarch64-linux-gnu.so" to ""
-- Installing: /home/xplore/Desktop/main_HD_workspace/hd_ws/install/astra_interfaces/lib/libastra_interfaces__python.so
-- Set runtime path of "/home/xplore/Desktop/main_HD_workspace/hd_ws/install/astra_interfaces/lib/libastra_interfaces__python.so" to ""
-- Installing: /home/xplore/Desktop/main_HD_workspace/hd_ws/install/astra_interfaces/share/astra_interfaces/msg/CmdOutcome.idl
-- Installing: /home/xplore/Desktop/main_HD_workspace/hd_ws/install/astra_interfaces/share/astra_interfaces/msg/Object.idl
-- Installing: /home/xplore/Desktop/main_HD_workspace/hd_ws/install/astra_interfaces/share/astra_interfaces/msg/Task.idl
-- Installing: /home/xplore/Desktop/main_HD_workspace/hd_ws/install/astra_interfaces/share/astra_interfaces/msg/CmdOutcome.msg
-- Installing: /home/xplore/Desktop/main_HD_workspace/hd_ws/install/astra_interfaces/share/astra_interfaces/msg/Object.msg
-- Installing: /home/xplore/Desktop/main_HD_workspace/hd_ws/install/astra_interfaces/share/astra_interfaces/msg/Task.msg
-- Installing: /home/xplore/Desktop/main_HD_workspace/hd_ws/install/astra_interfaces/share/ament_index/resource_index/package_run_dependencies/astra_interfaces
-- Installing: /home/xplore/Desktop/main_HD_workspace/hd_ws/install/astra_interfaces/share/ament_index/resource_index/parent_prefix_path/astra_interfaces
-- Installing: /home/xplore/Desktop/main_HD_workspace/hd_ws/install/astra_interfaces/share/astra_interfaces/environment/ament_prefix_path.sh
-- Installing: /home/xplore/Desktop/main_HD_workspace/hd_ws/install/astra_interfaces/share/astra_interfaces/environment/ament_prefix_path.dsv
-- Installing: /home/xplore/Desktop/main_HD_workspace/hd_ws/install/astra_interfaces/share/astra_interfaces/environment/path.sh
-- Installing: /home/xplore/Desktop/main_HD_workspace/hd_ws/install/astra_interfaces/share/astra_interfaces/environment/path.dsv
-- Installing: /home/xplore/Desktop/main_HD_workspace/hd_ws/install/astra_interfaces/share/astra_interfaces/local_setup.bash
-- Installing: /home/xplore/Desktop/main_HD_workspace/hd_ws/install/astra_interfaces/share/astra_interfaces/local_setup.sh
-- Installing: /home/xplore/Desktop/main_HD_workspace/hd_ws/install/astra_interfaces/share/astra_interfaces/local_setup.zsh
-- Installing: /home/xplore/Desktop/main_HD_workspace/hd_ws/install/astra_interfaces/share/astra_interfaces/local_setup.dsv
-- Installing: /home/xplore/Desktop/main_HD_workspace/hd_ws/install/astra_interfaces/share/astra_interfaces/package.dsv
-- Installing: /home/xplore/Desktop/main_HD_workspace/hd_ws/install/astra_interfaces/share/ament_index/resource_index/packages/astra_interfaces
-- Installing: /home/xplore/Desktop/main_HD_workspace/hd_ws/install/astra_interfaces/share/astra_interfaces/cmake/astra_interfaces__rosidl_generator_cExport.cmake
-- Installing: /home/xplore/Desktop/main_HD_workspace/hd_ws/install/astra_interfaces/share/astra_interfaces/cmake/astra_interfaces__rosidl_generator_cExport-noconfig.cmake
-- Installing: /home/xplore/Desktop/main_HD_workspace/hd_ws/install/astra_interfaces/share/astra_interfaces/cmake/astra_interfaces__rosidl_typesupport_introspection_cExport.cmake
-- Installing: /home/xplore/Desktop/main_HD_workspace/hd_ws/install/astra_interfaces/share/astra_interfaces/cmake/astra_interfaces__rosidl_typesupport_introspection_cExport-noconfig.cmake
-- Installing: /home/xplore/Desktop/main_HD_workspace/hd_ws/install/astra_interfaces/share/astra_interfaces/cmake/astra_interfaces__rosidl_typesupport_cExport.cmake
-- Installing: /home/xplore/Desktop/main_HD_workspace/hd_ws/install/astra_interfaces/share/astra_interfaces/cmake/astra_interfaces__rosidl_typesupport_cExport-noconfig.cmake
-- Installing: /home/xplore/Desktop/main_HD_workspace/hd_ws/install/astra_interfaces/share/astra_interfaces/cmake/astra_interfaces__rosidl_generator_cppExport.cmake
-- Installing: /home/xplore/Desktop/main_HD_workspace/hd_ws/install/astra_interfaces/share/astra_interfaces/cmake/astra_interfaces__rosidl_typesupport_introspection_cppExport.cmake
-- Installing: /home/xplore/Desktop/main_HD_workspace/hd_ws/install/astra_interfaces/share/astra_interfaces/cmake/astra_interfaces__rosidl_typesupport_introspection_cppExport-noconfig.cmake
-- Installing: /home/xplore/Desktop/main_HD_workspace/hd_ws/install/astra_interfaces/share/astra_interfaces/cmake/astra_interfaces__rosidl_typesupport_cppExport.cmake
-- Installing: /home/xplore/Desktop/main_HD_workspace/hd_ws/install/astra_interfaces/share/astra_interfaces/cmake/astra_interfaces__rosidl_typesupport_cppExport-noconfig.cmake
-- Installing: /home/xplore/Desktop/main_HD_workspace/hd_ws/install/astra_interfaces/share/astra_interfaces/cmake/rosidl_cmake-extras.cmake
-- Installing: /home/xplore/Desktop/main_HD_workspace/hd_ws/install/astra_interfaces/share/astra_interfaces/cmake/ament_cmake_export_dependencies-extras.cmake
-- Installing: /home/xplore/Desktop/main_HD_workspace/hd_ws/install/astra_interfaces/share/astra_interfaces/cmake/ament_cmake_export_libraries-extras.cmake
-- Installing: /home/xplore/Desktop/main_HD_workspace/hd_ws/install/astra_interfaces/share/astra_interfaces/cmake/ament_cmake_export_targets-extras.cmake
-- Installing: /home/xplore/Desktop/main_HD_workspace/hd_ws/install/astra_interfaces/share/astra_interfaces/cmake/ament_cmake_export_include_directories-extras.cmake
-- Installing: /home/xplore/Desktop/main_HD_workspace/hd_ws/install/astra_interfaces/share/astra_interfaces/cmake/rosidl_cmake_export_typesupport_libraries-extras.cmake
-- Installing: /home/xplore/Desktop/main_HD_workspace/hd_ws/install/astra_interfaces/share/astra_interfaces/cmake/rosidl_cmake_export_typesupport_targets-extras.cmake
-- Installing: /home/xplore/Desktop/main_HD_workspace/hd_ws/install/astra_interfaces/share/astra_interfaces/cmake/astra_interfacesConfig.cmake
-- Installing: /home/xplore/Desktop/main_HD_workspace/hd_ws/install/astra_interfaces/share/astra_interfaces/cmake/astra_interfacesConfig-version.cmake
-- Installing: /home/xplore/Desktop/main_HD_workspace/hd_ws/install/astra_interfaces/share/astra_interfaces/package.xml
