[0.746s] Invoking command in '/home/matthias/xplore2023/hd_ws/src/control/manager': CMAKE_PREFIX_PATH=/home/matthias/xplore2023/hd_ws/install/astra_interfaces:/home/matthias/xplore2023/hd_ws/install/moveit_api_test:/home/matthias/xplore2023/hd_ws/install/hw_interface:/home/matthias/xplore2023/hd_ws/install/astra_moveit_config:/home/matthias/xplore2023/hd_ws/install/astra_description PYTHONPATH=/home/matthias/xplore2023/hd_ws/build/manager/prefix_override:/home/matthias/xplore2023/hd_ws/install/manager/lib/python3.10/site-packages:${PYTHONPATH} /usr/bin/python3 setup.py egg_info --egg-base ../../../build/manager build --build-base /home/matthias/xplore2023/hd_ws/build/manager/build install --record /home/matthias/xplore2023/hd_ws/build/manager/install.log --single-version-externally-managed
[0.979s] running egg_info
[0.980s] writing ../../../build/manager/manager.egg-info/PKG-INFO
[0.980s] writing dependency_links to ../../../build/manager/manager.egg-info/dependency_links.txt
[0.980s] writing entry points to ../../../build/manager/manager.egg-info/entry_points.txt
[0.980s] writing requirements to ../../../build/manager/manager.egg-info/requires.txt
[0.980s] writing top-level names to ../../../build/manager/manager.egg-info/top_level.txt
[0.982s] reading manifest file '../../../build/manager/manager.egg-info/SOURCES.txt'
[0.982s] writing manifest file '../../../build/manager/manager.egg-info/SOURCES.txt'
[0.982s] running build
[0.983s] running build_py
[0.983s] running install
[0.983s] /usr/lib/python3/dist-packages/setuptools/command/install.py:34: SetuptoolsDeprecationWarning: setup.py install is deprecated. Use build and pip and other standards-based tools.
[0.983s]   warnings.warn(
[0.983s] running install_lib
[0.984s] running install_data
[0.984s] running install_egg_info
[0.985s] removing '/home/matthias/xplore2023/hd_ws/install/manager/lib/python3.10/site-packages/manager-0.0.0-py3.10.egg-info' (and everything under it)
[0.986s] Copying ../../../build/manager/manager.egg-info to /home/matthias/xplore2023/hd_ws/install/manager/lib/python3.10/site-packages/manager-0.0.0-py3.10.egg-info
[0.986s] running install_scripts
[1.004s] Installing manager script to /home/matthias/xplore2023/hd_ws/install/manager/lib/manager
[1.004s] writing list of installed files to '/home/matthias/xplore2023/hd_ws/build/manager/install.log'
[1.026s] Invoked command in '/home/matthias/xplore2023/hd_ws/src/control/manager' returned '0': CMAKE_PREFIX_PATH=/home/matthias/xplore2023/hd_ws/install/astra_interfaces:/home/matthias/xplore2023/hd_ws/install/moveit_api_test:/home/matthias/xplore2023/hd_ws/install/hw_interface:/home/matthias/xplore2023/hd_ws/install/astra_moveit_config:/home/matthias/xplore2023/hd_ws/install/astra_description PYTHONPATH=/home/matthias/xplore2023/hd_ws/build/manager/prefix_override:/home/matthias/xplore2023/hd_ws/install/manager/lib/python3.10/site-packages:${PYTHONPATH} /usr/bin/python3 setup.py egg_info --egg-base ../../../build/manager build --build-base /home/matthias/xplore2023/hd_ws/build/manager/build install --record /home/matthias/xplore2023/hd_ws/build/manager/install.log --single-version-externally-managed
