running egg_info
creating ../../../build/manager/manager.egg-info
writing ../../../build/manager/manager.egg-info/PKG-INFO
writing dependency_links to ../../../build/manager/manager.egg-info/dependency_links.txt
writing entry points to ../../../build/manager/manager.egg-info/entry_points.txt
writing requirements to ../../../build/manager/manager.egg-info/requires.txt
writing top-level names to ../../../build/manager/manager.egg-info/top_level.txt
writing manifest file '../../../build/manager/manager.egg-info/SOURCES.txt'
reading manifest file '../../../build/manager/manager.egg-info/SOURCES.txt'
writing manifest file '../../../build/manager/manager.egg-info/SOURCES.txt'
running build
running build_py
creating /home/xplore/Desktop/main_HD_workspace/hd_ws/build/manager/build
creating /home/xplore/Desktop/main_HD_workspace/hd_ws/build/manager/build/lib
creating /home/xplore/Desktop/main_HD_workspace/hd_ws/build/manager/build/lib/manager
copying manager/manager.py -> /home/xplore/Desktop/main_HD_workspace/hd_ws/build/manager/build/lib/manager
copying manager/__init__.py -> /home/xplore/Desktop/main_HD_workspace/hd_ws/build/manager/build/lib/manager
running install
running install_lib
creating /home/xplore/Desktop/main_HD_workspace/hd_ws/install/manager/lib/python3.8/site-packages/manager
copying /home/xplore/Desktop/main_HD_workspace/hd_ws/build/manager/build/lib/manager/manager.py -> /home/xplore/Desktop/main_HD_workspace/hd_ws/install/manager/lib/python3.8/site-packages/manager
copying /home/xplore/Desktop/main_HD_workspace/hd_ws/build/manager/build/lib/manager/__init__.py -> /home/xplore/Desktop/main_HD_workspace/hd_ws/install/manager/lib/python3.8/site-packages/manager
byte-compiling /home/xplore/Desktop/main_HD_workspace/hd_ws/install/manager/lib/python3.8/site-packages/manager/manager.py to manager.cpython-38.pyc
byte-compiling /home/xplore/Desktop/main_HD_workspace/hd_ws/install/manager/lib/python3.8/site-packages/manager/__init__.py to __init__.cpython-38.pyc
running install_data
creating /home/xplore/Desktop/main_HD_workspace/hd_ws/install/manager/share/ament_index
creating /home/xplore/Desktop/main_HD_workspace/hd_ws/install/manager/share/ament_index/resource_index
creating /home/xplore/Desktop/main_HD_workspace/hd_ws/install/manager/share/ament_index/resource_index/packages
copying resource/manager -> /home/xplore/Desktop/main_HD_workspace/hd_ws/install/manager/share/ament_index/resource_index/packages
copying package.xml -> /home/xplore/Desktop/main_HD_workspace/hd_ws/install/manager/share/manager
running install_egg_info
Copying ../../../build/manager/manager.egg-info to /home/xplore/Desktop/main_HD_workspace/hd_ws/install/manager/lib/python3.8/site-packages/manager-0.0.0-py3.8.egg-info
running install_scripts
Installing manager script to /home/xplore/Desktop/main_HD_workspace/hd_ws/install/manager/lib/manager
writing list of installed files to '/home/xplore/Desktop/main_HD_workspace/hd_ws/build/manager/install.log'
