[2.245s] Invoking command in '/home/xplore/Desktop/main_HD_workspace/hd_ws/src/control/manager': CMAKE_PREFIX_PATH=/home/xplore/Desktop/main_HD_workspace/hd_ws/install/astra_interfaces:/home/xplore/Desktop/main_HD_workspace/hd_ws/install/tttt:/home/xplore/Desktop/main_HD_workspace/hd_ws/install/moveit_visual_tools:/home/xplore/Desktop/main_HD_workspace/hd_ws/install/astra_moveit_config_new:/home/xplore/Desktop/main_HD_workspace/hd_ws/install/astra_moveit_config0:/home/xplore/Desktop/main_HD_workspace/hd_ws/install/astra_moveit_config:/home/xplore/Desktop/main_HD_workspace/hd_ws/install/astra_hw_interface:/home/xplore/Desktop/main_HD_workspace/hd_ws/install/astra_description LD_LIBRARY_PATH=/home/xplore/Desktop/main_HD_workspace/hd_ws/install/astra_interfaces/lib:/home/xplore/Desktop/main_HD_workspace/hd_ws/install/moveit_visual_tools/lib:/home/xplore/Desktop/main_HD_workspace/hd_ws/install/astra_hw_interface/lib:/usr/lib/aarch64-linux-gnu/gazebo-11/plugins:/opt/ros/foxy/opt/yaml_cpp_vendor/lib:/opt/ros/foxy/opt/rviz_ogre_vendor/lib:/opt/ros/foxy/lib/aarch64-linux-gnu:/opt/ros/foxy/lib:/usr/local/cuda-11.4/lib64 PYTHONPATH=/home/xplore/Desktop/main_HD_workspace/hd_ws/build/manager/prefix_override:/home/xplore/Desktop/main_HD_workspace/hd_ws/install/manager/lib/python3.8/site-packages:/home/xplore/Desktop/main_HD_workspace/hd_ws/install/astra_interfaces/lib/python3.8/site-packages:/home/xplore/Desktop/main_HD_workspace/hd_ws/install/task_execution/lib/python3.8/site-packages:/home/xplore/Desktop/main_HD_workspace/hd_ws/install/manager/lib/python3.8/site-packages:/opt/ros/foxy/lib/python3.8/site-packages /usr/bin/python3 setup.py egg_info --egg-base ../../../build/manager build --build-base /home/xplore/Desktop/main_HD_workspace/hd_ws/build/manager/build install --record /home/xplore/Desktop/main_HD_workspace/hd_ws/build/manager/install.log --single-version-externally-managed
[3.012s] running egg_info
[3.014s] creating ../../../build/manager/manager.egg-info
[3.014s] writing ../../../build/manager/manager.egg-info/PKG-INFO
[3.015s] writing dependency_links to ../../../build/manager/manager.egg-info/dependency_links.txt
[3.016s] writing entry points to ../../../build/manager/manager.egg-info/entry_points.txt
[3.016s] writing requirements to ../../../build/manager/manager.egg-info/requires.txt
[3.017s] writing top-level names to ../../../build/manager/manager.egg-info/top_level.txt
[3.021s] writing manifest file '../../../build/manager/manager.egg-info/SOURCES.txt'
[3.137s] reading manifest file '../../../build/manager/manager.egg-info/SOURCES.txt'
[3.139s] writing manifest file '../../../build/manager/manager.egg-info/SOURCES.txt'
[3.140s] running build
[3.140s] running build_py
[3.141s] creating /home/xplore/Desktop/main_HD_workspace/hd_ws/build/manager/build
[3.141s] creating /home/xplore/Desktop/main_HD_workspace/hd_ws/build/manager/build/lib
[3.142s] creating /home/xplore/Desktop/main_HD_workspace/hd_ws/build/manager/build/lib/manager
[3.142s] copying manager/manager.py -> /home/xplore/Desktop/main_HD_workspace/hd_ws/build/manager/build/lib/manager
[3.143s] copying manager/__init__.py -> /home/xplore/Desktop/main_HD_workspace/hd_ws/build/manager/build/lib/manager
[3.143s] running install
[3.145s] running install_lib
[3.148s] creating /home/xplore/Desktop/main_HD_workspace/hd_ws/install/manager/lib/python3.8/site-packages/manager
[3.149s] copying /home/xplore/Desktop/main_HD_workspace/hd_ws/build/manager/build/lib/manager/manager.py -> /home/xplore/Desktop/main_HD_workspace/hd_ws/install/manager/lib/python3.8/site-packages/manager
[3.149s] copying /home/xplore/Desktop/main_HD_workspace/hd_ws/build/manager/build/lib/manager/__init__.py -> /home/xplore/Desktop/main_HD_workspace/hd_ws/install/manager/lib/python3.8/site-packages/manager
[3.151s] byte-compiling /home/xplore/Desktop/main_HD_workspace/hd_ws/install/manager/lib/python3.8/site-packages/manager/manager.py to manager.cpython-38.pyc
[3.158s] byte-compiling /home/xplore/Desktop/main_HD_workspace/hd_ws/install/manager/lib/python3.8/site-packages/manager/__init__.py to __init__.cpython-38.pyc
[3.159s] running install_data
[3.161s] creating /home/xplore/Desktop/main_HD_workspace/hd_ws/install/manager/share/ament_index
[3.161s] creating /home/xplore/Desktop/main_HD_workspace/hd_ws/install/manager/share/ament_index/resource_index
[3.162s] creating /home/xplore/Desktop/main_HD_workspace/hd_ws/install/manager/share/ament_index/resource_index/packages
[3.162s] copying resource/manager -> /home/xplore/Desktop/main_HD_workspace/hd_ws/install/manager/share/ament_index/resource_index/packages
[3.163s] copying package.xml -> /home/xplore/Desktop/main_HD_workspace/hd_ws/install/manager/share/manager
[3.163s] running install_egg_info
[3.168s] Copying ../../../build/manager/manager.egg-info to /home/xplore/Desktop/main_HD_workspace/hd_ws/install/manager/lib/python3.8/site-packages/manager-0.0.0-py3.8.egg-info
[3.172s] running install_scripts
[3.227s] Installing manager script to /home/xplore/Desktop/main_HD_workspace/hd_ws/install/manager/lib/manager
[3.228s] writing list of installed files to '/home/xplore/Desktop/main_HD_workspace/hd_ws/build/manager/install.log'
[3.318s] Invoked command in '/home/xplore/Desktop/main_HD_workspace/hd_ws/src/control/manager' returned '0': CMAKE_PREFIX_PATH=/home/xplore/Desktop/main_HD_workspace/hd_ws/install/astra_interfaces:/home/xplore/Desktop/main_HD_workspace/hd_ws/install/tttt:/home/xplore/Desktop/main_HD_workspace/hd_ws/install/moveit_visual_tools:/home/xplore/Desktop/main_HD_workspace/hd_ws/install/astra_moveit_config_new:/home/xplore/Desktop/main_HD_workspace/hd_ws/install/astra_moveit_config0:/home/xplore/Desktop/main_HD_workspace/hd_ws/install/astra_moveit_config:/home/xplore/Desktop/main_HD_workspace/hd_ws/install/astra_hw_interface:/home/xplore/Desktop/main_HD_workspace/hd_ws/install/astra_description LD_LIBRARY_PATH=/home/xplore/Desktop/main_HD_workspace/hd_ws/install/astra_interfaces/lib:/home/xplore/Desktop/main_HD_workspace/hd_ws/install/moveit_visual_tools/lib:/home/xplore/Desktop/main_HD_workspace/hd_ws/install/astra_hw_interface/lib:/usr/lib/aarch64-linux-gnu/gazebo-11/plugins:/opt/ros/foxy/opt/yaml_cpp_vendor/lib:/opt/ros/foxy/opt/rviz_ogre_vendor/lib:/opt/ros/foxy/lib/aarch64-linux-gnu:/opt/ros/foxy/lib:/usr/local/cuda-11.4/lib64 PYTHONPATH=/home/xplore/Desktop/main_HD_workspace/hd_ws/build/manager/prefix_override:/home/xplore/Desktop/main_HD_workspace/hd_ws/install/manager/lib/python3.8/site-packages:/home/xplore/Desktop/main_HD_workspace/hd_ws/install/astra_interfaces/lib/python3.8/site-packages:/home/xplore/Desktop/main_HD_workspace/hd_ws/install/task_execution/lib/python3.8/site-packages:/home/xplore/Desktop/main_HD_workspace/hd_ws/install/manager/lib/python3.8/site-packages:/opt/ros/foxy/lib/python3.8/site-packages /usr/bin/python3 setup.py egg_info --egg-base ../../../build/manager build --build-base /home/xplore/Desktop/main_HD_workspace/hd_ws/build/manager/build install --record /home/xplore/Desktop/main_HD_workspace/hd_ws/build/manager/install.log --single-version-externally-managed
