[0.293s] Invoking command in '/home/xplore/Desktop/main_HD_workspace/hd_ws/build/astra_interfaces': CMAKE_PREFIX_PATH=${CMAKE_PREFIX_PATH}:/home/xplore/Desktop/main_HD_workspace/hd_ws/install/task_execution:/home/xplore/Desktop/main_HD_workspace/hd_ws/install/manager:/opt/ros/foxy /usr/bin/cmake --build /home/xplore/Desktop/main_HD_workspace/hd_ws/build/astra_interfaces -- -j8 -l8
[1.306s] [  2%] Built target astra_interfaces__cpp
[1.310s] [ 12%] Built target astra_interfaces__rosidl_generator_c
[1.312s] [ 23%] Built target astra_interfaces__rosidl_typesupport_introspection_cpp
[1.315s] [ 44%] Built target astra_interfaces__rosidl_typesupport_c
[1.320s] [ 44%] Built target astra_interfaces__rosidl_typesupport_cpp
[1.325s] [ 55%] Built target astra_interfaces__rosidl_typesupport_fastrtps_cpp
[1.327s] [ 65%] Built target astra_interfaces__rosidl_typesupport_introspection_c
[1.328s] [ 76%] Built target astra_interfaces__rosidl_typesupport_fastrtps_c
[1.328s] [ 76%] Built target astra_interfaces
[1.329s] [ 78%] Built target astra_interfaces__py
[1.329s] [ 87%] Built target astra_interfaces__python
[1.329s] [ 91%] Built target astra_interfaces__rosidl_typesupport_c__pyext
[1.330s] [ 95%] Built target astra_interfaces__rosidl_typesupport_fastrtps_c__pyext
[1.330s] [100%] Built target astra_interfaces__rosidl_typesupport_introspection_c__pyext
[1.345s] Invoked command in '/home/xplore/Desktop/main_HD_workspace/hd_ws/build/astra_interfaces' returned '0': CMAKE_PREFIX_PATH=${CMAKE_PREFIX_PATH}:/home/xplore/Desktop/main_HD_workspace/hd_ws/install/task_execution:/home/xplore/Desktop/main_HD_workspace/hd_ws/install/manager:/opt/ros/foxy /usr/bin/cmake --build /home/xplore/Desktop/main_HD_workspace/hd_ws/build/astra_interfaces -- -j8 -l8
[2.020s] Invoking command in '/home/xplore/Desktop/main_HD_workspace/hd_ws/build/astra_interfaces': CMAKE_PREFIX_PATH=${CMAKE_PREFIX_PATH}:/home/xplore/Desktop/main_HD_workspace/hd_ws/install/task_execution:/home/xplore/Desktop/main_HD_workspace/hd_ws/install/manager:/opt/ros/foxy /usr/bin/cmake --install /home/xplore/Desktop/main_HD_workspace/hd_ws/build/astra_interfaces
[2.133s] -- Install configuration: ""
[2.133s] -- Up-to-date: /home/xplore/Desktop/main_HD_workspace/hd_ws/install/astra_interfaces/share/ament_index/resource_index/rosidl_interfaces/astra_interfaces
[2.134s] -- Up-to-date: /home/xplore/Desktop/main_HD_workspace/hd_ws/install/astra_interfaces/include/astra_interfaces
[2.134s] -- Up-to-date: /home/xplore/Desktop/main_HD_workspace/hd_ws/install/astra_interfaces/include/astra_interfaces/msg
[2.135s] -- Up-to-date: /home/xplore/Desktop/main_HD_workspace/hd_ws/install/astra_interfaces/include/astra_interfaces/msg/task.h
[2.136s] -- Up-to-date: /home/xplore/Desktop/main_HD_workspace/hd_ws/install/astra_interfaces/include/astra_interfaces/msg/object.h
[2.136s] -- Up-to-date: /home/xplore/Desktop/main_HD_workspace/hd_ws/install/astra_interfaces/include/astra_interfaces/msg/detail
[2.136s] -- Up-to-date: /home/xplore/Desktop/main_HD_workspace/hd_ws/install/astra_interfaces/include/astra_interfaces/msg/detail/object__type_support.h
[2.137s] -- Up-to-date: /home/xplore/Desktop/main_HD_workspace/hd_ws/install/astra_interfaces/include/astra_interfaces/msg/detail/task__struct.h
[2.137s] -- Up-to-date: /home/xplore/Desktop/main_HD_workspace/hd_ws/install/astra_interfaces/include/astra_interfaces/msg/detail/object__functions.c
[2.138s] -- Up-to-date: /home/xplore/Desktop/main_HD_workspace/hd_ws/install/astra_interfaces/include/astra_interfaces/msg/detail/task__functions.c
[2.138s] -- Up-to-date: /home/xplore/Desktop/main_HD_workspace/hd_ws/install/astra_interfaces/include/astra_interfaces/msg/detail/object__struct.h
[2.139s] -- Up-to-date: /home/xplore/Desktop/main_HD_workspace/hd_ws/install/astra_interfaces/include/astra_interfaces/msg/detail/task__type_support.h
[2.139s] -- Up-to-date: /home/xplore/Desktop/main_HD_workspace/hd_ws/install/astra_interfaces/include/astra_interfaces/msg/detail/object__functions.h
[2.140s] -- Up-to-date: /home/xplore/Desktop/main_HD_workspace/hd_ws/install/astra_interfaces/include/astra_interfaces/msg/detail/cmd_outcome__functions.h
[2.140s] -- Up-to-date: /home/xplore/Desktop/main_HD_workspace/hd_ws/install/astra_interfaces/include/astra_interfaces/msg/detail/cmd_outcome__type_support.h
[2.141s] -- Up-to-date: /home/xplore/Desktop/main_HD_workspace/hd_ws/install/astra_interfaces/include/astra_interfaces/msg/detail/cmd_outcome__functions.c
[2.142s] -- Up-to-date: /home/xplore/Desktop/main_HD_workspace/hd_ws/install/astra_interfaces/include/astra_interfaces/msg/detail/task__functions.h
[2.142s] -- Up-to-date: /home/xplore/Desktop/main_HD_workspace/hd_ws/install/astra_interfaces/include/astra_interfaces/msg/detail/cmd_outcome__struct.h
[2.143s] -- Up-to-date: /home/xplore/Desktop/main_HD_workspace/hd_ws/install/astra_interfaces/include/astra_interfaces/msg/rosidl_generator_c__visibility_control.h
[2.143s] -- Up-to-date: /home/xplore/Desktop/main_HD_workspace/hd_ws/install/astra_interfaces/include/astra_interfaces/msg/cmd_outcome.h
[2.144s] -- Up-to-date: /home/xplore/Desktop/main_HD_workspace/hd_ws/install/astra_interfaces/share/astra_interfaces/environment/library_path.sh
[2.144s] -- Up-to-date: /home/xplore/Desktop/main_HD_workspace/hd_ws/install/astra_interfaces/share/astra_interfaces/environment/library_path.dsv
[2.145s] -- Up-to-date: /home/xplore/Desktop/main_HD_workspace/hd_ws/install/astra_interfaces/lib/libastra_interfaces__rosidl_generator_c.so
[2.146s] -- Up-to-date: /home/xplore/Desktop/main_HD_workspace/hd_ws/install/astra_interfaces/include/astra_interfaces
[2.146s] -- Up-to-date: /home/xplore/Desktop/main_HD_workspace/hd_ws/install/astra_interfaces/include/astra_interfaces/msg
[2.147s] -- Up-to-date: /home/xplore/Desktop/main_HD_workspace/hd_ws/install/astra_interfaces/include/astra_interfaces/msg/detail
[2.148s] -- Up-to-date: /home/xplore/Desktop/main_HD_workspace/hd_ws/install/astra_interfaces/include/astra_interfaces/msg/detail/cmd_outcome__rosidl_typesupport_fastrtps_c.h
[2.148s] -- Up-to-date: /home/xplore/Desktop/main_HD_workspace/hd_ws/install/astra_interfaces/include/astra_interfaces/msg/detail/task__rosidl_typesupport_fastrtps_c.h
[2.154s] -- Up-to-date: /home/xplore/Desktop/main_HD_workspace/hd_ws/install/astra_interfaces/include/astra_interfaces/msg/detail/object__rosidl_typesupport_fastrtps_c.h
[2.155s] -- Up-to-date: /home/xplore/Desktop/main_HD_workspace/hd_ws/install/astra_interfaces/include/astra_interfaces/msg/rosidl_typesupport_fastrtps_c__visibility_control.h
[2.157s] -- Up-to-date: /home/xplore/Desktop/main_HD_workspace/hd_ws/install/astra_interfaces/lib/libastra_interfaces__rosidl_typesupport_fastrtps_c.so
[2.158s] -- Up-to-date: /home/xplore/Desktop/main_HD_workspace/hd_ws/install/astra_interfaces/include/astra_interfaces
[2.159s] -- Up-to-date: /home/xplore/Desktop/main_HD_workspace/hd_ws/install/astra_interfaces/include/astra_interfaces/msg
[2.159s] -- Up-to-date: /home/xplore/Desktop/main_HD_workspace/hd_ws/install/astra_interfaces/include/astra_interfaces/msg/rosidl_typesupport_fastrtps_cpp__visibility_control.h
[2.164s] -- Up-to-date: /home/xplore/Desktop/main_HD_workspace/hd_ws/install/astra_interfaces/include/astra_interfaces/msg/detail
[2.165s] -- Up-to-date: /home/xplore/Desktop/main_HD_workspace/hd_ws/install/astra_interfaces/include/astra_interfaces/msg/detail/object__rosidl_typesupport_fastrtps_cpp.hpp
[2.166s] -- Up-to-date: /home/xplore/Desktop/main_HD_workspace/hd_ws/install/astra_interfaces/include/astra_interfaces/msg/detail/cmd_outcome__rosidl_typesupport_fastrtps_cpp.hpp
[2.168s] -- Up-to-date: /home/xplore/Desktop/main_HD_workspace/hd_ws/install/astra_interfaces/include/astra_interfaces/msg/detail/task__rosidl_typesupport_fastrtps_cpp.hpp
[2.169s] -- Up-to-date: /home/xplore/Desktop/main_HD_workspace/hd_ws/install/astra_interfaces/include/astra_interfaces/msg/detail/dds_fastrtps
[2.169s] -- Up-to-date: /home/xplore/Desktop/main_HD_workspace/hd_ws/install/astra_interfaces/lib/libastra_interfaces__rosidl_typesupport_fastrtps_cpp.so
[2.170s] -- Up-to-date: /home/xplore/Desktop/main_HD_workspace/hd_ws/install/astra_interfaces/include/astra_interfaces
[2.171s] -- Up-to-date: /home/xplore/Desktop/main_HD_workspace/hd_ws/install/astra_interfaces/include/astra_interfaces/msg
[2.171s] -- Up-to-date: /home/xplore/Desktop/main_HD_workspace/hd_ws/install/astra_interfaces/include/astra_interfaces/msg/detail
[2.172s] -- Up-to-date: /home/xplore/Desktop/main_HD_workspace/hd_ws/install/astra_interfaces/include/astra_interfaces/msg/detail/task__type_support.c
[2.172s] -- Up-to-date: /home/xplore/Desktop/main_HD_workspace/hd_ws/install/astra_interfaces/include/astra_interfaces/msg/detail/object__type_support.c
[2.173s] -- Up-to-date: /home/xplore/Desktop/main_HD_workspace/hd_ws/install/astra_interfaces/include/astra_interfaces/msg/detail/cmd_outcome__rosidl_typesupport_introspection_c.h
[2.173s] -- Up-to-date: /home/xplore/Desktop/main_HD_workspace/hd_ws/install/astra_interfaces/include/astra_interfaces/msg/detail/cmd_outcome__type_support.c
[2.174s] -- Up-to-date: /home/xplore/Desktop/main_HD_workspace/hd_ws/install/astra_interfaces/include/astra_interfaces/msg/detail/object__rosidl_typesupport_introspection_c.h
[2.174s] -- Up-to-date: /home/xplore/Desktop/main_HD_workspace/hd_ws/install/astra_interfaces/include/astra_interfaces/msg/detail/task__rosidl_typesupport_introspection_c.h
[2.175s] -- Up-to-date: /home/xplore/Desktop/main_HD_workspace/hd_ws/install/astra_interfaces/include/astra_interfaces/msg/rosidl_typesupport_introspection_c__visibility_control.h
[2.175s] -- Up-to-date: /home/xplore/Desktop/main_HD_workspace/hd_ws/install/astra_interfaces/lib/libastra_interfaces__rosidl_typesupport_introspection_c.so
[2.176s] -- Up-to-date: /home/xplore/Desktop/main_HD_workspace/hd_ws/install/astra_interfaces/lib/libastra_interfaces__rosidl_typesupport_c.so
[2.176s] -- Up-to-date: /home/xplore/Desktop/main_HD_workspace/hd_ws/install/astra_interfaces/include/astra_interfaces
[2.177s] -- Up-to-date: /home/xplore/Desktop/main_HD_workspace/hd_ws/install/astra_interfaces/include/astra_interfaces/msg
[2.177s] -- Up-to-date: /home/xplore/Desktop/main_HD_workspace/hd_ws/install/astra_interfaces/include/astra_interfaces/msg/task.hpp
[2.178s] -- Up-to-date: /home/xplore/Desktop/main_HD_workspace/hd_ws/install/astra_interfaces/include/astra_interfaces/msg/detail
[2.179s] -- Up-to-date: /home/xplore/Desktop/main_HD_workspace/hd_ws/install/astra_interfaces/include/astra_interfaces/msg/detail/object__struct.hpp
[2.179s] -- Up-to-date: /home/xplore/Desktop/main_HD_workspace/hd_ws/install/astra_interfaces/include/astra_interfaces/msg/detail/cmd_outcome__builder.hpp
[2.179s] -- Up-to-date: /home/xplore/Desktop/main_HD_workspace/hd_ws/install/astra_interfaces/include/astra_interfaces/msg/detail/task__builder.hpp
[2.180s] -- Up-to-date: /home/xplore/Desktop/main_HD_workspace/hd_ws/install/astra_interfaces/include/astra_interfaces/msg/detail/object__traits.hpp
[2.180s] -- Up-to-date: /home/xplore/Desktop/main_HD_workspace/hd_ws/install/astra_interfaces/include/astra_interfaces/msg/detail/cmd_outcome__struct.hpp
[2.181s] -- Up-to-date: /home/xplore/Desktop/main_HD_workspace/hd_ws/install/astra_interfaces/include/astra_interfaces/msg/detail/cmd_outcome__traits.hpp
[2.181s] -- Up-to-date: /home/xplore/Desktop/main_HD_workspace/hd_ws/install/astra_interfaces/include/astra_interfaces/msg/detail/object__builder.hpp
[2.182s] -- Up-to-date: /home/xplore/Desktop/main_HD_workspace/hd_ws/install/astra_interfaces/include/astra_interfaces/msg/detail/task__struct.hpp
[2.183s] -- Up-to-date: /home/xplore/Desktop/main_HD_workspace/hd_ws/install/astra_interfaces/include/astra_interfaces/msg/detail/task__traits.hpp
[2.183s] -- Up-to-date: /home/xplore/Desktop/main_HD_workspace/hd_ws/install/astra_interfaces/include/astra_interfaces/msg/cmd_outcome.hpp
[2.183s] -- Up-to-date: /home/xplore/Desktop/main_HD_workspace/hd_ws/install/astra_interfaces/include/astra_interfaces/msg/object.hpp
[2.184s] -- Up-to-date: /home/xplore/Desktop/main_HD_workspace/hd_ws/install/astra_interfaces/include/astra_interfaces
[2.185s] -- Up-to-date: /home/xplore/Desktop/main_HD_workspace/hd_ws/install/astra_interfaces/include/astra_interfaces/msg
[2.185s] -- Up-to-date: /home/xplore/Desktop/main_HD_workspace/hd_ws/install/astra_interfaces/include/astra_interfaces/msg/detail
[2.186s] -- Up-to-date: /home/xplore/Desktop/main_HD_workspace/hd_ws/install/astra_interfaces/include/astra_interfaces/msg/detail/object__rosidl_typesupport_introspection_cpp.hpp
[2.186s] -- Up-to-date: /home/xplore/Desktop/main_HD_workspace/hd_ws/install/astra_interfaces/include/astra_interfaces/msg/detail/object__type_support.cpp
[2.187s] -- Up-to-date: /home/xplore/Desktop/main_HD_workspace/hd_ws/install/astra_interfaces/include/astra_interfaces/msg/detail/task__type_support.cpp
[2.187s] -- Up-to-date: /home/xplore/Desktop/main_HD_workspace/hd_ws/install/astra_interfaces/include/astra_interfaces/msg/detail/task__rosidl_typesupport_introspection_cpp.hpp
[2.188s] -- Up-to-date: /home/xplore/Desktop/main_HD_workspace/hd_ws/install/astra_interfaces/include/astra_interfaces/msg/detail/cmd_outcome__rosidl_typesupport_introspection_cpp.hpp
[2.188s] -- Up-to-date: /home/xplore/Desktop/main_HD_workspace/hd_ws/install/astra_interfaces/include/astra_interfaces/msg/detail/cmd_outcome__type_support.cpp
[2.189s] -- Up-to-date: /home/xplore/Desktop/main_HD_workspace/hd_ws/install/astra_interfaces/lib/libastra_interfaces__rosidl_typesupport_introspection_cpp.so
[2.189s] -- Up-to-date: /home/xplore/Desktop/main_HD_workspace/hd_ws/install/astra_interfaces/lib/libastra_interfaces__rosidl_typesupport_cpp.so
[2.191s] -- Up-to-date: /home/xplore/Desktop/main_HD_workspace/hd_ws/install/astra_interfaces/share/astra_interfaces/environment/pythonpath.sh
[2.192s] -- Up-to-date: /home/xplore/Desktop/main_HD_workspace/hd_ws/install/astra_interfaces/share/astra_interfaces/environment/pythonpath.dsv
[2.194s] -- Up-to-date: /home/xplore/Desktop/main_HD_workspace/hd_ws/install/astra_interfaces/lib/python3.8/site-packages/astra_interfaces/__init__.py
[2.224s] -- Up-to-date: /home/xplore/Desktop/main_HD_workspace/hd_ws/install/astra_interfaces/lib/python3.8/site-packages/astra_interfaces/msg
[2.228s] -- Up-to-date: /home/xplore/Desktop/main_HD_workspace/hd_ws/install/astra_interfaces/lib/python3.8/site-packages/astra_interfaces/msg/_task_s.c
[2.229s] -- Up-to-date: /home/xplore/Desktop/main_HD_workspace/hd_ws/install/astra_interfaces/lib/python3.8/site-packages/astra_interfaces/msg/_cmd_outcome_s.c
[2.231s] -- Up-to-date: /home/xplore/Desktop/main_HD_workspace/hd_ws/install/astra_interfaces/lib/python3.8/site-packages/astra_interfaces/msg/_object_s.c
[2.231s] -- Up-to-date: /home/xplore/Desktop/main_HD_workspace/hd_ws/install/astra_interfaces/lib/python3.8/site-packages/astra_interfaces/msg/__init__.py
[2.232s] -- Up-to-date: /home/xplore/Desktop/main_HD_workspace/hd_ws/install/astra_interfaces/lib/python3.8/site-packages/astra_interfaces/msg/_cmd_outcome.py
[2.233s] -- Up-to-date: /home/xplore/Desktop/main_HD_workspace/hd_ws/install/astra_interfaces/lib/python3.8/site-packages/astra_interfaces/msg/_task.py
[2.234s] -- Up-to-date: /home/xplore/Desktop/main_HD_workspace/hd_ws/install/astra_interfaces/lib/python3.8/site-packages/astra_interfaces/msg/_object.py
[2.235s] -- Up-to-date: /home/xplore/Desktop/main_HD_workspace/hd_ws/install/astra_interfaces/lib/python3.8/site-packages/astra_interfaces/astra_interfaces_s__rosidl_typesupport_fastrtps_c.cpython-38-aarch64-linux-gnu.so
[2.236s] -- Up-to-date: /home/xplore/Desktop/main_HD_workspace/hd_ws/install/astra_interfaces/lib/python3.8/site-packages/astra_interfaces/astra_interfaces_s__rosidl_typesupport_introspection_c.cpython-38-aarch64-linux-gnu.so
[2.236s] -- Up-to-date: /home/xplore/Desktop/main_HD_workspace/hd_ws/install/astra_interfaces/lib/python3.8/site-packages/astra_interfaces/astra_interfaces_s__rosidl_typesupport_c.cpython-38-aarch64-linux-gnu.so
[2.237s] -- Up-to-date: /home/xplore/Desktop/main_HD_workspace/hd_ws/install/astra_interfaces/lib/libastra_interfaces__python.so
[2.238s] -- Up-to-date: /home/xplore/Desktop/main_HD_workspace/hd_ws/install/astra_interfaces/share/astra_interfaces/msg/CmdOutcome.idl
[2.239s] -- Up-to-date: /home/xplore/Desktop/main_HD_workspace/hd_ws/install/astra_interfaces/share/astra_interfaces/msg/Object.idl
[2.240s] -- Up-to-date: /home/xplore/Desktop/main_HD_workspace/hd_ws/install/astra_interfaces/share/astra_interfaces/msg/Task.idl
[2.240s] -- Up-to-date: /home/xplore/Desktop/main_HD_workspace/hd_ws/install/astra_interfaces/share/astra_interfaces/msg/CmdOutcome.msg
[2.241s] -- Up-to-date: /home/xplore/Desktop/main_HD_workspace/hd_ws/install/astra_interfaces/share/astra_interfaces/msg/Object.msg
[2.241s] -- Up-to-date: /home/xplore/Desktop/main_HD_workspace/hd_ws/install/astra_interfaces/share/astra_interfaces/msg/Task.msg
[2.242s] -- Up-to-date: /home/xplore/Desktop/main_HD_workspace/hd_ws/install/astra_interfaces/share/ament_index/resource_index/package_run_dependencies/astra_interfaces
[2.242s] -- Up-to-date: /home/xplore/Desktop/main_HD_workspace/hd_ws/install/astra_interfaces/share/ament_index/resource_index/parent_prefix_path/astra_interfaces
[2.243s] -- Up-to-date: /home/xplore/Desktop/main_HD_workspace/hd_ws/install/astra_interfaces/share/astra_interfaces/environment/ament_prefix_path.sh
[2.244s] -- Up-to-date: /home/xplore/Desktop/main_HD_workspace/hd_ws/install/astra_interfaces/share/astra_interfaces/environment/ament_prefix_path.dsv
[2.244s] -- Up-to-date: /home/xplore/Desktop/main_HD_workspace/hd_ws/install/astra_interfaces/share/astra_interfaces/environment/path.sh
[2.244s] -- Up-to-date: /home/xplore/Desktop/main_HD_workspace/hd_ws/install/astra_interfaces/share/astra_interfaces/environment/path.dsv
[2.245s] -- Up-to-date: /home/xplore/Desktop/main_HD_workspace/hd_ws/install/astra_interfaces/share/astra_interfaces/local_setup.bash
[2.246s] -- Up-to-date: /home/xplore/Desktop/main_HD_workspace/hd_ws/install/astra_interfaces/share/astra_interfaces/local_setup.sh
[2.252s] -- Up-to-date: /home/xplore/Desktop/main_HD_workspace/hd_ws/install/astra_interfaces/share/astra_interfaces/local_setup.zsh
[2.253s] -- Up-to-date: /home/xplore/Desktop/main_HD_workspace/hd_ws/install/astra_interfaces/share/astra_interfaces/local_setup.dsv
[2.254s] -- Installing: /home/xplore/Desktop/main_HD_workspace/hd_ws/install/astra_interfaces/share/astra_interfaces/package.dsv
[2.254s] -- Up-to-date: /home/xplore/Desktop/main_HD_workspace/hd_ws/install/astra_interfaces/share/ament_index/resource_index/packages/astra_interfaces
[2.255s] -- Up-to-date: /home/xplore/Desktop/main_HD_workspace/hd_ws/install/astra_interfaces/share/astra_interfaces/cmake/astra_interfaces__rosidl_generator_cExport.cmake
[2.256s] -- Up-to-date: /home/xplore/Desktop/main_HD_workspace/hd_ws/install/astra_interfaces/share/astra_interfaces/cmake/astra_interfaces__rosidl_generator_cExport-noconfig.cmake
[2.261s] -- Up-to-date: /home/xplore/Desktop/main_HD_workspace/hd_ws/install/astra_interfaces/share/astra_interfaces/cmake/astra_interfaces__rosidl_typesupport_introspection_cExport.cmake
[2.262s] -- Up-to-date: /home/xplore/Desktop/main_HD_workspace/hd_ws/install/astra_interfaces/share/astra_interfaces/cmake/astra_interfaces__rosidl_typesupport_introspection_cExport-noconfig.cmake
[2.262s] -- Up-to-date: /home/xplore/Desktop/main_HD_workspace/hd_ws/install/astra_interfaces/share/astra_interfaces/cmake/astra_interfaces__rosidl_typesupport_cExport.cmake
[2.264s] -- Up-to-date: /home/xplore/Desktop/main_HD_workspace/hd_ws/install/astra_interfaces/share/astra_interfaces/cmake/astra_interfaces__rosidl_typesupport_cExport-noconfig.cmake
[2.264s] -- Up-to-date: /home/xplore/Desktop/main_HD_workspace/hd_ws/install/astra_interfaces/share/astra_interfaces/cmake/astra_interfaces__rosidl_generator_cppExport.cmake
[2.265s] -- Up-to-date: /home/xplore/Desktop/main_HD_workspace/hd_ws/install/astra_interfaces/share/astra_interfaces/cmake/astra_interfaces__rosidl_typesupport_introspection_cppExport.cmake
[2.265s] -- Up-to-date: /home/xplore/Desktop/main_HD_workspace/hd_ws/install/astra_interfaces/share/astra_interfaces/cmake/astra_interfaces__rosidl_typesupport_introspection_cppExport-noconfig.cmake
[2.266s] -- Up-to-date: /home/xplore/Desktop/main_HD_workspace/hd_ws/install/astra_interfaces/share/astra_interfaces/cmake/astra_interfaces__rosidl_typesupport_cppExport.cmake
[2.267s] -- Up-to-date: /home/xplore/Desktop/main_HD_workspace/hd_ws/install/astra_interfaces/share/astra_interfaces/cmake/astra_interfaces__rosidl_typesupport_cppExport-noconfig.cmake
[2.267s] -- Up-to-date: /home/xplore/Desktop/main_HD_workspace/hd_ws/install/astra_interfaces/share/astra_interfaces/cmake/rosidl_cmake-extras.cmake
[2.268s] -- Up-to-date: /home/xplore/Desktop/main_HD_workspace/hd_ws/install/astra_interfaces/share/astra_interfaces/cmake/ament_cmake_export_dependencies-extras.cmake
[2.268s] -- Up-to-date: /home/xplore/Desktop/main_HD_workspace/hd_ws/install/astra_interfaces/share/astra_interfaces/cmake/ament_cmake_export_libraries-extras.cmake
[2.269s] -- Up-to-date: /home/xplore/Desktop/main_HD_workspace/hd_ws/install/astra_interfaces/share/astra_interfaces/cmake/ament_cmake_export_targets-extras.cmake
[2.269s] -- Up-to-date: /home/xplore/Desktop/main_HD_workspace/hd_ws/install/astra_interfaces/share/astra_interfaces/cmake/ament_cmake_export_include_directories-extras.cmake
[2.270s] -- Up-to-date: /home/xplore/Desktop/main_HD_workspace/hd_ws/install/astra_interfaces/share/astra_interfaces/cmake/rosidl_cmake_export_typesupport_libraries-extras.cmake
[2.270s] -- Up-to-date: /home/xplore/Desktop/main_HD_workspace/hd_ws/install/astra_interfaces/share/astra_interfaces/cmake/rosidl_cmake_export_typesupport_targets-extras.cmake
[2.272s] -- Up-to-date: /home/xplore/Desktop/main_HD_workspace/hd_ws/install/astra_interfaces/share/astra_interfaces/cmake/astra_interfacesConfig.cmake
[2.272s] -- Up-to-date: /home/xplore/Desktop/main_HD_workspace/hd_ws/install/astra_interfaces/share/astra_interfaces/cmake/astra_interfacesConfig-version.cmake
[2.273s] -- Up-to-date: /home/xplore/Desktop/main_HD_workspace/hd_ws/install/astra_interfaces/share/astra_interfaces/package.xml
[2.541s] Invoked command in '/home/xplore/Desktop/main_HD_workspace/hd_ws/build/astra_interfaces' returned '0': CMAKE_PREFIX_PATH=${CMAKE_PREFIX_PATH}:/home/xplore/Desktop/main_HD_workspace/hd_ws/install/task_execution:/home/xplore/Desktop/main_HD_workspace/hd_ws/install/manager:/opt/ros/foxy /usr/bin/cmake --install /home/xplore/Desktop/main_HD_workspace/hd_ws/build/astra_interfaces
