-- The C compiler identification is GNU 9.4.0
-- The CXX compiler identification is GNU 9.4.0
-- Check for working C compiler: /usr/bin/cc
-- Check for working C compiler: /usr/bin/cc -- works
-- Detecting C compiler ABI info
-- Detecting C compiler ABI info - done
-- Detecting C compile features
-- Detecting C compile features - done
-- Check for working CXX compiler: /usr/bin/c++
-- Check for working CXX compiler: /usr/bin/c++ -- works
-- Detecting CXX compiler ABI info
-- Detecting CXX compiler ABI info - done
-- Detecting CXX compile features
-- Detecting CXX compile features - done
-- Found ament_cmake: 0.9.11 (/opt/ros/foxy/share/ament_cmake/cmake)
-- Found PythonInterp: /usr/bin/python3 (found suitable version "3.8.10", minimum required is "3") 
-- Using PYTHON_EXECUTABLE: /usr/bin/python3
-- Configuring done
-- Generating done
-- Build files have been written to: /home/xplore/Desktop/main_HD_workspace/hd_ws/build/astra_moveit_config0
-- Install configuration: ""
-- Installing: /home/xplore/Desktop/main_HD_workspace/hd_ws/install/astra_moveit_config0/share/ament_index/resource_index/package_run_dependencies/astra_moveit_config0
-- Installing: /home/xplore/Desktop/main_HD_workspace/hd_ws/install/astra_moveit_config0/share/ament_index/resource_index/parent_prefix_path/astra_moveit_config0
-- Installing: /home/xplore/Desktop/main_HD_workspace/hd_ws/install/astra_moveit_config0/share/astra_moveit_config0/environment/ament_prefix_path.sh
-- Installing: /home/xplore/Desktop/main_HD_workspace/hd_ws/install/astra_moveit_config0/share/astra_moveit_config0/environment/ament_prefix_path.dsv
-- Installing: /home/xplore/Desktop/main_HD_workspace/hd_ws/install/astra_moveit_config0/share/astra_moveit_config0/environment/path.sh
-- Installing: /home/xplore/Desktop/main_HD_workspace/hd_ws/install/astra_moveit_config0/share/astra_moveit_config0/environment/path.dsv
-- Installing: /home/xplore/Desktop/main_HD_workspace/hd_ws/install/astra_moveit_config0/share/astra_moveit_config0/local_setup.bash
-- Installing: /home/xplore/Desktop/main_HD_workspace/hd_ws/install/astra_moveit_config0/share/astra_moveit_config0/local_setup.sh
-- Installing: /home/xplore/Desktop/main_HD_workspace/hd_ws/install/astra_moveit_config0/share/astra_moveit_config0/local_setup.zsh
-- Installing: /home/xplore/Desktop/main_HD_workspace/hd_ws/install/astra_moveit_config0/share/astra_moveit_config0/local_setup.dsv
-- Installing: /home/xplore/Desktop/main_HD_workspace/hd_ws/install/astra_moveit_config0/share/astra_moveit_config0/package.dsv
-- Installing: /home/xplore/Desktop/main_HD_workspace/hd_ws/install/astra_moveit_config0/share/ament_index/resource_index/packages/astra_moveit_config0
-- Installing: /home/xplore/Desktop/main_HD_workspace/hd_ws/install/astra_moveit_config0/share/astra_moveit_config0/cmake/astra_moveit_config0Config.cmake
-- Installing: /home/xplore/Desktop/main_HD_workspace/hd_ws/install/astra_moveit_config0/share/astra_moveit_config0/cmake/astra_moveit_config0Config-version.cmake
-- Installing: /home/xplore/Desktop/main_HD_workspace/hd_ws/install/astra_moveit_config0/share/astra_moveit_config0/package.xml
-- Installing: /home/xplore/Desktop/main_HD_workspace/hd_ws/install/astra_moveit_config0/share/astra_moveit_config0/launch
-- Installing: /home/xplore/Desktop/main_HD_workspace/hd_ws/install/astra_moveit_config0/share/astra_moveit_config0/launch/moveit_rviz.launch.py
-- Installing: /home/xplore/Desktop/main_HD_workspace/hd_ws/install/astra_moveit_config0/share/astra_moveit_config0/launch/setup_assistant.launch.py
-- Installing: /home/xplore/Desktop/main_HD_workspace/hd_ws/install/astra_moveit_config0/share/astra_moveit_config0/launch/move_group.launch.py
-- Installing: /home/xplore/Desktop/main_HD_workspace/hd_ws/install/astra_moveit_config0/share/astra_moveit_config0/launch/static_virtual_joint_tfs.launch.py
-- Installing: /home/xplore/Desktop/main_HD_workspace/hd_ws/install/astra_moveit_config0/share/astra_moveit_config0/launch/demo.launch.py
-- Installing: /home/xplore/Desktop/main_HD_workspace/hd_ws/install/astra_moveit_config0/share/astra_moveit_config0/launch/warehouse_db.launch.py
-- Installing: /home/xplore/Desktop/main_HD_workspace/hd_ws/install/astra_moveit_config0/share/astra_moveit_config0/launch/spawn_controllers.launch.py
-- Installing: /home/xplore/Desktop/main_HD_workspace/hd_ws/install/astra_moveit_config0/share/astra_moveit_config0/launch/rsp.launch.py
-- Installing: /home/xplore/Desktop/main_HD_workspace/hd_ws/install/astra_moveit_config0/share/astra_moveit_config0/config
-- Installing: /home/xplore/Desktop/main_HD_workspace/hd_ws/install/astra_moveit_config0/share/astra_moveit_config0/config/ros2_controllers.yaml
-- Installing: /home/xplore/Desktop/main_HD_workspace/hd_ws/install/astra_moveit_config0/share/astra_moveit_config0/config/astra.srdf
-- Installing: /home/xplore/Desktop/main_HD_workspace/hd_ws/install/astra_moveit_config0/share/astra_moveit_config0/config/joint_limits.yaml
-- Installing: /home/xplore/Desktop/main_HD_workspace/hd_ws/install/astra_moveit_config0/share/astra_moveit_config0/config/pilz_cartesian_limits.yaml
-- Installing: /home/xplore/Desktop/main_HD_workspace/hd_ws/install/astra_moveit_config0/share/astra_moveit_config0/config/initial_positions.yaml
-- Installing: /home/xplore/Desktop/main_HD_workspace/hd_ws/install/astra_moveit_config0/share/astra_moveit_config0/config/kinematics.yaml
-- Installing: /home/xplore/Desktop/main_HD_workspace/hd_ws/install/astra_moveit_config0/share/astra_moveit_config0/config/moveit.rviz
-- Installing: /home/xplore/Desktop/main_HD_workspace/hd_ws/install/astra_moveit_config0/share/astra_moveit_config0/config/astra.urdf.xacro
-- Installing: /home/xplore/Desktop/main_HD_workspace/hd_ws/install/astra_moveit_config0/share/astra_moveit_config0/config/moveit_controllers.yaml
-- Installing: /home/xplore/Desktop/main_HD_workspace/hd_ws/install/astra_moveit_config0/share/astra_moveit_config0/config/astra.ros2_control.xacro
-- Installing: /home/xplore/Desktop/main_HD_workspace/hd_ws/install/astra_moveit_config0/share/astra_moveit_config0/.setup_assistant
