[0.019s] Invoking command in '/home/matthias/xplore2023/hd_ws/build/astra_interfaces': CMAKE_PREFIX_PATH=${CMAKE_PREFIX_PATH}:/home/matthias/xplore2023/hd_ws/install/task_execution:/home/matthias/xplore2023/hd_ws/install/manager:/opt/ros/humble /usr/bin/cmake --build /home/matthias/xplore2023/hd_ws/build/astra_interfaces -- -j12 -l12
[0.057s] [  2%] Built target astra_interfaces__cpp
[0.058s] [ 12%] Built target astra_interfaces__rosidl_generator_c
[0.065s] [ 12%] Built target ament_cmake_python_copy_astra_interfaces
[0.078s] [ 23%] Built target astra_interfaces__rosidl_typesupport_cpp
[0.081s] [ 34%] Built target astra_interfaces__rosidl_typesupport_fastrtps_cpp
[0.082s] [ 44%] Built target astra_interfaces__rosidl_typesupport_introspection_cpp
[0.086s] [ 55%] Built target astra_interfaces__rosidl_typesupport_introspection_c
[0.086s] [ 65%] Built target astra_interfaces__rosidl_typesupport_c
[0.089s] [ 76%] Built target astra_interfaces__rosidl_typesupport_fastrtps_c
[0.106s] [ 76%] Built target astra_interfaces
[0.123s] [ 78%] Built target astra_interfaces__py
[0.141s] [ 87%] Built target astra_interfaces__rosidl_generator_py
[0.159s] [100%] Built target astra_interfaces__rosidl_typesupport_fastrtps_c__pyext
[0.159s] [100%] Built target astra_interfaces__rosidl_typesupport_introspection_c__pyext
[0.159s] [100%] Built target astra_interfaces__rosidl_typesupport_c__pyext
[0.316s] running egg_info
[0.316s] writing astra_interfaces.egg-info/PKG-INFO
[0.316s] writing dependency_links to astra_interfaces.egg-info/dependency_links.txt
[0.317s] writing top-level names to astra_interfaces.egg-info/top_level.txt
[0.319s] reading manifest file 'astra_interfaces.egg-info/SOURCES.txt'
[0.319s] writing manifest file 'astra_interfaces.egg-info/SOURCES.txt'
[0.345s] [100%] Built target ament_cmake_python_build_astra_interfaces_egg
[0.367s] Invoked command in '/home/matthias/xplore2023/hd_ws/build/astra_interfaces' returned '0': CMAKE_PREFIX_PATH=${CMAKE_PREFIX_PATH}:/home/matthias/xplore2023/hd_ws/install/task_execution:/home/matthias/xplore2023/hd_ws/install/manager:/opt/ros/humble /usr/bin/cmake --build /home/matthias/xplore2023/hd_ws/build/astra_interfaces -- -j12 -l12
[0.481s] Invoking command in '/home/matthias/xplore2023/hd_ws/build/astra_interfaces': CMAKE_PREFIX_PATH=${CMAKE_PREFIX_PATH}:/home/matthias/xplore2023/hd_ws/install/task_execution:/home/matthias/xplore2023/hd_ws/install/manager:/opt/ros/humble /usr/bin/cmake --install /home/matthias/xplore2023/hd_ws/build/astra_interfaces
[0.490s] -- Install configuration: ""
[0.491s] -- Up-to-date: /home/matthias/xplore2023/hd_ws/install/astra_interfaces/share/ament_index/resource_index/rosidl_interfaces/astra_interfaces
[0.491s] -- Up-to-date: /home/matthias/xplore2023/hd_ws/install/astra_interfaces/include/astra_interfaces/astra_interfaces
[0.491s] -- Up-to-date: /home/matthias/xplore2023/hd_ws/install/astra_interfaces/include/astra_interfaces/astra_interfaces/msg
[0.491s] -- Up-to-date: /home/matthias/xplore2023/hd_ws/install/astra_interfaces/include/astra_interfaces/astra_interfaces/msg/task.h
[0.491s] -- Up-to-date: /home/matthias/xplore2023/hd_ws/install/astra_interfaces/include/astra_interfaces/astra_interfaces/msg/detail
[0.491s] -- Up-to-date: /home/matthias/xplore2023/hd_ws/install/astra_interfaces/include/astra_interfaces/astra_interfaces/msg/detail/task__type_support.h
[0.491s] -- Up-to-date: /home/matthias/xplore2023/hd_ws/install/astra_interfaces/include/astra_interfaces/astra_interfaces/msg/detail/task__functions.c
[0.492s] -- Up-to-date: /home/matthias/xplore2023/hd_ws/install/astra_interfaces/include/astra_interfaces/astra_interfaces/msg/detail/object__type_support.h
[0.492s] -- Up-to-date: /home/matthias/xplore2023/hd_ws/install/astra_interfaces/include/astra_interfaces/astra_interfaces/msg/detail/task__struct.h
[0.492s] -- Up-to-date: /home/matthias/xplore2023/hd_ws/install/astra_interfaces/include/astra_interfaces/astra_interfaces/msg/detail/cmd_outcome__type_support.h
[0.492s] -- Up-to-date: /home/matthias/xplore2023/hd_ws/install/astra_interfaces/include/astra_interfaces/astra_interfaces/msg/detail/cmd_outcome__struct.h
[0.492s] -- Up-to-date: /home/matthias/xplore2023/hd_ws/install/astra_interfaces/include/astra_interfaces/astra_interfaces/msg/detail/object__functions.h
[0.492s] -- Up-to-date: /home/matthias/xplore2023/hd_ws/install/astra_interfaces/include/astra_interfaces/astra_interfaces/msg/detail/object__struct.h
[0.492s] -- Up-to-date: /home/matthias/xplore2023/hd_ws/install/astra_interfaces/include/astra_interfaces/astra_interfaces/msg/detail/task__functions.h
[0.492s] -- Up-to-date: /home/matthias/xplore2023/hd_ws/install/astra_interfaces/include/astra_interfaces/astra_interfaces/msg/detail/object__functions.c
[0.492s] -- Up-to-date: /home/matthias/xplore2023/hd_ws/install/astra_interfaces/include/astra_interfaces/astra_interfaces/msg/detail/cmd_outcome__functions.c
[0.492s] -- Up-to-date: /home/matthias/xplore2023/hd_ws/install/astra_interfaces/include/astra_interfaces/astra_interfaces/msg/detail/cmd_outcome__functions.h
[0.493s] -- Up-to-date: /home/matthias/xplore2023/hd_ws/install/astra_interfaces/include/astra_interfaces/astra_interfaces/msg/rosidl_generator_c__visibility_control.h
[0.493s] -- Up-to-date: /home/matthias/xplore2023/hd_ws/install/astra_interfaces/include/astra_interfaces/astra_interfaces/msg/object.h
[0.493s] -- Up-to-date: /home/matthias/xplore2023/hd_ws/install/astra_interfaces/include/astra_interfaces/astra_interfaces/msg/cmd_outcome.h
[0.493s] -- Up-to-date: /home/matthias/xplore2023/hd_ws/install/astra_interfaces/share/astra_interfaces/environment/library_path.sh
[0.493s] -- Up-to-date: /home/matthias/xplore2023/hd_ws/install/astra_interfaces/share/astra_interfaces/environment/library_path.dsv
[0.494s] -- Up-to-date: /home/matthias/xplore2023/hd_ws/install/astra_interfaces/lib/libastra_interfaces__rosidl_generator_c.so
[0.494s] -- Up-to-date: /home/matthias/xplore2023/hd_ws/install/astra_interfaces/include/astra_interfaces/astra_interfaces
[0.494s] -- Up-to-date: /home/matthias/xplore2023/hd_ws/install/astra_interfaces/include/astra_interfaces/astra_interfaces/msg
[0.494s] -- Up-to-date: /home/matthias/xplore2023/hd_ws/install/astra_interfaces/include/astra_interfaces/astra_interfaces/msg/detail
[0.494s] -- Up-to-date: /home/matthias/xplore2023/hd_ws/install/astra_interfaces/include/astra_interfaces/astra_interfaces/msg/detail/task__rosidl_typesupport_fastrtps_c.h
[0.494s] -- Up-to-date: /home/matthias/xplore2023/hd_ws/install/astra_interfaces/include/astra_interfaces/astra_interfaces/msg/detail/object__rosidl_typesupport_fastrtps_c.h
[0.495s] -- Up-to-date: /home/matthias/xplore2023/hd_ws/install/astra_interfaces/include/astra_interfaces/astra_interfaces/msg/detail/cmd_outcome__rosidl_typesupport_fastrtps_c.h
[0.495s] -- Up-to-date: /home/matthias/xplore2023/hd_ws/install/astra_interfaces/include/astra_interfaces/astra_interfaces/msg/rosidl_typesupport_fastrtps_c__visibility_control.h
[0.495s] -- Up-to-date: /home/matthias/xplore2023/hd_ws/install/astra_interfaces/lib/libastra_interfaces__rosidl_typesupport_fastrtps_c.so
[0.495s] -- Up-to-date: /home/matthias/xplore2023/hd_ws/install/astra_interfaces/include/astra_interfaces/astra_interfaces
[0.495s] -- Up-to-date: /home/matthias/xplore2023/hd_ws/install/astra_interfaces/include/astra_interfaces/astra_interfaces/msg
[0.495s] -- Up-to-date: /home/matthias/xplore2023/hd_ws/install/astra_interfaces/include/astra_interfaces/astra_interfaces/msg/object.hpp
[0.495s] -- Up-to-date: /home/matthias/xplore2023/hd_ws/install/astra_interfaces/include/astra_interfaces/astra_interfaces/msg/detail
[0.496s] -- Up-to-date: /home/matthias/xplore2023/hd_ws/install/astra_interfaces/include/astra_interfaces/astra_interfaces/msg/detail/cmd_outcome__struct.hpp
[0.496s] -- Up-to-date: /home/matthias/xplore2023/hd_ws/install/astra_interfaces/include/astra_interfaces/astra_interfaces/msg/detail/task__struct.hpp
[0.496s] -- Up-to-date: /home/matthias/xplore2023/hd_ws/install/astra_interfaces/include/astra_interfaces/astra_interfaces/msg/detail/cmd_outcome__builder.hpp
[0.496s] -- Up-to-date: /home/matthias/xplore2023/hd_ws/install/astra_interfaces/include/astra_interfaces/astra_interfaces/msg/detail/object__builder.hpp
[0.497s] -- Up-to-date: /home/matthias/xplore2023/hd_ws/install/astra_interfaces/include/astra_interfaces/astra_interfaces/msg/detail/cmd_outcome__traits.hpp
[0.497s] -- Up-to-date: /home/matthias/xplore2023/hd_ws/install/astra_interfaces/include/astra_interfaces/astra_interfaces/msg/detail/object__struct.hpp
[0.501s] -- Up-to-date: /home/matthias/xplore2023/hd_ws/install/astra_interfaces/include/astra_interfaces/astra_interfaces/msg/detail/task__builder.hpp
[0.502s] -- Up-to-date: /home/matthias/xplore2023/hd_ws/install/astra_interfaces/include/astra_interfaces/astra_interfaces/msg/detail/object__traits.hpp
[0.502s] -- Up-to-date: /home/matthias/xplore2023/hd_ws/install/astra_interfaces/include/astra_interfaces/astra_interfaces/msg/detail/task__traits.hpp
[0.502s] -- Up-to-date: /home/matthias/xplore2023/hd_ws/install/astra_interfaces/include/astra_interfaces/astra_interfaces/msg/task.hpp
[0.502s] -- Up-to-date: /home/matthias/xplore2023/hd_ws/install/astra_interfaces/include/astra_interfaces/astra_interfaces/msg/cmd_outcome.hpp
[0.502s] -- Up-to-date: /home/matthias/xplore2023/hd_ws/install/astra_interfaces/include/astra_interfaces/astra_interfaces
[0.503s] -- Up-to-date: /home/matthias/xplore2023/hd_ws/install/astra_interfaces/include/astra_interfaces/astra_interfaces/msg
[0.503s] -- Up-to-date: /home/matthias/xplore2023/hd_ws/install/astra_interfaces/include/astra_interfaces/astra_interfaces/msg/detail
[0.503s] -- Up-to-date: /home/matthias/xplore2023/hd_ws/install/astra_interfaces/include/astra_interfaces/astra_interfaces/msg/detail/object__rosidl_typesupport_fastrtps_cpp.hpp
[0.503s] -- Up-to-date: /home/matthias/xplore2023/hd_ws/install/astra_interfaces/include/astra_interfaces/astra_interfaces/msg/detail/dds_fastrtps
[0.504s] -- Up-to-date: /home/matthias/xplore2023/hd_ws/install/astra_interfaces/include/astra_interfaces/astra_interfaces/msg/detail/task__rosidl_typesupport_fastrtps_cpp.hpp
[0.504s] -- Up-to-date: /home/matthias/xplore2023/hd_ws/install/astra_interfaces/include/astra_interfaces/astra_interfaces/msg/detail/cmd_outcome__rosidl_typesupport_fastrtps_cpp.hpp
[0.506s] -- Up-to-date: /home/matthias/xplore2023/hd_ws/install/astra_interfaces/include/astra_interfaces/astra_interfaces/msg/rosidl_typesupport_fastrtps_cpp__visibility_control.h
[0.507s] -- Up-to-date: /home/matthias/xplore2023/hd_ws/install/astra_interfaces/lib/libastra_interfaces__rosidl_typesupport_fastrtps_cpp.so
[0.518s] -- Up-to-date: /home/matthias/xplore2023/hd_ws/install/astra_interfaces/include/astra_interfaces/astra_interfaces
[0.518s] -- Up-to-date: /home/matthias/xplore2023/hd_ws/install/astra_interfaces/include/astra_interfaces/astra_interfaces/msg
[0.518s] -- Up-to-date: /home/matthias/xplore2023/hd_ws/install/astra_interfaces/include/astra_interfaces/astra_interfaces/msg/detail
[0.519s] -- Up-to-date: /home/matthias/xplore2023/hd_ws/install/astra_interfaces/include/astra_interfaces/astra_interfaces/msg/detail/cmd_outcome__type_support.c
[0.519s] -- Up-to-date: /home/matthias/xplore2023/hd_ws/install/astra_interfaces/include/astra_interfaces/astra_interfaces/msg/detail/object__type_support.c
[0.519s] -- Up-to-date: /home/matthias/xplore2023/hd_ws/install/astra_interfaces/include/astra_interfaces/astra_interfaces/msg/detail/cmd_outcome__rosidl_typesupport_introspection_c.h
[0.519s] -- Up-to-date: /home/matthias/xplore2023/hd_ws/install/astra_interfaces/include/astra_interfaces/astra_interfaces/msg/detail/object__rosidl_typesupport_introspection_c.h
[0.519s] -- Up-to-date: /home/matthias/xplore2023/hd_ws/install/astra_interfaces/include/astra_interfaces/astra_interfaces/msg/detail/task__rosidl_typesupport_introspection_c.h
[0.519s] -- Up-to-date: /home/matthias/xplore2023/hd_ws/install/astra_interfaces/include/astra_interfaces/astra_interfaces/msg/detail/task__type_support.c
[0.519s] -- Up-to-date: /home/matthias/xplore2023/hd_ws/install/astra_interfaces/include/astra_interfaces/astra_interfaces/msg/rosidl_typesupport_introspection_c__visibility_control.h
[0.519s] -- Up-to-date: /home/matthias/xplore2023/hd_ws/install/astra_interfaces/lib/libastra_interfaces__rosidl_typesupport_introspection_c.so
[0.519s] -- Up-to-date: /home/matthias/xplore2023/hd_ws/install/astra_interfaces/lib/libastra_interfaces__rosidl_typesupport_c.so
[0.519s] -- Up-to-date: /home/matthias/xplore2023/hd_ws/install/astra_interfaces/include/astra_interfaces/astra_interfaces
[0.519s] -- Up-to-date: /home/matthias/xplore2023/hd_ws/install/astra_interfaces/include/astra_interfaces/astra_interfaces/msg
[0.520s] -- Up-to-date: /home/matthias/xplore2023/hd_ws/install/astra_interfaces/include/astra_interfaces/astra_interfaces/msg/detail
[0.520s] -- Up-to-date: /home/matthias/xplore2023/hd_ws/install/astra_interfaces/include/astra_interfaces/astra_interfaces/msg/detail/cmd_outcome__type_support.cpp
[0.520s] -- Up-to-date: /home/matthias/xplore2023/hd_ws/install/astra_interfaces/include/astra_interfaces/astra_interfaces/msg/detail/task__rosidl_typesupport_introspection_cpp.hpp
[0.520s] -- Up-to-date: /home/matthias/xplore2023/hd_ws/install/astra_interfaces/include/astra_interfaces/astra_interfaces/msg/detail/task__type_support.cpp
[0.520s] -- Up-to-date: /home/matthias/xplore2023/hd_ws/install/astra_interfaces/include/astra_interfaces/astra_interfaces/msg/detail/object__type_support.cpp
[0.520s] -- Up-to-date: /home/matthias/xplore2023/hd_ws/install/astra_interfaces/include/astra_interfaces/astra_interfaces/msg/detail/object__rosidl_typesupport_introspection_cpp.hpp
[0.520s] -- Up-to-date: /home/matthias/xplore2023/hd_ws/install/astra_interfaces/include/astra_interfaces/astra_interfaces/msg/detail/cmd_outcome__rosidl_typesupport_introspection_cpp.hpp
[0.521s] -- Up-to-date: /home/matthias/xplore2023/hd_ws/install/astra_interfaces/lib/libastra_interfaces__rosidl_typesupport_introspection_cpp.so
[0.521s] -- Up-to-date: /home/matthias/xplore2023/hd_ws/install/astra_interfaces/lib/libastra_interfaces__rosidl_typesupport_cpp.so
[0.521s] -- Up-to-date: /home/matthias/xplore2023/hd_ws/install/astra_interfaces/share/astra_interfaces/environment/pythonpath.sh
[0.521s] -- Up-to-date: /home/matthias/xplore2023/hd_ws/install/astra_interfaces/share/astra_interfaces/environment/pythonpath.dsv
[0.521s] -- Up-to-date: /home/matthias/xplore2023/hd_ws/install/astra_interfaces/local/lib/python3.10/dist-packages/astra_interfaces-0.0.0-py3.10.egg-info
[0.521s] -- Installing: /home/matthias/xplore2023/hd_ws/install/astra_interfaces/local/lib/python3.10/dist-packages/astra_interfaces-0.0.0-py3.10.egg-info/PKG-INFO
[0.521s] -- Installing: /home/matthias/xplore2023/hd_ws/install/astra_interfaces/local/lib/python3.10/dist-packages/astra_interfaces-0.0.0-py3.10.egg-info/dependency_links.txt
[0.521s] -- Installing: /home/matthias/xplore2023/hd_ws/install/astra_interfaces/local/lib/python3.10/dist-packages/astra_interfaces-0.0.0-py3.10.egg-info/top_level.txt
[0.521s] -- Installing: /home/matthias/xplore2023/hd_ws/install/astra_interfaces/local/lib/python3.10/dist-packages/astra_interfaces-0.0.0-py3.10.egg-info/SOURCES.txt
[0.521s] -- Up-to-date: /home/matthias/xplore2023/hd_ws/install/astra_interfaces/local/lib/python3.10/dist-packages/astra_interfaces
[0.521s] -- Up-to-date: /home/matthias/xplore2023/hd_ws/install/astra_interfaces/local/lib/python3.10/dist-packages/astra_interfaces/astra_interfaces_s__rosidl_typesupport_c.cpython-310-x86_64-linux-gnu.so
[0.521s] -- Up-to-date: /home/matthias/xplore2023/hd_ws/install/astra_interfaces/local/lib/python3.10/dist-packages/astra_interfaces/__init__.py
[0.522s] -- Up-to-date: /home/matthias/xplore2023/hd_ws/install/astra_interfaces/local/lib/python3.10/dist-packages/astra_interfaces/_astra_interfaces_s.ep.rosidl_typesupport_fastrtps_c.c
[0.522s] -- Up-to-date: /home/matthias/xplore2023/hd_ws/install/astra_interfaces/local/lib/python3.10/dist-packages/astra_interfaces/astra_interfaces_s__rosidl_typesupport_introspection_c.cpython-310-x86_64-linux-gnu.so
[0.522s] -- Up-to-date: /home/matthias/xplore2023/hd_ws/install/astra_interfaces/local/lib/python3.10/dist-packages/astra_interfaces/_astra_interfaces_s.ep.rosidl_typesupport_c.c
[0.522s] -- Up-to-date: /home/matthias/xplore2023/hd_ws/install/astra_interfaces/local/lib/python3.10/dist-packages/astra_interfaces/astra_interfaces_s__rosidl_typesupport_fastrtps_c.cpython-310-x86_64-linux-gnu.so
[0.522s] -- Up-to-date: /home/matthias/xplore2023/hd_ws/install/astra_interfaces/local/lib/python3.10/dist-packages/astra_interfaces/_astra_interfaces_s.ep.rosidl_typesupport_introspection_c.c
[0.522s] -- Up-to-date: /home/matthias/xplore2023/hd_ws/install/astra_interfaces/local/lib/python3.10/dist-packages/astra_interfaces/libastra_interfaces__rosidl_generator_py.so
[0.522s] -- Up-to-date: /home/matthias/xplore2023/hd_ws/install/astra_interfaces/local/lib/python3.10/dist-packages/astra_interfaces/msg
[0.522s] -- Up-to-date: /home/matthias/xplore2023/hd_ws/install/astra_interfaces/local/lib/python3.10/dist-packages/astra_interfaces/msg/_object.py
[0.522s] -- Up-to-date: /home/matthias/xplore2023/hd_ws/install/astra_interfaces/local/lib/python3.10/dist-packages/astra_interfaces/msg/_object_s.c
[0.522s] -- Up-to-date: /home/matthias/xplore2023/hd_ws/install/astra_interfaces/local/lib/python3.10/dist-packages/astra_interfaces/msg/__init__.py
[0.522s] -- Up-to-date: /home/matthias/xplore2023/hd_ws/install/astra_interfaces/local/lib/python3.10/dist-packages/astra_interfaces/msg/_cmd_outcome_s.c
[0.522s] -- Up-to-date: /home/matthias/xplore2023/hd_ws/install/astra_interfaces/local/lib/python3.10/dist-packages/astra_interfaces/msg/_cmd_outcome.py
[0.523s] -- Up-to-date: /home/matthias/xplore2023/hd_ws/install/astra_interfaces/local/lib/python3.10/dist-packages/astra_interfaces/msg/_task.py
[0.523s] -- Up-to-date: /home/matthias/xplore2023/hd_ws/install/astra_interfaces/local/lib/python3.10/dist-packages/astra_interfaces/msg/_task_s.c
[0.547s] Listing '/home/matthias/xplore2023/hd_ws/install/astra_interfaces/local/lib/python3.10/dist-packages/astra_interfaces'...
[0.547s] Listing '/home/matthias/xplore2023/hd_ws/install/astra_interfaces/local/lib/python3.10/dist-packages/astra_interfaces/msg'...
[0.553s] -- Up-to-date: /home/matthias/xplore2023/hd_ws/install/astra_interfaces/local/lib/python3.10/dist-packages/astra_interfaces/astra_interfaces_s__rosidl_typesupport_fastrtps_c.cpython-310-x86_64-linux-gnu.so
[0.553s] -- Up-to-date: /home/matthias/xplore2023/hd_ws/install/astra_interfaces/local/lib/python3.10/dist-packages/astra_interfaces/astra_interfaces_s__rosidl_typesupport_introspection_c.cpython-310-x86_64-linux-gnu.so
[0.554s] -- Up-to-date: /home/matthias/xplore2023/hd_ws/install/astra_interfaces/local/lib/python3.10/dist-packages/astra_interfaces/astra_interfaces_s__rosidl_typesupport_c.cpython-310-x86_64-linux-gnu.so
[0.555s] -- Up-to-date: /home/matthias/xplore2023/hd_ws/install/astra_interfaces/lib/libastra_interfaces__rosidl_generator_py.so
[0.555s] -- Up-to-date: /home/matthias/xplore2023/hd_ws/install/astra_interfaces/share/astra_interfaces/msg/CmdOutcome.idl
[0.556s] -- Up-to-date: /home/matthias/xplore2023/hd_ws/install/astra_interfaces/share/astra_interfaces/msg/Object.idl
[0.556s] -- Up-to-date: /home/matthias/xplore2023/hd_ws/install/astra_interfaces/share/astra_interfaces/msg/Task.idl
[0.556s] -- Up-to-date: /home/matthias/xplore2023/hd_ws/install/astra_interfaces/share/astra_interfaces/msg/CmdOutcome.msg
[0.556s] -- Up-to-date: /home/matthias/xplore2023/hd_ws/install/astra_interfaces/share/astra_interfaces/msg/Object.msg
[0.557s] -- Up-to-date: /home/matthias/xplore2023/hd_ws/install/astra_interfaces/share/astra_interfaces/msg/Task.msg
[0.557s] -- Up-to-date: /home/matthias/xplore2023/hd_ws/install/astra_interfaces/share/ament_index/resource_index/package_run_dependencies/astra_interfaces
[0.563s] -- Up-to-date: /home/matthias/xplore2023/hd_ws/install/astra_interfaces/share/ament_index/resource_index/parent_prefix_path/astra_interfaces
[0.563s] -- Up-to-date: /home/matthias/xplore2023/hd_ws/install/astra_interfaces/share/astra_interfaces/environment/ament_prefix_path.sh
[0.564s] -- Up-to-date: /home/matthias/xplore2023/hd_ws/install/astra_interfaces/share/astra_interfaces/environment/ament_prefix_path.dsv
[0.564s] -- Up-to-date: /home/matthias/xplore2023/hd_ws/install/astra_interfaces/share/astra_interfaces/environment/path.sh
[0.564s] -- Up-to-date: /home/matthias/xplore2023/hd_ws/install/astra_interfaces/share/astra_interfaces/environment/path.dsv
[0.564s] -- Up-to-date: /home/matthias/xplore2023/hd_ws/install/astra_interfaces/share/astra_interfaces/local_setup.bash
[0.565s] -- Up-to-date: /home/matthias/xplore2023/hd_ws/install/astra_interfaces/share/astra_interfaces/local_setup.sh
[0.565s] -- Up-to-date: /home/matthias/xplore2023/hd_ws/install/astra_interfaces/share/astra_interfaces/local_setup.zsh
[0.565s] -- Up-to-date: /home/matthias/xplore2023/hd_ws/install/astra_interfaces/share/astra_interfaces/local_setup.dsv
[0.566s] -- Installing: /home/matthias/xplore2023/hd_ws/install/astra_interfaces/share/astra_interfaces/package.dsv
[0.566s] -- Up-to-date: /home/matthias/xplore2023/hd_ws/install/astra_interfaces/share/ament_index/resource_index/packages/astra_interfaces
[0.566s] -- Up-to-date: /home/matthias/xplore2023/hd_ws/install/astra_interfaces/share/astra_interfaces/cmake/export_astra_interfaces__rosidl_generator_cExport.cmake
[0.566s] -- Up-to-date: /home/matthias/xplore2023/hd_ws/install/astra_interfaces/share/astra_interfaces/cmake/export_astra_interfaces__rosidl_generator_cExport-noconfig.cmake
[0.567s] -- Up-to-date: /home/matthias/xplore2023/hd_ws/install/astra_interfaces/share/astra_interfaces/cmake/export_astra_interfaces__rosidl_typesupport_fastrtps_cExport.cmake
[0.567s] -- Up-to-date: /home/matthias/xplore2023/hd_ws/install/astra_interfaces/share/astra_interfaces/cmake/export_astra_interfaces__rosidl_typesupport_fastrtps_cExport-noconfig.cmake
[0.567s] -- Up-to-date: /home/matthias/xplore2023/hd_ws/install/astra_interfaces/share/astra_interfaces/cmake/export_astra_interfaces__rosidl_generator_cppExport.cmake
[0.567s] -- Up-to-date: /home/matthias/xplore2023/hd_ws/install/astra_interfaces/share/astra_interfaces/cmake/export_astra_interfaces__rosidl_typesupport_fastrtps_cppExport.cmake
[0.568s] -- Up-to-date: /home/matthias/xplore2023/hd_ws/install/astra_interfaces/share/astra_interfaces/cmake/export_astra_interfaces__rosidl_typesupport_fastrtps_cppExport-noconfig.cmake
[0.568s] -- Up-to-date: /home/matthias/xplore2023/hd_ws/install/astra_interfaces/share/astra_interfaces/cmake/astra_interfaces__rosidl_typesupport_introspection_cExport.cmake
[0.568s] -- Up-to-date: /home/matthias/xplore2023/hd_ws/install/astra_interfaces/share/astra_interfaces/cmake/astra_interfaces__rosidl_typesupport_introspection_cExport-noconfig.cmake
[0.571s] -- Up-to-date: /home/matthias/xplore2023/hd_ws/install/astra_interfaces/share/astra_interfaces/cmake/astra_interfaces__rosidl_typesupport_cExport.cmake
[0.572s] -- Up-to-date: /home/matthias/xplore2023/hd_ws/install/astra_interfaces/share/astra_interfaces/cmake/astra_interfaces__rosidl_typesupport_cExport-noconfig.cmake
[0.572s] -- Up-to-date: /home/matthias/xplore2023/hd_ws/install/astra_interfaces/share/astra_interfaces/cmake/astra_interfaces__rosidl_typesupport_introspection_cppExport.cmake
[0.572s] -- Up-to-date: /home/matthias/xplore2023/hd_ws/install/astra_interfaces/share/astra_interfaces/cmake/astra_interfaces__rosidl_typesupport_introspection_cppExport-noconfig.cmake
[0.573s] -- Up-to-date: /home/matthias/xplore2023/hd_ws/install/astra_interfaces/share/astra_interfaces/cmake/astra_interfaces__rosidl_typesupport_cppExport.cmake
[0.573s] -- Up-to-date: /home/matthias/xplore2023/hd_ws/install/astra_interfaces/share/astra_interfaces/cmake/astra_interfaces__rosidl_typesupport_cppExport-noconfig.cmake
[0.573s] -- Up-to-date: /home/matthias/xplore2023/hd_ws/install/astra_interfaces/share/astra_interfaces/cmake/export_astra_interfaces__rosidl_generator_pyExport.cmake
[0.573s] -- Up-to-date: /home/matthias/xplore2023/hd_ws/install/astra_interfaces/share/astra_interfaces/cmake/export_astra_interfaces__rosidl_generator_pyExport-noconfig.cmake
[0.573s] -- Up-to-date: /home/matthias/xplore2023/hd_ws/install/astra_interfaces/share/astra_interfaces/cmake/rosidl_cmake-extras.cmake
[0.573s] -- Up-to-date: /home/matthias/xplore2023/hd_ws/install/astra_interfaces/share/astra_interfaces/cmake/ament_cmake_export_dependencies-extras.cmake
[0.574s] -- Up-to-date: /home/matthias/xplore2023/hd_ws/install/astra_interfaces/share/astra_interfaces/cmake/ament_cmake_export_include_directories-extras.cmake
[0.574s] -- Up-to-date: /home/matthias/xplore2023/hd_ws/install/astra_interfaces/share/astra_interfaces/cmake/ament_cmake_export_libraries-extras.cmake
[0.574s] -- Up-to-date: /home/matthias/xplore2023/hd_ws/install/astra_interfaces/share/astra_interfaces/cmake/ament_cmake_export_targets-extras.cmake
[0.574s] -- Up-to-date: /home/matthias/xplore2023/hd_ws/install/astra_interfaces/share/astra_interfaces/cmake/rosidl_cmake_export_typesupport_targets-extras.cmake
[0.574s] -- Up-to-date: /home/matthias/xplore2023/hd_ws/install/astra_interfaces/share/astra_interfaces/cmake/rosidl_cmake_export_typesupport_libraries-extras.cmake
[0.575s] -- Up-to-date: /home/matthias/xplore2023/hd_ws/install/astra_interfaces/share/astra_interfaces/cmake/astra_interfacesConfig.cmake
[0.575s] -- Up-to-date: /home/matthias/xplore2023/hd_ws/install/astra_interfaces/share/astra_interfaces/cmake/astra_interfacesConfig-version.cmake
[0.575s] -- Up-to-date: /home/matthias/xplore2023/hd_ws/install/astra_interfaces/share/astra_interfaces/package.xml
[0.576s] Invoked command in '/home/matthias/xplore2023/hd_ws/build/astra_interfaces' returned '0': CMAKE_PREFIX_PATH=${CMAKE_PREFIX_PATH}:/home/matthias/xplore2023/hd_ws/install/task_execution:/home/matthias/xplore2023/hd_ws/install/manager:/opt/ros/humble /usr/bin/cmake --install /home/matthias/xplore2023/hd_ws/build/astra_interfaces
