[0.055s] Invoking command in '/home/matthias/xplore2023/hd_ws/build/astra_description': CMAKE_PREFIX_PATH=${CMAKE_PREFIX_PATH}:/home/matthias/xplore2023/hd_ws/install/task_execution:/home/matthias/xplore2023/hd_ws/install/manager:/opt/ros/humble /usr/bin/cmake --build /home/matthias/xplore2023/hd_ws/build/astra_description -- -j12 -l12
[0.502s] Invoked command in '/home/matthias/xplore2023/hd_ws/build/astra_description' returned '0': CMAKE_PREFIX_PATH=${CMAKE_PREFIX_PATH}:/home/matthias/xplore2023/hd_ws/install/task_execution:/home/matthias/xplore2023/hd_ws/install/manager:/opt/ros/humble /usr/bin/cmake --build /home/matthias/xplore2023/hd_ws/build/astra_description -- -j12 -l12
[0.561s] Invoking command in '/home/matthias/xplore2023/hd_ws/build/astra_description': CMAKE_PREFIX_PATH=${CMAKE_PREFIX_PATH}:/home/matthias/xplore2023/hd_ws/install/task_execution:/home/matthias/xplore2023/hd_ws/install/manager:/opt/ros/humble /usr/bin/cmake --install /home/matthias/xplore2023/hd_ws/build/astra_description
[0.580s] -- Install configuration: ""
[0.580s] -- Up-to-date: /home/matthias/xplore2023/hd_ws/install/astra_description/share/ament_index/resource_index/package_run_dependencies/astra_description
[0.580s] -- Up-to-date: /home/matthias/xplore2023/hd_ws/install/astra_description/share/ament_index/resource_index/parent_prefix_path/astra_description
[0.581s] -- Up-to-date: /home/matthias/xplore2023/hd_ws/install/astra_description/share/astra_description/environment/ament_prefix_path.sh
[0.581s] -- Up-to-date: /home/matthias/xplore2023/hd_ws/install/astra_description/share/astra_description/environment/ament_prefix_path.dsv
[0.582s] -- Up-to-date: /home/matthias/xplore2023/hd_ws/install/astra_description/share/astra_description/environment/path.sh
[0.582s] -- Up-to-date: /home/matthias/xplore2023/hd_ws/install/astra_description/share/astra_description/environment/path.dsv
[0.582s] -- Up-to-date: /home/matthias/xplore2023/hd_ws/install/astra_description/share/astra_description/local_setup.bash
[0.583s] -- Up-to-date: /home/matthias/xplore2023/hd_ws/install/astra_description/share/astra_description/local_setup.sh
[0.583s] -- Up-to-date: /home/matthias/xplore2023/hd_ws/install/astra_description/share/astra_description/local_setup.zsh
[0.583s] -- Up-to-date: /home/matthias/xplore2023/hd_ws/install/astra_description/share/astra_description/local_setup.dsv
[0.584s] -- Installing: /home/matthias/xplore2023/hd_ws/install/astra_description/share/astra_description/package.dsv
[0.585s] -- Up-to-date: /home/matthias/xplore2023/hd_ws/install/astra_description/share/ament_index/resource_index/packages/astra_description
[0.586s] -- Up-to-date: /home/matthias/xplore2023/hd_ws/install/astra_description/share/astra_description/cmake/astra_descriptionConfig.cmake
[0.586s] -- Up-to-date: /home/matthias/xplore2023/hd_ws/install/astra_description/share/astra_description/cmake/astra_descriptionConfig-version.cmake
[0.586s] -- Up-to-date: /home/matthias/xplore2023/hd_ws/install/astra_description/share/astra_description/package.xml
[0.601s] Invoked command in '/home/matthias/xplore2023/hd_ws/build/astra_description' returned '0': CMAKE_PREFIX_PATH=${CMAKE_PREFIX_PATH}:/home/matthias/xplore2023/hd_ws/install/task_execution:/home/matthias/xplore2023/hd_ws/install/manager:/opt/ros/humble /usr/bin/cmake --install /home/matthias/xplore2023/hd_ws/build/astra_description
