[0.105s] Invoking command in '/home/xplore/Desktop/main_HD_workspace/2023/ros2_ws/build/interfaces': CMAKE_PREFIX_PATH=${CMAKE_PREFIX_PATH}:/home/xplore/Desktop/main_HD_workspace/2023/ros2_ws/install/vision:/opt/ros/foxy /usr/bin/cmake --build /home/xplore/Desktop/main_HD_workspace/2023/ros2_ws/build/interfaces -- -j4 -l4
[0.392s] [  3%] Built target interfaces__cpp
[0.396s] [ 12%] Built target interfaces__rosidl_generator_c
[0.519s] [ 22%] Built target interfaces__rosidl_typesupport_introspection_cpp
[0.525s] [ 32%] Built target interfaces__rosidl_typesupport_cpp
[0.535s] [ 41%] Built target interfaces__rosidl_typesupport_fastrtps_cpp
[0.670s] [ 61%] Built target interfaces__rosidl_typesupport_introspection_c
[0.671s] [ 61%] Built target interfaces__rosidl_typesupport_c
[0.688s] [ 70%] Built target interfaces__rosidl_typesupport_fastrtps_c
[0.788s] [ 70%] Built target interfaces
[0.890s] [ 74%] Built target interfaces__py
[1.006s] [ 80%] Built target interfaces__python
[1.140s] [ 87%] Built target interfaces__rosidl_typesupport_introspection_c__pyext
[1.156s] [ 93%] Built target interfaces__rosidl_typesupport_fastrtps_c__pyext
[1.168s] [100%] Built target interfaces__rosidl_typesupport_c__pyext
[1.221s] Invoked command in '/home/xplore/Desktop/main_HD_workspace/2023/ros2_ws/build/interfaces' returned '0': CMAKE_PREFIX_PATH=${CMAKE_PREFIX_PATH}:/home/xplore/Desktop/main_HD_workspace/2023/ros2_ws/install/vision:/opt/ros/foxy /usr/bin/cmake --build /home/xplore/Desktop/main_HD_workspace/2023/ros2_ws/build/interfaces -- -j4 -l4
[1.535s] Invoking command in '/home/xplore/Desktop/main_HD_workspace/2023/ros2_ws/build/interfaces': CMAKE_PREFIX_PATH=${CMAKE_PREFIX_PATH}:/home/xplore/Desktop/main_HD_workspace/2023/ros2_ws/install/vision:/opt/ros/foxy /usr/bin/cmake --install /home/xplore/Desktop/main_HD_workspace/2023/ros2_ws/build/interfaces
[1.577s] -- Install configuration: ""
[1.578s] -- Up-to-date: /home/xplore/Desktop/main_HD_workspace/2023/ros2_ws/install/interfaces/share/ament_index/resource_index/rosidl_interfaces/interfaces
[1.579s] -- Up-to-date: /home/xplore/Desktop/main_HD_workspace/2023/ros2_ws/install/interfaces/include/interfaces
[1.579s] -- Up-to-date: /home/xplore/Desktop/main_HD_workspace/2023/ros2_ws/install/interfaces/include/interfaces/msg
[1.580s] -- Up-to-date: /home/xplore/Desktop/main_HD_workspace/2023/ros2_ws/install/interfaces/include/interfaces/msg/detail
[1.580s] -- Up-to-date: /home/xplore/Desktop/main_HD_workspace/2023/ros2_ws/install/interfaces/include/interfaces/msg/detail/panel_object__functions.c
[1.581s] -- Up-to-date: /home/xplore/Desktop/main_HD_workspace/2023/ros2_ws/install/interfaces/include/interfaces/msg/detail/panel_object__struct.h
[1.581s] -- Up-to-date: /home/xplore/Desktop/main_HD_workspace/2023/ros2_ws/install/interfaces/include/interfaces/msg/detail/panel_object__functions.h
[1.582s] -- Up-to-date: /home/xplore/Desktop/main_HD_workspace/2023/ros2_ws/install/interfaces/include/interfaces/msg/detail/panel_object__type_support.h
[1.582s] -- Up-to-date: /home/xplore/Desktop/main_HD_workspace/2023/ros2_ws/install/interfaces/include/interfaces/msg/rosidl_generator_c__visibility_control.h
[1.582s] -- Up-to-date: /home/xplore/Desktop/main_HD_workspace/2023/ros2_ws/install/interfaces/include/interfaces/msg/panel_object.h
[1.583s] -- Up-to-date: /home/xplore/Desktop/main_HD_workspace/2023/ros2_ws/install/interfaces/share/interfaces/environment/library_path.sh
[1.584s] -- Up-to-date: /home/xplore/Desktop/main_HD_workspace/2023/ros2_ws/install/interfaces/share/interfaces/environment/library_path.dsv
[1.584s] -- Up-to-date: /home/xplore/Desktop/main_HD_workspace/2023/ros2_ws/install/interfaces/lib/libinterfaces__rosidl_generator_c.so
[1.585s] -- Up-to-date: /home/xplore/Desktop/main_HD_workspace/2023/ros2_ws/install/interfaces/include/interfaces
[1.585s] -- Up-to-date: /home/xplore/Desktop/main_HD_workspace/2023/ros2_ws/install/interfaces/include/interfaces/msg
[1.586s] -- Up-to-date: /home/xplore/Desktop/main_HD_workspace/2023/ros2_ws/install/interfaces/include/interfaces/msg/detail
[1.586s] -- Up-to-date: /home/xplore/Desktop/main_HD_workspace/2023/ros2_ws/install/interfaces/include/interfaces/msg/detail/panel_object__rosidl_typesupport_fastrtps_c.h
[1.586s] -- Up-to-date: /home/xplore/Desktop/main_HD_workspace/2023/ros2_ws/install/interfaces/include/interfaces/msg/rosidl_typesupport_fastrtps_c__visibility_control.h
[1.587s] -- Up-to-date: /home/xplore/Desktop/main_HD_workspace/2023/ros2_ws/install/interfaces/lib/libinterfaces__rosidl_typesupport_fastrtps_c.so
[1.589s] -- Up-to-date: /home/xplore/Desktop/main_HD_workspace/2023/ros2_ws/install/interfaces/include/interfaces
[1.589s] -- Up-to-date: /home/xplore/Desktop/main_HD_workspace/2023/ros2_ws/install/interfaces/include/interfaces/msg
[1.590s] -- Up-to-date: /home/xplore/Desktop/main_HD_workspace/2023/ros2_ws/install/interfaces/include/interfaces/msg/rosidl_typesupport_fastrtps_cpp__visibility_control.h
[1.590s] -- Up-to-date: /home/xplore/Desktop/main_HD_workspace/2023/ros2_ws/install/interfaces/include/interfaces/msg/detail
[1.591s] -- Up-to-date: /home/xplore/Desktop/main_HD_workspace/2023/ros2_ws/install/interfaces/include/interfaces/msg/detail/panel_object__rosidl_typesupport_fastrtps_cpp.hpp
[1.591s] -- Up-to-date: /home/xplore/Desktop/main_HD_workspace/2023/ros2_ws/install/interfaces/include/interfaces/msg/detail/dds_fastrtps
[1.591s] -- Up-to-date: /home/xplore/Desktop/main_HD_workspace/2023/ros2_ws/install/interfaces/lib/libinterfaces__rosidl_typesupport_fastrtps_cpp.so
[1.592s] -- Up-to-date: /home/xplore/Desktop/main_HD_workspace/2023/ros2_ws/install/interfaces/include/interfaces
[1.593s] -- Up-to-date: /home/xplore/Desktop/main_HD_workspace/2023/ros2_ws/install/interfaces/include/interfaces/msg
[1.593s] -- Up-to-date: /home/xplore/Desktop/main_HD_workspace/2023/ros2_ws/install/interfaces/include/interfaces/msg/detail
[1.594s] -- Up-to-date: /home/xplore/Desktop/main_HD_workspace/2023/ros2_ws/install/interfaces/include/interfaces/msg/detail/panel_object__type_support.c
[1.595s] -- Up-to-date: /home/xplore/Desktop/main_HD_workspace/2023/ros2_ws/install/interfaces/include/interfaces/msg/detail/panel_object__rosidl_typesupport_introspection_c.h
[1.595s] -- Up-to-date: /home/xplore/Desktop/main_HD_workspace/2023/ros2_ws/install/interfaces/include/interfaces/msg/rosidl_typesupport_introspection_c__visibility_control.h
[1.595s] -- Up-to-date: /home/xplore/Desktop/main_HD_workspace/2023/ros2_ws/install/interfaces/lib/libinterfaces__rosidl_typesupport_introspection_c.so
[1.596s] -- Up-to-date: /home/xplore/Desktop/main_HD_workspace/2023/ros2_ws/install/interfaces/lib/libinterfaces__rosidl_typesupport_c.so
[1.598s] -- Up-to-date: /home/xplore/Desktop/main_HD_workspace/2023/ros2_ws/install/interfaces/include/interfaces
[1.599s] -- Up-to-date: /home/xplore/Desktop/main_HD_workspace/2023/ros2_ws/install/interfaces/include/interfaces/msg
[1.600s] -- Up-to-date: /home/xplore/Desktop/main_HD_workspace/2023/ros2_ws/install/interfaces/include/interfaces/msg/detail
[1.601s] -- Up-to-date: /home/xplore/Desktop/main_HD_workspace/2023/ros2_ws/install/interfaces/include/interfaces/msg/detail/panel_object__traits.hpp
[1.601s] -- Up-to-date: /home/xplore/Desktop/main_HD_workspace/2023/ros2_ws/install/interfaces/include/interfaces/msg/detail/panel_object__builder.hpp
[1.602s] -- Up-to-date: /home/xplore/Desktop/main_HD_workspace/2023/ros2_ws/install/interfaces/include/interfaces/msg/detail/panel_object__struct.hpp
[1.602s] -- Up-to-date: /home/xplore/Desktop/main_HD_workspace/2023/ros2_ws/install/interfaces/include/interfaces/msg/panel_object.hpp
[1.602s] -- Up-to-date: /home/xplore/Desktop/main_HD_workspace/2023/ros2_ws/install/interfaces/include/interfaces
[1.603s] -- Up-to-date: /home/xplore/Desktop/main_HD_workspace/2023/ros2_ws/install/interfaces/include/interfaces/msg
[1.604s] -- Up-to-date: /home/xplore/Desktop/main_HD_workspace/2023/ros2_ws/install/interfaces/include/interfaces/msg/detail
[1.604s] -- Up-to-date: /home/xplore/Desktop/main_HD_workspace/2023/ros2_ws/install/interfaces/include/interfaces/msg/detail/panel_object__rosidl_typesupport_introspection_cpp.hpp
[1.605s] -- Up-to-date: /home/xplore/Desktop/main_HD_workspace/2023/ros2_ws/install/interfaces/include/interfaces/msg/detail/panel_object__type_support.cpp
[1.605s] -- Up-to-date: /home/xplore/Desktop/main_HD_workspace/2023/ros2_ws/install/interfaces/lib/libinterfaces__rosidl_typesupport_introspection_cpp.so
[1.605s] -- Up-to-date: /home/xplore/Desktop/main_HD_workspace/2023/ros2_ws/install/interfaces/lib/libinterfaces__rosidl_typesupport_cpp.so
[1.606s] -- Up-to-date: /home/xplore/Desktop/main_HD_workspace/2023/ros2_ws/install/interfaces/share/interfaces/environment/pythonpath.sh
[1.606s] -- Up-to-date: /home/xplore/Desktop/main_HD_workspace/2023/ros2_ws/install/interfaces/share/interfaces/environment/pythonpath.dsv
[1.607s] -- Up-to-date: /home/xplore/Desktop/main_HD_workspace/2023/ros2_ws/install/interfaces/lib/python3.8/site-packages/interfaces/__init__.py
[1.748s] -- Up-to-date: /home/xplore/Desktop/main_HD_workspace/2023/ros2_ws/install/interfaces/lib/python3.8/site-packages/interfaces/msg
[1.748s] -- Up-to-date: /home/xplore/Desktop/main_HD_workspace/2023/ros2_ws/install/interfaces/lib/python3.8/site-packages/interfaces/msg/__init__.py
[1.749s] -- Up-to-date: /home/xplore/Desktop/main_HD_workspace/2023/ros2_ws/install/interfaces/lib/python3.8/site-packages/interfaces/msg/_panel_object_s.c
[1.749s] -- Up-to-date: /home/xplore/Desktop/main_HD_workspace/2023/ros2_ws/install/interfaces/lib/python3.8/site-packages/interfaces/msg/_panel_object.py
[1.757s] -- Up-to-date: /home/xplore/Desktop/main_HD_workspace/2023/ros2_ws/install/interfaces/lib/python3.8/site-packages/interfaces/interfaces_s__rosidl_typesupport_fastrtps_c.cpython-38-aarch64-linux-gnu.so
[1.757s] -- Up-to-date: /home/xplore/Desktop/main_HD_workspace/2023/ros2_ws/install/interfaces/lib/python3.8/site-packages/interfaces/interfaces_s__rosidl_typesupport_introspection_c.cpython-38-aarch64-linux-gnu.so
[1.769s] -- Up-to-date: /home/xplore/Desktop/main_HD_workspace/2023/ros2_ws/install/interfaces/lib/python3.8/site-packages/interfaces/interfaces_s__rosidl_typesupport_c.cpython-38-aarch64-linux-gnu.so
[1.772s] -- Up-to-date: /home/xplore/Desktop/main_HD_workspace/2023/ros2_ws/install/interfaces/lib/libinterfaces__python.so
[1.782s] -- Up-to-date: /home/xplore/Desktop/main_HD_workspace/2023/ros2_ws/install/interfaces/share/interfaces/msg/PanelObject.idl
[1.784s] -- Up-to-date: /home/xplore/Desktop/main_HD_workspace/2023/ros2_ws/install/interfaces/share/interfaces/msg/PanelObject.msg
[1.785s] -- Up-to-date: /home/xplore/Desktop/main_HD_workspace/2023/ros2_ws/install/interfaces/share/ament_index/resource_index/package_run_dependencies/interfaces
[1.785s] -- Up-to-date: /home/xplore/Desktop/main_HD_workspace/2023/ros2_ws/install/interfaces/share/ament_index/resource_index/parent_prefix_path/interfaces
[1.785s] -- Up-to-date: /home/xplore/Desktop/main_HD_workspace/2023/ros2_ws/install/interfaces/share/interfaces/environment/ament_prefix_path.sh
[1.785s] -- Up-to-date: /home/xplore/Desktop/main_HD_workspace/2023/ros2_ws/install/interfaces/share/interfaces/environment/ament_prefix_path.dsv
[1.786s] -- Up-to-date: /home/xplore/Desktop/main_HD_workspace/2023/ros2_ws/install/interfaces/share/interfaces/environment/path.sh
[1.786s] -- Up-to-date: /home/xplore/Desktop/main_HD_workspace/2023/ros2_ws/install/interfaces/share/interfaces/environment/path.dsv
[1.786s] -- Up-to-date: /home/xplore/Desktop/main_HD_workspace/2023/ros2_ws/install/interfaces/share/interfaces/local_setup.bash
[1.787s] -- Up-to-date: /home/xplore/Desktop/main_HD_workspace/2023/ros2_ws/install/interfaces/share/interfaces/local_setup.sh
[1.795s] -- Up-to-date: /home/xplore/Desktop/main_HD_workspace/2023/ros2_ws/install/interfaces/share/interfaces/local_setup.zsh
[1.802s] -- Up-to-date: /home/xplore/Desktop/main_HD_workspace/2023/ros2_ws/install/interfaces/share/interfaces/local_setup.dsv
[1.806s] -- Installing: /home/xplore/Desktop/main_HD_workspace/2023/ros2_ws/install/interfaces/share/interfaces/package.dsv
[1.806s] -- Up-to-date: /home/xplore/Desktop/main_HD_workspace/2023/ros2_ws/install/interfaces/share/ament_index/resource_index/packages/interfaces
[1.806s] -- Up-to-date: /home/xplore/Desktop/main_HD_workspace/2023/ros2_ws/install/interfaces/share/interfaces/cmake/interfaces__rosidl_generator_cExport.cmake
[1.807s] -- Up-to-date: /home/xplore/Desktop/main_HD_workspace/2023/ros2_ws/install/interfaces/share/interfaces/cmake/interfaces__rosidl_generator_cExport-noconfig.cmake
[1.807s] -- Up-to-date: /home/xplore/Desktop/main_HD_workspace/2023/ros2_ws/install/interfaces/share/interfaces/cmake/interfaces__rosidl_typesupport_introspection_cExport.cmake
[1.807s] -- Up-to-date: /home/xplore/Desktop/main_HD_workspace/2023/ros2_ws/install/interfaces/share/interfaces/cmake/interfaces__rosidl_typesupport_introspection_cExport-noconfig.cmake
[1.808s] -- Up-to-date: /home/xplore/Desktop/main_HD_workspace/2023/ros2_ws/install/interfaces/share/interfaces/cmake/interfaces__rosidl_typesupport_cExport.cmake
[1.808s] -- Up-to-date: /home/xplore/Desktop/main_HD_workspace/2023/ros2_ws/install/interfaces/share/interfaces/cmake/interfaces__rosidl_typesupport_cExport-noconfig.cmake
[1.808s] -- Up-to-date: /home/xplore/Desktop/main_HD_workspace/2023/ros2_ws/install/interfaces/share/interfaces/cmake/interfaces__rosidl_generator_cppExport.cmake
[1.808s] -- Up-to-date: /home/xplore/Desktop/main_HD_workspace/2023/ros2_ws/install/interfaces/share/interfaces/cmake/interfaces__rosidl_typesupport_introspection_cppExport.cmake
[1.809s] -- Up-to-date: /home/xplore/Desktop/main_HD_workspace/2023/ros2_ws/install/interfaces/share/interfaces/cmake/interfaces__rosidl_typesupport_introspection_cppExport-noconfig.cmake
[1.809s] -- Up-to-date: /home/xplore/Desktop/main_HD_workspace/2023/ros2_ws/install/interfaces/share/interfaces/cmake/interfaces__rosidl_typesupport_cppExport.cmake
[1.815s] -- Up-to-date: /home/xplore/Desktop/main_HD_workspace/2023/ros2_ws/install/interfaces/share/interfaces/cmake/interfaces__rosidl_typesupport_cppExport-noconfig.cmake
[1.816s] -- Up-to-date: /home/xplore/Desktop/main_HD_workspace/2023/ros2_ws/install/interfaces/share/interfaces/cmake/rosidl_cmake-extras.cmake
[1.819s] -- Up-to-date: /home/xplore/Desktop/main_HD_workspace/2023/ros2_ws/install/interfaces/share/interfaces/cmake/ament_cmake_export_dependencies-extras.cmake
[1.819s] -- Up-to-date: /home/xplore/Desktop/main_HD_workspace/2023/ros2_ws/install/interfaces/share/interfaces/cmake/ament_cmake_export_libraries-extras.cmake
[1.819s] -- Up-to-date: /home/xplore/Desktop/main_HD_workspace/2023/ros2_ws/install/interfaces/share/interfaces/cmake/ament_cmake_export_targets-extras.cmake
[1.820s] -- Up-to-date: /home/xplore/Desktop/main_HD_workspace/2023/ros2_ws/install/interfaces/share/interfaces/cmake/ament_cmake_export_include_directories-extras.cmake
[1.820s] -- Up-to-date: /home/xplore/Desktop/main_HD_workspace/2023/ros2_ws/install/interfaces/share/interfaces/cmake/rosidl_cmake_export_typesupport_libraries-extras.cmake
[1.821s] -- Up-to-date: /home/xplore/Desktop/main_HD_workspace/2023/ros2_ws/install/interfaces/share/interfaces/cmake/rosidl_cmake_export_typesupport_targets-extras.cmake
[1.822s] -- Up-to-date: /home/xplore/Desktop/main_HD_workspace/2023/ros2_ws/install/interfaces/share/interfaces/cmake/interfacesConfig.cmake
[1.822s] -- Up-to-date: /home/xplore/Desktop/main_HD_workspace/2023/ros2_ws/install/interfaces/share/interfaces/cmake/interfacesConfig-version.cmake
[1.823s] -- Up-to-date: /home/xplore/Desktop/main_HD_workspace/2023/ros2_ws/install/interfaces/share/interfaces/package.xml
[1.831s] Invoked command in '/home/xplore/Desktop/main_HD_workspace/2023/ros2_ws/build/interfaces' returned '0': CMAKE_PREFIX_PATH=${CMAKE_PREFIX_PATH}:/home/xplore/Desktop/main_HD_workspace/2023/ros2_ws/install/vision:/opt/ros/foxy /usr/bin/cmake --install /home/xplore/Desktop/main_HD_workspace/2023/ros2_ws/build/interfaces
