[0.444s] Invoking command in '/home/xplore/Desktop/main_HD_workspace/hd_ws/build/astra_moveit_config0': CMAKE_PREFIX_PATH=/home/xplore/Desktop/main_HD_workspace/hd_ws/install/astra_description:/home/xplore/Desktop/main_HD_workspace/hd_ws/install/tttt:/home/xplore/Desktop/main_HD_workspace/hd_ws/install/moveit_visual_tools:/home/xplore/Desktop/main_HD_workspace/hd_ws/install/astra_moveit_config_new:/home/xplore/Desktop/main_HD_workspace/hd_ws/install/astra_moveit_config0:/home/xplore/Desktop/main_HD_workspace/hd_ws/install/astra_moveit_config:/home/xplore/Desktop/main_HD_workspace/hd_ws/install/astra_interfaces:/home/xplore/Desktop/main_HD_workspace/hd_ws/install/astra_hw_interface:/home/xplore/Desktop/main_HD_workspace/hd_ws/install/task_execution:/home/xplore/Desktop/main_HD_workspace/hd_ws/install/manager:/opt/ros/foxy /usr/bin/cmake --build /home/xplore/Desktop/main_HD_workspace/hd_ws/build/astra_moveit_config0 -- -j8 -l8
[0.635s] Invoked command in '/home/xplore/Desktop/main_HD_workspace/hd_ws/build/astra_moveit_config0' returned '0': CMAKE_PREFIX_PATH=/home/xplore/Desktop/main_HD_workspace/hd_ws/install/astra_description:/home/xplore/Desktop/main_HD_workspace/hd_ws/install/tttt:/home/xplore/Desktop/main_HD_workspace/hd_ws/install/moveit_visual_tools:/home/xplore/Desktop/main_HD_workspace/hd_ws/install/astra_moveit_config_new:/home/xplore/Desktop/main_HD_workspace/hd_ws/install/astra_moveit_config0:/home/xplore/Desktop/main_HD_workspace/hd_ws/install/astra_moveit_config:/home/xplore/Desktop/main_HD_workspace/hd_ws/install/astra_interfaces:/home/xplore/Desktop/main_HD_workspace/hd_ws/install/astra_hw_interface:/home/xplore/Desktop/main_HD_workspace/hd_ws/install/task_execution:/home/xplore/Desktop/main_HD_workspace/hd_ws/install/manager:/opt/ros/foxy /usr/bin/cmake --build /home/xplore/Desktop/main_HD_workspace/hd_ws/build/astra_moveit_config0 -- -j8 -l8
[0.762s] Invoking command in '/home/xplore/Desktop/main_HD_workspace/hd_ws/build/astra_moveit_config0': CMAKE_PREFIX_PATH=/home/xplore/Desktop/main_HD_workspace/hd_ws/install/astra_description:/home/xplore/Desktop/main_HD_workspace/hd_ws/install/tttt:/home/xplore/Desktop/main_HD_workspace/hd_ws/install/moveit_visual_tools:/home/xplore/Desktop/main_HD_workspace/hd_ws/install/astra_moveit_config_new:/home/xplore/Desktop/main_HD_workspace/hd_ws/install/astra_moveit_config0:/home/xplore/Desktop/main_HD_workspace/hd_ws/install/astra_moveit_config:/home/xplore/Desktop/main_HD_workspace/hd_ws/install/astra_interfaces:/home/xplore/Desktop/main_HD_workspace/hd_ws/install/astra_hw_interface:/home/xplore/Desktop/main_HD_workspace/hd_ws/install/task_execution:/home/xplore/Desktop/main_HD_workspace/hd_ws/install/manager:/opt/ros/foxy /usr/bin/cmake --install /home/xplore/Desktop/main_HD_workspace/hd_ws/build/astra_moveit_config0
[0.822s] -- Install configuration: ""
[0.823s] -- Up-to-date: /home/xplore/Desktop/main_HD_workspace/hd_ws/install/astra_moveit_config0/share/ament_index/resource_index/package_run_dependencies/astra_moveit_config0
[0.823s] -- Up-to-date: /home/xplore/Desktop/main_HD_workspace/hd_ws/install/astra_moveit_config0/share/ament_index/resource_index/parent_prefix_path/astra_moveit_config0
[0.828s] -- Up-to-date: /home/xplore/Desktop/main_HD_workspace/hd_ws/install/astra_moveit_config0/share/astra_moveit_config0/environment/ament_prefix_path.sh
[0.829s] -- Up-to-date: /home/xplore/Desktop/main_HD_workspace/hd_ws/install/astra_moveit_config0/share/astra_moveit_config0/environment/ament_prefix_path.dsv
[0.829s] -- Up-to-date: /home/xplore/Desktop/main_HD_workspace/hd_ws/install/astra_moveit_config0/share/astra_moveit_config0/environment/path.sh
[0.830s] -- Up-to-date: /home/xplore/Desktop/main_HD_workspace/hd_ws/install/astra_moveit_config0/share/astra_moveit_config0/environment/path.dsv
[0.830s] -- Up-to-date: /home/xplore/Desktop/main_HD_workspace/hd_ws/install/astra_moveit_config0/share/astra_moveit_config0/local_setup.bash
[0.830s] -- Up-to-date: /home/xplore/Desktop/main_HD_workspace/hd_ws/install/astra_moveit_config0/share/astra_moveit_config0/local_setup.sh
[0.831s] -- Up-to-date: /home/xplore/Desktop/main_HD_workspace/hd_ws/install/astra_moveit_config0/share/astra_moveit_config0/local_setup.zsh
[0.831s] -- Up-to-date: /home/xplore/Desktop/main_HD_workspace/hd_ws/install/astra_moveit_config0/share/astra_moveit_config0/local_setup.dsv
[0.832s] -- Installing: /home/xplore/Desktop/main_HD_workspace/hd_ws/install/astra_moveit_config0/share/astra_moveit_config0/package.dsv
[0.832s] -- Up-to-date: /home/xplore/Desktop/main_HD_workspace/hd_ws/install/astra_moveit_config0/share/ament_index/resource_index/packages/astra_moveit_config0
[0.832s] -- Up-to-date: /home/xplore/Desktop/main_HD_workspace/hd_ws/install/astra_moveit_config0/share/astra_moveit_config0/cmake/astra_moveit_config0Config.cmake
[0.833s] -- Up-to-date: /home/xplore/Desktop/main_HD_workspace/hd_ws/install/astra_moveit_config0/share/astra_moveit_config0/cmake/astra_moveit_config0Config-version.cmake
[0.833s] -- Up-to-date: /home/xplore/Desktop/main_HD_workspace/hd_ws/install/astra_moveit_config0/share/astra_moveit_config0/package.xml
[0.833s] -- Up-to-date: /home/xplore/Desktop/main_HD_workspace/hd_ws/install/astra_moveit_config0/share/astra_moveit_config0/launch
[0.834s] -- Up-to-date: /home/xplore/Desktop/main_HD_workspace/hd_ws/install/astra_moveit_config0/share/astra_moveit_config0/launch/moveit_rviz.launch.py
[0.838s] -- Up-to-date: /home/xplore/Desktop/main_HD_workspace/hd_ws/install/astra_moveit_config0/share/astra_moveit_config0/launch/setup_assistant.launch.py
[0.838s] -- Up-to-date: /home/xplore/Desktop/main_HD_workspace/hd_ws/install/astra_moveit_config0/share/astra_moveit_config0/launch/move_group.launch.py
[0.839s] -- Up-to-date: /home/xplore/Desktop/main_HD_workspace/hd_ws/install/astra_moveit_config0/share/astra_moveit_config0/launch/static_virtual_joint_tfs.launch.py
[0.839s] -- Up-to-date: /home/xplore/Desktop/main_HD_workspace/hd_ws/install/astra_moveit_config0/share/astra_moveit_config0/launch/demo.launch.py
[0.839s] -- Up-to-date: /home/xplore/Desktop/main_HD_workspace/hd_ws/install/astra_moveit_config0/share/astra_moveit_config0/launch/warehouse_db.launch.py
[0.840s] -- Up-to-date: /home/xplore/Desktop/main_HD_workspace/hd_ws/install/astra_moveit_config0/share/astra_moveit_config0/launch/spawn_controllers.launch.py
[0.840s] -- Up-to-date: /home/xplore/Desktop/main_HD_workspace/hd_ws/install/astra_moveit_config0/share/astra_moveit_config0/launch/rsp.launch.py
[0.840s] -- Up-to-date: /home/xplore/Desktop/main_HD_workspace/hd_ws/install/astra_moveit_config0/share/astra_moveit_config0/config
[0.840s] -- Up-to-date: /home/xplore/Desktop/main_HD_workspace/hd_ws/install/astra_moveit_config0/share/astra_moveit_config0/config/ros2_controllers.yaml
[0.841s] -- Up-to-date: /home/xplore/Desktop/main_HD_workspace/hd_ws/install/astra_moveit_config0/share/astra_moveit_config0/config/astra.srdf
[0.841s] -- Up-to-date: /home/xplore/Desktop/main_HD_workspace/hd_ws/install/astra_moveit_config0/share/astra_moveit_config0/config/joint_limits.yaml
[0.842s] -- Up-to-date: /home/xplore/Desktop/main_HD_workspace/hd_ws/install/astra_moveit_config0/share/astra_moveit_config0/config/pilz_cartesian_limits.yaml
[0.842s] -- Up-to-date: /home/xplore/Desktop/main_HD_workspace/hd_ws/install/astra_moveit_config0/share/astra_moveit_config0/config/initial_positions.yaml
[0.842s] -- Up-to-date: /home/xplore/Desktop/main_HD_workspace/hd_ws/install/astra_moveit_config0/share/astra_moveit_config0/config/kinematics.yaml
[0.843s] -- Up-to-date: /home/xplore/Desktop/main_HD_workspace/hd_ws/install/astra_moveit_config0/share/astra_moveit_config0/config/moveit.rviz
[0.843s] -- Up-to-date: /home/xplore/Desktop/main_HD_workspace/hd_ws/install/astra_moveit_config0/share/astra_moveit_config0/config/astra.urdf.xacro
[0.843s] -- Up-to-date: /home/xplore/Desktop/main_HD_workspace/hd_ws/install/astra_moveit_config0/share/astra_moveit_config0/config/moveit_controllers.yaml
[0.844s] -- Up-to-date: /home/xplore/Desktop/main_HD_workspace/hd_ws/install/astra_moveit_config0/share/astra_moveit_config0/config/astra.ros2_control.xacro
[0.844s] -- Up-to-date: /home/xplore/Desktop/main_HD_workspace/hd_ws/install/astra_moveit_config0/share/astra_moveit_config0/.setup_assistant
[1.145s] Invoked command in '/home/xplore/Desktop/main_HD_workspace/hd_ws/build/astra_moveit_config0' returned '0': CMAKE_PREFIX_PATH=/home/xplore/Desktop/main_HD_workspace/hd_ws/install/astra_description:/home/xplore/Desktop/main_HD_workspace/hd_ws/install/tttt:/home/xplore/Desktop/main_HD_workspace/hd_ws/install/moveit_visual_tools:/home/xplore/Desktop/main_HD_workspace/hd_ws/install/astra_moveit_config_new:/home/xplore/Desktop/main_HD_workspace/hd_ws/install/astra_moveit_config0:/home/xplore/Desktop/main_HD_workspace/hd_ws/install/astra_moveit_config:/home/xplore/Desktop/main_HD_workspace/hd_ws/install/astra_interfaces:/home/xplore/Desktop/main_HD_workspace/hd_ws/install/astra_hw_interface:/home/xplore/Desktop/main_HD_workspace/hd_ws/install/task_execution:/home/xplore/Desktop/main_HD_workspace/hd_ws/install/manager:/opt/ros/foxy /usr/bin/cmake --install /home/xplore/Desktop/main_HD_workspace/hd_ws/build/astra_moveit_config0
