[1.352s] Invoking command in '/home/eylul/main_HD_workspace/2023/ros2_ws/src/vision': PYTHONPATH=/home/eylul/main_HD_workspace/2023/ros2_ws/build/vision/prefix_override:/home/eylul/main_HD_workspace/2023/ros2_ws/install/vision/lib/python3.10/site-packages:${PYTHONPATH} /usr/bin/python3 setup.py egg_info --egg-base ../../build/vision build --build-base /home/eylul/main_HD_workspace/2023/ros2_ws/build/vision/build install --record /home/eylul/main_HD_workspace/2023/ros2_ws/build/vision/install.log --single-version-externally-managed
[1.847s] running egg_info
[1.848s] writing ../../build/vision/vision.egg-info/PKG-INFO
[1.849s] writing dependency_links to ../../build/vision/vision.egg-info/dependency_links.txt
[1.851s] writing entry points to ../../build/vision/vision.egg-info/entry_points.txt
[1.852s] writing requirements to ../../build/vision/vision.egg-info/requires.txt
[1.853s] writing top-level names to ../../build/vision/vision.egg-info/top_level.txt
[1.858s] reading manifest file '../../build/vision/vision.egg-info/SOURCES.txt'
[1.860s] writing manifest file '../../build/vision/vision.egg-info/SOURCES.txt'
[1.861s] running build
[1.861s] running build_py
[1.861s] copying vision/fake_matthias.py -> /home/eylul/main_HD_workspace/2023/ros2_ws/build/vision/build/lib/vision
[1.862s] copying vision/vision_publisher.py -> /home/eylul/main_HD_workspace/2023/ros2_ws/build/vision/build/lib/vision
[1.862s] running install
[1.862s] /usr/lib/python3/dist-packages/setuptools/command/install.py:34: SetuptoolsDeprecationWarning: setup.py install is deprecated. Use build and pip and other standards-based tools.
[1.862s]   warnings.warn(
[1.863s] running install_lib
[1.864s] copying /home/eylul/main_HD_workspace/2023/ros2_ws/build/vision/build/lib/vision/fake_matthias.py -> /home/eylul/main_HD_workspace/2023/ros2_ws/install/vision/lib/python3.10/site-packages/vision
[1.865s] copying /home/eylul/main_HD_workspace/2023/ros2_ws/build/vision/build/lib/vision/vision_publisher.py -> /home/eylul/main_HD_workspace/2023/ros2_ws/install/vision/lib/python3.10/site-packages/vision
[1.866s] byte-compiling /home/eylul/main_HD_workspace/2023/ros2_ws/install/vision/lib/python3.10/site-packages/vision/fake_matthias.py to fake_matthias.cpython-310.pyc
[1.867s] byte-compiling /home/eylul/main_HD_workspace/2023/ros2_ws/install/vision/lib/python3.10/site-packages/vision/vision_publisher.py to vision_publisher.cpython-310.pyc
[1.868s] running install_data
[1.869s] copying package.xml -> /home/eylul/main_HD_workspace/2023/ros2_ws/install/vision/share/vision
[1.869s] running install_egg_info
[1.872s] removing '/home/eylul/main_HD_workspace/2023/ros2_ws/install/vision/lib/python3.10/site-packages/vision-0.0.0-py3.10.egg-info' (and everything under it)
[1.873s] Copying ../../build/vision/vision.egg-info to /home/eylul/main_HD_workspace/2023/ros2_ws/install/vision/lib/python3.10/site-packages/vision-0.0.0-py3.10.egg-info
[1.874s] running install_scripts
[1.928s] Installing listener script to /home/eylul/main_HD_workspace/2023/ros2_ws/install/vision/lib/vision
[1.929s] Installing talker script to /home/eylul/main_HD_workspace/2023/ros2_ws/install/vision/lib/vision
[1.929s] writing list of installed files to '/home/eylul/main_HD_workspace/2023/ros2_ws/build/vision/install.log'
[1.967s] Invoked command in '/home/eylul/main_HD_workspace/2023/ros2_ws/src/vision' returned '0': PYTHONPATH=/home/eylul/main_HD_workspace/2023/ros2_ws/build/vision/prefix_override:/home/eylul/main_HD_workspace/2023/ros2_ws/install/vision/lib/python3.10/site-packages:${PYTHONPATH} /usr/bin/python3 setup.py egg_info --egg-base ../../build/vision build --build-base /home/eylul/main_HD_workspace/2023/ros2_ws/build/vision/build install --record /home/eylul/main_HD_workspace/2023/ros2_ws/build/vision/install.log --single-version-externally-managed
