[2.775s] Invoking command in '/home/xplore/Desktop/main_HD_workspace/hd_ws/src/control/task_execution': PYTHONPATH=/home/xplore/Desktop/main_HD_workspace/hd_ws/build/task_execution/prefix_override:/home/xplore/Desktop/main_HD_workspace/hd_ws/install/task_execution/lib/python3.8/site-packages:${PYTHONPATH} /usr/bin/python3 setup.py egg_info --egg-base ../../../build/task_execution build --build-base /home/xplore/Desktop/main_HD_workspace/hd_ws/build/task_execution/build install --record /home/xplore/Desktop/main_HD_workspace/hd_ws/build/task_execution/install.log --single-version-externally-managed
[3.663s] running egg_info
[3.664s] writing ../../../build/task_execution/task_execution.egg-info/PKG-INFO
[3.665s] writing dependency_links to ../../../build/task_execution/task_execution.egg-info/dependency_links.txt
[3.666s] writing entry points to ../../../build/task_execution/task_execution.egg-info/entry_points.txt
[3.667s] writing requirements to ../../../build/task_execution/task_execution.egg-info/requires.txt
[3.667s] writing top-level names to ../../../build/task_execution/task_execution.egg-info/top_level.txt
[3.793s] reading manifest file '../../../build/task_execution/task_execution.egg-info/SOURCES.txt'
[3.797s] writing manifest file '../../../build/task_execution/task_execution.egg-info/SOURCES.txt'
[3.797s] running build
[3.798s] running build_py
[3.799s] running install
[3.802s] running install_lib
[3.808s] running install_data
[3.810s] running install_egg_info
[3.815s] removing '/home/xplore/Desktop/main_HD_workspace/hd_ws/install/task_execution/lib/python3.8/site-packages/task_execution-0.0.0-py3.8.egg-info' (and everything under it)
[3.817s] Copying ../../../build/task_execution/task_execution.egg-info to /home/xplore/Desktop/main_HD_workspace/hd_ws/install/task_execution/lib/python3.8/site-packages/task_execution-0.0.0-py3.8.egg-info
[3.820s] running install_scripts
[3.872s] Installing test script to /home/xplore/Desktop/main_HD_workspace/hd_ws/install/task_execution/lib/task_execution
[3.874s] writing list of installed files to '/home/xplore/Desktop/main_HD_workspace/hd_ws/build/task_execution/install.log'
[4.555s] Invoked command in '/home/xplore/Desktop/main_HD_workspace/hd_ws/src/control/task_execution' returned '0': PYTHONPATH=/home/xplore/Desktop/main_HD_workspace/hd_ws/build/task_execution/prefix_override:/home/xplore/Desktop/main_HD_workspace/hd_ws/install/task_execution/lib/python3.8/site-packages:${PYTHONPATH} /usr/bin/python3 setup.py egg_info --egg-base ../../../build/task_execution build --build-base /home/xplore/Desktop/main_HD_workspace/hd_ws/build/task_execution/build install --record /home/xplore/Desktop/main_HD_workspace/hd_ws/build/task_execution/install.log --single-version-externally-managed
