[0.033s] Invoking command in '/home/matthias/xplore2023/hd_ws/build/astra_interfaces': CMAKE_PREFIX_PATH=${CMAKE_PREFIX_PATH}:/home/matthias/xplore2023/hd_ws/install/task_execution:/home/matthias/xplore2023/hd_ws/install/manager:/opt/ros/humble /usr/bin/cmake --build /home/matthias/xplore2023/hd_ws/build/astra_interfaces -- -j12 -l12
[0.162s] [  2%] Built target astra_interfaces__cpp
[0.183s] [ 12%] Built target astra_interfaces__rosidl_generator_c
[0.195s] [ 12%] Built target ament_cmake_python_copy_astra_interfaces
[0.240s] [ 23%] Built target astra_interfaces__rosidl_typesupport_cpp
[0.241s] [ 34%] Built target astra_interfaces__rosidl_typesupport_introspection_cpp
[0.243s] [ 44%] Built target astra_interfaces__rosidl_typesupport_fastrtps_cpp
[0.249s] [ 55%] Built target astra_interfaces__rosidl_typesupport_c
[0.257s] [ 65%] Built target astra_interfaces__rosidl_typesupport_introspection_c
[0.261s] [ 76%] Built target astra_interfaces__rosidl_typesupport_fastrtps_c
[0.304s] [ 76%] Built target astra_interfaces
[0.330s] [ 78%] Built target astra_interfaces__py
[0.352s] [ 85%] [32mBuilding C object CMakeFiles/astra_interfaces__rosidl_generator_py.dir/rosidl_generator_py/astra_interfaces/msg/_cmd_outcome_s.c.o[0m
[0.353s] [ 85%] [32mBuilding C object CMakeFiles/astra_interfaces__rosidl_generator_py.dir/rosidl_generator_py/astra_interfaces/msg/_object_s.c.o[0m
[0.353s] [ 85%] [32mBuilding C object CMakeFiles/astra_interfaces__rosidl_generator_py.dir/rosidl_generator_py/astra_interfaces/msg/_task_s.c.o[0m
[0.494s] [ 87%] [32m[1mLinking C shared library rosidl_generator_py/astra_interfaces/libastra_interfaces__rosidl_generator_py.so[0m
[0.554s] running egg_info
[0.556s] writing astra_interfaces.egg-info/PKG-INFO
[0.556s] writing dependency_links to astra_interfaces.egg-info/dependency_links.txt
[0.556s] writing top-level names to astra_interfaces.egg-info/top_level.txt
[0.556s] [ 87%] Built target astra_interfaces__rosidl_generator_py
[0.562s] reading manifest file 'astra_interfaces.egg-info/SOURCES.txt'
[0.562s] writing manifest file 'astra_interfaces.egg-info/SOURCES.txt'
[0.581s] [ 89%] [32m[1mLinking C shared library rosidl_generator_py/astra_interfaces/astra_interfaces_s__rosidl_typesupport_fastrtps_c.cpython-310-x86_64-linux-gnu.so[0m
[0.589s] [ 93%] [32m[1mLinking C shared library rosidl_generator_py/astra_interfaces/astra_interfaces_s__rosidl_typesupport_introspection_c.cpython-310-x86_64-linux-gnu.so[0m
[0.589s] [ 93%] [32m[1mLinking C shared library rosidl_generator_py/astra_interfaces/astra_interfaces_s__rosidl_typesupport_c.cpython-310-x86_64-linux-gnu.so[0m
[0.606s] [ 93%] Built target ament_cmake_python_build_astra_interfaces_egg
[0.636s] [ 95%] Built target astra_interfaces__rosidl_typesupport_introspection_c__pyext
[0.643s] [100%] Built target astra_interfaces__rosidl_typesupport_c__pyext
[0.643s] [100%] Built target astra_interfaces__rosidl_typesupport_fastrtps_c__pyext
[0.656s] Invoked command in '/home/matthias/xplore2023/hd_ws/build/astra_interfaces' returned '0': CMAKE_PREFIX_PATH=${CMAKE_PREFIX_PATH}:/home/matthias/xplore2023/hd_ws/install/task_execution:/home/matthias/xplore2023/hd_ws/install/manager:/opt/ros/humble /usr/bin/cmake --build /home/matthias/xplore2023/hd_ws/build/astra_interfaces -- -j12 -l12
[0.733s] Invoking command in '/home/matthias/xplore2023/hd_ws/build/astra_interfaces': CMAKE_PREFIX_PATH=${CMAKE_PREFIX_PATH}:/home/matthias/xplore2023/hd_ws/install/task_execution:/home/matthias/xplore2023/hd_ws/install/manager:/opt/ros/humble /usr/bin/cmake --install /home/matthias/xplore2023/hd_ws/build/astra_interfaces
[0.740s] -- Install configuration: ""
[0.740s] -- Up-to-date: /home/matthias/xplore2023/hd_ws/install/astra_interfaces/share/ament_index/resource_index/rosidl_interfaces/astra_interfaces
[0.740s] -- Up-to-date: /home/matthias/xplore2023/hd_ws/install/astra_interfaces/include/astra_interfaces/astra_interfaces
[0.740s] -- Up-to-date: /home/matthias/xplore2023/hd_ws/install/astra_interfaces/include/astra_interfaces/astra_interfaces/msg
[0.741s] -- Up-to-date: /home/matthias/xplore2023/hd_ws/install/astra_interfaces/include/astra_interfaces/astra_interfaces/msg/task.h
[0.741s] -- Up-to-date: /home/matthias/xplore2023/hd_ws/install/astra_interfaces/include/astra_interfaces/astra_interfaces/msg/detail
[0.741s] -- Up-to-date: /home/matthias/xplore2023/hd_ws/install/astra_interfaces/include/astra_interfaces/astra_interfaces/msg/detail/task__type_support.h
[0.741s] -- Up-to-date: /home/matthias/xplore2023/hd_ws/install/astra_interfaces/include/astra_interfaces/astra_interfaces/msg/detail/task__functions.c
[0.741s] -- Up-to-date: /home/matthias/xplore2023/hd_ws/install/astra_interfaces/include/astra_interfaces/astra_interfaces/msg/detail/object__type_support.h
[0.741s] -- Up-to-date: /home/matthias/xplore2023/hd_ws/install/astra_interfaces/include/astra_interfaces/astra_interfaces/msg/detail/task__struct.h
[0.741s] -- Up-to-date: /home/matthias/xplore2023/hd_ws/install/astra_interfaces/include/astra_interfaces/astra_interfaces/msg/detail/cmd_outcome__type_support.h
[0.741s] -- Up-to-date: /home/matthias/xplore2023/hd_ws/install/astra_interfaces/include/astra_interfaces/astra_interfaces/msg/detail/cmd_outcome__struct.h
[0.742s] -- Up-to-date: /home/matthias/xplore2023/hd_ws/install/astra_interfaces/include/astra_interfaces/astra_interfaces/msg/detail/object__functions.h
[0.742s] -- Up-to-date: /home/matthias/xplore2023/hd_ws/install/astra_interfaces/include/astra_interfaces/astra_interfaces/msg/detail/object__struct.h
[0.742s] -- Up-to-date: /home/matthias/xplore2023/hd_ws/install/astra_interfaces/include/astra_interfaces/astra_interfaces/msg/detail/task__functions.h
[0.742s] -- Up-to-date: /home/matthias/xplore2023/hd_ws/install/astra_interfaces/include/astra_interfaces/astra_interfaces/msg/detail/object__functions.c
[0.742s] -- Up-to-date: /home/matthias/xplore2023/hd_ws/install/astra_interfaces/include/astra_interfaces/astra_interfaces/msg/detail/cmd_outcome__functions.c
[0.742s] -- Up-to-date: /home/matthias/xplore2023/hd_ws/install/astra_interfaces/include/astra_interfaces/astra_interfaces/msg/detail/cmd_outcome__functions.h
[0.742s] -- Up-to-date: /home/matthias/xplore2023/hd_ws/install/astra_interfaces/include/astra_interfaces/astra_interfaces/msg/rosidl_generator_c__visibility_control.h
[0.742s] -- Up-to-date: /home/matthias/xplore2023/hd_ws/install/astra_interfaces/include/astra_interfaces/astra_interfaces/msg/object.h
[0.742s] -- Up-to-date: /home/matthias/xplore2023/hd_ws/install/astra_interfaces/include/astra_interfaces/astra_interfaces/msg/cmd_outcome.h
[0.742s] -- Up-to-date: /home/matthias/xplore2023/hd_ws/install/astra_interfaces/share/astra_interfaces/environment/library_path.sh
[0.742s] -- Up-to-date: /home/matthias/xplore2023/hd_ws/install/astra_interfaces/share/astra_interfaces/environment/library_path.dsv
[0.743s] -- Up-to-date: /home/matthias/xplore2023/hd_ws/install/astra_interfaces/lib/libastra_interfaces__rosidl_generator_c.so
[0.743s] -- Up-to-date: /home/matthias/xplore2023/hd_ws/install/astra_interfaces/include/astra_interfaces/astra_interfaces
[0.743s] -- Up-to-date: /home/matthias/xplore2023/hd_ws/install/astra_interfaces/include/astra_interfaces/astra_interfaces/msg
[0.743s] -- Up-to-date: /home/matthias/xplore2023/hd_ws/install/astra_interfaces/include/astra_interfaces/astra_interfaces/msg/detail
[0.743s] -- Up-to-date: /home/matthias/xplore2023/hd_ws/install/astra_interfaces/include/astra_interfaces/astra_interfaces/msg/detail/task__rosidl_typesupport_fastrtps_c.h
[0.743s] -- Up-to-date: /home/matthias/xplore2023/hd_ws/install/astra_interfaces/include/astra_interfaces/astra_interfaces/msg/detail/object__rosidl_typesupport_fastrtps_c.h
[0.743s] -- Up-to-date: /home/matthias/xplore2023/hd_ws/install/astra_interfaces/include/astra_interfaces/astra_interfaces/msg/detail/cmd_outcome__rosidl_typesupport_fastrtps_c.h
[0.743s] -- Up-to-date: /home/matthias/xplore2023/hd_ws/install/astra_interfaces/include/astra_interfaces/astra_interfaces/msg/rosidl_typesupport_fastrtps_c__visibility_control.h
[0.743s] -- Up-to-date: /home/matthias/xplore2023/hd_ws/install/astra_interfaces/lib/libastra_interfaces__rosidl_typesupport_fastrtps_c.so
[0.743s] -- Up-to-date: /home/matthias/xplore2023/hd_ws/install/astra_interfaces/include/astra_interfaces/astra_interfaces
[0.744s] -- Up-to-date: /home/matthias/xplore2023/hd_ws/install/astra_interfaces/include/astra_interfaces/astra_interfaces/msg
[0.744s] -- Up-to-date: /home/matthias/xplore2023/hd_ws/install/astra_interfaces/include/astra_interfaces/astra_interfaces/msg/object.hpp
[0.744s] -- Up-to-date: /home/matthias/xplore2023/hd_ws/install/astra_interfaces/include/astra_interfaces/astra_interfaces/msg/detail
[0.744s] -- Up-to-date: /home/matthias/xplore2023/hd_ws/install/astra_interfaces/include/astra_interfaces/astra_interfaces/msg/detail/cmd_outcome__struct.hpp
[0.744s] -- Up-to-date: /home/matthias/xplore2023/hd_ws/install/astra_interfaces/include/astra_interfaces/astra_interfaces/msg/detail/task__struct.hpp
[0.744s] -- Up-to-date: /home/matthias/xplore2023/hd_ws/install/astra_interfaces/include/astra_interfaces/astra_interfaces/msg/detail/cmd_outcome__builder.hpp
[0.744s] -- Up-to-date: /home/matthias/xplore2023/hd_ws/install/astra_interfaces/include/astra_interfaces/astra_interfaces/msg/detail/object__builder.hpp
[0.744s] -- Up-to-date: /home/matthias/xplore2023/hd_ws/install/astra_interfaces/include/astra_interfaces/astra_interfaces/msg/detail/cmd_outcome__traits.hpp
[0.745s] -- Up-to-date: /home/matthias/xplore2023/hd_ws/install/astra_interfaces/include/astra_interfaces/astra_interfaces/msg/detail/object__struct.hpp
[0.745s] -- Up-to-date: /home/matthias/xplore2023/hd_ws/install/astra_interfaces/include/astra_interfaces/astra_interfaces/msg/detail/task__builder.hpp
[0.745s] -- Up-to-date: /home/matthias/xplore2023/hd_ws/install/astra_interfaces/include/astra_interfaces/astra_interfaces/msg/detail/object__traits.hpp
[0.745s] -- Up-to-date: /home/matthias/xplore2023/hd_ws/install/astra_interfaces/include/astra_interfaces/astra_interfaces/msg/detail/task__traits.hpp
[0.745s] -- Up-to-date: /home/matthias/xplore2023/hd_ws/install/astra_interfaces/include/astra_interfaces/astra_interfaces/msg/task.hpp
[0.745s] -- Up-to-date: /home/matthias/xplore2023/hd_ws/install/astra_interfaces/include/astra_interfaces/astra_interfaces/msg/cmd_outcome.hpp
[0.745s] -- Up-to-date: /home/matthias/xplore2023/hd_ws/install/astra_interfaces/include/astra_interfaces/astra_interfaces
[0.746s] -- Up-to-date: /home/matthias/xplore2023/hd_ws/install/astra_interfaces/include/astra_interfaces/astra_interfaces/msg
[0.749s] -- Up-to-date: /home/matthias/xplore2023/hd_ws/install/astra_interfaces/include/astra_interfaces/astra_interfaces/msg/detail
[0.749s] -- Up-to-date: /home/matthias/xplore2023/hd_ws/install/astra_interfaces/include/astra_interfaces/astra_interfaces/msg/detail/object__rosidl_typesupport_fastrtps_cpp.hpp
[0.749s] -- Up-to-date: /home/matthias/xplore2023/hd_ws/install/astra_interfaces/include/astra_interfaces/astra_interfaces/msg/detail/dds_fastrtps
[0.749s] -- Up-to-date: /home/matthias/xplore2023/hd_ws/install/astra_interfaces/include/astra_interfaces/astra_interfaces/msg/detail/task__rosidl_typesupport_fastrtps_cpp.hpp
[0.750s] -- Up-to-date: /home/matthias/xplore2023/hd_ws/install/astra_interfaces/include/astra_interfaces/astra_interfaces/msg/detail/cmd_outcome__rosidl_typesupport_fastrtps_cpp.hpp
[0.750s] -- Up-to-date: /home/matthias/xplore2023/hd_ws/install/astra_interfaces/include/astra_interfaces/astra_interfaces/msg/rosidl_typesupport_fastrtps_cpp__visibility_control.h
[0.750s] -- Up-to-date: /home/matthias/xplore2023/hd_ws/install/astra_interfaces/lib/libastra_interfaces__rosidl_typesupport_fastrtps_cpp.so
[0.750s] -- Up-to-date: /home/matthias/xplore2023/hd_ws/install/astra_interfaces/include/astra_interfaces/astra_interfaces
[0.750s] -- Up-to-date: /home/matthias/xplore2023/hd_ws/install/astra_interfaces/include/astra_interfaces/astra_interfaces/msg
[0.751s] -- Up-to-date: /home/matthias/xplore2023/hd_ws/install/astra_interfaces/include/astra_interfaces/astra_interfaces/msg/detail
[0.751s] -- Up-to-date: /home/matthias/xplore2023/hd_ws/install/astra_interfaces/include/astra_interfaces/astra_interfaces/msg/detail/cmd_outcome__type_support.c
[0.751s] -- Up-to-date: /home/matthias/xplore2023/hd_ws/install/astra_interfaces/include/astra_interfaces/astra_interfaces/msg/detail/object__type_support.c
[0.751s] -- Up-to-date: /home/matthias/xplore2023/hd_ws/install/astra_interfaces/include/astra_interfaces/astra_interfaces/msg/detail/cmd_outcome__rosidl_typesupport_introspection_c.h
[0.751s] -- Up-to-date: /home/matthias/xplore2023/hd_ws/install/astra_interfaces/include/astra_interfaces/astra_interfaces/msg/detail/object__rosidl_typesupport_introspection_c.h
[0.752s] -- Up-to-date: /home/matthias/xplore2023/hd_ws/install/astra_interfaces/include/astra_interfaces/astra_interfaces/msg/detail/task__rosidl_typesupport_introspection_c.h
[0.752s] -- Up-to-date: /home/matthias/xplore2023/hd_ws/install/astra_interfaces/include/astra_interfaces/astra_interfaces/msg/detail/task__type_support.c
[0.753s] -- Up-to-date: /home/matthias/xplore2023/hd_ws/install/astra_interfaces/include/astra_interfaces/astra_interfaces/msg/rosidl_typesupport_introspection_c__visibility_control.h
[0.753s] -- Up-to-date: /home/matthias/xplore2023/hd_ws/install/astra_interfaces/lib/libastra_interfaces__rosidl_typesupport_introspection_c.so
[0.753s] -- Up-to-date: /home/matthias/xplore2023/hd_ws/install/astra_interfaces/lib/libastra_interfaces__rosidl_typesupport_c.so
[0.753s] -- Up-to-date: /home/matthias/xplore2023/hd_ws/install/astra_interfaces/include/astra_interfaces/astra_interfaces
[0.753s] -- Up-to-date: /home/matthias/xplore2023/hd_ws/install/astra_interfaces/include/astra_interfaces/astra_interfaces/msg
[0.753s] -- Up-to-date: /home/matthias/xplore2023/hd_ws/install/astra_interfaces/include/astra_interfaces/astra_interfaces/msg/detail
[0.754s] -- Up-to-date: /home/matthias/xplore2023/hd_ws/install/astra_interfaces/include/astra_interfaces/astra_interfaces/msg/detail/cmd_outcome__type_support.cpp
[0.754s] -- Up-to-date: /home/matthias/xplore2023/hd_ws/install/astra_interfaces/include/astra_interfaces/astra_interfaces/msg/detail/task__rosidl_typesupport_introspection_cpp.hpp
[0.754s] -- Up-to-date: /home/matthias/xplore2023/hd_ws/install/astra_interfaces/include/astra_interfaces/astra_interfaces/msg/detail/task__type_support.cpp
[0.754s] -- Up-to-date: /home/matthias/xplore2023/hd_ws/install/astra_interfaces/include/astra_interfaces/astra_interfaces/msg/detail/object__type_support.cpp
[0.754s] -- Up-to-date: /home/matthias/xplore2023/hd_ws/install/astra_interfaces/include/astra_interfaces/astra_interfaces/msg/detail/object__rosidl_typesupport_introspection_cpp.hpp
[0.754s] -- Up-to-date: /home/matthias/xplore2023/hd_ws/install/astra_interfaces/include/astra_interfaces/astra_interfaces/msg/detail/cmd_outcome__rosidl_typesupport_introspection_cpp.hpp
[0.755s] -- Up-to-date: /home/matthias/xplore2023/hd_ws/install/astra_interfaces/lib/libastra_interfaces__rosidl_typesupport_introspection_cpp.so
[0.757s] -- Up-to-date: /home/matthias/xplore2023/hd_ws/install/astra_interfaces/lib/libastra_interfaces__rosidl_typesupport_cpp.so
[0.757s] -- Up-to-date: /home/matthias/xplore2023/hd_ws/install/astra_interfaces/share/astra_interfaces/environment/pythonpath.sh
[0.757s] -- Up-to-date: /home/matthias/xplore2023/hd_ws/install/astra_interfaces/share/astra_interfaces/environment/pythonpath.dsv
[0.757s] -- Up-to-date: /home/matthias/xplore2023/hd_ws/install/astra_interfaces/local/lib/python3.10/dist-packages/astra_interfaces-0.0.0-py3.10.egg-info
[0.758s] -- Installing: /home/matthias/xplore2023/hd_ws/install/astra_interfaces/local/lib/python3.10/dist-packages/astra_interfaces-0.0.0-py3.10.egg-info/PKG-INFO
[0.758s] -- Installing: /home/matthias/xplore2023/hd_ws/install/astra_interfaces/local/lib/python3.10/dist-packages/astra_interfaces-0.0.0-py3.10.egg-info/dependency_links.txt
[0.758s] -- Installing: /home/matthias/xplore2023/hd_ws/install/astra_interfaces/local/lib/python3.10/dist-packages/astra_interfaces-0.0.0-py3.10.egg-info/top_level.txt
[0.758s] -- Installing: /home/matthias/xplore2023/hd_ws/install/astra_interfaces/local/lib/python3.10/dist-packages/astra_interfaces-0.0.0-py3.10.egg-info/SOURCES.txt
[0.758s] -- Up-to-date: /home/matthias/xplore2023/hd_ws/install/astra_interfaces/local/lib/python3.10/dist-packages/astra_interfaces
[0.759s] -- Installing: /home/matthias/xplore2023/hd_ws/install/astra_interfaces/local/lib/python3.10/dist-packages/astra_interfaces/astra_interfaces_s__rosidl_typesupport_c.cpython-310-x86_64-linux-gnu.so
[0.759s] -- Up-to-date: /home/matthias/xplore2023/hd_ws/install/astra_interfaces/local/lib/python3.10/dist-packages/astra_interfaces/__init__.py
[0.759s] -- Up-to-date: /home/matthias/xplore2023/hd_ws/install/astra_interfaces/local/lib/python3.10/dist-packages/astra_interfaces/_astra_interfaces_s.ep.rosidl_typesupport_fastrtps_c.c
[0.759s] -- Installing: /home/matthias/xplore2023/hd_ws/install/astra_interfaces/local/lib/python3.10/dist-packages/astra_interfaces/astra_interfaces_s__rosidl_typesupport_introspection_c.cpython-310-x86_64-linux-gnu.so
[0.759s] -- Up-to-date: /home/matthias/xplore2023/hd_ws/install/astra_interfaces/local/lib/python3.10/dist-packages/astra_interfaces/_astra_interfaces_s.ep.rosidl_typesupport_c.c
[0.760s] -- Installing: /home/matthias/xplore2023/hd_ws/install/astra_interfaces/local/lib/python3.10/dist-packages/astra_interfaces/astra_interfaces_s__rosidl_typesupport_fastrtps_c.cpython-310-x86_64-linux-gnu.so
[0.760s] -- Up-to-date: /home/matthias/xplore2023/hd_ws/install/astra_interfaces/local/lib/python3.10/dist-packages/astra_interfaces/_astra_interfaces_s.ep.rosidl_typesupport_introspection_c.c
[0.760s] -- Installing: /home/matthias/xplore2023/hd_ws/install/astra_interfaces/local/lib/python3.10/dist-packages/astra_interfaces/libastra_interfaces__rosidl_generator_py.so
[0.760s] -- Up-to-date: /home/matthias/xplore2023/hd_ws/install/astra_interfaces/local/lib/python3.10/dist-packages/astra_interfaces/msg
[0.760s] -- Up-to-date: /home/matthias/xplore2023/hd_ws/install/astra_interfaces/local/lib/python3.10/dist-packages/astra_interfaces/msg/_object.py
[0.760s] -- Up-to-date: /home/matthias/xplore2023/hd_ws/install/astra_interfaces/local/lib/python3.10/dist-packages/astra_interfaces/msg/_object_s.c
[0.760s] -- Up-to-date: /home/matthias/xplore2023/hd_ws/install/astra_interfaces/local/lib/python3.10/dist-packages/astra_interfaces/msg/__init__.py
[0.760s] -- Up-to-date: /home/matthias/xplore2023/hd_ws/install/astra_interfaces/local/lib/python3.10/dist-packages/astra_interfaces/msg/_cmd_outcome_s.c
[0.760s] -- Up-to-date: /home/matthias/xplore2023/hd_ws/install/astra_interfaces/local/lib/python3.10/dist-packages/astra_interfaces/msg/_cmd_outcome.py
[0.760s] -- Up-to-date: /home/matthias/xplore2023/hd_ws/install/astra_interfaces/local/lib/python3.10/dist-packages/astra_interfaces/msg/_task.py
[0.760s] -- Up-to-date: /home/matthias/xplore2023/hd_ws/install/astra_interfaces/local/lib/python3.10/dist-packages/astra_interfaces/msg/_task_s.c
[0.780s] Listing '/home/matthias/xplore2023/hd_ws/install/astra_interfaces/local/lib/python3.10/dist-packages/astra_interfaces'...
[0.780s] Listing '/home/matthias/xplore2023/hd_ws/install/astra_interfaces/local/lib/python3.10/dist-packages/astra_interfaces/msg'...
[0.784s] -- Installing: /home/matthias/xplore2023/hd_ws/install/astra_interfaces/local/lib/python3.10/dist-packages/astra_interfaces/astra_interfaces_s__rosidl_typesupport_fastrtps_c.cpython-310-x86_64-linux-gnu.so
[0.785s] -- Set runtime path of "/home/matthias/xplore2023/hd_ws/install/astra_interfaces/local/lib/python3.10/dist-packages/astra_interfaces/astra_interfaces_s__rosidl_typesupport_fastrtps_c.cpython-310-x86_64-linux-gnu.so" to ""
[0.785s] -- Installing: /home/matthias/xplore2023/hd_ws/install/astra_interfaces/local/lib/python3.10/dist-packages/astra_interfaces/astra_interfaces_s__rosidl_typesupport_introspection_c.cpython-310-x86_64-linux-gnu.so
[0.785s] -- Set runtime path of "/home/matthias/xplore2023/hd_ws/install/astra_interfaces/local/lib/python3.10/dist-packages/astra_interfaces/astra_interfaces_s__rosidl_typesupport_introspection_c.cpython-310-x86_64-linux-gnu.so" to ""
[0.785s] -- Installing: /home/matthias/xplore2023/hd_ws/install/astra_interfaces/local/lib/python3.10/dist-packages/astra_interfaces/astra_interfaces_s__rosidl_typesupport_c.cpython-310-x86_64-linux-gnu.so
[0.786s] -- Set runtime path of "/home/matthias/xplore2023/hd_ws/install/astra_interfaces/local/lib/python3.10/dist-packages/astra_interfaces/astra_interfaces_s__rosidl_typesupport_c.cpython-310-x86_64-linux-gnu.so" to ""
[0.786s] -- Installing: /home/matthias/xplore2023/hd_ws/install/astra_interfaces/lib/libastra_interfaces__rosidl_generator_py.so
[0.787s] -- Set runtime path of "/home/matthias/xplore2023/hd_ws/install/astra_interfaces/lib/libastra_interfaces__rosidl_generator_py.so" to ""
[0.787s] -- Up-to-date: /home/matthias/xplore2023/hd_ws/install/astra_interfaces/share/astra_interfaces/msg/CmdOutcome.idl
[0.787s] -- Up-to-date: /home/matthias/xplore2023/hd_ws/install/astra_interfaces/share/astra_interfaces/msg/Object.idl
[0.787s] -- Up-to-date: /home/matthias/xplore2023/hd_ws/install/astra_interfaces/share/astra_interfaces/msg/Task.idl
[0.787s] -- Up-to-date: /home/matthias/xplore2023/hd_ws/install/astra_interfaces/share/astra_interfaces/msg/CmdOutcome.msg
[0.787s] -- Up-to-date: /home/matthias/xplore2023/hd_ws/install/astra_interfaces/share/astra_interfaces/msg/Object.msg
[0.788s] -- Up-to-date: /home/matthias/xplore2023/hd_ws/install/astra_interfaces/share/astra_interfaces/msg/Task.msg
[0.788s] -- Up-to-date: /home/matthias/xplore2023/hd_ws/install/astra_interfaces/share/ament_index/resource_index/package_run_dependencies/astra_interfaces
[0.788s] -- Up-to-date: /home/matthias/xplore2023/hd_ws/install/astra_interfaces/share/ament_index/resource_index/parent_prefix_path/astra_interfaces
[0.788s] -- Up-to-date: /home/matthias/xplore2023/hd_ws/install/astra_interfaces/share/astra_interfaces/environment/ament_prefix_path.sh
[0.788s] -- Up-to-date: /home/matthias/xplore2023/hd_ws/install/astra_interfaces/share/astra_interfaces/environment/ament_prefix_path.dsv
[0.788s] -- Up-to-date: /home/matthias/xplore2023/hd_ws/install/astra_interfaces/share/astra_interfaces/environment/path.sh
[0.788s] -- Up-to-date: /home/matthias/xplore2023/hd_ws/install/astra_interfaces/share/astra_interfaces/environment/path.dsv
[0.788s] -- Up-to-date: /home/matthias/xplore2023/hd_ws/install/astra_interfaces/share/astra_interfaces/local_setup.bash
[0.788s] -- Up-to-date: /home/matthias/xplore2023/hd_ws/install/astra_interfaces/share/astra_interfaces/local_setup.sh
[0.788s] -- Up-to-date: /home/matthias/xplore2023/hd_ws/install/astra_interfaces/share/astra_interfaces/local_setup.zsh
[0.788s] -- Up-to-date: /home/matthias/xplore2023/hd_ws/install/astra_interfaces/share/astra_interfaces/local_setup.dsv
[0.789s] -- Installing: /home/matthias/xplore2023/hd_ws/install/astra_interfaces/share/astra_interfaces/package.dsv
[0.789s] -- Up-to-date: /home/matthias/xplore2023/hd_ws/install/astra_interfaces/share/ament_index/resource_index/packages/astra_interfaces
[0.789s] -- Up-to-date: /home/matthias/xplore2023/hd_ws/install/astra_interfaces/share/astra_interfaces/cmake/export_astra_interfaces__rosidl_generator_cExport.cmake
[0.790s] -- Up-to-date: /home/matthias/xplore2023/hd_ws/install/astra_interfaces/share/astra_interfaces/cmake/export_astra_interfaces__rosidl_generator_cExport-noconfig.cmake
[0.790s] -- Up-to-date: /home/matthias/xplore2023/hd_ws/install/astra_interfaces/share/astra_interfaces/cmake/export_astra_interfaces__rosidl_typesupport_fastrtps_cExport.cmake
[0.790s] -- Up-to-date: /home/matthias/xplore2023/hd_ws/install/astra_interfaces/share/astra_interfaces/cmake/export_astra_interfaces__rosidl_typesupport_fastrtps_cExport-noconfig.cmake
[0.791s] -- Up-to-date: /home/matthias/xplore2023/hd_ws/install/astra_interfaces/share/astra_interfaces/cmake/export_astra_interfaces__rosidl_generator_cppExport.cmake
[0.791s] -- Up-to-date: /home/matthias/xplore2023/hd_ws/install/astra_interfaces/share/astra_interfaces/cmake/export_astra_interfaces__rosidl_typesupport_fastrtps_cppExport.cmake
[0.791s] -- Up-to-date: /home/matthias/xplore2023/hd_ws/install/astra_interfaces/share/astra_interfaces/cmake/export_astra_interfaces__rosidl_typesupport_fastrtps_cppExport-noconfig.cmake
[0.792s] -- Up-to-date: /home/matthias/xplore2023/hd_ws/install/astra_interfaces/share/astra_interfaces/cmake/astra_interfaces__rosidl_typesupport_introspection_cExport.cmake
[0.792s] -- Up-to-date: /home/matthias/xplore2023/hd_ws/install/astra_interfaces/share/astra_interfaces/cmake/astra_interfaces__rosidl_typesupport_introspection_cExport-noconfig.cmake
[0.793s] -- Up-to-date: /home/matthias/xplore2023/hd_ws/install/astra_interfaces/share/astra_interfaces/cmake/astra_interfaces__rosidl_typesupport_cExport.cmake
[0.793s] -- Up-to-date: /home/matthias/xplore2023/hd_ws/install/astra_interfaces/share/astra_interfaces/cmake/astra_interfaces__rosidl_typesupport_cExport-noconfig.cmake
[0.794s] -- Up-to-date: /home/matthias/xplore2023/hd_ws/install/astra_interfaces/share/astra_interfaces/cmake/astra_interfaces__rosidl_typesupport_introspection_cppExport.cmake
[0.794s] -- Up-to-date: /home/matthias/xplore2023/hd_ws/install/astra_interfaces/share/astra_interfaces/cmake/astra_interfaces__rosidl_typesupport_introspection_cppExport-noconfig.cmake
[0.795s] -- Up-to-date: /home/matthias/xplore2023/hd_ws/install/astra_interfaces/share/astra_interfaces/cmake/astra_interfaces__rosidl_typesupport_cppExport.cmake
[0.795s] -- Up-to-date: /home/matthias/xplore2023/hd_ws/install/astra_interfaces/share/astra_interfaces/cmake/astra_interfaces__rosidl_typesupport_cppExport-noconfig.cmake
[0.795s] -- Up-to-date: /home/matthias/xplore2023/hd_ws/install/astra_interfaces/share/astra_interfaces/cmake/export_astra_interfaces__rosidl_generator_pyExport.cmake
[0.795s] -- Up-to-date: /home/matthias/xplore2023/hd_ws/install/astra_interfaces/share/astra_interfaces/cmake/export_astra_interfaces__rosidl_generator_pyExport-noconfig.cmake
[0.796s] -- Up-to-date: /home/matthias/xplore2023/hd_ws/install/astra_interfaces/share/astra_interfaces/cmake/rosidl_cmake-extras.cmake
[0.796s] -- Up-to-date: /home/matthias/xplore2023/hd_ws/install/astra_interfaces/share/astra_interfaces/cmake/ament_cmake_export_dependencies-extras.cmake
[0.796s] -- Up-to-date: /home/matthias/xplore2023/hd_ws/install/astra_interfaces/share/astra_interfaces/cmake/ament_cmake_export_include_directories-extras.cmake
[0.796s] -- Up-to-date: /home/matthias/xplore2023/hd_ws/install/astra_interfaces/share/astra_interfaces/cmake/ament_cmake_export_libraries-extras.cmake
[0.796s] -- Up-to-date: /home/matthias/xplore2023/hd_ws/install/astra_interfaces/share/astra_interfaces/cmake/ament_cmake_export_targets-extras.cmake
[0.796s] -- Up-to-date: /home/matthias/xplore2023/hd_ws/install/astra_interfaces/share/astra_interfaces/cmake/rosidl_cmake_export_typesupport_targets-extras.cmake
[0.796s] -- Up-to-date: /home/matthias/xplore2023/hd_ws/install/astra_interfaces/share/astra_interfaces/cmake/rosidl_cmake_export_typesupport_libraries-extras.cmake
[0.796s] -- Up-to-date: /home/matthias/xplore2023/hd_ws/install/astra_interfaces/share/astra_interfaces/cmake/astra_interfacesConfig.cmake
[0.796s] -- Up-to-date: /home/matthias/xplore2023/hd_ws/install/astra_interfaces/share/astra_interfaces/cmake/astra_interfacesConfig-version.cmake
[0.796s] -- Up-to-date: /home/matthias/xplore2023/hd_ws/install/astra_interfaces/share/astra_interfaces/package.xml
[0.800s] Invoked command in '/home/matthias/xplore2023/hd_ws/build/astra_interfaces' returned '0': CMAKE_PREFIX_PATH=${CMAKE_PREFIX_PATH}:/home/matthias/xplore2023/hd_ws/install/task_execution:/home/matthias/xplore2023/hd_ws/install/manager:/opt/ros/humble /usr/bin/cmake --install /home/matthias/xplore2023/hd_ws/build/astra_interfaces
