-- Found ament_cmake: 1.3.3 (/opt/ros/humble/share/ament_cmake/cmake)
-- Found geometry_msgs: 4.2.2 (/opt/ros/humble/share/geometry_msgs/cmake)
-- Found rosidl_generator_c: 3.1.4 (/opt/ros/humble/share/rosidl_generator_c/cmake)
-- Found rosidl_adapter: 3.1.4 (/opt/ros/humble/share/rosidl_adapter/cmake)
-- Found rosidl_generator_cpp: 3.1.4 (/opt/ros/humble/share/rosidl_generator_cpp/cmake)
-- Using all available rosidl_typesupport_c: rosidl_typesupport_fastrtps_c;rosidl_typesupport_introspection_c
-- Using all available rosidl_typesupport_cpp: rosidl_typesupport_fastrtps_cpp;rosidl_typesupport_introspection_cpp
-- Found rosidl_default_generators: 1.2.0 (/opt/ros/humble/share/rosidl_default_generators/cmake)
-- Found ament_cmake_ros: 0.10.0 (/opt/ros/humble/share/ament_cmake_ros/cmake)
-- Using all available rosidl_typesupport_c: rosidl_typesupport_fastrtps_c;rosidl_typesupport_introspection_c
-- Using all available rosidl_typesupport_cpp: rosidl_typesupport_fastrtps_cpp;rosidl_typesupport_introspection_cpp
-- Found python_cmake_module: 0.10.0 (/opt/ros/humble/share/python_cmake_module/cmake)
-- Using PYTHON_EXECUTABLE: /usr/bin/python3
-- Using PYTHON_INCLUDE_DIRS: /usr/include/python3.10
-- Using PYTHON_LIBRARIES: /usr/lib/x86_64-linux-gnu/libpython3.10.so
-- Found ament_lint_auto: 0.12.4 (/opt/ros/humble/share/ament_lint_auto/cmake)
-- Added test 'lint_cmake' to check CMake code style
-- Added test 'xmllint' to check XML markup files
-- Configuring done
-- Generating done
-- Build files have been written to: /home/matthias/xplore2023/hd_ws/build/astra_interfaces
[  2%] [34m[1mGenerating C code for ROS interfaces[0m
[  4%] [34m[1mGenerating C++ code for ROS interfaces[0m
[  4%] Built target ament_cmake_python_copy_astra_interfaces
running egg_info
writing astra_interfaces.egg-info/PKG-INFO
writing dependency_links to astra_interfaces.egg-info/dependency_links.txt
writing top-level names to astra_interfaces.egg-info/top_level.txt
reading manifest file 'astra_interfaces.egg-info/SOURCES.txt'
writing manifest file 'astra_interfaces.egg-info/SOURCES.txt'
[  4%] Built target ament_cmake_python_build_astra_interfaces_egg
[35m[1mConsolidate compiler generated dependencies of target astra_interfaces__rosidl_generator_c[0m
[  4%] Built target astra_interfaces__cpp
[  6%] [34m[1mGenerating C++ type support dispatch for ROS interfaces[0m
[  8%] [34m[1mGenerating C++ type support for eProsima Fast-RTPS[0m
[ 10%] [32mBuilding C object CMakeFiles/astra_interfaces__rosidl_generator_c.dir/rosidl_generator_c/astra_interfaces/msg/detail/object__functions.c.o[0m
[ 12%] [32mBuilding C object CMakeFiles/astra_interfaces__rosidl_generator_c.dir/rosidl_generator_c/astra_interfaces/msg/detail/cmd_outcome__functions.c.o[0m
[ 14%] [34m[1mGenerating C++ introspection for ROS interfaces[0m
[ 17%] [32mBuilding C object CMakeFiles/astra_interfaces__rosidl_generator_c.dir/rosidl_generator_c/astra_interfaces/msg/detail/task__functions.c.o[0m
[ 19%] [32m[1mLinking C shared library libastra_interfaces__rosidl_generator_c.so[0m
[ 19%] Built target astra_interfaces__rosidl_generator_c
[ 23%] [34m[1mGenerating C type support for eProsima Fast-RTPS[0m
[ 23%] [34m[1mGenerating C introspection for ROS interfaces[0m
[ 25%] [34m[1mGenerating C type support dispatch for ROS interfaces[0m
[35m[1mConsolidate compiler generated dependencies of target astra_interfaces__rosidl_typesupport_cpp[0m
[ 29%] [32mBuilding CXX object CMakeFiles/astra_interfaces__rosidl_typesupport_cpp.dir/rosidl_typesupport_cpp/astra_interfaces/msg/cmd_outcome__type_support.cpp.o[0m
[ 31%] [32mBuilding CXX object CMakeFiles/astra_interfaces__rosidl_typesupport_cpp.dir/rosidl_typesupport_cpp/astra_interfaces/msg/object__type_support.cpp.o[0m
[ 29%] [32mBuilding CXX object CMakeFiles/astra_interfaces__rosidl_typesupport_cpp.dir/rosidl_typesupport_cpp/astra_interfaces/msg/task__type_support.cpp.o[0m
[35m[1mConsolidate compiler generated dependencies of target astra_interfaces__rosidl_typesupport_introspection_cpp[0m
[ 34%] [32mBuilding CXX object CMakeFiles/astra_interfaces__rosidl_typesupport_introspection_cpp.dir/rosidl_typesupport_introspection_cpp/astra_interfaces/msg/detail/object__type_support.cpp.o[0m
[ 36%] [32mBuilding CXX object CMakeFiles/astra_interfaces__rosidl_typesupport_introspection_cpp.dir/rosidl_typesupport_introspection_cpp/astra_interfaces/msg/detail/cmd_outcome__type_support.cpp.o[0m
[ 38%] [32mBuilding CXX object CMakeFiles/astra_interfaces__rosidl_typesupport_introspection_cpp.dir/rosidl_typesupport_introspection_cpp/astra_interfaces/msg/detail/task__type_support.cpp.o[0m
[35m[1mConsolidate compiler generated dependencies of target astra_interfaces__rosidl_typesupport_fastrtps_cpp[0m
[ 40%] [32mBuilding CXX object CMakeFiles/astra_interfaces__rosidl_typesupport_fastrtps_cpp.dir/rosidl_typesupport_fastrtps_cpp/astra_interfaces/msg/detail/dds_fastrtps/cmd_outcome__type_support.cpp.o[0m
[ 42%] [32mBuilding CXX object CMakeFiles/astra_interfaces__rosidl_typesupport_fastrtps_cpp.dir/rosidl_typesupport_fastrtps_cpp/astra_interfaces/msg/detail/dds_fastrtps/object__type_support.cpp.o[0m
[ 44%] [32mBuilding CXX object CMakeFiles/astra_interfaces__rosidl_typesupport_fastrtps_cpp.dir/rosidl_typesupport_fastrtps_cpp/astra_interfaces/msg/detail/dds_fastrtps/task__type_support.cpp.o[0m
[35m[1mConsolidate compiler generated dependencies of target astra_interfaces__rosidl_typesupport_c[0m
[ 46%] [32mBuilding CXX object CMakeFiles/astra_interfaces__rosidl_typesupport_c.dir/rosidl_typesupport_c/astra_interfaces/msg/cmd_outcome__type_support.cpp.o[0m
[35m[1mConsolidate compiler generated dependencies of target astra_interfaces__rosidl_typesupport_introspection_c[0m
[ 48%] [32mBuilding C object CMakeFiles/astra_interfaces__rosidl_typesupport_introspection_c.dir/rosidl_typesupport_introspection_c/astra_interfaces/msg/detail/cmd_outcome__type_support.c.o[0m
[ 51%] [32mBuilding CXX object CMakeFiles/astra_interfaces__rosidl_typesupport_c.dir/rosidl_typesupport_c/astra_interfaces/msg/object__type_support.cpp.o[0m
[ 53%] [32m[1mLinking CXX shared library libastra_interfaces__rosidl_typesupport_cpp.so[0m
[ 55%] [32mBuilding CXX object CMakeFiles/astra_interfaces__rosidl_typesupport_c.dir/rosidl_typesupport_c/astra_interfaces/msg/task__type_support.cpp.o[0m
[ 57%] [32mBuilding C object CMakeFiles/astra_interfaces__rosidl_typesupport_introspection_c.dir/rosidl_typesupport_introspection_c/astra_interfaces/msg/detail/object__type_support.c.o[0m
[35m[1mConsolidate compiler generated dependencies of target astra_interfaces__rosidl_typesupport_fastrtps_c[0m
[ 59%] [32mBuilding CXX object CMakeFiles/astra_interfaces__rosidl_typesupport_fastrtps_c.dir/rosidl_typesupport_fastrtps_c/astra_interfaces/msg/detail/cmd_outcome__type_support_c.cpp.o[0m
[ 61%] [32mBuilding C object CMakeFiles/astra_interfaces__rosidl_typesupport_introspection_c.dir/rosidl_typesupport_introspection_c/astra_interfaces/msg/detail/task__type_support.c.o[0m
[ 63%] [32m[1mLinking CXX shared library libastra_interfaces__rosidl_typesupport_c.so[0m
[ 65%] [32mBuilding CXX object CMakeFiles/astra_interfaces__rosidl_typesupport_fastrtps_c.dir/rosidl_typesupport_fastrtps_c/astra_interfaces/msg/detail/object__type_support_c.cpp.o[0m
[ 65%] Built target astra_interfaces__rosidl_typesupport_cpp
[ 68%] [32mBuilding CXX object CMakeFiles/astra_interfaces__rosidl_typesupport_fastrtps_c.dir/rosidl_typesupport_fastrtps_c/astra_interfaces/msg/detail/task__type_support_c.cpp.o[0m
[ 70%] [32m[1mLinking C shared library libastra_interfaces__rosidl_typesupport_introspection_c.so[0m
[ 70%] Built target astra_interfaces__rosidl_typesupport_c
[ 70%] Built target astra_interfaces__rosidl_typesupport_introspection_c
[ 72%] [32m[1mLinking CXX shared library libastra_interfaces__rosidl_typesupport_introspection_cpp.so[0m
[ 74%] [32m[1mLinking CXX shared library libastra_interfaces__rosidl_typesupport_fastrtps_cpp.so[0m
[ 74%] Built target astra_interfaces__rosidl_typesupport_introspection_cpp
[ 74%] Built target astra_interfaces__rosidl_typesupport_fastrtps_cpp
[ 76%] [32m[1mLinking CXX shared library libastra_interfaces__rosidl_typesupport_fastrtps_c.so[0m
[ 76%] Built target astra_interfaces__rosidl_typesupport_fastrtps_c
[ 76%] Built target astra_interfaces
[ 78%] [34m[1mGenerating Python code for ROS interfaces[0m
[ 78%] Built target astra_interfaces__py
[35m[1mConsolidate compiler generated dependencies of target astra_interfaces__rosidl_generator_py[0m
[ 82%] [32mBuilding C object CMakeFiles/astra_interfaces__rosidl_generator_py.dir/rosidl_generator_py/astra_interfaces/msg/_object_s.c.o[0m
[ 82%] [32mBuilding C object CMakeFiles/astra_interfaces__rosidl_generator_py.dir/rosidl_generator_py/astra_interfaces/msg/_cmd_outcome_s.c.o[0m
[ 85%] [32mBuilding C object CMakeFiles/astra_interfaces__rosidl_generator_py.dir/rosidl_generator_py/astra_interfaces/msg/_task_s.c.o[0m
[ 87%] [32m[1mLinking C shared library rosidl_generator_py/astra_interfaces/libastra_interfaces__rosidl_generator_py.so[0m
[ 87%] Built target astra_interfaces__rosidl_generator_py
[35m[1mConsolidate compiler generated dependencies of target astra_interfaces__rosidl_typesupport_introspection_c__pyext[0m
[35m[1mConsolidate compiler generated dependencies of target astra_interfaces__rosidl_typesupport_fastrtps_c__pyext[0m
[35m[1mConsolidate compiler generated dependencies of target astra_interfaces__rosidl_typesupport_c__pyext[0m
[ 89%] [32mBuilding C object CMakeFiles/astra_interfaces__rosidl_typesupport_introspection_c__pyext.dir/rosidl_generator_py/astra_interfaces/_astra_interfaces_s.ep.rosidl_typesupport_introspection_c.c.o[0m
[ 93%] [32mBuilding C object CMakeFiles/astra_interfaces__rosidl_typesupport_c__pyext.dir/rosidl_generator_py/astra_interfaces/_astra_interfaces_s.ep.rosidl_typesupport_c.c.o[0m
[ 93%] [32mBuilding C object CMakeFiles/astra_interfaces__rosidl_typesupport_fastrtps_c__pyext.dir/rosidl_generator_py/astra_interfaces/_astra_interfaces_s.ep.rosidl_typesupport_fastrtps_c.c.o[0m
[ 97%] [32m[1mLinking C shared library rosidl_generator_py/astra_interfaces/astra_interfaces_s__rosidl_typesupport_fastrtps_c.cpython-310-x86_64-linux-gnu.so[0m
[ 97%] [32m[1mLinking C shared library rosidl_generator_py/astra_interfaces/astra_interfaces_s__rosidl_typesupport_introspection_c.cpython-310-x86_64-linux-gnu.so[0m
[100%] [32m[1mLinking C shared library rosidl_generator_py/astra_interfaces/astra_interfaces_s__rosidl_typesupport_c.cpython-310-x86_64-linux-gnu.so[0m
[100%] Built target astra_interfaces__rosidl_typesupport_fastrtps_c__pyext
[100%] Built target astra_interfaces__rosidl_typesupport_introspection_c__pyext
[100%] Built target astra_interfaces__rosidl_typesupport_c__pyext
