[0.300s] Invoking command in '/home/xplore/Desktop/main_HD_workspace/hd_ws/build/moveit_visual_tools': CMAKE_PREFIX_PATH=${CMAKE_PREFIX_PATH}:/home/xplore/Desktop/main_HD_workspace/hd_ws/install/task_execution:/home/xplore/Desktop/main_HD_workspace/hd_ws/install/manager:/opt/ros/foxy /usr/bin/cmake --build /home/xplore/Desktop/main_HD_workspace/hd_ws/build/moveit_visual_tools -- -j8 -l8
[1.278s] [ 66%] Built target moveit_visual_tools
[1.278s] [100%] Built target moveit_visual_tools_demo
[1.296s] Invoked command in '/home/xplore/Desktop/main_HD_workspace/hd_ws/build/moveit_visual_tools' returned '0': CMAKE_PREFIX_PATH=${CMAKE_PREFIX_PATH}:/home/xplore/Desktop/main_HD_workspace/hd_ws/install/task_execution:/home/xplore/Desktop/main_HD_workspace/hd_ws/install/manager:/opt/ros/foxy /usr/bin/cmake --build /home/xplore/Desktop/main_HD_workspace/hd_ws/build/moveit_visual_tools -- -j8 -l8
[1.532s] Invoking command in '/home/xplore/Desktop/main_HD_workspace/hd_ws/build/moveit_visual_tools': CMAKE_PREFIX_PATH=${CMAKE_PREFIX_PATH}:/home/xplore/Desktop/main_HD_workspace/hd_ws/install/task_execution:/home/xplore/Desktop/main_HD_workspace/hd_ws/install/manager:/opt/ros/foxy /usr/bin/cmake --install /home/xplore/Desktop/main_HD_workspace/hd_ws/build/moveit_visual_tools
[1.642s] -- Install configuration: "Release"
[1.662s] -- Up-to-date: /home/xplore/Desktop/main_HD_workspace/hd_ws/install/moveit_visual_tools/share/moveit_visual_tools/environment/library_path.sh
[1.665s] -- Up-to-date: /home/xplore/Desktop/main_HD_workspace/hd_ws/install/moveit_visual_tools/share/moveit_visual_tools/environment/library_path.dsv
[1.666s] -- Up-to-date: /home/xplore/Desktop/main_HD_workspace/hd_ws/install/moveit_visual_tools/lib/libmoveit_visual_tools.so
[1.667s] -- Up-to-date: /home/xplore/Desktop/main_HD_workspace/hd_ws/install/moveit_visual_tools/lib/moveit_visual_tools/moveit_visual_tools_demo
[1.667s] -- Up-to-date: /home/xplore/Desktop/main_HD_workspace/hd_ws/install/moveit_visual_tools/include
[1.668s] -- Up-to-date: /home/xplore/Desktop/main_HD_workspace/hd_ws/install/moveit_visual_tools/include/moveit_visual_tools
[1.668s] -- Up-to-date: /home/xplore/Desktop/main_HD_workspace/hd_ws/install/moveit_visual_tools/include/moveit_visual_tools/imarker_end_effector.h
[1.669s] -- Up-to-date: /home/xplore/Desktop/main_HD_workspace/hd_ws/install/moveit_visual_tools/include/moveit_visual_tools/moveit_visual_tools.h
[1.669s] -- Up-to-date: /home/xplore/Desktop/main_HD_workspace/hd_ws/install/moveit_visual_tools/include/moveit_visual_tools/imarker_robot_state.h
[1.670s] -- Up-to-date: /home/xplore/Desktop/main_HD_workspace/hd_ws/install/moveit_visual_tools/share/moveit_visual_tools/launch
[1.671s] -- Up-to-date: /home/xplore/Desktop/main_HD_workspace/hd_ws/install/moveit_visual_tools/share/moveit_visual_tools/launch/demo.rviz
[1.671s] -- Up-to-date: /home/xplore/Desktop/main_HD_workspace/hd_ws/install/moveit_visual_tools/share/moveit_visual_tools/launch/demo_rviz.launch.py
[1.672s] -- Up-to-date: /home/xplore/Desktop/main_HD_workspace/hd_ws/install/moveit_visual_tools/share/moveit_visual_tools/resources
[1.672s] -- Up-to-date: /home/xplore/Desktop/main_HD_workspace/hd_ws/install/moveit_visual_tools/share/moveit_visual_tools/resources/rrbot.srdf
[1.672s] -- Up-to-date: /home/xplore/Desktop/main_HD_workspace/hd_ws/install/moveit_visual_tools/share/moveit_visual_tools/resources/demo_mesh.stl
[1.673s] -- Up-to-date: /home/xplore/Desktop/main_HD_workspace/hd_ws/install/moveit_visual_tools/share/moveit_visual_tools/resources/screenshot.png
[1.673s] -- Up-to-date: /home/xplore/Desktop/main_HD_workspace/hd_ws/install/moveit_visual_tools/share/moveit_visual_tools/resources/demo.png
[1.674s] -- Up-to-date: /home/xplore/Desktop/main_HD_workspace/hd_ws/install/moveit_visual_tools/share/moveit_visual_tools/resources/rrbot.urdf
[1.674s] -- Up-to-date: /home/xplore/Desktop/main_HD_workspace/hd_ws/install/moveit_visual_tools/share/ament_index/resource_index/package_run_dependencies/moveit_visual_tools
[1.675s] -- Up-to-date: /home/xplore/Desktop/main_HD_workspace/hd_ws/install/moveit_visual_tools/share/ament_index/resource_index/parent_prefix_path/moveit_visual_tools
[1.680s] -- Up-to-date: /home/xplore/Desktop/main_HD_workspace/hd_ws/install/moveit_visual_tools/share/moveit_visual_tools/environment/ament_prefix_path.sh
[1.687s] -- Up-to-date: /home/xplore/Desktop/main_HD_workspace/hd_ws/install/moveit_visual_tools/share/moveit_visual_tools/environment/ament_prefix_path.dsv
[1.688s] -- Up-to-date: /home/xplore/Desktop/main_HD_workspace/hd_ws/install/moveit_visual_tools/share/moveit_visual_tools/environment/path.sh
[1.689s] -- Up-to-date: /home/xplore/Desktop/main_HD_workspace/hd_ws/install/moveit_visual_tools/share/moveit_visual_tools/environment/path.dsv
[1.689s] -- Up-to-date: /home/xplore/Desktop/main_HD_workspace/hd_ws/install/moveit_visual_tools/share/moveit_visual_tools/local_setup.bash
[1.690s] -- Up-to-date: /home/xplore/Desktop/main_HD_workspace/hd_ws/install/moveit_visual_tools/share/moveit_visual_tools/local_setup.sh
[1.691s] -- Up-to-date: /home/xplore/Desktop/main_HD_workspace/hd_ws/install/moveit_visual_tools/share/moveit_visual_tools/local_setup.zsh
[1.692s] -- Up-to-date: /home/xplore/Desktop/main_HD_workspace/hd_ws/install/moveit_visual_tools/share/moveit_visual_tools/local_setup.dsv
[1.692s] -- Installing: /home/xplore/Desktop/main_HD_workspace/hd_ws/install/moveit_visual_tools/share/moveit_visual_tools/package.dsv
[1.694s] -- Up-to-date: /home/xplore/Desktop/main_HD_workspace/hd_ws/install/moveit_visual_tools/share/ament_index/resource_index/packages/moveit_visual_tools
[1.694s] -- Up-to-date: /home/xplore/Desktop/main_HD_workspace/hd_ws/install/moveit_visual_tools/share/moveit_visual_tools/cmake/export_moveit_visual_toolsExport.cmake
[1.694s] -- Up-to-date: /home/xplore/Desktop/main_HD_workspace/hd_ws/install/moveit_visual_tools/share/moveit_visual_tools/cmake/export_moveit_visual_toolsExport-release.cmake
[1.695s] -- Up-to-date: /home/xplore/Desktop/main_HD_workspace/hd_ws/install/moveit_visual_tools/share/moveit_visual_tools/cmake/ament_cmake_export_targets-extras.cmake
[1.695s] -- Up-to-date: /home/xplore/Desktop/main_HD_workspace/hd_ws/install/moveit_visual_tools/share/moveit_visual_tools/cmake/ament_cmake_export_dependencies-extras.cmake
[1.695s] -- Up-to-date: /home/xplore/Desktop/main_HD_workspace/hd_ws/install/moveit_visual_tools/share/moveit_visual_tools/cmake/moveit_visual_toolsConfig.cmake
[1.695s] -- Up-to-date: /home/xplore/Desktop/main_HD_workspace/hd_ws/install/moveit_visual_tools/share/moveit_visual_tools/cmake/moveit_visual_toolsConfig-version.cmake
[1.696s] -- Up-to-date: /home/xplore/Desktop/main_HD_workspace/hd_ws/install/moveit_visual_tools/share/moveit_visual_tools/package.xml
[1.763s] Invoked command in '/home/xplore/Desktop/main_HD_workspace/hd_ws/build/moveit_visual_tools' returned '0': CMAKE_PREFIX_PATH=${CMAKE_PREFIX_PATH}:/home/xplore/Desktop/main_HD_workspace/hd_ws/install/task_execution:/home/xplore/Desktop/main_HD_workspace/hd_ws/install/manager:/opt/ros/foxy /usr/bin/cmake --install /home/xplore/Desktop/main_HD_workspace/hd_ws/build/moveit_visual_tools
