[0.146s] Invoking command in '/home/matthias/xplore2023/hd_ws/build/astra_interfaces': CMAKE_PREFIX_PATH=${CMAKE_PREFIX_PATH}:/home/matthias/xplore2023/hd_ws/install/task_execution:/home/matthias/xplore2023/hd_ws/install/manager:/home/matthias/xplore2023/hd_ws/install/hw_interface:/home/matthias/xplore2023/hd_ws/install/astra_description:/opt/ros/humble /usr/bin/cmake --build /home/matthias/xplore2023/hd_ws/build/astra_interfaces -- -j12 -l12
[0.751s] [  2%] Built target astra_interfaces__cpp
[0.752s] [ 12%] Built target astra_interfaces__rosidl_generator_c
[0.752s] [ 12%] Built target ament_cmake_python_copy_astra_interfaces
[0.752s] [ 23%] Built target astra_interfaces__rosidl_typesupport_cpp
[0.752s] [ 34%] Built target astra_interfaces__rosidl_typesupport_introspection_c
[0.753s] [ 44%] Built target astra_interfaces__rosidl_typesupport_fastrtps_c
[0.753s] [ 55%] Built target astra_interfaces__rosidl_typesupport_introspection_cpp
[0.753s] [ 65%] Built target astra_interfaces__rosidl_typesupport_fastrtps_cpp
[0.753s] [ 76%] Built target astra_interfaces__rosidl_typesupport_c
[0.753s] [ 76%] Built target astra_interfaces
[0.753s] [ 78%] Built target astra_interfaces__py
[0.753s] [ 87%] Built target astra_interfaces__rosidl_generator_py
[0.753s] [ 95%] Built target astra_interfaces__rosidl_typesupport_fastrtps_c__pyext
[0.754s] [ 95%] Built target astra_interfaces__rosidl_typesupport_introspection_c__pyext
[0.754s] [100%] Built target astra_interfaces__rosidl_typesupport_c__pyext
[0.841s] running egg_info
[0.842s] writing astra_interfaces.egg-info/PKG-INFO
[0.842s] writing dependency_links to astra_interfaces.egg-info/dependency_links.txt
[0.842s] writing top-level names to astra_interfaces.egg-info/top_level.txt
[0.848s] reading manifest file 'astra_interfaces.egg-info/SOURCES.txt'
[0.849s] writing manifest file 'astra_interfaces.egg-info/SOURCES.txt'
[0.869s] [100%] Built target ament_cmake_python_build_astra_interfaces_egg
