[0.301s] Invoking command in '/home/xplore/Desktop/main_HD_workspace/hd_ws/build/moveit_visual_tools': CMAKE_PREFIX_PATH=${CMAKE_PREFIX_PATH}:/home/xplore/Desktop/main_HD_workspace/hd_ws/install/task_execution:/home/xplore/Desktop/main_HD_workspace/hd_ws/install/manager:/opt/ros/foxy /usr/bin/cmake --build /home/xplore/Desktop/main_HD_workspace/hd_ws/build/moveit_visual_tools -- -j8 -l8
[1.304s] [ 66%] Built target moveit_visual_tools
[1.305s] [100%] Built target moveit_visual_tools_demo
[1.336s] Invoked command in '/home/xplore/Desktop/main_HD_workspace/hd_ws/build/moveit_visual_tools' returned '0': CMAKE_PREFIX_PATH=${CMAKE_PREFIX_PATH}:/home/xplore/Desktop/main_HD_workspace/hd_ws/install/task_execution:/home/xplore/Desktop/main_HD_workspace/hd_ws/install/manager:/opt/ros/foxy /usr/bin/cmake --build /home/xplore/Desktop/main_HD_workspace/hd_ws/build/moveit_visual_tools -- -j8 -l8
[1.666s] Invoking command in '/home/xplore/Desktop/main_HD_workspace/hd_ws/build/moveit_visual_tools': CMAKE_PREFIX_PATH=${CMAKE_PREFIX_PATH}:/home/xplore/Desktop/main_HD_workspace/hd_ws/install/task_execution:/home/xplore/Desktop/main_HD_workspace/hd_ws/install/manager:/opt/ros/foxy /usr/bin/cmake --install /home/xplore/Desktop/main_HD_workspace/hd_ws/build/moveit_visual_tools
[1.721s] -- Install configuration: "Release"
[1.721s] -- Up-to-date: /home/xplore/Desktop/main_HD_workspace/hd_ws/install/moveit_visual_tools/share/moveit_visual_tools/environment/library_path.sh
[1.722s] -- Up-to-date: /home/xplore/Desktop/main_HD_workspace/hd_ws/install/moveit_visual_tools/share/moveit_visual_tools/environment/library_path.dsv
[1.722s] -- Up-to-date: /home/xplore/Desktop/main_HD_workspace/hd_ws/install/moveit_visual_tools/lib/libmoveit_visual_tools.so
[1.723s] -- Up-to-date: /home/xplore/Desktop/main_HD_workspace/hd_ws/install/moveit_visual_tools/lib/moveit_visual_tools/moveit_visual_tools_demo
[1.734s] -- Up-to-date: /home/xplore/Desktop/main_HD_workspace/hd_ws/install/moveit_visual_tools/include
[1.737s] -- Up-to-date: /home/xplore/Desktop/main_HD_workspace/hd_ws/install/moveit_visual_tools/include/moveit_visual_tools
[1.739s] -- Up-to-date: /home/xplore/Desktop/main_HD_workspace/hd_ws/install/moveit_visual_tools/include/moveit_visual_tools/imarker_end_effector.h
[1.740s] -- Up-to-date: /home/xplore/Desktop/main_HD_workspace/hd_ws/install/moveit_visual_tools/include/moveit_visual_tools/moveit_visual_tools.h
[1.740s] -- Up-to-date: /home/xplore/Desktop/main_HD_workspace/hd_ws/install/moveit_visual_tools/include/moveit_visual_tools/imarker_robot_state.h
[1.741s] -- Up-to-date: /home/xplore/Desktop/main_HD_workspace/hd_ws/install/moveit_visual_tools/share/moveit_visual_tools/launch
[1.742s] -- Up-to-date: /home/xplore/Desktop/main_HD_workspace/hd_ws/install/moveit_visual_tools/share/moveit_visual_tools/launch/demo.rviz
[1.742s] -- Up-to-date: /home/xplore/Desktop/main_HD_workspace/hd_ws/install/moveit_visual_tools/share/moveit_visual_tools/launch/demo_rviz.launch.py
[1.743s] -- Up-to-date: /home/xplore/Desktop/main_HD_workspace/hd_ws/install/moveit_visual_tools/share/moveit_visual_tools/resources
[1.744s] -- Up-to-date: /home/xplore/Desktop/main_HD_workspace/hd_ws/install/moveit_visual_tools/share/moveit_visual_tools/resources/rrbot.srdf
[1.744s] -- Up-to-date: /home/xplore/Desktop/main_HD_workspace/hd_ws/install/moveit_visual_tools/share/moveit_visual_tools/resources/demo_mesh.stl
[1.745s] -- Up-to-date: /home/xplore/Desktop/main_HD_workspace/hd_ws/install/moveit_visual_tools/share/moveit_visual_tools/resources/screenshot.png
[1.745s] -- Up-to-date: /home/xplore/Desktop/main_HD_workspace/hd_ws/install/moveit_visual_tools/share/moveit_visual_tools/resources/demo.png
[1.746s] -- Up-to-date: /home/xplore/Desktop/main_HD_workspace/hd_ws/install/moveit_visual_tools/share/moveit_visual_tools/resources/rrbot.urdf
[1.746s] -- Up-to-date: /home/xplore/Desktop/main_HD_workspace/hd_ws/install/moveit_visual_tools/share/ament_index/resource_index/package_run_dependencies/moveit_visual_tools
[1.747s] -- Up-to-date: /home/xplore/Desktop/main_HD_workspace/hd_ws/install/moveit_visual_tools/share/ament_index/resource_index/parent_prefix_path/moveit_visual_tools
[1.747s] -- Up-to-date: /home/xplore/Desktop/main_HD_workspace/hd_ws/install/moveit_visual_tools/share/moveit_visual_tools/environment/ament_prefix_path.sh
[1.748s] -- Up-to-date: /home/xplore/Desktop/main_HD_workspace/hd_ws/install/moveit_visual_tools/share/moveit_visual_tools/environment/ament_prefix_path.dsv
[1.748s] -- Up-to-date: /home/xplore/Desktop/main_HD_workspace/hd_ws/install/moveit_visual_tools/share/moveit_visual_tools/environment/path.sh
[1.758s] -- Up-to-date: /home/xplore/Desktop/main_HD_workspace/hd_ws/install/moveit_visual_tools/share/moveit_visual_tools/environment/path.dsv
[1.760s] -- Up-to-date: /home/xplore/Desktop/main_HD_workspace/hd_ws/install/moveit_visual_tools/share/moveit_visual_tools/local_setup.bash
[1.761s] -- Up-to-date: /home/xplore/Desktop/main_HD_workspace/hd_ws/install/moveit_visual_tools/share/moveit_visual_tools/local_setup.sh
[1.761s] -- Up-to-date: /home/xplore/Desktop/main_HD_workspace/hd_ws/install/moveit_visual_tools/share/moveit_visual_tools/local_setup.zsh
[1.762s] -- Up-to-date: /home/xplore/Desktop/main_HD_workspace/hd_ws/install/moveit_visual_tools/share/moveit_visual_tools/local_setup.dsv
[1.763s] -- Installing: /home/xplore/Desktop/main_HD_workspace/hd_ws/install/moveit_visual_tools/share/moveit_visual_tools/package.dsv
[1.764s] -- Up-to-date: /home/xplore/Desktop/main_HD_workspace/hd_ws/install/moveit_visual_tools/share/ament_index/resource_index/packages/moveit_visual_tools
[1.764s] -- Up-to-date: /home/xplore/Desktop/main_HD_workspace/hd_ws/install/moveit_visual_tools/share/moveit_visual_tools/cmake/export_moveit_visual_toolsExport.cmake
[1.765s] -- Up-to-date: /home/xplore/Desktop/main_HD_workspace/hd_ws/install/moveit_visual_tools/share/moveit_visual_tools/cmake/export_moveit_visual_toolsExport-release.cmake
[1.765s] -- Up-to-date: /home/xplore/Desktop/main_HD_workspace/hd_ws/install/moveit_visual_tools/share/moveit_visual_tools/cmake/ament_cmake_export_targets-extras.cmake
[1.766s] -- Up-to-date: /home/xplore/Desktop/main_HD_workspace/hd_ws/install/moveit_visual_tools/share/moveit_visual_tools/cmake/ament_cmake_export_dependencies-extras.cmake
[1.767s] -- Up-to-date: /home/xplore/Desktop/main_HD_workspace/hd_ws/install/moveit_visual_tools/share/moveit_visual_tools/cmake/moveit_visual_toolsConfig.cmake
[1.767s] -- Up-to-date: /home/xplore/Desktop/main_HD_workspace/hd_ws/install/moveit_visual_tools/share/moveit_visual_tools/cmake/moveit_visual_toolsConfig-version.cmake
[1.769s] -- Up-to-date: /home/xplore/Desktop/main_HD_workspace/hd_ws/install/moveit_visual_tools/share/moveit_visual_tools/package.xml
[1.839s] Invoked command in '/home/xplore/Desktop/main_HD_workspace/hd_ws/build/moveit_visual_tools' returned '0': CMAKE_PREFIX_PATH=${CMAKE_PREFIX_PATH}:/home/xplore/Desktop/main_HD_workspace/hd_ws/install/task_execution:/home/xplore/Desktop/main_HD_workspace/hd_ws/install/manager:/opt/ros/foxy /usr/bin/cmake --install /home/xplore/Desktop/main_HD_workspace/hd_ws/build/moveit_visual_tools
