[3.283s] Invoking command in '/home/xplore/Desktop/main_HD_workspace/2023/ros2_ws/src/vision': LD_LIBRARY_PATH=/home/xplore/Desktop/main_HD_workspace/2023/ros2_ws/install/interfaces/lib:/usr/lib/aarch64-linux-gnu/gazebo-11/plugins:/opt/ros/foxy/opt/yaml_cpp_vendor/lib:/opt/ros/foxy/opt/rviz_ogre_vendor/lib:/opt/ros/foxy/lib/aarch64-linux-gnu:/opt/ros/foxy/lib:/usr/local/cuda-11.4/lib64 PYTHONPATH=/home/xplore/Desktop/main_HD_workspace/2023/ros2_ws/build/vision/prefix_override:/home/xplore/Desktop/main_HD_workspace/2023/ros2_ws/install/vision/lib/python3.8/site-packages:/home/xplore/Desktop/main_HD_workspace/2023/ros2_ws/install/interfaces/lib/python3.8/site-packages:/home/xplore/Desktop/main_HD_workspace/2023/ros2_ws/install/vision/lib/python3.8/site-packages:/opt/ros/foxy/lib/python3.8/site-packages:/usr/local/lib:/usr/local/lib/python3.8/pyrealsense2:/usr/lib/python2.7/dist-packages/pyrealsense2 /usr/bin/python3 setup.py egg_info --egg-base ../../build/vision build --build-base /home/xplore/Desktop/main_HD_workspace/2023/ros2_ws/build/vision/build install --record /home/xplore/Desktop/main_HD_workspace/2023/ros2_ws/build/vision/install.log --single-version-externally-managed
[4.316s] running egg_info
[4.320s] writing ../../build/vision/vision.egg-info/PKG-INFO
[4.320s] writing dependency_links to ../../build/vision/vision.egg-info/dependency_links.txt
[4.321s] writing entry points to ../../build/vision/vision.egg-info/entry_points.txt
[4.322s] writing requirements to ../../build/vision/vision.egg-info/requires.txt
[4.323s] writing top-level names to ../../build/vision/vision.egg-info/top_level.txt
[4.600s] reading manifest file '../../build/vision/vision.egg-info/SOURCES.txt'
[4.605s] writing manifest file '../../build/vision/vision.egg-info/SOURCES.txt'
[4.611s] running build
[4.611s] running build_py
[4.614s] copying vision/test_ros.py -> /home/xplore/Desktop/main_HD_workspace/2023/ros2_ws/build/vision/build/lib/vision
[4.617s] running install
[4.621s] running install_lib
[4.630s] copying /home/xplore/Desktop/main_HD_workspace/2023/ros2_ws/build/vision/build/lib/vision/test_ros.py -> /home/xplore/Desktop/main_HD_workspace/2023/ros2_ws/install/vision/lib/python3.8/site-packages/vision
[4.637s] byte-compiling /home/xplore/Desktop/main_HD_workspace/2023/ros2_ws/install/vision/lib/python3.8/site-packages/vision/test_ros.py to test_ros.cpython-38.pyc
[4.650s] running install_data
[4.656s] running install_egg_info
[4.666s] removing '/home/xplore/Desktop/main_HD_workspace/2023/ros2_ws/install/vision/lib/python3.8/site-packages/vision-0.0.0-py3.8.egg-info' (and everything under it)
[4.669s] Copying ../../build/vision/vision.egg-info to /home/xplore/Desktop/main_HD_workspace/2023/ros2_ws/install/vision/lib/python3.8/site-packages/vision-0.0.0-py3.8.egg-info
[4.674s] running install_scripts
[4.750s] Installing listener script to /home/xplore/Desktop/main_HD_workspace/2023/ros2_ws/install/vision/lib/vision
[4.750s] Installing talker script to /home/xplore/Desktop/main_HD_workspace/2023/ros2_ws/install/vision/lib/vision
[4.753s] writing list of installed files to '/home/xplore/Desktop/main_HD_workspace/2023/ros2_ws/build/vision/install.log'
[4.868s] Invoked command in '/home/xplore/Desktop/main_HD_workspace/2023/ros2_ws/src/vision' returned '0': LD_LIBRARY_PATH=/home/xplore/Desktop/main_HD_workspace/2023/ros2_ws/install/interfaces/lib:/usr/lib/aarch64-linux-gnu/gazebo-11/plugins:/opt/ros/foxy/opt/yaml_cpp_vendor/lib:/opt/ros/foxy/opt/rviz_ogre_vendor/lib:/opt/ros/foxy/lib/aarch64-linux-gnu:/opt/ros/foxy/lib:/usr/local/cuda-11.4/lib64 PYTHONPATH=/home/xplore/Desktop/main_HD_workspace/2023/ros2_ws/build/vision/prefix_override:/home/xplore/Desktop/main_HD_workspace/2023/ros2_ws/install/vision/lib/python3.8/site-packages:/home/xplore/Desktop/main_HD_workspace/2023/ros2_ws/install/interfaces/lib/python3.8/site-packages:/home/xplore/Desktop/main_HD_workspace/2023/ros2_ws/install/vision/lib/python3.8/site-packages:/opt/ros/foxy/lib/python3.8/site-packages:/usr/local/lib:/usr/local/lib/python3.8/pyrealsense2:/usr/lib/python2.7/dist-packages/pyrealsense2 /usr/bin/python3 setup.py egg_info --egg-base ../../build/vision build --build-base /home/xplore/Desktop/main_HD_workspace/2023/ros2_ws/build/vision/build install --record /home/xplore/Desktop/main_HD_workspace/2023/ros2_ws/build/vision/install.log --single-version-externally-managed
