[0.261s] Invoking command in '/home/xplore/Desktop/main_HD_workspace/hd_ws/build/moveit2_tutorials': CMAKE_PREFIX_PATH=/home/xplore/Desktop/main_HD_workspace/hd_ws/install/moveit_visual_tools:/home/xplore/Desktop/main_HD_workspace/hd_ws/install/tttt:/home/xplore/Desktop/main_HD_workspace/hd_ws/install/astra_moveit_config_new:/home/xplore/Desktop/main_HD_workspace/hd_ws/install/astra_moveit_config0:/home/xplore/Desktop/main_HD_workspace/hd_ws/install/astra_moveit_config:/home/xplore/Desktop/main_HD_workspace/hd_ws/install/astra_interfaces:/home/xplore/Desktop/main_HD_workspace/hd_ws/install/astra_hw_interface:/home/xplore/Desktop/main_HD_workspace/hd_ws/install/astra_description:/home/xplore/Desktop/main_HD_workspace/hd_ws/install/task_execution:/home/xplore/Desktop/main_HD_workspace/hd_ws/install/manager:/opt/ros/foxy LD_LIBRARY_PATH=/home/xplore/Desktop/main_HD_workspace/hd_ws/install/moveit_visual_tools/lib:/home/xplore/Desktop/main_HD_workspace/hd_ws/install/astra_interfaces/lib:/home/xplore/Desktop/main_HD_workspace/hd_ws/install/astra_hw_interface/lib:/usr/lib/aarch64-linux-gnu/gazebo-11/plugins:/opt/ros/foxy/opt/yaml_cpp_vendor/lib:/opt/ros/foxy/opt/rviz_ogre_vendor/lib:/opt/ros/foxy/lib/aarch64-linux-gnu:/opt/ros/foxy/lib:/usr/local/cuda-11.4/lib64 /usr/bin/cmake --build /home/xplore/Desktop/main_HD_workspace/hd_ws/build/moveit2_tutorials -- -j8 -l8
[0.674s] [ 12%] Built target planning_scene_tutorial
[0.702s] [ 25%] Built target moveit_cpp_tutorial
[0.714s] [ 43%] Built target servo_cpp_interface_demo
[0.721s] [ 50%] Built target servo_keyboard_input
[0.721s] [ 62%] Built target motion_planning_api_tutorial
[0.747s] [ 75%] Built target planning_scene_ros_api_tutorial
[0.765s] [ 87%] Built target robot_model_and_robot_state_tutorial
[0.770s] [100%] Built target move_group_interface_tutorial
[1.068s] Invoked command in '/home/xplore/Desktop/main_HD_workspace/hd_ws/build/moveit2_tutorials' returned '0': CMAKE_PREFIX_PATH=/home/xplore/Desktop/main_HD_workspace/hd_ws/install/moveit_visual_tools:/home/xplore/Desktop/main_HD_workspace/hd_ws/install/tttt:/home/xplore/Desktop/main_HD_workspace/hd_ws/install/astra_moveit_config_new:/home/xplore/Desktop/main_HD_workspace/hd_ws/install/astra_moveit_config0:/home/xplore/Desktop/main_HD_workspace/hd_ws/install/astra_moveit_config:/home/xplore/Desktop/main_HD_workspace/hd_ws/install/astra_interfaces:/home/xplore/Desktop/main_HD_workspace/hd_ws/install/astra_hw_interface:/home/xplore/Desktop/main_HD_workspace/hd_ws/install/astra_description:/home/xplore/Desktop/main_HD_workspace/hd_ws/install/task_execution:/home/xplore/Desktop/main_HD_workspace/hd_ws/install/manager:/opt/ros/foxy LD_LIBRARY_PATH=/home/xplore/Desktop/main_HD_workspace/hd_ws/install/moveit_visual_tools/lib:/home/xplore/Desktop/main_HD_workspace/hd_ws/install/astra_interfaces/lib:/home/xplore/Desktop/main_HD_workspace/hd_ws/install/astra_hw_interface/lib:/usr/lib/aarch64-linux-gnu/gazebo-11/plugins:/opt/ros/foxy/opt/yaml_cpp_vendor/lib:/opt/ros/foxy/opt/rviz_ogre_vendor/lib:/opt/ros/foxy/lib/aarch64-linux-gnu:/opt/ros/foxy/lib:/usr/local/cuda-11.4/lib64 /usr/bin/cmake --build /home/xplore/Desktop/main_HD_workspace/hd_ws/build/moveit2_tutorials -- -j8 -l8
[2.180s] Invoking command in '/home/xplore/Desktop/main_HD_workspace/hd_ws/build/moveit2_tutorials': CMAKE_PREFIX_PATH=/home/xplore/Desktop/main_HD_workspace/hd_ws/install/moveit_visual_tools:/home/xplore/Desktop/main_HD_workspace/hd_ws/install/tttt:/home/xplore/Desktop/main_HD_workspace/hd_ws/install/astra_moveit_config_new:/home/xplore/Desktop/main_HD_workspace/hd_ws/install/astra_moveit_config0:/home/xplore/Desktop/main_HD_workspace/hd_ws/install/astra_moveit_config:/home/xplore/Desktop/main_HD_workspace/hd_ws/install/astra_interfaces:/home/xplore/Desktop/main_HD_workspace/hd_ws/install/astra_hw_interface:/home/xplore/Desktop/main_HD_workspace/hd_ws/install/astra_description:/home/xplore/Desktop/main_HD_workspace/hd_ws/install/task_execution:/home/xplore/Desktop/main_HD_workspace/hd_ws/install/manager:/opt/ros/foxy LD_LIBRARY_PATH=/home/xplore/Desktop/main_HD_workspace/hd_ws/install/moveit_visual_tools/lib:/home/xplore/Desktop/main_HD_workspace/hd_ws/install/astra_interfaces/lib:/home/xplore/Desktop/main_HD_workspace/hd_ws/install/astra_hw_interface/lib:/usr/lib/aarch64-linux-gnu/gazebo-11/plugins:/opt/ros/foxy/opt/yaml_cpp_vendor/lib:/opt/ros/foxy/opt/rviz_ogre_vendor/lib:/opt/ros/foxy/lib/aarch64-linux-gnu:/opt/ros/foxy/lib:/usr/local/cuda-11.4/lib64 /usr/bin/cmake --install /home/xplore/Desktop/main_HD_workspace/hd_ws/build/moveit2_tutorials
[2.205s] -- Install configuration: "Release"
[2.207s] -- Up-to-date: /home/xplore/Desktop/main_HD_workspace/hd_ws/install/moveit2_tutorials/share/ament_index/resource_index/package_run_dependencies/moveit2_tutorials
[2.207s] -- Up-to-date: /home/xplore/Desktop/main_HD_workspace/hd_ws/install/moveit2_tutorials/share/ament_index/resource_index/parent_prefix_path/moveit2_tutorials
[2.208s] -- Up-to-date: /home/xplore/Desktop/main_HD_workspace/hd_ws/install/moveit2_tutorials/share/moveit2_tutorials/environment/ament_prefix_path.sh
[2.208s] -- Up-to-date: /home/xplore/Desktop/main_HD_workspace/hd_ws/install/moveit2_tutorials/share/moveit2_tutorials/environment/ament_prefix_path.dsv
[2.208s] -- Up-to-date: /home/xplore/Desktop/main_HD_workspace/hd_ws/install/moveit2_tutorials/share/moveit2_tutorials/environment/path.sh
[2.209s] -- Up-to-date: /home/xplore/Desktop/main_HD_workspace/hd_ws/install/moveit2_tutorials/share/moveit2_tutorials/environment/path.dsv
[2.209s] -- Up-to-date: /home/xplore/Desktop/main_HD_workspace/hd_ws/install/moveit2_tutorials/share/moveit2_tutorials/local_setup.bash
[2.209s] -- Up-to-date: /home/xplore/Desktop/main_HD_workspace/hd_ws/install/moveit2_tutorials/share/moveit2_tutorials/local_setup.sh
[2.210s] -- Up-to-date: /home/xplore/Desktop/main_HD_workspace/hd_ws/install/moveit2_tutorials/share/moveit2_tutorials/local_setup.zsh
[2.210s] -- Up-to-date: /home/xplore/Desktop/main_HD_workspace/hd_ws/install/moveit2_tutorials/share/moveit2_tutorials/local_setup.dsv
[2.210s] -- Installing: /home/xplore/Desktop/main_HD_workspace/hd_ws/install/moveit2_tutorials/share/moveit2_tutorials/package.dsv
[2.211s] -- Up-to-date: /home/xplore/Desktop/main_HD_workspace/hd_ws/install/moveit2_tutorials/share/ament_index/resource_index/packages/moveit2_tutorials
[2.211s] -- Up-to-date: /home/xplore/Desktop/main_HD_workspace/hd_ws/install/moveit2_tutorials/share/moveit2_tutorials/cmake/ament_cmake_export_dependencies-extras.cmake
[2.212s] -- Up-to-date: /home/xplore/Desktop/main_HD_workspace/hd_ws/install/moveit2_tutorials/share/moveit2_tutorials/cmake/ament_cmake_export_include_directories-extras.cmake
[2.213s] -- Up-to-date: /home/xplore/Desktop/main_HD_workspace/hd_ws/install/moveit2_tutorials/share/moveit2_tutorials/cmake/moveit2_tutorialsConfig.cmake
[2.213s] -- Up-to-date: /home/xplore/Desktop/main_HD_workspace/hd_ws/install/moveit2_tutorials/share/moveit2_tutorials/cmake/moveit2_tutorialsConfig-version.cmake
[2.214s] -- Up-to-date: /home/xplore/Desktop/main_HD_workspace/hd_ws/install/moveit2_tutorials/share/moveit2_tutorials/package.xml
[2.214s] -- Up-to-date: /home/xplore/Desktop/main_HD_workspace/hd_ws/install/moveit2_tutorials/lib/moveit2_tutorials/motion_planning_api_tutorial
[2.214s] -- Up-to-date: /home/xplore/Desktop/main_HD_workspace/hd_ws/install/moveit2_tutorials/share/moveit2_tutorials/launch
[2.214s] -- Up-to-date: /home/xplore/Desktop/main_HD_workspace/hd_ws/install/moveit2_tutorials/share/moveit2_tutorials/launch/motion_planning_api_tutorial.launch.py
[2.215s] -- Up-to-date: /home/xplore/Desktop/main_HD_workspace/hd_ws/install/moveit2_tutorials/lib/moveit2_tutorials/move_group_interface_tutorial
[2.217s] -- Up-to-date: /home/xplore/Desktop/main_HD_workspace/hd_ws/install/moveit2_tutorials/share/moveit2_tutorials/launch
[2.217s] -- Up-to-date: /home/xplore/Desktop/main_HD_workspace/hd_ws/install/moveit2_tutorials/share/moveit2_tutorials/launch/move_group_interface_tutorial.launch.py
[2.217s] -- Up-to-date: /home/xplore/Desktop/main_HD_workspace/hd_ws/install/moveit2_tutorials/share/moveit2_tutorials/launch/move_group.launch.py
[2.217s] -- Up-to-date: /home/xplore/Desktop/main_HD_workspace/hd_ws/install/moveit2_tutorials/share/moveit2_tutorials/launch/move_group.rviz
[2.218s] -- Up-to-date: /home/xplore/Desktop/main_HD_workspace/hd_ws/install/moveit2_tutorials/lib/moveit2_tutorials/moveit_cpp_tutorial
[2.220s] -- Up-to-date: /home/xplore/Desktop/main_HD_workspace/hd_ws/install/moveit2_tutorials/share/moveit2_tutorials/launch
[2.221s] -- Up-to-date: /home/xplore/Desktop/main_HD_workspace/hd_ws/install/moveit2_tutorials/share/moveit2_tutorials/launch/moveit_cpp_tutorial.launch.py
[2.221s] -- Up-to-date: /home/xplore/Desktop/main_HD_workspace/hd_ws/install/moveit2_tutorials/share/moveit2_tutorials/launch/moveit_cpp_tutorial.rviz
[2.221s] -- Up-to-date: /home/xplore/Desktop/main_HD_workspace/hd_ws/install/moveit2_tutorials/share/moveit2_tutorials/config
[2.221s] -- Up-to-date: /home/xplore/Desktop/main_HD_workspace/hd_ws/install/moveit2_tutorials/share/moveit2_tutorials/config/moveit_cpp.yaml
[2.222s] -- Up-to-date: /home/xplore/Desktop/main_HD_workspace/hd_ws/install/moveit2_tutorials/lib/moveit2_tutorials/planning_scene_tutorial
[2.224s] -- Up-to-date: /home/xplore/Desktop/main_HD_workspace/hd_ws/install/moveit2_tutorials/share/moveit2_tutorials/launch
[2.224s] -- Up-to-date: /home/xplore/Desktop/main_HD_workspace/hd_ws/install/moveit2_tutorials/share/moveit2_tutorials/launch/planning_scene_tutorial.launch.py
[2.226s] -- Up-to-date: /home/xplore/Desktop/main_HD_workspace/hd_ws/install/moveit2_tutorials/lib/moveit2_tutorials/planning_scene_ros_api_tutorial
[2.227s] -- Up-to-date: /home/xplore/Desktop/main_HD_workspace/hd_ws/install/moveit2_tutorials/share/moveit2_tutorials/launch
[2.227s] -- Up-to-date: /home/xplore/Desktop/main_HD_workspace/hd_ws/install/moveit2_tutorials/share/moveit2_tutorials/launch/planning_scene_ros_api_tutorial.launch.py
[2.228s] -- Up-to-date: /home/xplore/Desktop/main_HD_workspace/hd_ws/install/moveit2_tutorials/share/moveit2_tutorials/launch
[2.228s] -- Up-to-date: /home/xplore/Desktop/main_HD_workspace/hd_ws/install/moveit2_tutorials/share/moveit2_tutorials/launch/panda_moveit_config_demo_empty.rviz
[2.229s] -- Up-to-date: /home/xplore/Desktop/main_HD_workspace/hd_ws/install/moveit2_tutorials/share/moveit2_tutorials/launch/demo.launch.py
[2.229s] -- Up-to-date: /home/xplore/Desktop/main_HD_workspace/hd_ws/install/moveit2_tutorials/share/moveit2_tutorials/launch/panda_moveit_config_demo.rviz
[2.230s] -- Up-to-date: /home/xplore/Desktop/main_HD_workspace/hd_ws/install/moveit2_tutorials/lib/moveit2_tutorials/servo_keyboard_input
[2.232s] -- Up-to-date: /home/xplore/Desktop/main_HD_workspace/hd_ws/install/moveit2_tutorials/lib/moveit2_tutorials/servo_cpp_interface_demo
[2.233s] -- Up-to-date: /home/xplore/Desktop/main_HD_workspace/hd_ws/install/moveit2_tutorials/share/moveit2_tutorials/launch
[2.234s] -- Up-to-date: /home/xplore/Desktop/main_HD_workspace/hd_ws/install/moveit2_tutorials/share/moveit2_tutorials/launch/servo_cpp_interface_demo.launch.py
[2.234s] -- Up-to-date: /home/xplore/Desktop/main_HD_workspace/hd_ws/install/moveit2_tutorials/share/moveit2_tutorials/launch/servo_teleop.launch.py
[2.234s] -- Up-to-date: /home/xplore/Desktop/main_HD_workspace/hd_ws/install/moveit2_tutorials/share/moveit2_tutorials/launch/servo_server_panda.launch.py
[2.235s] -- Up-to-date: /home/xplore/Desktop/main_HD_workspace/hd_ws/install/moveit2_tutorials/share/moveit2_tutorials/config
[2.235s] -- Up-to-date: /home/xplore/Desktop/main_HD_workspace/hd_ws/install/moveit2_tutorials/share/moveit2_tutorials/config/demo_rviz_config.rviz
[2.236s] -- Up-to-date: /home/xplore/Desktop/main_HD_workspace/hd_ws/install/moveit2_tutorials/lib/moveit2_tutorials/robot_model_and_robot_state_tutorial
[2.237s] -- Up-to-date: /home/xplore/Desktop/main_HD_workspace/hd_ws/install/moveit2_tutorials/share/moveit2_tutorials/launch
[2.237s] -- Up-to-date: /home/xplore/Desktop/main_HD_workspace/hd_ws/install/moveit2_tutorials/share/moveit2_tutorials/launch/robot_model_and_robot_state_tutorial.launch.py
[2.255s] Invoked command in '/home/xplore/Desktop/main_HD_workspace/hd_ws/build/moveit2_tutorials' returned '0': CMAKE_PREFIX_PATH=/home/xplore/Desktop/main_HD_workspace/hd_ws/install/moveit_visual_tools:/home/xplore/Desktop/main_HD_workspace/hd_ws/install/tttt:/home/xplore/Desktop/main_HD_workspace/hd_ws/install/astra_moveit_config_new:/home/xplore/Desktop/main_HD_workspace/hd_ws/install/astra_moveit_config0:/home/xplore/Desktop/main_HD_workspace/hd_ws/install/astra_moveit_config:/home/xplore/Desktop/main_HD_workspace/hd_ws/install/astra_interfaces:/home/xplore/Desktop/main_HD_workspace/hd_ws/install/astra_hw_interface:/home/xplore/Desktop/main_HD_workspace/hd_ws/install/astra_description:/home/xplore/Desktop/main_HD_workspace/hd_ws/install/task_execution:/home/xplore/Desktop/main_HD_workspace/hd_ws/install/manager:/opt/ros/foxy LD_LIBRARY_PATH=/home/xplore/Desktop/main_HD_workspace/hd_ws/install/moveit_visual_tools/lib:/home/xplore/Desktop/main_HD_workspace/hd_ws/install/astra_interfaces/lib:/home/xplore/Desktop/main_HD_workspace/hd_ws/install/astra_hw_interface/lib:/usr/lib/aarch64-linux-gnu/gazebo-11/plugins:/opt/ros/foxy/opt/yaml_cpp_vendor/lib:/opt/ros/foxy/opt/rviz_ogre_vendor/lib:/opt/ros/foxy/lib/aarch64-linux-gnu:/opt/ros/foxy/lib:/usr/local/cuda-11.4/lib64 /usr/bin/cmake --install /home/xplore/Desktop/main_HD_workspace/hd_ws/build/moveit2_tutorials
