[0.048s] Invoking command in '/home/matthias/xplore2023/hd_ws/build/astra_moveit_config0': CMAKE_PREFIX_PATH=/home/matthias/xplore2023/hd_ws/install/astra_description:/home/matthias/xplore2023/hd_ws/install/tttt:/home/matthias/xplore2023/hd_ws/install/moveit_api_test2:/home/matthias/xplore2023/hd_ws/install/moveit_api_test:/home/matthias/xplore2023/hd_ws/install/hw_interface:/home/matthias/xplore2023/hd_ws/install/astra_moveit_config_new:/home/matthias/xplore2023/hd_ws/install/astra_moveit_config:/home/matthias/xplore2023/hd_ws/install/astra_interfaces:/home/matthias/xplore2023/hd_ws/install/task_execution:/home/matthias/xplore2023/hd_ws/install/manager:/opt/ros/humble /usr/bin/cmake /home/matthias/xplore2023/hd_ws/src/control/astra_moveit_config0 -DCMAKE_INSTALL_PREFIX=/home/matthias/xplore2023/hd_ws/install/astra_moveit_config0
[0.194s] -- The C compiler identification is GNU 11.3.0
[0.334s] -- The CXX compiler identification is GNU 11.3.0
[0.351s] -- Detecting C compiler ABI info
[0.580s] -- Detecting C compiler ABI info - done
[0.604s] -- Check for working C compiler: /usr/bin/cc - skipped
[0.604s] -- Detecting C compile features
[0.605s] -- Detecting C compile features - done
[0.612s] -- Detecting CXX compiler ABI info
[0.700s] -- Detecting CXX compiler ABI info - done
[0.707s] -- Check for working CXX compiler: /usr/bin/c++ - skipped
[0.707s] -- Detecting CXX compile features
[0.708s] -- Detecting CXX compile features - done
[0.713s] -- Found ament_cmake: 1.3.3 (/opt/ros/humble/share/ament_cmake/cmake)
[0.896s] -- Found Python3: /usr/bin/python3.10 (found version "3.10.6") found components: Interpreter 
[1.154s] -- Configuring done
[1.157s] -- Generating done
[1.157s] -- Build files have been written to: /home/matthias/xplore2023/hd_ws/build/astra_moveit_config0
[1.162s] Invoked command in '/home/matthias/xplore2023/hd_ws/build/astra_moveit_config0' returned '0': CMAKE_PREFIX_PATH=/home/matthias/xplore2023/hd_ws/install/astra_description:/home/matthias/xplore2023/hd_ws/install/tttt:/home/matthias/xplore2023/hd_ws/install/moveit_api_test2:/home/matthias/xplore2023/hd_ws/install/moveit_api_test:/home/matthias/xplore2023/hd_ws/install/hw_interface:/home/matthias/xplore2023/hd_ws/install/astra_moveit_config_new:/home/matthias/xplore2023/hd_ws/install/astra_moveit_config:/home/matthias/xplore2023/hd_ws/install/astra_interfaces:/home/matthias/xplore2023/hd_ws/install/task_execution:/home/matthias/xplore2023/hd_ws/install/manager:/opt/ros/humble /usr/bin/cmake /home/matthias/xplore2023/hd_ws/src/control/astra_moveit_config0 -DCMAKE_INSTALL_PREFIX=/home/matthias/xplore2023/hd_ws/install/astra_moveit_config0
[1.163s] Invoking command in '/home/matthias/xplore2023/hd_ws/build/astra_moveit_config0': CMAKE_PREFIX_PATH=/home/matthias/xplore2023/hd_ws/install/astra_description:/home/matthias/xplore2023/hd_ws/install/tttt:/home/matthias/xplore2023/hd_ws/install/moveit_api_test2:/home/matthias/xplore2023/hd_ws/install/moveit_api_test:/home/matthias/xplore2023/hd_ws/install/hw_interface:/home/matthias/xplore2023/hd_ws/install/astra_moveit_config_new:/home/matthias/xplore2023/hd_ws/install/astra_moveit_config:/home/matthias/xplore2023/hd_ws/install/astra_interfaces:/home/matthias/xplore2023/hd_ws/install/task_execution:/home/matthias/xplore2023/hd_ws/install/manager:/opt/ros/humble /usr/bin/cmake --build /home/matthias/xplore2023/hd_ws/build/astra_moveit_config0 -- -j12 -l12
[1.196s] Invoked command in '/home/matthias/xplore2023/hd_ws/build/astra_moveit_config0' returned '0': CMAKE_PREFIX_PATH=/home/matthias/xplore2023/hd_ws/install/astra_description:/home/matthias/xplore2023/hd_ws/install/tttt:/home/matthias/xplore2023/hd_ws/install/moveit_api_test2:/home/matthias/xplore2023/hd_ws/install/moveit_api_test:/home/matthias/xplore2023/hd_ws/install/hw_interface:/home/matthias/xplore2023/hd_ws/install/astra_moveit_config_new:/home/matthias/xplore2023/hd_ws/install/astra_moveit_config:/home/matthias/xplore2023/hd_ws/install/astra_interfaces:/home/matthias/xplore2023/hd_ws/install/task_execution:/home/matthias/xplore2023/hd_ws/install/manager:/opt/ros/humble /usr/bin/cmake --build /home/matthias/xplore2023/hd_ws/build/astra_moveit_config0 -- -j12 -l12
[1.216s] Invoking command in '/home/matthias/xplore2023/hd_ws/build/astra_moveit_config0': CMAKE_PREFIX_PATH=/home/matthias/xplore2023/hd_ws/install/astra_description:/home/matthias/xplore2023/hd_ws/install/tttt:/home/matthias/xplore2023/hd_ws/install/moveit_api_test2:/home/matthias/xplore2023/hd_ws/install/moveit_api_test:/home/matthias/xplore2023/hd_ws/install/hw_interface:/home/matthias/xplore2023/hd_ws/install/astra_moveit_config_new:/home/matthias/xplore2023/hd_ws/install/astra_moveit_config:/home/matthias/xplore2023/hd_ws/install/astra_interfaces:/home/matthias/xplore2023/hd_ws/install/task_execution:/home/matthias/xplore2023/hd_ws/install/manager:/opt/ros/humble /usr/bin/cmake --install /home/matthias/xplore2023/hd_ws/build/astra_moveit_config0
[1.222s] -- Install configuration: ""
[1.222s] -- Installing: /home/matthias/xplore2023/hd_ws/install/astra_moveit_config0/share/ament_index/resource_index/package_run_dependencies/astra_moveit_config0
[1.223s] -- Installing: /home/matthias/xplore2023/hd_ws/install/astra_moveit_config0/share/ament_index/resource_index/parent_prefix_path/astra_moveit_config0
[1.223s] -- Installing: /home/matthias/xplore2023/hd_ws/install/astra_moveit_config0/share/astra_moveit_config0/environment/ament_prefix_path.sh
[1.223s] -- Installing: /home/matthias/xplore2023/hd_ws/install/astra_moveit_config0/share/astra_moveit_config0/environment/ament_prefix_path.dsv
[1.223s] -- Installing: /home/matthias/xplore2023/hd_ws/install/astra_moveit_config0/share/astra_moveit_config0/environment/path.sh
[1.223s] -- Installing: /home/matthias/xplore2023/hd_ws/install/astra_moveit_config0/share/astra_moveit_config0/environment/path.dsv
[1.223s] -- Installing: /home/matthias/xplore2023/hd_ws/install/astra_moveit_config0/share/astra_moveit_config0/local_setup.bash
[1.223s] -- Installing: /home/matthias/xplore2023/hd_ws/install/astra_moveit_config0/share/astra_moveit_config0/local_setup.sh
[1.224s] -- Installing: /home/matthias/xplore2023/hd_ws/install/astra_moveit_config0/share/astra_moveit_config0/local_setup.zsh
[1.224s] -- Installing: /home/matthias/xplore2023/hd_ws/install/astra_moveit_config0/share/astra_moveit_config0/local_setup.dsv
[1.224s] -- Installing: /home/matthias/xplore2023/hd_ws/install/astra_moveit_config0/share/astra_moveit_config0/package.dsv
[1.224s] -- Installing: /home/matthias/xplore2023/hd_ws/install/astra_moveit_config0/share/ament_index/resource_index/packages/astra_moveit_config0
[1.224s] -- Installing: /home/matthias/xplore2023/hd_ws/install/astra_moveit_config0/share/astra_moveit_config0/cmake/astra_moveit_config0Config.cmake
[1.224s] -- Installing: /home/matthias/xplore2023/hd_ws/install/astra_moveit_config0/share/astra_moveit_config0/cmake/astra_moveit_config0Config-version.cmake
[1.225s] -- Installing: /home/matthias/xplore2023/hd_ws/install/astra_moveit_config0/share/astra_moveit_config0/package.xml
[1.225s] -- Installing: /home/matthias/xplore2023/hd_ws/install/astra_moveit_config0/share/astra_moveit_config0/launch
[1.225s] -- Installing: /home/matthias/xplore2023/hd_ws/install/astra_moveit_config0/share/astra_moveit_config0/launch/spawn_controllers.launch.py
[1.225s] -- Installing: /home/matthias/xplore2023/hd_ws/install/astra_moveit_config0/share/astra_moveit_config0/launch/demo.launch.py
[1.225s] -- Installing: /home/matthias/xplore2023/hd_ws/install/astra_moveit_config0/share/astra_moveit_config0/launch/rsp.launch.py
[1.225s] -- Installing: /home/matthias/xplore2023/hd_ws/install/astra_moveit_config0/share/astra_moveit_config0/launch/setup_assistant.launch.py
[1.225s] -- Installing: /home/matthias/xplore2023/hd_ws/install/astra_moveit_config0/share/astra_moveit_config0/launch/static_virtual_joint_tfs.launch.py
[1.225s] -- Installing: /home/matthias/xplore2023/hd_ws/install/astra_moveit_config0/share/astra_moveit_config0/launch/moveit_rviz.launch.py
[1.225s] -- Installing: /home/matthias/xplore2023/hd_ws/install/astra_moveit_config0/share/astra_moveit_config0/launch/warehouse_db.launch.py
[1.225s] -- Installing: /home/matthias/xplore2023/hd_ws/install/astra_moveit_config0/share/astra_moveit_config0/launch/move_group.launch.py
[1.225s] -- Installing: /home/matthias/xplore2023/hd_ws/install/astra_moveit_config0/share/astra_moveit_config0/config
[1.226s] -- Installing: /home/matthias/xplore2023/hd_ws/install/astra_moveit_config0/share/astra_moveit_config0/config/astra.srdf
[1.226s] -- Installing: /home/matthias/xplore2023/hd_ws/install/astra_moveit_config0/share/astra_moveit_config0/config/kinematics.yaml
[1.226s] -- Installing: /home/matthias/xplore2023/hd_ws/install/astra_moveit_config0/share/astra_moveit_config0/config/joint_limits.yaml
[1.226s] -- Installing: /home/matthias/xplore2023/hd_ws/install/astra_moveit_config0/share/astra_moveit_config0/config/moveit.rviz
[1.226s] -- Installing: /home/matthias/xplore2023/hd_ws/install/astra_moveit_config0/share/astra_moveit_config0/config/pilz_cartesian_limits.yaml
[1.226s] -- Installing: /home/matthias/xplore2023/hd_ws/install/astra_moveit_config0/share/astra_moveit_config0/config/initial_positions.yaml
[1.226s] -- Installing: /home/matthias/xplore2023/hd_ws/install/astra_moveit_config0/share/astra_moveit_config0/config/moveit_controllers.yaml
[1.226s] -- Installing: /home/matthias/xplore2023/hd_ws/install/astra_moveit_config0/share/astra_moveit_config0/config/ros2_controllers.yaml
[1.227s] -- Installing: /home/matthias/xplore2023/hd_ws/install/astra_moveit_config0/share/astra_moveit_config0/config/astra.ros2_control.xacro
[1.227s] -- Installing: /home/matthias/xplore2023/hd_ws/install/astra_moveit_config0/share/astra_moveit_config0/config/astra.urdf.xacro
[1.227s] -- Installing: /home/matthias/xplore2023/hd_ws/install/astra_moveit_config0/share/astra_moveit_config0/.setup_assistant
[1.231s] Invoked command in '/home/matthias/xplore2023/hd_ws/build/astra_moveit_config0' returned '0': CMAKE_PREFIX_PATH=/home/matthias/xplore2023/hd_ws/install/astra_description:/home/matthias/xplore2023/hd_ws/install/tttt:/home/matthias/xplore2023/hd_ws/install/moveit_api_test2:/home/matthias/xplore2023/hd_ws/install/moveit_api_test:/home/matthias/xplore2023/hd_ws/install/hw_interface:/home/matthias/xplore2023/hd_ws/install/astra_moveit_config_new:/home/matthias/xplore2023/hd_ws/install/astra_moveit_config:/home/matthias/xplore2023/hd_ws/install/astra_interfaces:/home/matthias/xplore2023/hd_ws/install/task_execution:/home/matthias/xplore2023/hd_ws/install/manager:/opt/ros/humble /usr/bin/cmake --install /home/matthias/xplore2023/hd_ws/build/astra_moveit_config0
