[0.041s] Invoking command in '/home/matthias/xplore2023/hd_ws/build/hw_interface': CMAKE_PREFIX_PATH=${CMAKE_PREFIX_PATH}:/home/matthias/xplore2023/hd_ws/install/task_execution:/home/matthias/xplore2023/hd_ws/install/manager:/opt/ros/humble /usr/bin/cmake --build /home/matthias/xplore2023/hd_ws/build/hw_interface -- -j12 -l12
[0.372s] Invoked command in '/home/matthias/xplore2023/hd_ws/build/hw_interface' returned '0': CMAKE_PREFIX_PATH=${CMAKE_PREFIX_PATH}:/home/matthias/xplore2023/hd_ws/install/task_execution:/home/matthias/xplore2023/hd_ws/install/manager:/opt/ros/humble /usr/bin/cmake --build /home/matthias/xplore2023/hd_ws/build/hw_interface -- -j12 -l12
[0.400s] Invoking command in '/home/matthias/xplore2023/hd_ws/build/hw_interface': CMAKE_PREFIX_PATH=${CMAKE_PREFIX_PATH}:/home/matthias/xplore2023/hd_ws/install/task_execution:/home/matthias/xplore2023/hd_ws/install/manager:/opt/ros/humble /usr/bin/cmake --install /home/matthias/xplore2023/hd_ws/build/hw_interface
[0.410s] -- Install configuration: ""
[0.410s] -- Up-to-date: /home/matthias/xplore2023/hd_ws/install/hw_interface/share/ament_index/resource_index/package_run_dependencies/hw_interface
[0.411s] -- Up-to-date: /home/matthias/xplore2023/hd_ws/install/hw_interface/share/ament_index/resource_index/parent_prefix_path/hw_interface
[0.413s] -- Up-to-date: /home/matthias/xplore2023/hd_ws/install/hw_interface/share/hw_interface/environment/ament_prefix_path.sh
[0.413s] -- Up-to-date: /home/matthias/xplore2023/hd_ws/install/hw_interface/share/hw_interface/environment/ament_prefix_path.dsv
[0.413s] -- Up-to-date: /home/matthias/xplore2023/hd_ws/install/hw_interface/share/hw_interface/environment/path.sh
[0.413s] -- Up-to-date: /home/matthias/xplore2023/hd_ws/install/hw_interface/share/hw_interface/environment/path.dsv
[0.413s] -- Up-to-date: /home/matthias/xplore2023/hd_ws/install/hw_interface/share/hw_interface/local_setup.bash
[0.413s] -- Up-to-date: /home/matthias/xplore2023/hd_ws/install/hw_interface/share/hw_interface/local_setup.sh
[0.414s] -- Up-to-date: /home/matthias/xplore2023/hd_ws/install/hw_interface/share/hw_interface/local_setup.zsh
[0.414s] -- Up-to-date: /home/matthias/xplore2023/hd_ws/install/hw_interface/share/hw_interface/local_setup.dsv
[0.414s] -- Installing: /home/matthias/xplore2023/hd_ws/install/hw_interface/share/hw_interface/package.dsv
[0.414s] -- Up-to-date: /home/matthias/xplore2023/hd_ws/install/hw_interface/share/ament_index/resource_index/packages/hw_interface
[0.414s] -- Up-to-date: /home/matthias/xplore2023/hd_ws/install/hw_interface/share/hw_interface/cmake/hw_interfaceConfig.cmake
[0.414s] -- Up-to-date: /home/matthias/xplore2023/hd_ws/install/hw_interface/share/hw_interface/cmake/hw_interfaceConfig-version.cmake
[0.414s] -- Up-to-date: /home/matthias/xplore2023/hd_ws/install/hw_interface/share/hw_interface/package.xml
[0.438s] Invoked command in '/home/matthias/xplore2023/hd_ws/build/hw_interface' returned '0': CMAKE_PREFIX_PATH=${CMAKE_PREFIX_PATH}:/home/matthias/xplore2023/hd_ws/install/task_execution:/home/matthias/xplore2023/hd_ws/install/manager:/opt/ros/humble /usr/bin/cmake --install /home/matthias/xplore2023/hd_ws/build/hw_interface
