[0.032s] Invoking command in '/home/matthias/xplore2023/hd_ws/build/astra_interfaces': CMAKE_PREFIX_PATH=${CMAKE_PREFIX_PATH}:/home/matthias/xplore2023/hd_ws/install/task_execution:/home/matthias/xplore2023/hd_ws/install/manager:/opt/ros/humble /usr/bin/cmake --build /home/matthias/xplore2023/hd_ws/build/astra_interfaces -- -j12 -l12
[0.074s] [  2%] Built target astra_interfaces__cpp
[0.077s] [ 12%] Built target astra_interfaces__rosidl_generator_c
[0.084s] [ 12%] Built target ament_cmake_python_copy_astra_interfaces
[0.097s] [ 23%] Built target astra_interfaces__rosidl_typesupport_cpp
[0.103s] [ 38%] Built target astra_interfaces__rosidl_typesupport_fastrtps_cpp
[0.103s] [ 53%] Built target astra_interfaces__rosidl_typesupport_c
[0.103s] [ 55%] Built target astra_interfaces__rosidl_typesupport_introspection_cpp
[0.103s] [ 76%] Built target astra_interfaces__rosidl_typesupport_fastrtps_c
[0.103s] [ 76%] Built target astra_interfaces__rosidl_typesupport_introspection_c
[0.124s] [ 76%] Built target astra_interfaces
[0.142s] [ 78%] Built target astra_interfaces__py
[0.161s] [ 87%] Built target astra_interfaces__rosidl_generator_py
[0.180s] [100%] Built target astra_interfaces__rosidl_typesupport_introspection_c__pyext
[0.180s] [100%] Built target astra_interfaces__rosidl_typesupport_c__pyext
[0.180s] [100%] Built target astra_interfaces__rosidl_typesupport_fastrtps_c__pyext
[0.353s] running egg_info
[0.353s] writing astra_interfaces.egg-info/PKG-INFO
[0.354s] writing dependency_links to astra_interfaces.egg-info/dependency_links.txt
[0.354s] writing top-level names to astra_interfaces.egg-info/top_level.txt
[0.356s] reading manifest file 'astra_interfaces.egg-info/SOURCES.txt'
[0.357s] writing manifest file 'astra_interfaces.egg-info/SOURCES.txt'
[0.387s] [100%] Built target ament_cmake_python_build_astra_interfaces_egg
