[1.459s] DEBUG:colcon:Command line arguments: ['/usr/bin/colcon', 'build']
[1.460s] DEBUG:colcon:Parsed command line arguments: Namespace(allow_overriding=[], ament_cmake_args=None, base_paths=['.'], build_base='build', catkin_cmake_args=None, catkin_skip_building_tests=False, cmake_args=None, cmake_clean_cache=False, cmake_clean_first=False, cmake_force_configure=False, cmake_target=None, cmake_target_skip_unavailable=False, continue_on_error=False, event_handlers=None, executor='parallel', ignore_user_meta=False, install_base='install', log_base=None, log_level=None, main=<bound method BuildVerb.main of <colcon_core.verb.build.BuildVerb object at 0xffff88a7a190>>, merge_install=False, metas=['./colcon.meta'], mixin=None, mixin_files=None, mixin_verb=('build',), packages_above=None, packages_above_and_dependencies=None, packages_above_depth=None, packages_end=None, packages_ignore=None, packages_ignore_regex=None, packages_select=None, packages_select_build_failed=False, packages_select_by_dep=None, packages_select_regex=None, packages_select_test_failures=False, packages_skip=None, packages_skip_build_finished=False, packages_skip_by_dep=None, packages_skip_regex=None, packages_skip_test_passed=False, packages_skip_up_to=None, packages_start=None, packages_up_to=None, packages_up_to_regex=None, parallel_workers=4, paths=None, symlink_install=False, test_result_base=None, verb_extension=<colcon_core.verb.build.BuildVerb object at 0xffff88a7a190>, verb_name='build', verb_parser=<colcon_mixin.mixin.mixin_argument.MixinArgumentDecorator object at 0xffff88a7a7f0>)
[1.602s] Level 1:colcon.colcon_core.package_discovery:discover_packages(colcon_meta) check parameters
[1.602s] Level 1:colcon.colcon_core.package_discovery:discover_packages(recursive) check parameters
[1.603s] Level 1:colcon.colcon_core.package_discovery:discover_packages(ignore) check parameters
[1.603s] Level 1:colcon.colcon_core.package_discovery:discover_packages(path) check parameters
[1.603s] Level 1:colcon.colcon_core.package_discovery:discover_packages(colcon_meta) discover
[1.603s] Level 1:colcon.colcon_core.package_discovery:discover_packages(recursive) discover
[1.603s] INFO:colcon.colcon_core.package_discovery:Crawling recursively for packages in '/home/xplore/Desktop/main_HD_workspace/2023/ros2_ws'
[1.604s] Level 1:colcon.colcon_core.package_identification:_identify(.) by extensions ['ignore', 'ignore_ament_install']
[1.604s] Level 1:colcon.colcon_core.package_identification:_identify(.) by extension 'ignore'
[1.604s] Level 1:colcon.colcon_core.package_identification:_identify(.) by extension 'ignore_ament_install'
[1.605s] Level 1:colcon.colcon_core.package_identification:_identify(.) by extensions ['colcon_pkg']
[1.605s] Level 1:colcon.colcon_core.package_identification:_identify(.) by extension 'colcon_pkg'
[1.605s] Level 1:colcon.colcon_core.package_identification:_identify(.) by extensions ['colcon_meta']
[1.605s] Level 1:colcon.colcon_core.package_identification:_identify(.) by extension 'colcon_meta'
[1.605s] Level 1:colcon.colcon_core.package_identification:_identify(.) by extensions ['ros']
[1.605s] Level 1:colcon.colcon_core.package_identification:_identify(.) by extension 'ros'
[1.651s] Level 1:colcon.colcon_core.package_identification:_identify(.) by extensions ['cmake', 'python']
[1.652s] Level 1:colcon.colcon_core.package_identification:_identify(.) by extension 'cmake'
[1.652s] Level 1:colcon.colcon_core.package_identification:_identify(.) by extension 'python'
[1.652s] Level 1:colcon.colcon_core.package_identification:_identify(.) by extensions ['python_setup_py']
[1.652s] Level 1:colcon.colcon_core.package_identification:_identify(.) by extension 'python_setup_py'
[1.653s] Level 1:colcon.colcon_core.package_identification:_identify(build) by extensions ['ignore', 'ignore_ament_install']
[1.653s] Level 1:colcon.colcon_core.package_identification:_identify(build) by extension 'ignore'
[1.653s] Level 1:colcon.colcon_core.package_identification:_identify(build) ignored
[1.654s] Level 1:colcon.colcon_core.package_identification:_identify(install) by extensions ['ignore', 'ignore_ament_install']
[1.655s] Level 1:colcon.colcon_core.package_identification:_identify(install) by extension 'ignore'
[1.655s] Level 1:colcon.colcon_core.package_identification:_identify(install) ignored
[1.655s] Level 1:colcon.colcon_core.package_identification:_identify(log) by extensions ['ignore', 'ignore_ament_install']
[1.656s] Level 1:colcon.colcon_core.package_identification:_identify(log) by extension 'ignore'
[1.656s] Level 1:colcon.colcon_core.package_identification:_identify(log) ignored
[1.656s] Level 1:colcon.colcon_core.package_identification:_identify(src) by extensions ['ignore', 'ignore_ament_install']
[1.656s] Level 1:colcon.colcon_core.package_identification:_identify(src) by extension 'ignore'
[1.657s] Level 1:colcon.colcon_core.package_identification:_identify(src) by extension 'ignore_ament_install'
[1.657s] Level 1:colcon.colcon_core.package_identification:_identify(src) by extensions ['colcon_pkg']
[1.657s] Level 1:colcon.colcon_core.package_identification:_identify(src) by extension 'colcon_pkg'
[1.657s] Level 1:colcon.colcon_core.package_identification:_identify(src) by extensions ['colcon_meta']
[1.657s] Level 1:colcon.colcon_core.package_identification:_identify(src) by extension 'colcon_meta'
[1.658s] Level 1:colcon.colcon_core.package_identification:_identify(src) by extensions ['ros']
[1.658s] Level 1:colcon.colcon_core.package_identification:_identify(src) by extension 'ros'
[1.658s] Level 1:colcon.colcon_core.package_identification:_identify(src) by extensions ['cmake', 'python']
[1.658s] Level 1:colcon.colcon_core.package_identification:_identify(src) by extension 'cmake'
[1.658s] Level 1:colcon.colcon_core.package_identification:_identify(src) by extension 'python'
[1.658s] Level 1:colcon.colcon_core.package_identification:_identify(src) by extensions ['python_setup_py']
[1.659s] Level 1:colcon.colcon_core.package_identification:_identify(src) by extension 'python_setup_py'
[1.659s] Level 1:colcon.colcon_core.package_identification:_identify(src/interfaces) by extensions ['ignore', 'ignore_ament_install']
[1.659s] Level 1:colcon.colcon_core.package_identification:_identify(src/interfaces) by extension 'ignore'
[1.659s] Level 1:colcon.colcon_core.package_identification:_identify(src/interfaces) by extension 'ignore_ament_install'
[1.660s] Level 1:colcon.colcon_core.package_identification:_identify(src/interfaces) by extensions ['colcon_pkg']
[1.660s] Level 1:colcon.colcon_core.package_identification:_identify(src/interfaces) by extension 'colcon_pkg'
[1.660s] Level 1:colcon.colcon_core.package_identification:_identify(src/interfaces) by extensions ['colcon_meta']
[1.660s] Level 1:colcon.colcon_core.package_identification:_identify(src/interfaces) by extension 'colcon_meta'
[1.660s] Level 1:colcon.colcon_core.package_identification:_identify(src/interfaces) by extensions ['ros']
[1.660s] Level 1:colcon.colcon_core.package_identification:_identify(src/interfaces) by extension 'ros'
[1.669s] DEBUG:colcon.colcon_core.package_identification:Package 'src/interfaces' with type 'ros.ament_cmake' and name 'interfaces'
[1.670s] Level 1:colcon.colcon_core.package_identification:_identify(src/vision) by extensions ['ignore', 'ignore_ament_install']
[1.671s] Level 1:colcon.colcon_core.package_identification:_identify(src/vision) by extension 'ignore'
[1.671s] Level 1:colcon.colcon_core.package_identification:_identify(src/vision) by extension 'ignore_ament_install'
[1.671s] Level 1:colcon.colcon_core.package_identification:_identify(src/vision) by extensions ['colcon_pkg']
[1.671s] Level 1:colcon.colcon_core.package_identification:_identify(src/vision) by extension 'colcon_pkg'
[1.671s] Level 1:colcon.colcon_core.package_identification:_identify(src/vision) by extensions ['colcon_meta']
[1.672s] Level 1:colcon.colcon_core.package_identification:_identify(src/vision) by extension 'colcon_meta'
[1.672s] Level 1:colcon.colcon_core.package_identification:_identify(src/vision) by extensions ['ros']
[1.672s] Level 1:colcon.colcon_core.package_identification:_identify(src/vision) by extension 'ros'
[1.674s] DEBUG:colcon.colcon_core.package_identification:Package 'src/vision' with type 'ros.ament_python' and name 'vision'
[1.674s] Level 1:colcon.colcon_core.package_discovery:discover_packages(recursive) using defaults
[1.675s] Level 1:colcon.colcon_core.package_discovery:discover_packages(ignore) discover
[1.675s] Level 1:colcon.colcon_core.package_discovery:discover_packages(ignore) using defaults
[1.675s] Level 1:colcon.colcon_core.package_discovery:discover_packages(path) discover
[1.675s] Level 1:colcon.colcon_core.package_discovery:discover_packages(path) using defaults
[1.766s] Level 1:colcon.colcon_core.package_discovery:discover_packages(prefix_path) check parameters
[1.766s] Level 1:colcon.colcon_core.package_discovery:discover_packages(prefix_path) discover
[1.782s] DEBUG:colcon.colcon_installed_package_information.package_discovery:Found 2 installed packages in /home/xplore/Desktop/main_HD_workspace/2023/ros2_ws/install
[1.799s] DEBUG:colcon.colcon_installed_package_information.package_discovery:Found 376 installed packages in /opt/ros/foxy
[1.810s] Level 1:colcon.colcon_core.package_discovery:discover_packages(prefix_path) using defaults
[2.148s] Level 5:colcon.colcon_core.verb:set package 'interfaces' build argument 'cmake_args' from command line to 'None'
[2.148s] Level 5:colcon.colcon_core.verb:set package 'interfaces' build argument 'cmake_target' from command line to 'None'
[2.148s] Level 5:colcon.colcon_core.verb:set package 'interfaces' build argument 'cmake_target_skip_unavailable' from command line to 'False'
[2.148s] Level 5:colcon.colcon_core.verb:set package 'interfaces' build argument 'cmake_clean_cache' from command line to 'False'
[2.148s] Level 5:colcon.colcon_core.verb:set package 'interfaces' build argument 'cmake_clean_first' from command line to 'False'
[2.148s] Level 5:colcon.colcon_core.verb:set package 'interfaces' build argument 'cmake_force_configure' from command line to 'False'
[2.149s] Level 5:colcon.colcon_core.verb:set package 'interfaces' build argument 'ament_cmake_args' from command line to 'None'
[2.149s] Level 5:colcon.colcon_core.verb:set package 'interfaces' build argument 'catkin_cmake_args' from command line to 'None'
[2.149s] Level 5:colcon.colcon_core.verb:set package 'interfaces' build argument 'catkin_skip_building_tests' from command line to 'False'
[2.149s] DEBUG:colcon.colcon_core.verb:Building package 'interfaces' with the following arguments: {'ament_cmake_args': None, 'build_base': '/home/xplore/Desktop/main_HD_workspace/2023/ros2_ws/build/interfaces', 'catkin_cmake_args': None, 'catkin_skip_building_tests': False, 'cmake_args': None, 'cmake_clean_cache': False, 'cmake_clean_first': False, 'cmake_force_configure': False, 'cmake_target': None, 'cmake_target_skip_unavailable': False, 'install_base': '/home/xplore/Desktop/main_HD_workspace/2023/ros2_ws/install/interfaces', 'merge_install': False, 'path': '/home/xplore/Desktop/main_HD_workspace/2023/ros2_ws/src/interfaces', 'symlink_install': False, 'test_result_base': None}
[2.155s] Level 5:colcon.colcon_core.verb:set package 'vision' build argument 'cmake_args' from command line to 'None'
[2.156s] Level 5:colcon.colcon_core.verb:set package 'vision' build argument 'cmake_target' from command line to 'None'
[2.156s] Level 5:colcon.colcon_core.verb:set package 'vision' build argument 'cmake_target_skip_unavailable' from command line to 'False'
[2.156s] Level 5:colcon.colcon_core.verb:set package 'vision' build argument 'cmake_clean_cache' from command line to 'False'
[2.156s] Level 5:colcon.colcon_core.verb:set package 'vision' build argument 'cmake_clean_first' from command line to 'False'
[2.156s] Level 5:colcon.colcon_core.verb:set package 'vision' build argument 'cmake_force_configure' from command line to 'False'
[2.157s] Level 5:colcon.colcon_core.verb:set package 'vision' build argument 'ament_cmake_args' from command line to 'None'
[2.157s] Level 5:colcon.colcon_core.verb:set package 'vision' build argument 'catkin_cmake_args' from command line to 'None'
[2.157s] Level 5:colcon.colcon_core.verb:set package 'vision' build argument 'catkin_skip_building_tests' from command line to 'False'
[2.157s] DEBUG:colcon.colcon_core.verb:Building package 'vision' with the following arguments: {'ament_cmake_args': None, 'build_base': '/home/xplore/Desktop/main_HD_workspace/2023/ros2_ws/build/vision', 'catkin_cmake_args': None, 'catkin_skip_building_tests': False, 'cmake_args': None, 'cmake_clean_cache': False, 'cmake_clean_first': False, 'cmake_force_configure': False, 'cmake_target': None, 'cmake_target_skip_unavailable': False, 'install_base': '/home/xplore/Desktop/main_HD_workspace/2023/ros2_ws/install/vision', 'merge_install': False, 'path': '/home/xplore/Desktop/main_HD_workspace/2023/ros2_ws/src/vision', 'symlink_install': False, 'test_result_base': None}
[2.164s] INFO:colcon.colcon_core.executor:Executing jobs using 'parallel' executor
[2.192s] DEBUG:colcon.colcon_parallel_executor.executor.parallel:run_until_complete
[2.193s] INFO:colcon.colcon_ros.task.ament_cmake.build:Building ROS package in '/home/xplore/Desktop/main_HD_workspace/2023/ros2_ws/src/interfaces' with build type 'ament_cmake'
[2.194s] INFO:colcon.colcon_cmake.task.cmake.build:Building CMake package in '/home/xplore/Desktop/main_HD_workspace/2023/ros2_ws/src/interfaces'
[2.232s] INFO:colcon.colcon_core.plugin_system:Skipping extension 'colcon_core.shell.bat': Not used on non-Windows systems
[2.233s] INFO:colcon.colcon_core.shell:Skip shell extension 'powershell' for command environment: Not usable outside of PowerShell
[2.233s] DEBUG:colcon.colcon_core.shell:Skip shell extension 'dsv' for command environment
[2.312s] DEBUG:colcon.colcon_core.event_handler.log_command:Invoking command in '/home/xplore/Desktop/main_HD_workspace/2023/ros2_ws/build/interfaces': CMAKE_PREFIX_PATH=${CMAKE_PREFIX_PATH}:/home/xplore/Desktop/main_HD_workspace/2023/ros2_ws/install/vision:/opt/ros/foxy /usr/bin/cmake --build /home/xplore/Desktop/main_HD_workspace/2023/ros2_ws/build/interfaces -- -j4 -l4
[3.428s] DEBUG:colcon.colcon_core.event_handler.log_command:Invoked command in '/home/xplore/Desktop/main_HD_workspace/2023/ros2_ws/build/interfaces' returned '0': CMAKE_PREFIX_PATH=${CMAKE_PREFIX_PATH}:/home/xplore/Desktop/main_HD_workspace/2023/ros2_ws/install/vision:/opt/ros/foxy /usr/bin/cmake --build /home/xplore/Desktop/main_HD_workspace/2023/ros2_ws/build/interfaces -- -j4 -l4
[3.743s] DEBUG:colcon.colcon_core.event_handler.log_command:Invoking command in '/home/xplore/Desktop/main_HD_workspace/2023/ros2_ws/build/interfaces': CMAKE_PREFIX_PATH=${CMAKE_PREFIX_PATH}:/home/xplore/Desktop/main_HD_workspace/2023/ros2_ws/install/vision:/opt/ros/foxy /usr/bin/cmake --install /home/xplore/Desktop/main_HD_workspace/2023/ros2_ws/build/interfaces
[4.032s] Level 1:colcon.colcon_core.environment:create_environment_scripts_only(interfaces)
[4.048s] DEBUG:colcon.colcon_core.event_handler.log_command:Invoked command in '/home/xplore/Desktop/main_HD_workspace/2023/ros2_ws/build/interfaces' returned '0': CMAKE_PREFIX_PATH=${CMAKE_PREFIX_PATH}:/home/xplore/Desktop/main_HD_workspace/2023/ros2_ws/install/vision:/opt/ros/foxy /usr/bin/cmake --install /home/xplore/Desktop/main_HD_workspace/2023/ros2_ws/build/interfaces
[4.073s] Level 1:colcon.colcon_core.environment:checking '/home/xplore/Desktop/main_HD_workspace/2023/ros2_ws/install/interfaces' for CMake module files
[4.076s] Level 1:colcon.colcon_core.environment:checking '/home/xplore/Desktop/main_HD_workspace/2023/ros2_ws/install/interfaces' for CMake config files
[4.078s] Level 1:colcon.colcon_core.shell:create_environment_hook('interfaces', 'cmake_prefix_path')
[4.087s] INFO:colcon.colcon_core.shell:Creating environment hook '/home/xplore/Desktop/main_HD_workspace/2023/ros2_ws/install/interfaces/share/interfaces/hook/cmake_prefix_path.ps1'
[4.091s] INFO:colcon.colcon_core.shell:Creating environment descriptor '/home/xplore/Desktop/main_HD_workspace/2023/ros2_ws/install/interfaces/share/interfaces/hook/cmake_prefix_path.dsv'
[4.093s] INFO:colcon.colcon_core.shell:Creating environment hook '/home/xplore/Desktop/main_HD_workspace/2023/ros2_ws/install/interfaces/share/interfaces/hook/cmake_prefix_path.sh'
[4.096s] Level 1:colcon.colcon_core.environment:checking '/home/xplore/Desktop/main_HD_workspace/2023/ros2_ws/install/interfaces/lib'
[4.097s] Level 1:colcon.colcon_core.shell:create_environment_hook('interfaces', 'ld_library_path_lib')
[4.106s] INFO:colcon.colcon_core.shell:Creating environment hook '/home/xplore/Desktop/main_HD_workspace/2023/ros2_ws/install/interfaces/share/interfaces/hook/ld_library_path_lib.ps1'
[4.108s] INFO:colcon.colcon_core.shell:Creating environment descriptor '/home/xplore/Desktop/main_HD_workspace/2023/ros2_ws/install/interfaces/share/interfaces/hook/ld_library_path_lib.dsv'
[4.110s] INFO:colcon.colcon_core.shell:Creating environment hook '/home/xplore/Desktop/main_HD_workspace/2023/ros2_ws/install/interfaces/share/interfaces/hook/ld_library_path_lib.sh'
[4.112s] Level 1:colcon.colcon_core.environment:checking '/home/xplore/Desktop/main_HD_workspace/2023/ros2_ws/install/interfaces/bin'
[4.112s] Level 1:colcon.colcon_core.environment:checking '/home/xplore/Desktop/main_HD_workspace/2023/ros2_ws/install/interfaces/lib/pkgconfig/interfaces.pc'
[4.113s] Level 1:colcon.colcon_core.environment:checking '/home/xplore/Desktop/main_HD_workspace/2023/ros2_ws/install/interfaces/lib/python3.8/site-packages'
[4.114s] Level 1:colcon.colcon_core.shell:create_environment_hook('interfaces', 'pythonpath')
[4.123s] INFO:colcon.colcon_core.shell:Creating environment hook '/home/xplore/Desktop/main_HD_workspace/2023/ros2_ws/install/interfaces/share/interfaces/hook/pythonpath.ps1'
[4.125s] INFO:colcon.colcon_core.shell:Creating environment descriptor '/home/xplore/Desktop/main_HD_workspace/2023/ros2_ws/install/interfaces/share/interfaces/hook/pythonpath.dsv'
[4.127s] INFO:colcon.colcon_core.shell:Creating environment hook '/home/xplore/Desktop/main_HD_workspace/2023/ros2_ws/install/interfaces/share/interfaces/hook/pythonpath.sh'
[4.130s] Level 1:colcon.colcon_core.environment:checking '/home/xplore/Desktop/main_HD_workspace/2023/ros2_ws/install/interfaces/bin'
[4.140s] INFO:colcon.colcon_core.shell:Creating package script '/home/xplore/Desktop/main_HD_workspace/2023/ros2_ws/install/interfaces/share/interfaces/package.ps1'
[4.144s] INFO:colcon.colcon_core.shell:Creating package descriptor '/home/xplore/Desktop/main_HD_workspace/2023/ros2_ws/install/interfaces/share/interfaces/package.dsv'
[4.147s] INFO:colcon.colcon_core.shell:Creating package script '/home/xplore/Desktop/main_HD_workspace/2023/ros2_ws/install/interfaces/share/interfaces/package.sh'
[4.150s] INFO:colcon.colcon_core.shell:Creating package script '/home/xplore/Desktop/main_HD_workspace/2023/ros2_ws/install/interfaces/share/interfaces/package.bash'
[4.153s] INFO:colcon.colcon_core.shell:Creating package script '/home/xplore/Desktop/main_HD_workspace/2023/ros2_ws/install/interfaces/share/interfaces/package.zsh'
[4.156s] Level 1:colcon.colcon_core.environment:create_file_with_runtime_dependencies(/home/xplore/Desktop/main_HD_workspace/2023/ros2_ws/install/interfaces/share/colcon-core/packages/interfaces)
[4.440s] Level 1:colcon.colcon_core.environment:create_environment_scripts_only(interfaces)
[4.459s] Level 1:colcon.colcon_core.environment:checking '/home/xplore/Desktop/main_HD_workspace/2023/ros2_ws/install/interfaces' for CMake module files
[4.462s] Level 1:colcon.colcon_core.environment:checking '/home/xplore/Desktop/main_HD_workspace/2023/ros2_ws/install/interfaces' for CMake config files
[4.464s] Level 1:colcon.colcon_core.shell:create_environment_hook('interfaces', 'cmake_prefix_path')
[4.474s] INFO:colcon.colcon_core.shell:Creating environment hook '/home/xplore/Desktop/main_HD_workspace/2023/ros2_ws/install/interfaces/share/interfaces/hook/cmake_prefix_path.ps1'
[4.477s] INFO:colcon.colcon_core.shell:Creating environment descriptor '/home/xplore/Desktop/main_HD_workspace/2023/ros2_ws/install/interfaces/share/interfaces/hook/cmake_prefix_path.dsv'
[4.479s] INFO:colcon.colcon_core.shell:Creating environment hook '/home/xplore/Desktop/main_HD_workspace/2023/ros2_ws/install/interfaces/share/interfaces/hook/cmake_prefix_path.sh'
[4.483s] Level 1:colcon.colcon_core.environment:checking '/home/xplore/Desktop/main_HD_workspace/2023/ros2_ws/install/interfaces/lib'
[4.483s] Level 1:colcon.colcon_core.shell:create_environment_hook('interfaces', 'ld_library_path_lib')
[4.493s] INFO:colcon.colcon_core.shell:Creating environment hook '/home/xplore/Desktop/main_HD_workspace/2023/ros2_ws/install/interfaces/share/interfaces/hook/ld_library_path_lib.ps1'
[4.495s] INFO:colcon.colcon_core.shell:Creating environment descriptor '/home/xplore/Desktop/main_HD_workspace/2023/ros2_ws/install/interfaces/share/interfaces/hook/ld_library_path_lib.dsv'
[4.497s] INFO:colcon.colcon_core.shell:Creating environment hook '/home/xplore/Desktop/main_HD_workspace/2023/ros2_ws/install/interfaces/share/interfaces/hook/ld_library_path_lib.sh'
[4.499s] Level 1:colcon.colcon_core.environment:checking '/home/xplore/Desktop/main_HD_workspace/2023/ros2_ws/install/interfaces/bin'
[4.500s] Level 1:colcon.colcon_core.environment:checking '/home/xplore/Desktop/main_HD_workspace/2023/ros2_ws/install/interfaces/lib/pkgconfig/interfaces.pc'
[4.501s] Level 1:colcon.colcon_core.environment:checking '/home/xplore/Desktop/main_HD_workspace/2023/ros2_ws/install/interfaces/lib/python3.8/site-packages'
[4.502s] Level 1:colcon.colcon_core.shell:create_environment_hook('interfaces', 'pythonpath')
[4.511s] INFO:colcon.colcon_core.shell:Creating environment hook '/home/xplore/Desktop/main_HD_workspace/2023/ros2_ws/install/interfaces/share/interfaces/hook/pythonpath.ps1'
[4.514s] INFO:colcon.colcon_core.shell:Creating environment descriptor '/home/xplore/Desktop/main_HD_workspace/2023/ros2_ws/install/interfaces/share/interfaces/hook/pythonpath.dsv'
[4.516s] INFO:colcon.colcon_core.shell:Creating environment hook '/home/xplore/Desktop/main_HD_workspace/2023/ros2_ws/install/interfaces/share/interfaces/hook/pythonpath.sh'
[4.521s] Level 1:colcon.colcon_core.environment:checking '/home/xplore/Desktop/main_HD_workspace/2023/ros2_ws/install/interfaces/bin'
[4.532s] INFO:colcon.colcon_core.shell:Creating package script '/home/xplore/Desktop/main_HD_workspace/2023/ros2_ws/install/interfaces/share/interfaces/package.ps1'
[4.536s] INFO:colcon.colcon_core.shell:Creating package descriptor '/home/xplore/Desktop/main_HD_workspace/2023/ros2_ws/install/interfaces/share/interfaces/package.dsv'
[4.538s] INFO:colcon.colcon_core.shell:Creating package script '/home/xplore/Desktop/main_HD_workspace/2023/ros2_ws/install/interfaces/share/interfaces/package.sh'
[4.542s] INFO:colcon.colcon_core.shell:Creating package script '/home/xplore/Desktop/main_HD_workspace/2023/ros2_ws/install/interfaces/share/interfaces/package.bash'
[4.544s] INFO:colcon.colcon_core.shell:Creating package script '/home/xplore/Desktop/main_HD_workspace/2023/ros2_ws/install/interfaces/share/interfaces/package.zsh'
[4.546s] Level 1:colcon.colcon_core.environment:create_file_with_runtime_dependencies(/home/xplore/Desktop/main_HD_workspace/2023/ros2_ws/install/interfaces/share/colcon-core/packages/interfaces)
[4.548s] INFO:colcon.colcon_ros.task.ament_python.build:Building ROS package in '/home/xplore/Desktop/main_HD_workspace/2023/ros2_ws/src/vision' with build type 'ament_python'
[4.551s] Level 1:colcon.colcon_core.shell:create_environment_hook('vision', 'ament_prefix_path')
[4.562s] INFO:colcon.colcon_core.shell:Creating environment hook '/home/xplore/Desktop/main_HD_workspace/2023/ros2_ws/install/vision/share/vision/hook/ament_prefix_path.ps1'
[4.567s] INFO:colcon.colcon_core.shell:Creating environment descriptor '/home/xplore/Desktop/main_HD_workspace/2023/ros2_ws/install/vision/share/vision/hook/ament_prefix_path.dsv'
[4.569s] INFO:colcon.colcon_core.shell:Creating environment hook '/home/xplore/Desktop/main_HD_workspace/2023/ros2_ws/install/vision/share/vision/hook/ament_prefix_path.sh'
[4.580s] INFO:colcon.colcon_core.shell:Skip shell extension 'powershell' for command environment: Not usable outside of PowerShell
[4.580s] DEBUG:colcon.colcon_core.shell:Skip shell extension 'dsv' for command environment
[5.839s] INFO:colcon.colcon_core.task.python.build:Building Python package in '/home/xplore/Desktop/main_HD_workspace/2023/ros2_ws/src/vision'
[5.865s] INFO:colcon.colcon_core.shell:Skip shell extension 'powershell' for command environment: Not usable outside of PowerShell
[5.865s] DEBUG:colcon.colcon_core.shell:Skip shell extension 'dsv' for command environment
[8.656s] DEBUG:colcon.colcon_core.event_handler.log_command:Invoking command in '/home/xplore/Desktop/main_HD_workspace/2023/ros2_ws/src/vision': LD_LIBRARY_PATH=/home/xplore/Desktop/main_HD_workspace/2023/ros2_ws/install/interfaces/lib:/usr/lib/aarch64-linux-gnu/gazebo-11/plugins:/opt/ros/foxy/opt/yaml_cpp_vendor/lib:/opt/ros/foxy/opt/rviz_ogre_vendor/lib:/opt/ros/foxy/lib/aarch64-linux-gnu:/opt/ros/foxy/lib:/usr/local/cuda-11.4/lib64 PYTHONPATH=/home/xplore/Desktop/main_HD_workspace/2023/ros2_ws/build/vision/prefix_override:/home/xplore/Desktop/main_HD_workspace/2023/ros2_ws/install/vision/lib/python3.8/site-packages:/home/xplore/Desktop/main_HD_workspace/2023/ros2_ws/install/interfaces/lib/python3.8/site-packages:/home/xplore/Desktop/main_HD_workspace/2023/ros2_ws/install/vision/lib/python3.8/site-packages:/opt/ros/foxy/lib/python3.8/site-packages:/usr/local/lib:/usr/local/lib/python3.8/pyrealsense2:/usr/lib/python2.7/dist-packages/pyrealsense2 /usr/bin/python3 setup.py egg_info --egg-base ../../build/vision build --build-base /home/xplore/Desktop/main_HD_workspace/2023/ros2_ws/build/vision/build install --record /home/xplore/Desktop/main_HD_workspace/2023/ros2_ws/build/vision/install.log --single-version-externally-managed
[10.496s] DEBUG:colcon.colcon_core.event_handler.log_command:Invoked command in '/home/xplore/Desktop/main_HD_workspace/2023/ros2_ws/src/vision' returned '0': LD_LIBRARY_PATH=/home/xplore/Desktop/main_HD_workspace/2023/ros2_ws/install/interfaces/lib:/usr/lib/aarch64-linux-gnu/gazebo-11/plugins:/opt/ros/foxy/opt/yaml_cpp_vendor/lib:/opt/ros/foxy/opt/rviz_ogre_vendor/lib:/opt/ros/foxy/lib/aarch64-linux-gnu:/opt/ros/foxy/lib:/usr/local/cuda-11.4/lib64 PYTHONPATH=/home/xplore/Desktop/main_HD_workspace/2023/ros2_ws/build/vision/prefix_override:/home/xplore/Desktop/main_HD_workspace/2023/ros2_ws/install/vision/lib/python3.8/site-packages:/home/xplore/Desktop/main_HD_workspace/2023/ros2_ws/install/interfaces/lib/python3.8/site-packages:/home/xplore/Desktop/main_HD_workspace/2023/ros2_ws/install/vision/lib/python3.8/site-packages:/opt/ros/foxy/lib/python3.8/site-packages:/usr/local/lib:/usr/local/lib/python3.8/pyrealsense2:/usr/lib/python2.7/dist-packages/pyrealsense2 /usr/bin/python3 setup.py egg_info --egg-base ../../build/vision build --build-base /home/xplore/Desktop/main_HD_workspace/2023/ros2_ws/build/vision/build install --record /home/xplore/Desktop/main_HD_workspace/2023/ros2_ws/build/vision/install.log --single-version-externally-managed
[10.509s] Level 1:colcon.colcon_core.environment:checking '/home/xplore/Desktop/main_HD_workspace/2023/ros2_ws/install/vision' for CMake module files
[10.513s] Level 1:colcon.colcon_core.environment:checking '/home/xplore/Desktop/main_HD_workspace/2023/ros2_ws/install/vision' for CMake config files
[10.518s] Level 1:colcon.colcon_core.environment:checking '/home/xplore/Desktop/main_HD_workspace/2023/ros2_ws/install/vision/lib'
[10.519s] Level 1:colcon.colcon_core.environment:checking '/home/xplore/Desktop/main_HD_workspace/2023/ros2_ws/install/vision/bin'
[10.520s] Level 1:colcon.colcon_core.environment:checking '/home/xplore/Desktop/main_HD_workspace/2023/ros2_ws/install/vision/lib/pkgconfig/vision.pc'
[10.521s] Level 1:colcon.colcon_core.environment:checking '/home/xplore/Desktop/main_HD_workspace/2023/ros2_ws/install/vision/lib/python3.8/site-packages'
[10.522s] Level 1:colcon.colcon_core.shell:create_environment_hook('vision', 'pythonpath')
[10.534s] INFO:colcon.colcon_core.shell:Creating environment hook '/home/xplore/Desktop/main_HD_workspace/2023/ros2_ws/install/vision/share/vision/hook/pythonpath.ps1'
[10.539s] INFO:colcon.colcon_core.shell:Creating environment descriptor '/home/xplore/Desktop/main_HD_workspace/2023/ros2_ws/install/vision/share/vision/hook/pythonpath.dsv'
[10.542s] INFO:colcon.colcon_core.shell:Creating environment hook '/home/xplore/Desktop/main_HD_workspace/2023/ros2_ws/install/vision/share/vision/hook/pythonpath.sh'
[10.546s] Level 1:colcon.colcon_core.environment:checking '/home/xplore/Desktop/main_HD_workspace/2023/ros2_ws/install/vision/bin'
[10.547s] Level 1:colcon.colcon_core.environment:create_environment_scripts_only(vision)
[10.573s] INFO:colcon.colcon_core.shell:Creating package script '/home/xplore/Desktop/main_HD_workspace/2023/ros2_ws/install/vision/share/vision/package.ps1'
[10.577s] INFO:colcon.colcon_core.shell:Creating package descriptor '/home/xplore/Desktop/main_HD_workspace/2023/ros2_ws/install/vision/share/vision/package.dsv'
[10.587s] INFO:colcon.colcon_core.shell:Creating package script '/home/xplore/Desktop/main_HD_workspace/2023/ros2_ws/install/vision/share/vision/package.sh'
[10.599s] INFO:colcon.colcon_core.shell:Creating package script '/home/xplore/Desktop/main_HD_workspace/2023/ros2_ws/install/vision/share/vision/package.bash'
[10.607s] INFO:colcon.colcon_core.shell:Creating package script '/home/xplore/Desktop/main_HD_workspace/2023/ros2_ws/install/vision/share/vision/package.zsh'
[10.619s] Level 1:colcon.colcon_core.environment:create_file_with_runtime_dependencies(/home/xplore/Desktop/main_HD_workspace/2023/ros2_ws/install/vision/share/colcon-core/packages/vision)
[10.625s] DEBUG:colcon.colcon_parallel_executor.executor.parallel:closing loop
[10.637s] DEBUG:colcon.colcon_parallel_executor.executor.parallel:loop closed
[10.639s] DEBUG:colcon.colcon_parallel_executor.executor.parallel:run_until_complete finished with '0'
[10.640s] DEBUG:colcon.colcon_core.event_reactor:joining thread
[10.718s] INFO:colcon.colcon_core.plugin_system:Skipping extension 'colcon_notification.desktop_notification.terminal_notifier': Not used on non-Darwin systems
[10.718s] INFO:colcon.colcon_core.plugin_system:Skipping extension 'colcon_notification.desktop_notification.win32': Not used on non-Windows systems
[10.718s] INFO:colcon.colcon_notification.desktop_notification:Sending desktop notification using 'notify2'
[10.802s] DEBUG:colcon.colcon_core.event_reactor:joined thread
[10.819s] INFO:colcon.colcon_core.shell:Creating prefix script '/home/xplore/Desktop/main_HD_workspace/2023/ros2_ws/install/local_setup.ps1'
[10.823s] INFO:colcon.colcon_core.shell:Creating prefix util module '/home/xplore/Desktop/main_HD_workspace/2023/ros2_ws/install/_local_setup_util_ps1.py'
[10.828s] INFO:colcon.colcon_core.shell:Creating prefix chain script '/home/xplore/Desktop/main_HD_workspace/2023/ros2_ws/install/setup.ps1'
[10.841s] INFO:colcon.colcon_core.shell:Creating prefix script '/home/xplore/Desktop/main_HD_workspace/2023/ros2_ws/install/local_setup.sh'
[10.844s] INFO:colcon.colcon_core.shell:Creating prefix util module '/home/xplore/Desktop/main_HD_workspace/2023/ros2_ws/install/_local_setup_util_sh.py'
[10.846s] INFO:colcon.colcon_core.shell:Creating prefix chain script '/home/xplore/Desktop/main_HD_workspace/2023/ros2_ws/install/setup.sh'
[10.858s] INFO:colcon.colcon_core.shell:Creating prefix script '/home/xplore/Desktop/main_HD_workspace/2023/ros2_ws/install/local_setup.bash'
[10.862s] INFO:colcon.colcon_core.shell:Creating prefix chain script '/home/xplore/Desktop/main_HD_workspace/2023/ros2_ws/install/setup.bash'
[10.871s] INFO:colcon.colcon_core.shell:Creating prefix script '/home/xplore/Desktop/main_HD_workspace/2023/ros2_ws/install/local_setup.zsh'
[10.873s] INFO:colcon.colcon_core.shell:Creating prefix chain script '/home/xplore/Desktop/main_HD_workspace/2023/ros2_ws/install/setup.zsh'
