-- Install configuration: ""
-- Up-to-date: /home/matthias/xplore2023/hd_ws/install/astra_moveit_config_new/share/ament_index/resource_index/package_run_dependencies/astra_moveit_config_new
-- Up-to-date: /home/matthias/xplore2023/hd_ws/install/astra_moveit_config_new/share/ament_index/resource_index/parent_prefix_path/astra_moveit_config_new
-- Up-to-date: /home/matthias/xplore2023/hd_ws/install/astra_moveit_config_new/share/astra_moveit_config_new/environment/ament_prefix_path.sh
-- Up-to-date: /home/matthias/xplore2023/hd_ws/install/astra_moveit_config_new/share/astra_moveit_config_new/environment/ament_prefix_path.dsv
-- Up-to-date: /home/matthias/xplore2023/hd_ws/install/astra_moveit_config_new/share/astra_moveit_config_new/environment/path.sh
-- Up-to-date: /home/matthias/xplore2023/hd_ws/install/astra_moveit_config_new/share/astra_moveit_config_new/environment/path.dsv
-- Up-to-date: /home/matthias/xplore2023/hd_ws/install/astra_moveit_config_new/share/astra_moveit_config_new/local_setup.bash
-- Up-to-date: /home/matthias/xplore2023/hd_ws/install/astra_moveit_config_new/share/astra_moveit_config_new/local_setup.sh
-- Up-to-date: /home/matthias/xplore2023/hd_ws/install/astra_moveit_config_new/share/astra_moveit_config_new/local_setup.zsh
-- Up-to-date: /home/matthias/xplore2023/hd_ws/install/astra_moveit_config_new/share/astra_moveit_config_new/local_setup.dsv
-- Installing: /home/matthias/xplore2023/hd_ws/install/astra_moveit_config_new/share/astra_moveit_config_new/package.dsv
-- Up-to-date: /home/matthias/xplore2023/hd_ws/install/astra_moveit_config_new/share/ament_index/resource_index/packages/astra_moveit_config_new
-- Up-to-date: /home/matthias/xplore2023/hd_ws/install/astra_moveit_config_new/share/astra_moveit_config_new/cmake/astra_moveit_config_newConfig.cmake
-- Up-to-date: /home/matthias/xplore2023/hd_ws/install/astra_moveit_config_new/share/astra_moveit_config_new/cmake/astra_moveit_config_newConfig-version.cmake
-- Up-to-date: /home/matthias/xplore2023/hd_ws/install/astra_moveit_config_new/share/astra_moveit_config_new/package.xml
-- Up-to-date: /home/matthias/xplore2023/hd_ws/install/astra_moveit_config_new/share/astra_moveit_config_new/launch
-- Up-to-date: /home/matthias/xplore2023/hd_ws/install/astra_moveit_config_new/share/astra_moveit_config_new/launch/spawn_controllers.launch.py
-- Up-to-date: /home/matthias/xplore2023/hd_ws/install/astra_moveit_config_new/share/astra_moveit_config_new/launch/demo.launch.py
-- Up-to-date: /home/matthias/xplore2023/hd_ws/install/astra_moveit_config_new/share/astra_moveit_config_new/launch/rsp.launch.py
-- Up-to-date: /home/matthias/xplore2023/hd_ws/install/astra_moveit_config_new/share/astra_moveit_config_new/launch/setup_assistant.launch.py
-- Up-to-date: /home/matthias/xplore2023/hd_ws/install/astra_moveit_config_new/share/astra_moveit_config_new/launch/static_virtual_joint_tfs.launch.py
-- Up-to-date: /home/matthias/xplore2023/hd_ws/install/astra_moveit_config_new/share/astra_moveit_config_new/launch/moveit_rviz.launch.py
-- Up-to-date: /home/matthias/xplore2023/hd_ws/install/astra_moveit_config_new/share/astra_moveit_config_new/launch/warehouse_db.launch.py
-- Up-to-date: /home/matthias/xplore2023/hd_ws/install/astra_moveit_config_new/share/astra_moveit_config_new/launch/move_group.launch.py
-- Up-to-date: /home/matthias/xplore2023/hd_ws/install/astra_moveit_config_new/share/astra_moveit_config_new/config
-- Up-to-date: /home/matthias/xplore2023/hd_ws/install/astra_moveit_config_new/share/astra_moveit_config_new/config/astra.srdf
-- Up-to-date: /home/matthias/xplore2023/hd_ws/install/astra_moveit_config_new/share/astra_moveit_config_new/config/kinematics.yaml
-- Up-to-date: /home/matthias/xplore2023/hd_ws/install/astra_moveit_config_new/share/astra_moveit_config_new/config/joint_limits.yaml
-- Up-to-date: /home/matthias/xplore2023/hd_ws/install/astra_moveit_config_new/share/astra_moveit_config_new/config/moveit.rviz
-- Up-to-date: /home/matthias/xplore2023/hd_ws/install/astra_moveit_config_new/share/astra_moveit_config_new/config/pilz_cartesian_limits.yaml
-- Up-to-date: /home/matthias/xplore2023/hd_ws/install/astra_moveit_config_new/share/astra_moveit_config_new/config/initial_positions.yaml
-- Installing: /home/matthias/xplore2023/hd_ws/install/astra_moveit_config_new/share/astra_moveit_config_new/config/moveit_controllers.yaml
-- Up-to-date: /home/matthias/xplore2023/hd_ws/install/astra_moveit_config_new/share/astra_moveit_config_new/config/ros2_controllers.yaml
-- Up-to-date: /home/matthias/xplore2023/hd_ws/install/astra_moveit_config_new/share/astra_moveit_config_new/config/astra.ros2_control.xacro
-- Up-to-date: /home/matthias/xplore2023/hd_ws/install/astra_moveit_config_new/share/astra_moveit_config_new/config/astra.urdf.xacro
-- Up-to-date: /home/matthias/xplore2023/hd_ws/install/astra_moveit_config_new/share/astra_moveit_config_new/.setup_assistant
