[0.052s] Invoking command in '/home/matthias/xplore2023/hd_ws/build/astra_moveit_config_new': CMAKE_PREFIX_PATH=/home/matthias/xplore2023/hd_ws/install/astra_description:/home/matthias/xplore2023/hd_ws/install/tttt:/home/matthias/xplore2023/hd_ws/install/moveit_api_test:/home/matthias/xplore2023/hd_ws/install/hw_interface:/home/matthias/xplore2023/hd_ws/install/astra_moveit_config:/home/matthias/xplore2023/hd_ws/install/astra_interfaces:/home/matthias/xplore2023/hd_ws/install/task_execution:/home/matthias/xplore2023/hd_ws/install/manager:/opt/ros/humble /usr/bin/cmake /home/matthias/xplore2023/hd_ws/src/control/astra_moveit_config_new -DCMAKE_INSTALL_PREFIX=/home/matthias/xplore2023/hd_ws/install/astra_moveit_config_new
[0.155s] -- The C compiler identification is GNU 11.3.0
[0.208s] -- The CXX compiler identification is GNU 11.3.0
[0.218s] -- Detecting C compiler ABI info
[0.282s] -- Detecting C compiler ABI info - done
[0.289s] -- Check for working C compiler: /usr/bin/cc - skipped
[0.289s] -- Detecting C compile features
[0.290s] -- Detecting C compile features - done
[0.294s] -- Detecting CXX compiler ABI info
[0.365s] -- Detecting CXX compiler ABI info - done
[0.372s] -- Check for working CXX compiler: /usr/bin/c++ - skipped
[0.372s] -- Detecting CXX compile features
[0.373s] -- Detecting CXX compile features - done
[0.384s] -- Found ament_cmake: 1.3.3 (/opt/ros/humble/share/ament_cmake/cmake)
[0.561s] -- Found Python3: /usr/bin/python3.10 (found version "3.10.6") found components: Interpreter 
[0.831s] -- Configuring done
[0.834s] -- Generating done
[0.834s] -- Build files have been written to: /home/matthias/xplore2023/hd_ws/build/astra_moveit_config_new
[0.838s] Invoked command in '/home/matthias/xplore2023/hd_ws/build/astra_moveit_config_new' returned '0': CMAKE_PREFIX_PATH=/home/matthias/xplore2023/hd_ws/install/astra_description:/home/matthias/xplore2023/hd_ws/install/tttt:/home/matthias/xplore2023/hd_ws/install/moveit_api_test:/home/matthias/xplore2023/hd_ws/install/hw_interface:/home/matthias/xplore2023/hd_ws/install/astra_moveit_config:/home/matthias/xplore2023/hd_ws/install/astra_interfaces:/home/matthias/xplore2023/hd_ws/install/task_execution:/home/matthias/xplore2023/hd_ws/install/manager:/opt/ros/humble /usr/bin/cmake /home/matthias/xplore2023/hd_ws/src/control/astra_moveit_config_new -DCMAKE_INSTALL_PREFIX=/home/matthias/xplore2023/hd_ws/install/astra_moveit_config_new
[0.839s] Invoking command in '/home/matthias/xplore2023/hd_ws/build/astra_moveit_config_new': CMAKE_PREFIX_PATH=/home/matthias/xplore2023/hd_ws/install/astra_description:/home/matthias/xplore2023/hd_ws/install/tttt:/home/matthias/xplore2023/hd_ws/install/moveit_api_test:/home/matthias/xplore2023/hd_ws/install/hw_interface:/home/matthias/xplore2023/hd_ws/install/astra_moveit_config:/home/matthias/xplore2023/hd_ws/install/astra_interfaces:/home/matthias/xplore2023/hd_ws/install/task_execution:/home/matthias/xplore2023/hd_ws/install/manager:/opt/ros/humble /usr/bin/cmake --build /home/matthias/xplore2023/hd_ws/build/astra_moveit_config_new -- -j12 -l12
[0.870s] Invoked command in '/home/matthias/xplore2023/hd_ws/build/astra_moveit_config_new' returned '0': CMAKE_PREFIX_PATH=/home/matthias/xplore2023/hd_ws/install/astra_description:/home/matthias/xplore2023/hd_ws/install/tttt:/home/matthias/xplore2023/hd_ws/install/moveit_api_test:/home/matthias/xplore2023/hd_ws/install/hw_interface:/home/matthias/xplore2023/hd_ws/install/astra_moveit_config:/home/matthias/xplore2023/hd_ws/install/astra_interfaces:/home/matthias/xplore2023/hd_ws/install/task_execution:/home/matthias/xplore2023/hd_ws/install/manager:/opt/ros/humble /usr/bin/cmake --build /home/matthias/xplore2023/hd_ws/build/astra_moveit_config_new -- -j12 -l12
[0.888s] Invoking command in '/home/matthias/xplore2023/hd_ws/build/astra_moveit_config_new': CMAKE_PREFIX_PATH=/home/matthias/xplore2023/hd_ws/install/astra_description:/home/matthias/xplore2023/hd_ws/install/tttt:/home/matthias/xplore2023/hd_ws/install/moveit_api_test:/home/matthias/xplore2023/hd_ws/install/hw_interface:/home/matthias/xplore2023/hd_ws/install/astra_moveit_config:/home/matthias/xplore2023/hd_ws/install/astra_interfaces:/home/matthias/xplore2023/hd_ws/install/task_execution:/home/matthias/xplore2023/hd_ws/install/manager:/opt/ros/humble /usr/bin/cmake --install /home/matthias/xplore2023/hd_ws/build/astra_moveit_config_new
[0.894s] -- Install configuration: ""
[0.894s] -- Installing: /home/matthias/xplore2023/hd_ws/install/astra_moveit_config_new/share/ament_index/resource_index/package_run_dependencies/astra_moveit_config_new
[0.894s] -- Installing: /home/matthias/xplore2023/hd_ws/install/astra_moveit_config_new/share/ament_index/resource_index/parent_prefix_path/astra_moveit_config_new
[0.895s] -- Installing: /home/matthias/xplore2023/hd_ws/install/astra_moveit_config_new/share/astra_moveit_config_new/environment/ament_prefix_path.sh
[0.895s] -- Installing: /home/matthias/xplore2023/hd_ws/install/astra_moveit_config_new/share/astra_moveit_config_new/environment/ament_prefix_path.dsv
[0.895s] -- Installing: /home/matthias/xplore2023/hd_ws/install/astra_moveit_config_new/share/astra_moveit_config_new/environment/path.sh
[0.895s] -- Installing: /home/matthias/xplore2023/hd_ws/install/astra_moveit_config_new/share/astra_moveit_config_new/environment/path.dsv
[0.895s] -- Installing: /home/matthias/xplore2023/hd_ws/install/astra_moveit_config_new/share/astra_moveit_config_new/local_setup.bash
[0.895s] -- Installing: /home/matthias/xplore2023/hd_ws/install/astra_moveit_config_new/share/astra_moveit_config_new/local_setup.sh
[0.895s] -- Installing: /home/matthias/xplore2023/hd_ws/install/astra_moveit_config_new/share/astra_moveit_config_new/local_setup.zsh
[0.895s] -- Installing: /home/matthias/xplore2023/hd_ws/install/astra_moveit_config_new/share/astra_moveit_config_new/local_setup.dsv
[0.896s] -- Installing: /home/matthias/xplore2023/hd_ws/install/astra_moveit_config_new/share/astra_moveit_config_new/package.dsv
[0.896s] -- Installing: /home/matthias/xplore2023/hd_ws/install/astra_moveit_config_new/share/ament_index/resource_index/packages/astra_moveit_config_new
[0.896s] -- Installing: /home/matthias/xplore2023/hd_ws/install/astra_moveit_config_new/share/astra_moveit_config_new/cmake/astra_moveit_config_newConfig.cmake
[0.896s] -- Installing: /home/matthias/xplore2023/hd_ws/install/astra_moveit_config_new/share/astra_moveit_config_new/cmake/astra_moveit_config_newConfig-version.cmake
[0.896s] -- Installing: /home/matthias/xplore2023/hd_ws/install/astra_moveit_config_new/share/astra_moveit_config_new/package.xml
[0.896s] -- Installing: /home/matthias/xplore2023/hd_ws/install/astra_moveit_config_new/share/astra_moveit_config_new/launch
[0.896s] -- Installing: /home/matthias/xplore2023/hd_ws/install/astra_moveit_config_new/share/astra_moveit_config_new/launch/spawn_controllers.launch.py
[0.896s] -- Installing: /home/matthias/xplore2023/hd_ws/install/astra_moveit_config_new/share/astra_moveit_config_new/launch/demo.launch.py
[0.896s] -- Installing: /home/matthias/xplore2023/hd_ws/install/astra_moveit_config_new/share/astra_moveit_config_new/launch/rsp.launch.py
[0.896s] -- Installing: /home/matthias/xplore2023/hd_ws/install/astra_moveit_config_new/share/astra_moveit_config_new/launch/setup_assistant.launch.py
[0.897s] -- Installing: /home/matthias/xplore2023/hd_ws/install/astra_moveit_config_new/share/astra_moveit_config_new/launch/static_virtual_joint_tfs.launch.py
[0.897s] -- Installing: /home/matthias/xplore2023/hd_ws/install/astra_moveit_config_new/share/astra_moveit_config_new/launch/moveit_rviz.launch.py
[0.897s] -- Installing: /home/matthias/xplore2023/hd_ws/install/astra_moveit_config_new/share/astra_moveit_config_new/launch/warehouse_db.launch.py
[0.897s] -- Installing: /home/matthias/xplore2023/hd_ws/install/astra_moveit_config_new/share/astra_moveit_config_new/launch/move_group.launch.py
[0.897s] -- Installing: /home/matthias/xplore2023/hd_ws/install/astra_moveit_config_new/share/astra_moveit_config_new/config
[0.897s] -- Installing: /home/matthias/xplore2023/hd_ws/install/astra_moveit_config_new/share/astra_moveit_config_new/config/astra.srdf
[0.897s] -- Installing: /home/matthias/xplore2023/hd_ws/install/astra_moveit_config_new/share/astra_moveit_config_new/config/kinematics.yaml
[0.897s] -- Installing: /home/matthias/xplore2023/hd_ws/install/astra_moveit_config_new/share/astra_moveit_config_new/config/joint_limits.yaml
[0.897s] -- Installing: /home/matthias/xplore2023/hd_ws/install/astra_moveit_config_new/share/astra_moveit_config_new/config/moveit.rviz
[0.897s] -- Installing: /home/matthias/xplore2023/hd_ws/install/astra_moveit_config_new/share/astra_moveit_config_new/config/pilz_cartesian_limits.yaml
[0.897s] -- Installing: /home/matthias/xplore2023/hd_ws/install/astra_moveit_config_new/share/astra_moveit_config_new/config/initial_positions.yaml
[0.898s] -- Installing: /home/matthias/xplore2023/hd_ws/install/astra_moveit_config_new/share/astra_moveit_config_new/config/moveit_controllers.yaml
[0.898s] -- Installing: /home/matthias/xplore2023/hd_ws/install/astra_moveit_config_new/share/astra_moveit_config_new/config/ros2_controllers.yaml
[0.898s] -- Installing: /home/matthias/xplore2023/hd_ws/install/astra_moveit_config_new/share/astra_moveit_config_new/config/astra.ros2_control.xacro
[0.898s] -- Installing: /home/matthias/xplore2023/hd_ws/install/astra_moveit_config_new/share/astra_moveit_config_new/config/astra.urdf.xacro
[0.898s] -- Installing: /home/matthias/xplore2023/hd_ws/install/astra_moveit_config_new/share/astra_moveit_config_new/.setup_assistant
[0.902s] Invoked command in '/home/matthias/xplore2023/hd_ws/build/astra_moveit_config_new' returned '0': CMAKE_PREFIX_PATH=/home/matthias/xplore2023/hd_ws/install/astra_description:/home/matthias/xplore2023/hd_ws/install/tttt:/home/matthias/xplore2023/hd_ws/install/moveit_api_test:/home/matthias/xplore2023/hd_ws/install/hw_interface:/home/matthias/xplore2023/hd_ws/install/astra_moveit_config:/home/matthias/xplore2023/hd_ws/install/astra_interfaces:/home/matthias/xplore2023/hd_ws/install/task_execution:/home/matthias/xplore2023/hd_ws/install/manager:/opt/ros/humble /usr/bin/cmake --install /home/matthias/xplore2023/hd_ws/build/astra_moveit_config_new
