-- The C compiler identification is GNU 9.4.0
-- The CXX compiler identification is GNU 9.4.0
-- Check for working C compiler: /usr/bin/cc
-- Check for working C compiler: /usr/bin/cc -- works
-- Detecting C compiler ABI info
-- Detecting C compiler ABI info - done
-- Detecting C compile features
-- Detecting C compile features - done
-- Check for working CXX compiler: /usr/bin/c++
-- Check for working CXX compiler: /usr/bin/c++ -- works
-- Detecting CXX compiler ABI info
-- Detecting CXX compiler ABI info - done
-- Detecting CXX compile features
-- Detecting CXX compile features - done
-- Found moveit_common: 2.2.3 (/opt/ros/foxy/share/moveit_common/cmake)
-- Found ament_cmake: 0.9.11 (/opt/ros/foxy/share/ament_cmake/cmake)
-- Found PythonInterp: /usr/bin/python3 (found suitable version "3.8.10", minimum required is "3") 
-- Using PYTHON_EXECUTABLE: /usr/bin/python3
moveit2_tutorials: You did not request a specific build type: Choosing 'Release' for maximum performance
-- Found Boost: /usr/lib/aarch64-linux-gnu/cmake/Boost-1.71.0/BoostConfig.cmake (found version "1.71.0") found components: system filesystem date_time thread 
-- Found control_msgs: 2.5.1 (/opt/ros/foxy/share/control_msgs/cmake)
-- Using all available rosidl_typesupport_c: rosidl_typesupport_fastrtps_c;rosidl_typesupport_introspection_c
-- Found rosidl_adapter: 1.3.0 (/opt/ros/foxy/share/rosidl_adapter/cmake)
-- Found OpenSSL: /usr/lib/aarch64-linux-gnu/libcrypto.so (found version "1.1.1f")  
-- Found FastRTPS: /opt/ros/foxy/include  
-- Using all available rosidl_typesupport_cpp: rosidl_typesupport_fastrtps_cpp;rosidl_typesupport_introspection_cpp
-- Found moveit_core: 2.2.3 (/opt/ros/foxy/share/moveit_core/cmake)
-- Found Boost: /usr/lib/aarch64-linux-gnu/cmake/Boost-1.71.0/BoostConfig.cmake (found version "1.71.0") found components: chrono date_time filesystem iostreams program_options regex serialization system thread 
-- Found Boost: /usr/lib/aarch64-linux-gnu/cmake/Boost-1.71.0/BoostConfig.cmake (found version "1.71.0") found components: filesystem 
-- Found rmw_implementation_cmake: 1.0.4 (/opt/ros/foxy/share/rmw_implementation_cmake/cmake)
-- Using RMW implementation 'rmw_cyclonedds_cpp' as default
-- Found Threads: TRUE  
-- library: /usr/lib/aarch64-linux-gnu/libcurl.so
-- Found Eigen3: TRUE (found version "3.3.7") 
-- Found moveit_ros_planning: 2.2.3 (/opt/ros/foxy/share/moveit_ros_planning/cmake)
-- Found Boost: /usr/lib/aarch64-linux-gnu/cmake/Boost-1.71.0/BoostConfig.cmake (found version "1.71.0") found components: system filesystem date_time program_options thread chrono 
-- Found Boost: /usr/lib/aarch64-linux-gnu/cmake/Boost-1.71.0/BoostConfig.cmake (found version "1.71.0") found components: thread 
-- Found moveit_ros_planning_interface: 2.2.3 (/opt/ros/foxy/share/moveit_ros_planning_interface/cmake)
-- Found Boost: /usr/lib/aarch64-linux-gnu/cmake/Boost-1.71.0/BoostConfig.cmake (found version "1.71.0")  
-- Found Boost: /usr/lib/aarch64-linux-gnu/cmake/Boost-1.71.0/BoostConfig.cmake (found version "1.71.0") found components: date_time filesystem program_options system thread 
-- Found Boost: /usr/lib/aarch64-linux-gnu/cmake/Boost-1.71.0/BoostConfig.cmake (found version "1.71.0") found components: thread system filesystem regex date_time program_options 
-- Found Boost: /usr/lib/aarch64-linux-gnu/cmake/Boost-1.71.0/BoostConfig.cmake (found version "1.71.0") found components: system filesystem date_time program_options thread 
-- Found moveit_ros_perception: 2.2.3 (/opt/ros/foxy/share/moveit_ros_perception/cmake)
-- Found Boost: /usr/lib/aarch64-linux-gnu/cmake/Boost-1.71.0/BoostConfig.cmake (found version "1.71.0") found components: thread 
-- Found moveit_servo: 2.2.3 (/opt/ros/foxy/share/moveit_servo/cmake)
-- Found interactive_markers: 2.1.3 (/opt/ros/foxy/share/interactive_markers/cmake)
-- Found rviz_visual_tools: 4.0.3 (/opt/ros/foxy/share/rviz_visual_tools/cmake)
-- Setting OGRE_DIR to: '/opt/ros/foxy/share/rviz_ogre_vendor/cmake/../../../opt/rviz_ogre_vendor/lib/OGRE/cmake'
-- Found OGRE
--   static     : OFF
--   components : HLMS;MeshLodGenerator;Overlay;Paging;Property;RTShaderSystem;Terrain;Volume
--   plugins    : Plugin_BSPSceneManager;Plugin_OctreeSceneManager;Plugin_PCZSceneManager;Plugin_ParticleFX;RenderSystem_GL;RenderSystem_GL3Plus;Codec_STBI
--   media      : /opt/ros/foxy/opt/rviz_ogre_vendor/share/OGRE/Media
-- OGRE_LIBRARIES: OgreHLMS;OgreMeshLodGenerator;OgreOverlay;OgrePaging;OgreProperty;OgreRTShaderSystem;OgreTerrain;OgreVolume;OgreMain
-- OGRE_LIBRARY_DIRS: /opt/ros/foxy/opt/rviz_ogre_vendor/lib
-- OGRE_PLUGINS: Plugin_BSPSceneManager;Plugin_OctreeSceneManager;Plugin_PCZSceneManager;Plugin_ParticleFX;RenderSystem_GL;RenderSystem_GL3Plus;Codec_STBI
-- OGRE_PLUGIN_DIR: /opt/ros/foxy/opt/rviz_ogre_vendor/lib/OGRE
-- rviz_ogre_vendor::OgreOverlay for IMPORTED_LOCATION_RELEASE: /opt/ros/foxy/opt/rviz_ogre_vendor/lib/libOgreOverlay.so
-- rviz_ogre_vendor::OgreOverlay for IMPORTED_LOCATION_DEBUG: /opt/ros/foxy/opt/rviz_ogre_vendor/lib/libOgreOverlay.so
-- rviz_ogre_vendor::OgreMain for IMPORTED_LOCATION_RELEASE: /opt/ros/foxy/opt/rviz_ogre_vendor/lib/libOgreMain.so
-- rviz_ogre_vendor::OgreMain for IMPORTED_LOCATION_DEBUG: /opt/ros/foxy/opt/rviz_ogre_vendor/lib/libOgreMain.so
-- Found ZLIB: /usr/lib/aarch64-linux-gnu/libz.so (found version "1.2.11") 
-- Found OpenGL: /usr/lib/aarch64-linux-gnu/libOpenGL.so   
-- Found X11: /usr/include   
-- Looking for XOpenDisplay in /usr/lib/aarch64-linux-gnu/libX11.so;/usr/lib/aarch64-linux-gnu/libXext.so
-- Looking for XOpenDisplay in /usr/lib/aarch64-linux-gnu/libX11.so;/usr/lib/aarch64-linux-gnu/libXext.so - found
-- Looking for gethostbyname
-- Looking for gethostbyname - found
-- Looking for connect
-- Looking for connect - found
-- Looking for remove
-- Looking for remove - found
-- Looking for shmat
-- Looking for shmat - found
-- Looking for IceConnectionNumber in ICE
-- Looking for IceConnectionNumber in ICE - found
-- rviz_ogre_vendor::RenderSystem_GL for IMPORTED_LOCATION_RELEASE: _render_system_gl_static_library_abs-NOTFOUND
-- rviz_ogre_vendor::RenderSystem_GL for IMPORTED_LOCATION_DEBUG: _render_system_gl_static_library_abs-NOTFOUND
-- library: libassimp.so.5
-- Setting yaml-cpp_DIR to: '/opt/ros/foxy/share/yaml_cpp_vendor/cmake/../../../opt/yaml_cpp_vendor/lib/cmake/yaml-cpp'
-- Found moveit_visual_tools: 4.0.0 (/home/xplore/Desktop/main_HD_workspace/hd_ws/install/moveit_visual_tools/share/moveit_visual_tools/cmake)
-- Configuring done
-- Generating done
-- Build files have been written to: /home/xplore/Desktop/main_HD_workspace/hd_ws/build/moveit2_tutorials
[35m[1mScanning dependencies of target planning_scene_ros_api_tutorial[0m
[35m[1mScanning dependencies of target robot_model_and_robot_state_tutorial[0m
[35m[1mScanning dependencies of target servo_cpp_interface_demo[0m
[35m[1mScanning dependencies of target moveit_cpp_tutorial[0m
[35m[1mScanning dependencies of target planning_scene_tutorial[0m
[35m[1mScanning dependencies of target move_group_interface_tutorial[0m
[35m[1mScanning dependencies of target servo_keyboard_input[0m
[35m[1mScanning dependencies of target motion_planning_api_tutorial[0m
[  6%] [32mBuilding CXX object doc/realtime_servo/CMakeFiles/servo_keyboard_input.dir/src/servo_keyboard_input.cpp.o[0m
[ 12%] [32mBuilding CXX object doc/robot_model_and_robot_state/CMakeFiles/robot_model_and_robot_state_tutorial.dir/src/robot_model_and_robot_state_tutorial.cpp.o[0m
[ 18%] [32mBuilding CXX object doc/planning_scene_ros_api/CMakeFiles/planning_scene_ros_api_tutorial.dir/src/planning_scene_ros_api_tutorial.cpp.o[0m
[ 25%] [32mBuilding CXX object doc/realtime_servo/CMakeFiles/servo_cpp_interface_demo.dir/src/servo_cpp_interface_demo.cpp.o[0m
[ 31%] [32mBuilding CXX object doc/planning_scene/CMakeFiles/planning_scene_tutorial.dir/src/planning_scene_tutorial.cpp.o[0m
[ 37%] [32mBuilding CXX object doc/moveit_cpp/CMakeFiles/moveit_cpp_tutorial.dir/src/moveit_cpp_tutorial.cpp.o[0m
[ 43%] [32mBuilding CXX object doc/motion_planning_api/CMakeFiles/motion_planning_api_tutorial.dir/src/motion_planning_api_tutorial.cpp.o[0m
[ 50%] [32mBuilding CXX object doc/move_group_interface/CMakeFiles/move_group_interface_tutorial.dir/src/move_group_interface_tutorial.cpp.o[0m
[ 56%] [32m[1mLinking CXX executable servo_keyboard_input[0m
[ 56%] Built target servo_keyboard_input
[ 62%] [32m[1mLinking CXX executable robot_model_and_robot_state_tutorial[0m
[ 62%] Built target robot_model_and_robot_state_tutorial
[ 68%] [32m[1mLinking CXX executable planning_scene_tutorial[0m
[ 68%] Built target planning_scene_tutorial
[ 75%] [32m[1mLinking CXX executable planning_scene_ros_api_tutorial[0m
[ 81%] [32m[1mLinking CXX executable move_group_interface_tutorial[0m
[ 81%] Built target planning_scene_ros_api_tutorial
[ 87%] [32m[1mLinking CXX executable moveit_cpp_tutorial[0m
[ 87%] Built target move_group_interface_tutorial
[ 87%] Built target moveit_cpp_tutorial
[ 93%] [32m[1mLinking CXX executable servo_cpp_interface_demo[0m
[ 93%] Built target servo_cpp_interface_demo
[100%] [32m[1mLinking CXX executable motion_planning_api_tutorial[0m
[100%] Built target motion_planning_api_tutorial
-- Install configuration: "Release"
-- Installing: /home/xplore/Desktop/main_HD_workspace/hd_ws/install/moveit2_tutorials/share/ament_index/resource_index/package_run_dependencies/moveit2_tutorials
-- Installing: /home/xplore/Desktop/main_HD_workspace/hd_ws/install/moveit2_tutorials/share/ament_index/resource_index/parent_prefix_path/moveit2_tutorials
-- Installing: /home/xplore/Desktop/main_HD_workspace/hd_ws/install/moveit2_tutorials/share/moveit2_tutorials/environment/ament_prefix_path.sh
-- Installing: /home/xplore/Desktop/main_HD_workspace/hd_ws/install/moveit2_tutorials/share/moveit2_tutorials/environment/ament_prefix_path.dsv
-- Installing: /home/xplore/Desktop/main_HD_workspace/hd_ws/install/moveit2_tutorials/share/moveit2_tutorials/environment/path.sh
-- Installing: /home/xplore/Desktop/main_HD_workspace/hd_ws/install/moveit2_tutorials/share/moveit2_tutorials/environment/path.dsv
-- Installing: /home/xplore/Desktop/main_HD_workspace/hd_ws/install/moveit2_tutorials/share/moveit2_tutorials/local_setup.bash
-- Installing: /home/xplore/Desktop/main_HD_workspace/hd_ws/install/moveit2_tutorials/share/moveit2_tutorials/local_setup.sh
-- Installing: /home/xplore/Desktop/main_HD_workspace/hd_ws/install/moveit2_tutorials/share/moveit2_tutorials/local_setup.zsh
-- Installing: /home/xplore/Desktop/main_HD_workspace/hd_ws/install/moveit2_tutorials/share/moveit2_tutorials/local_setup.dsv
-- Installing: /home/xplore/Desktop/main_HD_workspace/hd_ws/install/moveit2_tutorials/share/moveit2_tutorials/package.dsv
-- Installing: /home/xplore/Desktop/main_HD_workspace/hd_ws/install/moveit2_tutorials/share/ament_index/resource_index/packages/moveit2_tutorials
-- Installing: /home/xplore/Desktop/main_HD_workspace/hd_ws/install/moveit2_tutorials/share/moveit2_tutorials/cmake/ament_cmake_export_dependencies-extras.cmake
-- Installing: /home/xplore/Desktop/main_HD_workspace/hd_ws/install/moveit2_tutorials/share/moveit2_tutorials/cmake/ament_cmake_export_include_directories-extras.cmake
-- Installing: /home/xplore/Desktop/main_HD_workspace/hd_ws/install/moveit2_tutorials/share/moveit2_tutorials/cmake/moveit2_tutorialsConfig.cmake
-- Installing: /home/xplore/Desktop/main_HD_workspace/hd_ws/install/moveit2_tutorials/share/moveit2_tutorials/cmake/moveit2_tutorialsConfig-version.cmake
-- Installing: /home/xplore/Desktop/main_HD_workspace/hd_ws/install/moveit2_tutorials/share/moveit2_tutorials/package.xml
-- Installing: /home/xplore/Desktop/main_HD_workspace/hd_ws/install/moveit2_tutorials/lib/moveit2_tutorials/motion_planning_api_tutorial
-- Set runtime path of "/home/xplore/Desktop/main_HD_workspace/hd_ws/install/moveit2_tutorials/lib/moveit2_tutorials/motion_planning_api_tutorial" to ""
-- Installing: /home/xplore/Desktop/main_HD_workspace/hd_ws/install/moveit2_tutorials/share/moveit2_tutorials/launch
-- Installing: /home/xplore/Desktop/main_HD_workspace/hd_ws/install/moveit2_tutorials/share/moveit2_tutorials/launch/motion_planning_api_tutorial.launch.py
-- Installing: /home/xplore/Desktop/main_HD_workspace/hd_ws/install/moveit2_tutorials/lib/moveit2_tutorials/move_group_interface_tutorial
-- Set runtime path of "/home/xplore/Desktop/main_HD_workspace/hd_ws/install/moveit2_tutorials/lib/moveit2_tutorials/move_group_interface_tutorial" to ""
-- Up-to-date: /home/xplore/Desktop/main_HD_workspace/hd_ws/install/moveit2_tutorials/share/moveit2_tutorials/launch
-- Installing: /home/xplore/Desktop/main_HD_workspace/hd_ws/install/moveit2_tutorials/share/moveit2_tutorials/launch/move_group_interface_tutorial.launch.py
-- Installing: /home/xplore/Desktop/main_HD_workspace/hd_ws/install/moveit2_tutorials/share/moveit2_tutorials/launch/move_group.launch.py
-- Installing: /home/xplore/Desktop/main_HD_workspace/hd_ws/install/moveit2_tutorials/share/moveit2_tutorials/launch/move_group.rviz
-- Installing: /home/xplore/Desktop/main_HD_workspace/hd_ws/install/moveit2_tutorials/lib/moveit2_tutorials/moveit_cpp_tutorial
-- Set runtime path of "/home/xplore/Desktop/main_HD_workspace/hd_ws/install/moveit2_tutorials/lib/moveit2_tutorials/moveit_cpp_tutorial" to ""
-- Up-to-date: /home/xplore/Desktop/main_HD_workspace/hd_ws/install/moveit2_tutorials/share/moveit2_tutorials/launch
-- Installing: /home/xplore/Desktop/main_HD_workspace/hd_ws/install/moveit2_tutorials/share/moveit2_tutorials/launch/moveit_cpp_tutorial.launch.py
-- Installing: /home/xplore/Desktop/main_HD_workspace/hd_ws/install/moveit2_tutorials/share/moveit2_tutorials/launch/moveit_cpp_tutorial.rviz
-- Installing: /home/xplore/Desktop/main_HD_workspace/hd_ws/install/moveit2_tutorials/share/moveit2_tutorials/config
-- Installing: /home/xplore/Desktop/main_HD_workspace/hd_ws/install/moveit2_tutorials/share/moveit2_tutorials/config/moveit_cpp.yaml
-- Installing: /home/xplore/Desktop/main_HD_workspace/hd_ws/install/moveit2_tutorials/lib/moveit2_tutorials/planning_scene_tutorial
-- Set runtime path of "/home/xplore/Desktop/main_HD_workspace/hd_ws/install/moveit2_tutorials/lib/moveit2_tutorials/planning_scene_tutorial" to ""
-- Up-to-date: /home/xplore/Desktop/main_HD_workspace/hd_ws/install/moveit2_tutorials/share/moveit2_tutorials/launch
-- Installing: /home/xplore/Desktop/main_HD_workspace/hd_ws/install/moveit2_tutorials/share/moveit2_tutorials/launch/planning_scene_tutorial.launch.py
-- Installing: /home/xplore/Desktop/main_HD_workspace/hd_ws/install/moveit2_tutorials/lib/moveit2_tutorials/planning_scene_ros_api_tutorial
-- Set runtime path of "/home/xplore/Desktop/main_HD_workspace/hd_ws/install/moveit2_tutorials/lib/moveit2_tutorials/planning_scene_ros_api_tutorial" to ""
-- Up-to-date: /home/xplore/Desktop/main_HD_workspace/hd_ws/install/moveit2_tutorials/share/moveit2_tutorials/launch
-- Installing: /home/xplore/Desktop/main_HD_workspace/hd_ws/install/moveit2_tutorials/share/moveit2_tutorials/launch/planning_scene_ros_api_tutorial.launch.py
-- Up-to-date: /home/xplore/Desktop/main_HD_workspace/hd_ws/install/moveit2_tutorials/share/moveit2_tutorials/launch
-- Installing: /home/xplore/Desktop/main_HD_workspace/hd_ws/install/moveit2_tutorials/share/moveit2_tutorials/launch/panda_moveit_config_demo_empty.rviz
-- Installing: /home/xplore/Desktop/main_HD_workspace/hd_ws/install/moveit2_tutorials/share/moveit2_tutorials/launch/demo.launch.py
-- Installing: /home/xplore/Desktop/main_HD_workspace/hd_ws/install/moveit2_tutorials/share/moveit2_tutorials/launch/panda_moveit_config_demo.rviz
-- Installing: /home/xplore/Desktop/main_HD_workspace/hd_ws/install/moveit2_tutorials/lib/moveit2_tutorials/servo_keyboard_input
-- Set runtime path of "/home/xplore/Desktop/main_HD_workspace/hd_ws/install/moveit2_tutorials/lib/moveit2_tutorials/servo_keyboard_input" to ""
-- Installing: /home/xplore/Desktop/main_HD_workspace/hd_ws/install/moveit2_tutorials/lib/moveit2_tutorials/servo_cpp_interface_demo
-- Set runtime path of "/home/xplore/Desktop/main_HD_workspace/hd_ws/install/moveit2_tutorials/lib/moveit2_tutorials/servo_cpp_interface_demo" to ""
-- Up-to-date: /home/xplore/Desktop/main_HD_workspace/hd_ws/install/moveit2_tutorials/share/moveit2_tutorials/launch
-- Installing: /home/xplore/Desktop/main_HD_workspace/hd_ws/install/moveit2_tutorials/share/moveit2_tutorials/launch/servo_cpp_interface_demo.launch.py
-- Installing: /home/xplore/Desktop/main_HD_workspace/hd_ws/install/moveit2_tutorials/share/moveit2_tutorials/launch/servo_teleop.launch.py
-- Installing: /home/xplore/Desktop/main_HD_workspace/hd_ws/install/moveit2_tutorials/share/moveit2_tutorials/launch/servo_server_panda.launch.py
-- Up-to-date: /home/xplore/Desktop/main_HD_workspace/hd_ws/install/moveit2_tutorials/share/moveit2_tutorials/config
-- Installing: /home/xplore/Desktop/main_HD_workspace/hd_ws/install/moveit2_tutorials/share/moveit2_tutorials/config/demo_rviz_config.rviz
-- Installing: /home/xplore/Desktop/main_HD_workspace/hd_ws/install/moveit2_tutorials/lib/moveit2_tutorials/robot_model_and_robot_state_tutorial
-- Set runtime path of "/home/xplore/Desktop/main_HD_workspace/hd_ws/install/moveit2_tutorials/lib/moveit2_tutorials/robot_model_and_robot_state_tutorial" to ""
-- Up-to-date: /home/xplore/Desktop/main_HD_workspace/hd_ws/install/moveit2_tutorials/share/moveit2_tutorials/launch
-- Installing: /home/xplore/Desktop/main_HD_workspace/hd_ws/install/moveit2_tutorials/share/moveit2_tutorials/launch/robot_model_and_robot_state_tutorial.launch.py
