[0.045s] Invoking command in '/home/matthias/xplore2023/hd_ws/build/hw_interface': CMAKE_PREFIX_PATH=${CMAKE_PREFIX_PATH}:/home/matthias/xplore2023/hd_ws/install/task_execution:/home/matthias/xplore2023/hd_ws/install/manager:/opt/ros/humble /usr/bin/cmake --build /home/matthias/xplore2023/hd_ws/build/hw_interface -- -j12 -l12
[0.462s] Invoked command in '/home/matthias/xplore2023/hd_ws/build/hw_interface' returned '0': CMAKE_PREFIX_PATH=${CMAKE_PREFIX_PATH}:/home/matthias/xplore2023/hd_ws/install/task_execution:/home/matthias/xplore2023/hd_ws/install/manager:/opt/ros/humble /usr/bin/cmake --build /home/matthias/xplore2023/hd_ws/build/hw_interface -- -j12 -l12
[0.490s] Invoking command in '/home/matthias/xplore2023/hd_ws/build/hw_interface': CMAKE_PREFIX_PATH=${CMAKE_PREFIX_PATH}:/home/matthias/xplore2023/hd_ws/install/task_execution:/home/matthias/xplore2023/hd_ws/install/manager:/opt/ros/humble /usr/bin/cmake --install /home/matthias/xplore2023/hd_ws/build/hw_interface
[0.495s] -- Install configuration: ""
[0.496s] -- Up-to-date: /home/matthias/xplore2023/hd_ws/install/hw_interface/share/ament_index/resource_index/package_run_dependencies/hw_interface
[0.496s] -- Up-to-date: /home/matthias/xplore2023/hd_ws/install/hw_interface/share/ament_index/resource_index/parent_prefix_path/hw_interface
[0.496s] -- Up-to-date: /home/matthias/xplore2023/hd_ws/install/hw_interface/share/hw_interface/environment/ament_prefix_path.sh
[0.497s] -- Up-to-date: /home/matthias/xplore2023/hd_ws/install/hw_interface/share/hw_interface/environment/ament_prefix_path.dsv
[0.497s] -- Up-to-date: /home/matthias/xplore2023/hd_ws/install/hw_interface/share/hw_interface/environment/path.sh
[0.497s] -- Up-to-date: /home/matthias/xplore2023/hd_ws/install/hw_interface/share/hw_interface/environment/path.dsv
[0.498s] -- Up-to-date: /home/matthias/xplore2023/hd_ws/install/hw_interface/share/hw_interface/local_setup.bash
[0.499s] -- Up-to-date: /home/matthias/xplore2023/hd_ws/install/hw_interface/share/hw_interface/local_setup.sh
[0.499s] -- Up-to-date: /home/matthias/xplore2023/hd_ws/install/hw_interface/share/hw_interface/local_setup.zsh
[0.499s] -- Up-to-date: /home/matthias/xplore2023/hd_ws/install/hw_interface/share/hw_interface/local_setup.dsv
[0.499s] -- Installing: /home/matthias/xplore2023/hd_ws/install/hw_interface/share/hw_interface/package.dsv
[0.500s] -- Up-to-date: /home/matthias/xplore2023/hd_ws/install/hw_interface/share/ament_index/resource_index/packages/hw_interface
[0.500s] -- Up-to-date: /home/matthias/xplore2023/hd_ws/install/hw_interface/share/hw_interface/cmake/hw_interfaceConfig.cmake
[0.500s] -- Up-to-date: /home/matthias/xplore2023/hd_ws/install/hw_interface/share/hw_interface/cmake/hw_interfaceConfig-version.cmake
[0.500s] -- Up-to-date: /home/matthias/xplore2023/hd_ws/install/hw_interface/share/hw_interface/package.xml
[0.520s] Invoked command in '/home/matthias/xplore2023/hd_ws/build/hw_interface' returned '0': CMAKE_PREFIX_PATH=${CMAKE_PREFIX_PATH}:/home/matthias/xplore2023/hd_ws/install/task_execution:/home/matthias/xplore2023/hd_ws/install/manager:/opt/ros/humble /usr/bin/cmake --install /home/matthias/xplore2023/hd_ws/build/hw_interface
