[0.966s] Invoking command in '/home/matthias/xplore2023/hd_ws/src/control/manager': PYTHONPATH=/home/matthias/xplore2023/hd_ws/install/manager/lib/python3.10/site-packages:${PYTHONPATH} /usr/bin/python3 setup.py egg_info --egg-base ../../../build/manager build --build-base /home/matthias/xplore2023/hd_ws/build/manager/build install --prefix /home/matthias/xplore2023/hd_ws/install/manager --record /home/matthias/xplore2023/hd_ws/build/manager/install.log --single-version-externally-managed
[1.342s] running egg_info
[1.342s] writing ../../../build/manager/manager.egg-info/PKG-INFO
[1.343s] writing dependency_links to ../../../build/manager/manager.egg-info/dependency_links.txt
[1.343s] writing entry points to ../../../build/manager/manager.egg-info/entry_points.txt
[1.343s] writing requirements to ../../../build/manager/manager.egg-info/requires.txt
[1.343s] writing top-level names to ../../../build/manager/manager.egg-info/top_level.txt
[1.345s] reading manifest file '../../../build/manager/manager.egg-info/SOURCES.txt'
[1.347s] writing manifest file '../../../build/manager/manager.egg-info/SOURCES.txt'
[1.347s] running build
[1.347s] running build_py
[1.348s] running install
[1.348s] /usr/lib/python3/dist-packages/setuptools/command/install.py:34: SetuptoolsDeprecationWarning: setup.py install is deprecated. Use build and pip and other standards-based tools.
[1.348s]   warnings.warn(
[1.348s] running install_lib
[1.349s] running install_data
[1.350s] running install_egg_info
[1.351s] removing '/home/matthias/xplore2023/hd_ws/install/manager/lib/python3.10/site-packages/manager-0.0.0-py3.10.egg-info' (and everything under it)
[1.351s] Copying ../../../build/manager/manager.egg-info to /home/matthias/xplore2023/hd_ws/install/manager/lib/python3.10/site-packages/manager-0.0.0-py3.10.egg-info
[1.352s] running install_scripts
[1.372s] Installing manager script to /home/matthias/xplore2023/hd_ws/install/manager/lib/manager
[1.372s] writing list of installed files to '/home/matthias/xplore2023/hd_ws/build/manager/install.log'
[1.392s] Invoked command in '/home/matthias/xplore2023/hd_ws/src/control/manager' returned '0': PYTHONPATH=/home/matthias/xplore2023/hd_ws/install/manager/lib/python3.10/site-packages:${PYTHONPATH} /usr/bin/python3 setup.py egg_info --egg-base ../../../build/manager build --build-base /home/matthias/xplore2023/hd_ws/build/manager/build install --prefix /home/matthias/xplore2023/hd_ws/install/manager --record /home/matthias/xplore2023/hd_ws/build/manager/install.log --single-version-externally-managed
