[100%] Built target astra_hw_interface
-- Install configuration: ""
-- Up-to-date: /home/xplore/Desktop/main_HD_workspace/hd_ws/install/astra_hw_interface/share/astra_hw_interface/astra_hw_interface.xml
-- Up-to-date: /home/xplore/Desktop/main_HD_workspace/hd_ws/install/astra_hw_interface/include/astra_hw_interface
-- Up-to-date: /home/xplore/Desktop/main_HD_workspace/hd_ws/install/astra_hw_interface/include/astra_hw_interface/astra_hw_interface
-- Up-to-date: /home/xplore/Desktop/main_HD_workspace/hd_ws/install/astra_hw_interface/include/astra_hw_interface/astra_hw_interface/astra_arm_interface.hpp
-- Up-to-date: /home/xplore/Desktop/main_HD_workspace/hd_ws/install/astra_hw_interface/include/astra_hw_interface/astra_hw_interface/visibility_control.h
-- Up-to-date: /home/xplore/Desktop/main_HD_workspace/hd_ws/install/astra_hw_interface/lib/libastra_hw_interface.so
-- Up-to-date: /home/xplore/Desktop/main_HD_workspace/hd_ws/install/astra_hw_interface/share/astra_hw_interface/environment/library_path.sh
-- Up-to-date: /home/xplore/Desktop/main_HD_workspace/hd_ws/install/astra_hw_interface/share/astra_hw_interface/environment/library_path.dsv
-- Up-to-date: /home/xplore/Desktop/main_HD_workspace/hd_ws/install/astra_hw_interface/share/ament_index/resource_index/package_run_dependencies/astra_hw_interface
-- Up-to-date: /home/xplore/Desktop/main_HD_workspace/hd_ws/install/astra_hw_interface/share/ament_index/resource_index/parent_prefix_path/astra_hw_interface
-- Up-to-date: /home/xplore/Desktop/main_HD_workspace/hd_ws/install/astra_hw_interface/share/astra_hw_interface/environment/ament_prefix_path.sh
-- Up-to-date: /home/xplore/Desktop/main_HD_workspace/hd_ws/install/astra_hw_interface/share/astra_hw_interface/environment/ament_prefix_path.dsv
-- Up-to-date: /home/xplore/Desktop/main_HD_workspace/hd_ws/install/astra_hw_interface/share/astra_hw_interface/environment/path.sh
-- Up-to-date: /home/xplore/Desktop/main_HD_workspace/hd_ws/install/astra_hw_interface/share/astra_hw_interface/environment/path.dsv
-- Up-to-date: /home/xplore/Desktop/main_HD_workspace/hd_ws/install/astra_hw_interface/share/astra_hw_interface/local_setup.bash
-- Up-to-date: /home/xplore/Desktop/main_HD_workspace/hd_ws/install/astra_hw_interface/share/astra_hw_interface/local_setup.sh
-- Up-to-date: /home/xplore/Desktop/main_HD_workspace/hd_ws/install/astra_hw_interface/share/astra_hw_interface/local_setup.zsh
-- Up-to-date: /home/xplore/Desktop/main_HD_workspace/hd_ws/install/astra_hw_interface/share/astra_hw_interface/local_setup.dsv
-- Installing: /home/xplore/Desktop/main_HD_workspace/hd_ws/install/astra_hw_interface/share/astra_hw_interface/package.dsv
-- Up-to-date: /home/xplore/Desktop/main_HD_workspace/hd_ws/install/astra_hw_interface/share/ament_index/resource_index/packages/astra_hw_interface
-- Up-to-date: /home/xplore/Desktop/main_HD_workspace/hd_ws/install/astra_hw_interface/share/ament_index/resource_index/hardware_interface__pluginlib__plugin/astra_hw_interface
-- Up-to-date: /home/xplore/Desktop/main_HD_workspace/hd_ws/install/astra_hw_interface/share/astra_hw_interface/cmake/astra_hw_interfaceExport.cmake
-- Up-to-date: /home/xplore/Desktop/main_HD_workspace/hd_ws/install/astra_hw_interface/share/astra_hw_interface/cmake/astra_hw_interfaceExport-noconfig.cmake
-- Up-to-date: /home/xplore/Desktop/main_HD_workspace/hd_ws/install/astra_hw_interface/share/astra_hw_interface/cmake/ament_cmake_export_targets-extras.cmake
-- Up-to-date: /home/xplore/Desktop/main_HD_workspace/hd_ws/install/astra_hw_interface/share/astra_hw_interface/cmake/ament_cmake_export_dependencies-extras.cmake
-- Up-to-date: /home/xplore/Desktop/main_HD_workspace/hd_ws/install/astra_hw_interface/share/astra_hw_interface/cmake/astra_hw_interfaceConfig.cmake
-- Up-to-date: /home/xplore/Desktop/main_HD_workspace/hd_ws/install/astra_hw_interface/share/astra_hw_interface/cmake/astra_hw_interfaceConfig-version.cmake
-- Up-to-date: /home/xplore/Desktop/main_HD_workspace/hd_ws/install/astra_hw_interface/share/astra_hw_interface/package.xml
