[1.357s] DEBUG:colcon:Command line arguments: ['/usr/bin/colcon', 'build']
[1.357s] DEBUG:colcon:Parsed command line arguments: Namespace(allow_overriding=[], ament_cmake_args=None, base_paths=['.'], build_base='build', catkin_cmake_args=None, catkin_skip_building_tests=False, cmake_args=None, cmake_clean_cache=False, cmake_clean_first=False, cmake_force_configure=False, cmake_target=None, cmake_target_skip_unavailable=False, continue_on_error=False, event_handlers=None, executor='parallel', ignore_user_meta=False, install_base='install', log_base=None, log_level=None, main=<bound method BuildVerb.main of <colcon_core.verb.build.BuildVerb object at 0xffff912a92b0>>, merge_install=False, metas=['./colcon.meta'], mixin=None, mixin_files=None, mixin_verb=('build',), packages_above=None, packages_above_and_dependencies=None, packages_above_depth=None, packages_end=None, packages_ignore=None, packages_ignore_regex=None, packages_select=None, packages_select_build_failed=False, packages_select_by_dep=None, packages_select_regex=None, packages_select_test_failures=False, packages_skip=None, packages_skip_build_finished=False, packages_skip_by_dep=None, packages_skip_regex=None, packages_skip_test_passed=False, packages_skip_up_to=None, packages_start=None, packages_up_to=None, packages_up_to_regex=None, parallel_workers=4, paths=None, symlink_install=False, test_result_base=None, verb_extension=<colcon_core.verb.build.BuildVerb object at 0xffff912a92b0>, verb_name='build', verb_parser=<colcon_mixin.mixin.mixin_argument.MixinArgumentDecorator object at 0xffff912a9910>)
[1.489s] Level 1:colcon.colcon_core.package_discovery:discover_packages(colcon_meta) check parameters
[1.490s] Level 1:colcon.colcon_core.package_discovery:discover_packages(recursive) check parameters
[1.490s] Level 1:colcon.colcon_core.package_discovery:discover_packages(ignore) check parameters
[1.490s] Level 1:colcon.colcon_core.package_discovery:discover_packages(path) check parameters
[1.490s] Level 1:colcon.colcon_core.package_discovery:discover_packages(colcon_meta) discover
[1.490s] Level 1:colcon.colcon_core.package_discovery:discover_packages(recursive) discover
[1.491s] INFO:colcon.colcon_core.package_discovery:Crawling recursively for packages in '/home/xplore/Desktop/main_HD_workspace/2023/ros2_ws'
[1.491s] Level 1:colcon.colcon_core.package_identification:_identify(.) by extensions ['ignore', 'ignore_ament_install']
[1.491s] Level 1:colcon.colcon_core.package_identification:_identify(.) by extension 'ignore'
[1.492s] Level 1:colcon.colcon_core.package_identification:_identify(.) by extension 'ignore_ament_install'
[1.492s] Level 1:colcon.colcon_core.package_identification:_identify(.) by extensions ['colcon_pkg']
[1.492s] Level 1:colcon.colcon_core.package_identification:_identify(.) by extension 'colcon_pkg'
[1.492s] Level 1:colcon.colcon_core.package_identification:_identify(.) by extensions ['colcon_meta']
[1.492s] Level 1:colcon.colcon_core.package_identification:_identify(.) by extension 'colcon_meta'
[1.493s] Level 1:colcon.colcon_core.package_identification:_identify(.) by extensions ['ros']
[1.493s] Level 1:colcon.colcon_core.package_identification:_identify(.) by extension 'ros'
[1.533s] Level 1:colcon.colcon_core.package_identification:_identify(.) by extensions ['cmake', 'python']
[1.534s] Level 1:colcon.colcon_core.package_identification:_identify(.) by extension 'cmake'
[1.534s] Level 1:colcon.colcon_core.package_identification:_identify(.) by extension 'python'
[1.534s] Level 1:colcon.colcon_core.package_identification:_identify(.) by extensions ['python_setup_py']
[1.534s] Level 1:colcon.colcon_core.package_identification:_identify(.) by extension 'python_setup_py'
[1.535s] Level 1:colcon.colcon_core.package_identification:_identify(build) by extensions ['ignore', 'ignore_ament_install']
[1.535s] Level 1:colcon.colcon_core.package_identification:_identify(build) by extension 'ignore'
[1.535s] Level 1:colcon.colcon_core.package_identification:_identify(build) ignored
[1.536s] Level 1:colcon.colcon_core.package_identification:_identify(install) by extensions ['ignore', 'ignore_ament_install']
[1.536s] Level 1:colcon.colcon_core.package_identification:_identify(install) by extension 'ignore'
[1.536s] Level 1:colcon.colcon_core.package_identification:_identify(install) ignored
[1.537s] Level 1:colcon.colcon_core.package_identification:_identify(log) by extensions ['ignore', 'ignore_ament_install']
[1.537s] Level 1:colcon.colcon_core.package_identification:_identify(log) by extension 'ignore'
[1.537s] Level 1:colcon.colcon_core.package_identification:_identify(log) ignored
[1.538s] Level 1:colcon.colcon_core.package_identification:_identify(src) by extensions ['ignore', 'ignore_ament_install']
[1.538s] Level 1:colcon.colcon_core.package_identification:_identify(src) by extension 'ignore'
[1.538s] Level 1:colcon.colcon_core.package_identification:_identify(src) by extension 'ignore_ament_install'
[1.538s] Level 1:colcon.colcon_core.package_identification:_identify(src) by extensions ['colcon_pkg']
[1.538s] Level 1:colcon.colcon_core.package_identification:_identify(src) by extension 'colcon_pkg'
[1.539s] Level 1:colcon.colcon_core.package_identification:_identify(src) by extensions ['colcon_meta']
[1.539s] Level 1:colcon.colcon_core.package_identification:_identify(src) by extension 'colcon_meta'
[1.539s] Level 1:colcon.colcon_core.package_identification:_identify(src) by extensions ['ros']
[1.539s] Level 1:colcon.colcon_core.package_identification:_identify(src) by extension 'ros'
[1.539s] Level 1:colcon.colcon_core.package_identification:_identify(src) by extensions ['cmake', 'python']
[1.540s] Level 1:colcon.colcon_core.package_identification:_identify(src) by extension 'cmake'
[1.540s] Level 1:colcon.colcon_core.package_identification:_identify(src) by extension 'python'
[1.540s] Level 1:colcon.colcon_core.package_identification:_identify(src) by extensions ['python_setup_py']
[1.540s] Level 1:colcon.colcon_core.package_identification:_identify(src) by extension 'python_setup_py'
[1.540s] Level 1:colcon.colcon_core.package_identification:_identify(src/interfaces) by extensions ['ignore', 'ignore_ament_install']
[1.541s] Level 1:colcon.colcon_core.package_identification:_identify(src/interfaces) by extension 'ignore'
[1.541s] Level 1:colcon.colcon_core.package_identification:_identify(src/interfaces) by extension 'ignore_ament_install'
[1.541s] Level 1:colcon.colcon_core.package_identification:_identify(src/interfaces) by extensions ['colcon_pkg']
[1.541s] Level 1:colcon.colcon_core.package_identification:_identify(src/interfaces) by extension 'colcon_pkg'
[1.541s] Level 1:colcon.colcon_core.package_identification:_identify(src/interfaces) by extensions ['colcon_meta']
[1.542s] Level 1:colcon.colcon_core.package_identification:_identify(src/interfaces) by extension 'colcon_meta'
[1.542s] Level 1:colcon.colcon_core.package_identification:_identify(src/interfaces) by extensions ['ros']
[1.542s] Level 1:colcon.colcon_core.package_identification:_identify(src/interfaces) by extension 'ros'
[1.551s] DEBUG:colcon.colcon_core.package_identification:Package 'src/interfaces' with type 'ros.ament_cmake' and name 'interfaces'
[1.551s] Level 1:colcon.colcon_core.package_identification:_identify(src/vision) by extensions ['ignore', 'ignore_ament_install']
[1.551s] Level 1:colcon.colcon_core.package_identification:_identify(src/vision) by extension 'ignore'
[1.552s] Level 1:colcon.colcon_core.package_identification:_identify(src/vision) by extension 'ignore_ament_install'
[1.552s] Level 1:colcon.colcon_core.package_identification:_identify(src/vision) by extensions ['colcon_pkg']
[1.552s] Level 1:colcon.colcon_core.package_identification:_identify(src/vision) by extension 'colcon_pkg'
[1.552s] Level 1:colcon.colcon_core.package_identification:_identify(src/vision) by extensions ['colcon_meta']
[1.552s] Level 1:colcon.colcon_core.package_identification:_identify(src/vision) by extension 'colcon_meta'
[1.553s] Level 1:colcon.colcon_core.package_identification:_identify(src/vision) by extensions ['ros']
[1.553s] Level 1:colcon.colcon_core.package_identification:_identify(src/vision) by extension 'ros'
[1.555s] DEBUG:colcon.colcon_core.package_identification:Package 'src/vision' with type 'ros.ament_python' and name 'vision'
[1.555s] Level 1:colcon.colcon_core.package_discovery:discover_packages(recursive) using defaults
[1.555s] Level 1:colcon.colcon_core.package_discovery:discover_packages(ignore) discover
[1.555s] Level 1:colcon.colcon_core.package_discovery:discover_packages(ignore) using defaults
[1.555s] Level 1:colcon.colcon_core.package_discovery:discover_packages(path) discover
[1.555s] Level 1:colcon.colcon_core.package_discovery:discover_packages(path) using defaults
[1.635s] Level 1:colcon.colcon_core.package_discovery:discover_packages(prefix_path) check parameters
[1.636s] Level 1:colcon.colcon_core.package_discovery:discover_packages(prefix_path) discover
[1.649s] DEBUG:colcon.colcon_installed_package_information.package_discovery:Found 2 installed packages in /home/xplore/Desktop/main_HD_workspace/2023/ros2_ws/install
[1.661s] DEBUG:colcon.colcon_installed_package_information.package_discovery:Found 376 installed packages in /opt/ros/foxy
[1.669s] Level 1:colcon.colcon_core.package_discovery:discover_packages(prefix_path) using defaults
[1.953s] Level 5:colcon.colcon_core.verb:set package 'interfaces' build argument 'cmake_args' from command line to 'None'
[1.953s] Level 5:colcon.colcon_core.verb:set package 'interfaces' build argument 'cmake_target' from command line to 'None'
[1.954s] Level 5:colcon.colcon_core.verb:set package 'interfaces' build argument 'cmake_target_skip_unavailable' from command line to 'False'
[1.954s] Level 5:colcon.colcon_core.verb:set package 'interfaces' build argument 'cmake_clean_cache' from command line to 'False'
[1.954s] Level 5:colcon.colcon_core.verb:set package 'interfaces' build argument 'cmake_clean_first' from command line to 'False'
[1.954s] Level 5:colcon.colcon_core.verb:set package 'interfaces' build argument 'cmake_force_configure' from command line to 'False'
[1.954s] Level 5:colcon.colcon_core.verb:set package 'interfaces' build argument 'ament_cmake_args' from command line to 'None'
[1.954s] Level 5:colcon.colcon_core.verb:set package 'interfaces' build argument 'catkin_cmake_args' from command line to 'None'
[1.954s] Level 5:colcon.colcon_core.verb:set package 'interfaces' build argument 'catkin_skip_building_tests' from command line to 'False'
[1.955s] DEBUG:colcon.colcon_core.verb:Building package 'interfaces' with the following arguments: {'ament_cmake_args': None, 'build_base': '/home/xplore/Desktop/main_HD_workspace/2023/ros2_ws/build/interfaces', 'catkin_cmake_args': None, 'catkin_skip_building_tests': False, 'cmake_args': None, 'cmake_clean_cache': False, 'cmake_clean_first': False, 'cmake_force_configure': False, 'cmake_target': None, 'cmake_target_skip_unavailable': False, 'install_base': '/home/xplore/Desktop/main_HD_workspace/2023/ros2_ws/install/interfaces', 'merge_install': False, 'path': '/home/xplore/Desktop/main_HD_workspace/2023/ros2_ws/src/interfaces', 'symlink_install': False, 'test_result_base': None}
[1.961s] Level 5:colcon.colcon_core.verb:set package 'vision' build argument 'cmake_args' from command line to 'None'
[1.961s] Level 5:colcon.colcon_core.verb:set package 'vision' build argument 'cmake_target' from command line to 'None'
[1.961s] Level 5:colcon.colcon_core.verb:set package 'vision' build argument 'cmake_target_skip_unavailable' from command line to 'False'
[1.961s] Level 5:colcon.colcon_core.verb:set package 'vision' build argument 'cmake_clean_cache' from command line to 'False'
[1.962s] Level 5:colcon.colcon_core.verb:set package 'vision' build argument 'cmake_clean_first' from command line to 'False'
[1.962s] Level 5:colcon.colcon_core.verb:set package 'vision' build argument 'cmake_force_configure' from command line to 'False'
[1.962s] Level 5:colcon.colcon_core.verb:set package 'vision' build argument 'ament_cmake_args' from command line to 'None'
[1.962s] Level 5:colcon.colcon_core.verb:set package 'vision' build argument 'catkin_cmake_args' from command line to 'None'
[1.962s] Level 5:colcon.colcon_core.verb:set package 'vision' build argument 'catkin_skip_building_tests' from command line to 'False'
[1.962s] DEBUG:colcon.colcon_core.verb:Building package 'vision' with the following arguments: {'ament_cmake_args': None, 'build_base': '/home/xplore/Desktop/main_HD_workspace/2023/ros2_ws/build/vision', 'catkin_cmake_args': None, 'catkin_skip_building_tests': False, 'cmake_args': None, 'cmake_clean_cache': False, 'cmake_clean_first': False, 'cmake_force_configure': False, 'cmake_target': None, 'cmake_target_skip_unavailable': False, 'install_base': '/home/xplore/Desktop/main_HD_workspace/2023/ros2_ws/install/vision', 'merge_install': False, 'path': '/home/xplore/Desktop/main_HD_workspace/2023/ros2_ws/src/vision', 'symlink_install': False, 'test_result_base': None}
[1.967s] INFO:colcon.colcon_core.executor:Executing jobs using 'parallel' executor
[1.995s] DEBUG:colcon.colcon_parallel_executor.executor.parallel:run_until_complete
[1.996s] INFO:colcon.colcon_ros.task.ament_cmake.build:Building ROS package in '/home/xplore/Desktop/main_HD_workspace/2023/ros2_ws/src/interfaces' with build type 'ament_cmake'
[1.997s] INFO:colcon.colcon_cmake.task.cmake.build:Building CMake package in '/home/xplore/Desktop/main_HD_workspace/2023/ros2_ws/src/interfaces'
[2.026s] INFO:colcon.colcon_core.plugin_system:Skipping extension 'colcon_core.shell.bat': Not used on non-Windows systems
[2.027s] INFO:colcon.colcon_core.shell:Skip shell extension 'powershell' for command environment: Not usable outside of PowerShell
[2.027s] DEBUG:colcon.colcon_core.shell:Skip shell extension 'dsv' for command environment
[2.115s] DEBUG:colcon.colcon_core.event_handler.log_command:Invoking command in '/home/xplore/Desktop/main_HD_workspace/2023/ros2_ws/build/interfaces': CMAKE_PREFIX_PATH=${CMAKE_PREFIX_PATH}:/home/xplore/Desktop/main_HD_workspace/2023/ros2_ws/install/vision:/opt/ros/foxy /usr/bin/cmake --build /home/xplore/Desktop/main_HD_workspace/2023/ros2_ws/build/interfaces -- -j4 -l4
[3.942s] DEBUG:colcon.colcon_core.event_handler.log_command:Invoked command in '/home/xplore/Desktop/main_HD_workspace/2023/ros2_ws/build/interfaces' returned '0': CMAKE_PREFIX_PATH=${CMAKE_PREFIX_PATH}:/home/xplore/Desktop/main_HD_workspace/2023/ros2_ws/install/vision:/opt/ros/foxy /usr/bin/cmake --build /home/xplore/Desktop/main_HD_workspace/2023/ros2_ws/build/interfaces -- -j4 -l4
[4.265s] DEBUG:colcon.colcon_core.event_handler.log_command:Invoking command in '/home/xplore/Desktop/main_HD_workspace/2023/ros2_ws/build/interfaces': CMAKE_PREFIX_PATH=${CMAKE_PREFIX_PATH}:/home/xplore/Desktop/main_HD_workspace/2023/ros2_ws/install/vision:/opt/ros/foxy /usr/bin/cmake --install /home/xplore/Desktop/main_HD_workspace/2023/ros2_ws/build/interfaces
[4.512s] Level 1:colcon.colcon_core.environment:create_environment_scripts_only(interfaces)
[4.517s] DEBUG:colcon.colcon_core.event_handler.log_command:Invoked command in '/home/xplore/Desktop/main_HD_workspace/2023/ros2_ws/build/interfaces' returned '0': CMAKE_PREFIX_PATH=${CMAKE_PREFIX_PATH}:/home/xplore/Desktop/main_HD_workspace/2023/ros2_ws/install/vision:/opt/ros/foxy /usr/bin/cmake --install /home/xplore/Desktop/main_HD_workspace/2023/ros2_ws/build/interfaces
[4.546s] Level 1:colcon.colcon_core.environment:checking '/home/xplore/Desktop/main_HD_workspace/2023/ros2_ws/install/interfaces' for CMake module files
[4.549s] Level 1:colcon.colcon_core.environment:checking '/home/xplore/Desktop/main_HD_workspace/2023/ros2_ws/install/interfaces' for CMake config files
[4.551s] Level 1:colcon.colcon_core.shell:create_environment_hook('interfaces', 'cmake_prefix_path')
[4.560s] INFO:colcon.colcon_core.shell:Creating environment hook '/home/xplore/Desktop/main_HD_workspace/2023/ros2_ws/install/interfaces/share/interfaces/hook/cmake_prefix_path.ps1'
[4.563s] INFO:colcon.colcon_core.shell:Creating environment descriptor '/home/xplore/Desktop/main_HD_workspace/2023/ros2_ws/install/interfaces/share/interfaces/hook/cmake_prefix_path.dsv'
[4.565s] INFO:colcon.colcon_core.shell:Creating environment hook '/home/xplore/Desktop/main_HD_workspace/2023/ros2_ws/install/interfaces/share/interfaces/hook/cmake_prefix_path.sh'
[4.569s] Level 1:colcon.colcon_core.environment:checking '/home/xplore/Desktop/main_HD_workspace/2023/ros2_ws/install/interfaces/lib'
[4.569s] Level 1:colcon.colcon_core.shell:create_environment_hook('interfaces', 'ld_library_path_lib')
[4.580s] INFO:colcon.colcon_core.shell:Creating environment hook '/home/xplore/Desktop/main_HD_workspace/2023/ros2_ws/install/interfaces/share/interfaces/hook/ld_library_path_lib.ps1'
[4.582s] INFO:colcon.colcon_core.shell:Creating environment descriptor '/home/xplore/Desktop/main_HD_workspace/2023/ros2_ws/install/interfaces/share/interfaces/hook/ld_library_path_lib.dsv'
[4.584s] INFO:colcon.colcon_core.shell:Creating environment hook '/home/xplore/Desktop/main_HD_workspace/2023/ros2_ws/install/interfaces/share/interfaces/hook/ld_library_path_lib.sh'
[4.585s] Level 1:colcon.colcon_core.environment:checking '/home/xplore/Desktop/main_HD_workspace/2023/ros2_ws/install/interfaces/bin'
[4.586s] Level 1:colcon.colcon_core.environment:checking '/home/xplore/Desktop/main_HD_workspace/2023/ros2_ws/install/interfaces/lib/pkgconfig/interfaces.pc'
[4.587s] Level 1:colcon.colcon_core.environment:checking '/home/xplore/Desktop/main_HD_workspace/2023/ros2_ws/install/interfaces/lib/python3.8/site-packages'
[4.587s] Level 1:colcon.colcon_core.shell:create_environment_hook('interfaces', 'pythonpath')
[4.596s] INFO:colcon.colcon_core.shell:Creating environment hook '/home/xplore/Desktop/main_HD_workspace/2023/ros2_ws/install/interfaces/share/interfaces/hook/pythonpath.ps1'
[4.597s] INFO:colcon.colcon_core.shell:Creating environment descriptor '/home/xplore/Desktop/main_HD_workspace/2023/ros2_ws/install/interfaces/share/interfaces/hook/pythonpath.dsv'
[4.599s] INFO:colcon.colcon_core.shell:Creating environment hook '/home/xplore/Desktop/main_HD_workspace/2023/ros2_ws/install/interfaces/share/interfaces/hook/pythonpath.sh'
[4.600s] Level 1:colcon.colcon_core.environment:checking '/home/xplore/Desktop/main_HD_workspace/2023/ros2_ws/install/interfaces/bin'
[4.609s] INFO:colcon.colcon_core.shell:Creating package script '/home/xplore/Desktop/main_HD_workspace/2023/ros2_ws/install/interfaces/share/interfaces/package.ps1'
[4.613s] INFO:colcon.colcon_core.shell:Creating package descriptor '/home/xplore/Desktop/main_HD_workspace/2023/ros2_ws/install/interfaces/share/interfaces/package.dsv'
[4.615s] INFO:colcon.colcon_core.shell:Creating package script '/home/xplore/Desktop/main_HD_workspace/2023/ros2_ws/install/interfaces/share/interfaces/package.sh'
[4.617s] INFO:colcon.colcon_core.shell:Creating package script '/home/xplore/Desktop/main_HD_workspace/2023/ros2_ws/install/interfaces/share/interfaces/package.bash'
[4.619s] INFO:colcon.colcon_core.shell:Creating package script '/home/xplore/Desktop/main_HD_workspace/2023/ros2_ws/install/interfaces/share/interfaces/package.zsh'
[4.621s] Level 1:colcon.colcon_core.environment:create_file_with_runtime_dependencies(/home/xplore/Desktop/main_HD_workspace/2023/ros2_ws/install/interfaces/share/colcon-core/packages/interfaces)
[4.904s] Level 1:colcon.colcon_core.environment:create_environment_scripts_only(interfaces)
[4.920s] Level 1:colcon.colcon_core.environment:checking '/home/xplore/Desktop/main_HD_workspace/2023/ros2_ws/install/interfaces' for CMake module files
[4.923s] Level 1:colcon.colcon_core.environment:checking '/home/xplore/Desktop/main_HD_workspace/2023/ros2_ws/install/interfaces' for CMake config files
[4.925s] Level 1:colcon.colcon_core.shell:create_environment_hook('interfaces', 'cmake_prefix_path')
[4.934s] INFO:colcon.colcon_core.shell:Creating environment hook '/home/xplore/Desktop/main_HD_workspace/2023/ros2_ws/install/interfaces/share/interfaces/hook/cmake_prefix_path.ps1'
[4.936s] INFO:colcon.colcon_core.shell:Creating environment descriptor '/home/xplore/Desktop/main_HD_workspace/2023/ros2_ws/install/interfaces/share/interfaces/hook/cmake_prefix_path.dsv'
[4.937s] INFO:colcon.colcon_core.shell:Creating environment hook '/home/xplore/Desktop/main_HD_workspace/2023/ros2_ws/install/interfaces/share/interfaces/hook/cmake_prefix_path.sh'
[4.940s] Level 1:colcon.colcon_core.environment:checking '/home/xplore/Desktop/main_HD_workspace/2023/ros2_ws/install/interfaces/lib'
[4.940s] Level 1:colcon.colcon_core.shell:create_environment_hook('interfaces', 'ld_library_path_lib')
[4.950s] INFO:colcon.colcon_core.shell:Creating environment hook '/home/xplore/Desktop/main_HD_workspace/2023/ros2_ws/install/interfaces/share/interfaces/hook/ld_library_path_lib.ps1'
[4.952s] INFO:colcon.colcon_core.shell:Creating environment descriptor '/home/xplore/Desktop/main_HD_workspace/2023/ros2_ws/install/interfaces/share/interfaces/hook/ld_library_path_lib.dsv'
[4.953s] INFO:colcon.colcon_core.shell:Creating environment hook '/home/xplore/Desktop/main_HD_workspace/2023/ros2_ws/install/interfaces/share/interfaces/hook/ld_library_path_lib.sh'
[4.955s] Level 1:colcon.colcon_core.environment:checking '/home/xplore/Desktop/main_HD_workspace/2023/ros2_ws/install/interfaces/bin'
[4.955s] Level 1:colcon.colcon_core.environment:checking '/home/xplore/Desktop/main_HD_workspace/2023/ros2_ws/install/interfaces/lib/pkgconfig/interfaces.pc'
[4.956s] Level 1:colcon.colcon_core.environment:checking '/home/xplore/Desktop/main_HD_workspace/2023/ros2_ws/install/interfaces/lib/python3.8/site-packages'
[4.957s] Level 1:colcon.colcon_core.shell:create_environment_hook('interfaces', 'pythonpath')
[4.966s] INFO:colcon.colcon_core.shell:Creating environment hook '/home/xplore/Desktop/main_HD_workspace/2023/ros2_ws/install/interfaces/share/interfaces/hook/pythonpath.ps1'
[4.967s] INFO:colcon.colcon_core.shell:Creating environment descriptor '/home/xplore/Desktop/main_HD_workspace/2023/ros2_ws/install/interfaces/share/interfaces/hook/pythonpath.dsv'
[4.969s] INFO:colcon.colcon_core.shell:Creating environment hook '/home/xplore/Desktop/main_HD_workspace/2023/ros2_ws/install/interfaces/share/interfaces/hook/pythonpath.sh'
[4.970s] Level 1:colcon.colcon_core.environment:checking '/home/xplore/Desktop/main_HD_workspace/2023/ros2_ws/install/interfaces/bin'
[4.981s] INFO:colcon.colcon_core.shell:Creating package script '/home/xplore/Desktop/main_HD_workspace/2023/ros2_ws/install/interfaces/share/interfaces/package.ps1'
[4.987s] INFO:colcon.colcon_core.shell:Creating package descriptor '/home/xplore/Desktop/main_HD_workspace/2023/ros2_ws/install/interfaces/share/interfaces/package.dsv'
[4.991s] INFO:colcon.colcon_core.shell:Creating package script '/home/xplore/Desktop/main_HD_workspace/2023/ros2_ws/install/interfaces/share/interfaces/package.sh'
[4.994s] INFO:colcon.colcon_core.shell:Creating package script '/home/xplore/Desktop/main_HD_workspace/2023/ros2_ws/install/interfaces/share/interfaces/package.bash'
[4.996s] INFO:colcon.colcon_core.shell:Creating package script '/home/xplore/Desktop/main_HD_workspace/2023/ros2_ws/install/interfaces/share/interfaces/package.zsh'
[4.998s] Level 1:colcon.colcon_core.environment:create_file_with_runtime_dependencies(/home/xplore/Desktop/main_HD_workspace/2023/ros2_ws/install/interfaces/share/colcon-core/packages/interfaces)
[5.000s] INFO:colcon.colcon_ros.task.ament_python.build:Building ROS package in '/home/xplore/Desktop/main_HD_workspace/2023/ros2_ws/src/vision' with build type 'ament_python'
[5.001s] Level 1:colcon.colcon_core.shell:create_environment_hook('vision', 'ament_prefix_path')
[5.011s] INFO:colcon.colcon_core.shell:Creating environment hook '/home/xplore/Desktop/main_HD_workspace/2023/ros2_ws/install/vision/share/vision/hook/ament_prefix_path.ps1'
[5.015s] INFO:colcon.colcon_core.shell:Creating environment descriptor '/home/xplore/Desktop/main_HD_workspace/2023/ros2_ws/install/vision/share/vision/hook/ament_prefix_path.dsv'
[5.016s] INFO:colcon.colcon_core.shell:Creating environment hook '/home/xplore/Desktop/main_HD_workspace/2023/ros2_ws/install/vision/share/vision/hook/ament_prefix_path.sh'
[5.027s] INFO:colcon.colcon_core.shell:Skip shell extension 'powershell' for command environment: Not usable outside of PowerShell
[5.027s] DEBUG:colcon.colcon_core.shell:Skip shell extension 'dsv' for command environment
[6.124s] INFO:colcon.colcon_core.task.python.build:Building Python package in '/home/xplore/Desktop/main_HD_workspace/2023/ros2_ws/src/vision'
[6.145s] INFO:colcon.colcon_core.shell:Skip shell extension 'powershell' for command environment: Not usable outside of PowerShell
[6.145s] DEBUG:colcon.colcon_core.shell:Skip shell extension 'dsv' for command environment
[8.298s] DEBUG:colcon.colcon_core.event_handler.log_command:Invoking command in '/home/xplore/Desktop/main_HD_workspace/2023/ros2_ws/src/vision': LD_LIBRARY_PATH=/home/xplore/Desktop/main_HD_workspace/2023/ros2_ws/install/interfaces/lib:/usr/lib/aarch64-linux-gnu/gazebo-11/plugins:/opt/ros/foxy/opt/yaml_cpp_vendor/lib:/opt/ros/foxy/opt/rviz_ogre_vendor/lib:/opt/ros/foxy/lib/aarch64-linux-gnu:/opt/ros/foxy/lib:/usr/local/cuda-11.4/lib64 PYTHONPATH=/home/xplore/Desktop/main_HD_workspace/2023/ros2_ws/build/vision/prefix_override:/home/xplore/Desktop/main_HD_workspace/2023/ros2_ws/install/vision/lib/python3.8/site-packages:/home/xplore/Desktop/main_HD_workspace/2023/ros2_ws/install/interfaces/lib/python3.8/site-packages:/home/xplore/Desktop/main_HD_workspace/2023/ros2_ws/install/vision/lib/python3.8/site-packages:/opt/ros/foxy/lib/python3.8/site-packages:/usr/local/lib:/usr/local/lib/python3.8/pyrealsense2:/usr/lib/python2.7/dist-packages/pyrealsense2 /usr/bin/python3 setup.py egg_info --egg-base ../../build/vision build --build-base /home/xplore/Desktop/main_HD_workspace/2023/ros2_ws/build/vision/build install --record /home/xplore/Desktop/main_HD_workspace/2023/ros2_ws/build/vision/install.log --single-version-externally-managed
[9.889s] DEBUG:colcon.colcon_core.event_handler.log_command:Invoked command in '/home/xplore/Desktop/main_HD_workspace/2023/ros2_ws/src/vision' returned '0': LD_LIBRARY_PATH=/home/xplore/Desktop/main_HD_workspace/2023/ros2_ws/install/interfaces/lib:/usr/lib/aarch64-linux-gnu/gazebo-11/plugins:/opt/ros/foxy/opt/yaml_cpp_vendor/lib:/opt/ros/foxy/opt/rviz_ogre_vendor/lib:/opt/ros/foxy/lib/aarch64-linux-gnu:/opt/ros/foxy/lib:/usr/local/cuda-11.4/lib64 PYTHONPATH=/home/xplore/Desktop/main_HD_workspace/2023/ros2_ws/build/vision/prefix_override:/home/xplore/Desktop/main_HD_workspace/2023/ros2_ws/install/vision/lib/python3.8/site-packages:/home/xplore/Desktop/main_HD_workspace/2023/ros2_ws/install/interfaces/lib/python3.8/site-packages:/home/xplore/Desktop/main_HD_workspace/2023/ros2_ws/install/vision/lib/python3.8/site-packages:/opt/ros/foxy/lib/python3.8/site-packages:/usr/local/lib:/usr/local/lib/python3.8/pyrealsense2:/usr/lib/python2.7/dist-packages/pyrealsense2 /usr/bin/python3 setup.py egg_info --egg-base ../../build/vision build --build-base /home/xplore/Desktop/main_HD_workspace/2023/ros2_ws/build/vision/build install --record /home/xplore/Desktop/main_HD_workspace/2023/ros2_ws/build/vision/install.log --single-version-externally-managed
[9.894s] Level 1:colcon.colcon_core.environment:checking '/home/xplore/Desktop/main_HD_workspace/2023/ros2_ws/install/vision' for CMake module files
[9.900s] Level 1:colcon.colcon_core.environment:checking '/home/xplore/Desktop/main_HD_workspace/2023/ros2_ws/install/vision' for CMake config files
[9.905s] Level 1:colcon.colcon_core.environment:checking '/home/xplore/Desktop/main_HD_workspace/2023/ros2_ws/install/vision/lib'
[9.906s] Level 1:colcon.colcon_core.environment:checking '/home/xplore/Desktop/main_HD_workspace/2023/ros2_ws/install/vision/bin'
[9.906s] Level 1:colcon.colcon_core.environment:checking '/home/xplore/Desktop/main_HD_workspace/2023/ros2_ws/install/vision/lib/pkgconfig/vision.pc'
[9.907s] Level 1:colcon.colcon_core.environment:checking '/home/xplore/Desktop/main_HD_workspace/2023/ros2_ws/install/vision/lib/python3.8/site-packages'
[9.908s] Level 1:colcon.colcon_core.shell:create_environment_hook('vision', 'pythonpath')
[9.920s] INFO:colcon.colcon_core.shell:Creating environment hook '/home/xplore/Desktop/main_HD_workspace/2023/ros2_ws/install/vision/share/vision/hook/pythonpath.ps1'
[9.923s] INFO:colcon.colcon_core.shell:Creating environment descriptor '/home/xplore/Desktop/main_HD_workspace/2023/ros2_ws/install/vision/share/vision/hook/pythonpath.dsv'
[9.927s] INFO:colcon.colcon_core.shell:Creating environment hook '/home/xplore/Desktop/main_HD_workspace/2023/ros2_ws/install/vision/share/vision/hook/pythonpath.sh'
[9.929s] Level 1:colcon.colcon_core.environment:checking '/home/xplore/Desktop/main_HD_workspace/2023/ros2_ws/install/vision/bin'
[9.930s] Level 1:colcon.colcon_core.environment:create_environment_scripts_only(vision)
[9.940s] INFO:colcon.colcon_core.shell:Creating package script '/home/xplore/Desktop/main_HD_workspace/2023/ros2_ws/install/vision/share/vision/package.ps1'
[9.944s] INFO:colcon.colcon_core.shell:Creating package descriptor '/home/xplore/Desktop/main_HD_workspace/2023/ros2_ws/install/vision/share/vision/package.dsv'
[9.947s] INFO:colcon.colcon_core.shell:Creating package script '/home/xplore/Desktop/main_HD_workspace/2023/ros2_ws/install/vision/share/vision/package.sh'
[9.951s] INFO:colcon.colcon_core.shell:Creating package script '/home/xplore/Desktop/main_HD_workspace/2023/ros2_ws/install/vision/share/vision/package.bash'
[9.953s] INFO:colcon.colcon_core.shell:Creating package script '/home/xplore/Desktop/main_HD_workspace/2023/ros2_ws/install/vision/share/vision/package.zsh'
[9.954s] Level 1:colcon.colcon_core.environment:create_file_with_runtime_dependencies(/home/xplore/Desktop/main_HD_workspace/2023/ros2_ws/install/vision/share/colcon-core/packages/vision)
[9.956s] DEBUG:colcon.colcon_parallel_executor.executor.parallel:closing loop
[9.959s] DEBUG:colcon.colcon_parallel_executor.executor.parallel:loop closed
[9.961s] DEBUG:colcon.colcon_parallel_executor.executor.parallel:run_until_complete finished with '0'
[9.962s] DEBUG:colcon.colcon_core.event_reactor:joining thread
[9.994s] INFO:colcon.colcon_core.plugin_system:Skipping extension 'colcon_notification.desktop_notification.terminal_notifier': Not used on non-Darwin systems
[9.996s] INFO:colcon.colcon_core.plugin_system:Skipping extension 'colcon_notification.desktop_notification.win32': Not used on non-Windows systems
[9.996s] INFO:colcon.colcon_notification.desktop_notification:Sending desktop notification using 'notify2'
[10.071s] DEBUG:colcon.colcon_core.event_reactor:joined thread
[10.087s] INFO:colcon.colcon_core.shell:Creating prefix script '/home/xplore/Desktop/main_HD_workspace/2023/ros2_ws/install/local_setup.ps1'
[10.091s] INFO:colcon.colcon_core.shell:Creating prefix util module '/home/xplore/Desktop/main_HD_workspace/2023/ros2_ws/install/_local_setup_util_ps1.py'
[10.097s] INFO:colcon.colcon_core.shell:Creating prefix chain script '/home/xplore/Desktop/main_HD_workspace/2023/ros2_ws/install/setup.ps1'
[10.104s] INFO:colcon.colcon_core.shell:Creating prefix script '/home/xplore/Desktop/main_HD_workspace/2023/ros2_ws/install/local_setup.sh'
[10.108s] INFO:colcon.colcon_core.shell:Creating prefix util module '/home/xplore/Desktop/main_HD_workspace/2023/ros2_ws/install/_local_setup_util_sh.py'
[10.111s] INFO:colcon.colcon_core.shell:Creating prefix chain script '/home/xplore/Desktop/main_HD_workspace/2023/ros2_ws/install/setup.sh'
[10.119s] INFO:colcon.colcon_core.shell:Creating prefix script '/home/xplore/Desktop/main_HD_workspace/2023/ros2_ws/install/local_setup.bash'
[10.121s] INFO:colcon.colcon_core.shell:Creating prefix chain script '/home/xplore/Desktop/main_HD_workspace/2023/ros2_ws/install/setup.bash'
[10.128s] INFO:colcon.colcon_core.shell:Creating prefix script '/home/xplore/Desktop/main_HD_workspace/2023/ros2_ws/install/local_setup.zsh'
[10.132s] INFO:colcon.colcon_core.shell:Creating prefix chain script '/home/xplore/Desktop/main_HD_workspace/2023/ros2_ws/install/setup.zsh'
