[0.695s] Invoking command in '/home/matthias/xplore2023/hd_ws/src/control/manager': CMAKE_PREFIX_PATH=/home/matthias/xplore2023/hd_ws/install/astra_interfaces:/home/matthias/xplore2023/hd_ws/install/astra_moveit_config0:/home/matthias/xplore2023/hd_ws/install/tttt:/home/matthias/xplore2023/hd_ws/install/moveit_api_test2:/home/matthias/xplore2023/hd_ws/install/moveit_api_test:/home/matthias/xplore2023/hd_ws/install/hw_interface:/home/matthias/xplore2023/hd_ws/install/astra_moveit_config_new:/home/matthias/xplore2023/hd_ws/install/astra_moveit_config:/home/matthias/xplore2023/hd_ws/install/astra_description PYTHONPATH=/home/matthias/xplore2023/hd_ws/build/manager/prefix_override:/home/matthias/xplore2023/hd_ws/install/manager/lib/python3.10/site-packages:${PYTHONPATH} /usr/bin/python3 setup.py egg_info --egg-base ../../../build/manager build --build-base /home/matthias/xplore2023/hd_ws/build/manager/build install --record /home/matthias/xplore2023/hd_ws/build/manager/install.log --single-version-externally-managed
[1.069s] running egg_info
[1.070s] writing ../../../build/manager/manager.egg-info/PKG-INFO
[1.070s] writing dependency_links to ../../../build/manager/manager.egg-info/dependency_links.txt
[1.070s] writing entry points to ../../../build/manager/manager.egg-info/entry_points.txt
[1.070s] writing requirements to ../../../build/manager/manager.egg-info/requires.txt
[1.070s] writing top-level names to ../../../build/manager/manager.egg-info/top_level.txt
[1.072s] reading manifest file '../../../build/manager/manager.egg-info/SOURCES.txt'
[1.072s] writing manifest file '../../../build/manager/manager.egg-info/SOURCES.txt'
[1.072s] running build
[1.073s] running build_py
[1.073s] running install
[1.073s] /usr/lib/python3/dist-packages/setuptools/command/install.py:34: SetuptoolsDeprecationWarning: setup.py install is deprecated. Use build and pip and other standards-based tools.
[1.073s]   warnings.warn(
[1.073s] running install_lib
[1.074s] running install_data
[1.074s] running install_egg_info
[1.076s] removing '/home/matthias/xplore2023/hd_ws/install/manager/lib/python3.10/site-packages/manager-0.0.0-py3.10.egg-info' (and everything under it)
[1.076s] Copying ../../../build/manager/manager.egg-info to /home/matthias/xplore2023/hd_ws/install/manager/lib/python3.10/site-packages/manager-0.0.0-py3.10.egg-info
[1.077s] running install_scripts
[1.093s] Installing manager script to /home/matthias/xplore2023/hd_ws/install/manager/lib/manager
[1.094s] writing list of installed files to '/home/matthias/xplore2023/hd_ws/build/manager/install.log'
[1.114s] Invoked command in '/home/matthias/xplore2023/hd_ws/src/control/manager' returned '0': CMAKE_PREFIX_PATH=/home/matthias/xplore2023/hd_ws/install/astra_interfaces:/home/matthias/xplore2023/hd_ws/install/astra_moveit_config0:/home/matthias/xplore2023/hd_ws/install/tttt:/home/matthias/xplore2023/hd_ws/install/moveit_api_test2:/home/matthias/xplore2023/hd_ws/install/moveit_api_test:/home/matthias/xplore2023/hd_ws/install/hw_interface:/home/matthias/xplore2023/hd_ws/install/astra_moveit_config_new:/home/matthias/xplore2023/hd_ws/install/astra_moveit_config:/home/matthias/xplore2023/hd_ws/install/astra_description PYTHONPATH=/home/matthias/xplore2023/hd_ws/build/manager/prefix_override:/home/matthias/xplore2023/hd_ws/install/manager/lib/python3.10/site-packages:${PYTHONPATH} /usr/bin/python3 setup.py egg_info --egg-base ../../../build/manager build --build-base /home/matthias/xplore2023/hd_ws/build/manager/build install --record /home/matthias/xplore2023/hd_ws/build/manager/install.log --single-version-externally-managed
