[  2%] Built target astra_interfaces__cpp
[ 12%] Built target astra_interfaces__rosidl_generator_c
[ 23%] Built target astra_interfaces__rosidl_typesupport_cpp
[ 34%] Built target astra_interfaces__rosidl_typesupport_introspection_cpp
[ 44%] Built target astra_interfaces__rosidl_typesupport_c
[ 55%] Built target astra_interfaces__rosidl_typesupport_fastrtps_cpp
[ 65%] Built target astra_interfaces__rosidl_typesupport_introspection_c
[ 76%] Built target astra_interfaces__rosidl_typesupport_fastrtps_c
[ 76%] Built target astra_interfaces
[ 78%] Built target astra_interfaces__py
[ 87%] Built target astra_interfaces__python
[ 95%] Built target astra_interfaces__rosidl_typesupport_introspection_c__pyext
[ 95%] Built target astra_interfaces__rosidl_typesupport_fastrtps_c__pyext
[100%] Built target astra_interfaces__rosidl_typesupport_c__pyext
-- Install configuration: ""
-- Up-to-date: /home/xplore/Desktop/main_HD_workspace/hd_ws/install/astra_interfaces/share/ament_index/resource_index/rosidl_interfaces/astra_interfaces
-- Up-to-date: /home/xplore/Desktop/main_HD_workspace/hd_ws/install/astra_interfaces/include/astra_interfaces
-- Up-to-date: /home/xplore/Desktop/main_HD_workspace/hd_ws/install/astra_interfaces/include/astra_interfaces/msg
-- Up-to-date: /home/xplore/Desktop/main_HD_workspace/hd_ws/install/astra_interfaces/include/astra_interfaces/msg/task.h
-- Up-to-date: /home/xplore/Desktop/main_HD_workspace/hd_ws/install/astra_interfaces/include/astra_interfaces/msg/object.h
-- Up-to-date: /home/xplore/Desktop/main_HD_workspace/hd_ws/install/astra_interfaces/include/astra_interfaces/msg/detail
-- Up-to-date: /home/xplore/Desktop/main_HD_workspace/hd_ws/install/astra_interfaces/include/astra_interfaces/msg/detail/object__type_support.h
-- Up-to-date: /home/xplore/Desktop/main_HD_workspace/hd_ws/install/astra_interfaces/include/astra_interfaces/msg/detail/task__struct.h
-- Up-to-date: /home/xplore/Desktop/main_HD_workspace/hd_ws/install/astra_interfaces/include/astra_interfaces/msg/detail/object__functions.c
-- Up-to-date: /home/xplore/Desktop/main_HD_workspace/hd_ws/install/astra_interfaces/include/astra_interfaces/msg/detail/task__functions.c
-- Up-to-date: /home/xplore/Desktop/main_HD_workspace/hd_ws/install/astra_interfaces/include/astra_interfaces/msg/detail/object__struct.h
-- Up-to-date: /home/xplore/Desktop/main_HD_workspace/hd_ws/install/astra_interfaces/include/astra_interfaces/msg/detail/task__type_support.h
-- Up-to-date: /home/xplore/Desktop/main_HD_workspace/hd_ws/install/astra_interfaces/include/astra_interfaces/msg/detail/object__functions.h
-- Up-to-date: /home/xplore/Desktop/main_HD_workspace/hd_ws/install/astra_interfaces/include/astra_interfaces/msg/detail/cmd_outcome__functions.h
-- Up-to-date: /home/xplore/Desktop/main_HD_workspace/hd_ws/install/astra_interfaces/include/astra_interfaces/msg/detail/cmd_outcome__type_support.h
-- Up-to-date: /home/xplore/Desktop/main_HD_workspace/hd_ws/install/astra_interfaces/include/astra_interfaces/msg/detail/cmd_outcome__functions.c
-- Up-to-date: /home/xplore/Desktop/main_HD_workspace/hd_ws/install/astra_interfaces/include/astra_interfaces/msg/detail/task__functions.h
-- Up-to-date: /home/xplore/Desktop/main_HD_workspace/hd_ws/install/astra_interfaces/include/astra_interfaces/msg/detail/cmd_outcome__struct.h
-- Up-to-date: /home/xplore/Desktop/main_HD_workspace/hd_ws/install/astra_interfaces/include/astra_interfaces/msg/rosidl_generator_c__visibility_control.h
-- Up-to-date: /home/xplore/Desktop/main_HD_workspace/hd_ws/install/astra_interfaces/include/astra_interfaces/msg/cmd_outcome.h
-- Up-to-date: /home/xplore/Desktop/main_HD_workspace/hd_ws/install/astra_interfaces/share/astra_interfaces/environment/library_path.sh
-- Up-to-date: /home/xplore/Desktop/main_HD_workspace/hd_ws/install/astra_interfaces/share/astra_interfaces/environment/library_path.dsv
-- Up-to-date: /home/xplore/Desktop/main_HD_workspace/hd_ws/install/astra_interfaces/lib/libastra_interfaces__rosidl_generator_c.so
-- Up-to-date: /home/xplore/Desktop/main_HD_workspace/hd_ws/install/astra_interfaces/include/astra_interfaces
-- Up-to-date: /home/xplore/Desktop/main_HD_workspace/hd_ws/install/astra_interfaces/include/astra_interfaces/msg
-- Up-to-date: /home/xplore/Desktop/main_HD_workspace/hd_ws/install/astra_interfaces/include/astra_interfaces/msg/detail
-- Up-to-date: /home/xplore/Desktop/main_HD_workspace/hd_ws/install/astra_interfaces/include/astra_interfaces/msg/detail/cmd_outcome__rosidl_typesupport_fastrtps_c.h
-- Up-to-date: /home/xplore/Desktop/main_HD_workspace/hd_ws/install/astra_interfaces/include/astra_interfaces/msg/detail/task__rosidl_typesupport_fastrtps_c.h
-- Up-to-date: /home/xplore/Desktop/main_HD_workspace/hd_ws/install/astra_interfaces/include/astra_interfaces/msg/detail/object__rosidl_typesupport_fastrtps_c.h
-- Up-to-date: /home/xplore/Desktop/main_HD_workspace/hd_ws/install/astra_interfaces/include/astra_interfaces/msg/rosidl_typesupport_fastrtps_c__visibility_control.h
-- Up-to-date: /home/xplore/Desktop/main_HD_workspace/hd_ws/install/astra_interfaces/lib/libastra_interfaces__rosidl_typesupport_fastrtps_c.so
-- Up-to-date: /home/xplore/Desktop/main_HD_workspace/hd_ws/install/astra_interfaces/include/astra_interfaces
-- Up-to-date: /home/xplore/Desktop/main_HD_workspace/hd_ws/install/astra_interfaces/include/astra_interfaces/msg
-- Up-to-date: /home/xplore/Desktop/main_HD_workspace/hd_ws/install/astra_interfaces/include/astra_interfaces/msg/rosidl_typesupport_fastrtps_cpp__visibility_control.h
-- Up-to-date: /home/xplore/Desktop/main_HD_workspace/hd_ws/install/astra_interfaces/include/astra_interfaces/msg/detail
-- Up-to-date: /home/xplore/Desktop/main_HD_workspace/hd_ws/install/astra_interfaces/include/astra_interfaces/msg/detail/object__rosidl_typesupport_fastrtps_cpp.hpp
-- Up-to-date: /home/xplore/Desktop/main_HD_workspace/hd_ws/install/astra_interfaces/include/astra_interfaces/msg/detail/cmd_outcome__rosidl_typesupport_fastrtps_cpp.hpp
-- Up-to-date: /home/xplore/Desktop/main_HD_workspace/hd_ws/install/astra_interfaces/include/astra_interfaces/msg/detail/task__rosidl_typesupport_fastrtps_cpp.hpp
-- Up-to-date: /home/xplore/Desktop/main_HD_workspace/hd_ws/install/astra_interfaces/include/astra_interfaces/msg/detail/dds_fastrtps
-- Up-to-date: /home/xplore/Desktop/main_HD_workspace/hd_ws/install/astra_interfaces/lib/libastra_interfaces__rosidl_typesupport_fastrtps_cpp.so
-- Up-to-date: /home/xplore/Desktop/main_HD_workspace/hd_ws/install/astra_interfaces/include/astra_interfaces
-- Up-to-date: /home/xplore/Desktop/main_HD_workspace/hd_ws/install/astra_interfaces/include/astra_interfaces/msg
-- Up-to-date: /home/xplore/Desktop/main_HD_workspace/hd_ws/install/astra_interfaces/include/astra_interfaces/msg/detail
-- Up-to-date: /home/xplore/Desktop/main_HD_workspace/hd_ws/install/astra_interfaces/include/astra_interfaces/msg/detail/task__type_support.c
-- Up-to-date: /home/xplore/Desktop/main_HD_workspace/hd_ws/install/astra_interfaces/include/astra_interfaces/msg/detail/object__type_support.c
-- Up-to-date: /home/xplore/Desktop/main_HD_workspace/hd_ws/install/astra_interfaces/include/astra_interfaces/msg/detail/cmd_outcome__rosidl_typesupport_introspection_c.h
-- Up-to-date: /home/xplore/Desktop/main_HD_workspace/hd_ws/install/astra_interfaces/include/astra_interfaces/msg/detail/cmd_outcome__type_support.c
-- Up-to-date: /home/xplore/Desktop/main_HD_workspace/hd_ws/install/astra_interfaces/include/astra_interfaces/msg/detail/object__rosidl_typesupport_introspection_c.h
-- Up-to-date: /home/xplore/Desktop/main_HD_workspace/hd_ws/install/astra_interfaces/include/astra_interfaces/msg/detail/task__rosidl_typesupport_introspection_c.h
-- Up-to-date: /home/xplore/Desktop/main_HD_workspace/hd_ws/install/astra_interfaces/include/astra_interfaces/msg/rosidl_typesupport_introspection_c__visibility_control.h
-- Up-to-date: /home/xplore/Desktop/main_HD_workspace/hd_ws/install/astra_interfaces/lib/libastra_interfaces__rosidl_typesupport_introspection_c.so
-- Up-to-date: /home/xplore/Desktop/main_HD_workspace/hd_ws/install/astra_interfaces/lib/libastra_interfaces__rosidl_typesupport_c.so
-- Up-to-date: /home/xplore/Desktop/main_HD_workspace/hd_ws/install/astra_interfaces/include/astra_interfaces
-- Up-to-date: /home/xplore/Desktop/main_HD_workspace/hd_ws/install/astra_interfaces/include/astra_interfaces/msg
-- Up-to-date: /home/xplore/Desktop/main_HD_workspace/hd_ws/install/astra_interfaces/include/astra_interfaces/msg/task.hpp
-- Up-to-date: /home/xplore/Desktop/main_HD_workspace/hd_ws/install/astra_interfaces/include/astra_interfaces/msg/detail
-- Up-to-date: /home/xplore/Desktop/main_HD_workspace/hd_ws/install/astra_interfaces/include/astra_interfaces/msg/detail/object__struct.hpp
-- Up-to-date: /home/xplore/Desktop/main_HD_workspace/hd_ws/install/astra_interfaces/include/astra_interfaces/msg/detail/cmd_outcome__builder.hpp
-- Up-to-date: /home/xplore/Desktop/main_HD_workspace/hd_ws/install/astra_interfaces/include/astra_interfaces/msg/detail/task__builder.hpp
-- Up-to-date: /home/xplore/Desktop/main_HD_workspace/hd_ws/install/astra_interfaces/include/astra_interfaces/msg/detail/object__traits.hpp
-- Up-to-date: /home/xplore/Desktop/main_HD_workspace/hd_ws/install/astra_interfaces/include/astra_interfaces/msg/detail/cmd_outcome__struct.hpp
-- Up-to-date: /home/xplore/Desktop/main_HD_workspace/hd_ws/install/astra_interfaces/include/astra_interfaces/msg/detail/cmd_outcome__traits.hpp
-- Up-to-date: /home/xplore/Desktop/main_HD_workspace/hd_ws/install/astra_interfaces/include/astra_interfaces/msg/detail/object__builder.hpp
-- Up-to-date: /home/xplore/Desktop/main_HD_workspace/hd_ws/install/astra_interfaces/include/astra_interfaces/msg/detail/task__struct.hpp
-- Up-to-date: /home/xplore/Desktop/main_HD_workspace/hd_ws/install/astra_interfaces/include/astra_interfaces/msg/detail/task__traits.hpp
-- Up-to-date: /home/xplore/Desktop/main_HD_workspace/hd_ws/install/astra_interfaces/include/astra_interfaces/msg/cmd_outcome.hpp
-- Up-to-date: /home/xplore/Desktop/main_HD_workspace/hd_ws/install/astra_interfaces/include/astra_interfaces/msg/object.hpp
-- Up-to-date: /home/xplore/Desktop/main_HD_workspace/hd_ws/install/astra_interfaces/include/astra_interfaces
-- Up-to-date: /home/xplore/Desktop/main_HD_workspace/hd_ws/install/astra_interfaces/include/astra_interfaces/msg
-- Up-to-date: /home/xplore/Desktop/main_HD_workspace/hd_ws/install/astra_interfaces/include/astra_interfaces/msg/detail
-- Up-to-date: /home/xplore/Desktop/main_HD_workspace/hd_ws/install/astra_interfaces/include/astra_interfaces/msg/detail/object__rosidl_typesupport_introspection_cpp.hpp
-- Up-to-date: /home/xplore/Desktop/main_HD_workspace/hd_ws/install/astra_interfaces/include/astra_interfaces/msg/detail/object__type_support.cpp
-- Up-to-date: /home/xplore/Desktop/main_HD_workspace/hd_ws/install/astra_interfaces/include/astra_interfaces/msg/detail/task__type_support.cpp
-- Up-to-date: /home/xplore/Desktop/main_HD_workspace/hd_ws/install/astra_interfaces/include/astra_interfaces/msg/detail/task__rosidl_typesupport_introspection_cpp.hpp
-- Up-to-date: /home/xplore/Desktop/main_HD_workspace/hd_ws/install/astra_interfaces/include/astra_interfaces/msg/detail/cmd_outcome__rosidl_typesupport_introspection_cpp.hpp
-- Up-to-date: /home/xplore/Desktop/main_HD_workspace/hd_ws/install/astra_interfaces/include/astra_interfaces/msg/detail/cmd_outcome__type_support.cpp
-- Up-to-date: /home/xplore/Desktop/main_HD_workspace/hd_ws/install/astra_interfaces/lib/libastra_interfaces__rosidl_typesupport_introspection_cpp.so
-- Up-to-date: /home/xplore/Desktop/main_HD_workspace/hd_ws/install/astra_interfaces/lib/libastra_interfaces__rosidl_typesupport_cpp.so
-- Up-to-date: /home/xplore/Desktop/main_HD_workspace/hd_ws/install/astra_interfaces/share/astra_interfaces/environment/pythonpath.sh
-- Up-to-date: /home/xplore/Desktop/main_HD_workspace/hd_ws/install/astra_interfaces/share/astra_interfaces/environment/pythonpath.dsv
-- Up-to-date: /home/xplore/Desktop/main_HD_workspace/hd_ws/install/astra_interfaces/lib/python3.8/site-packages/astra_interfaces/__init__.py
-- Up-to-date: /home/xplore/Desktop/main_HD_workspace/hd_ws/install/astra_interfaces/lib/python3.8/site-packages/astra_interfaces/msg
-- Up-to-date: /home/xplore/Desktop/main_HD_workspace/hd_ws/install/astra_interfaces/lib/python3.8/site-packages/astra_interfaces/msg/_task_s.c
-- Up-to-date: /home/xplore/Desktop/main_HD_workspace/hd_ws/install/astra_interfaces/lib/python3.8/site-packages/astra_interfaces/msg/_cmd_outcome_s.c
-- Up-to-date: /home/xplore/Desktop/main_HD_workspace/hd_ws/install/astra_interfaces/lib/python3.8/site-packages/astra_interfaces/msg/_object_s.c
-- Up-to-date: /home/xplore/Desktop/main_HD_workspace/hd_ws/install/astra_interfaces/lib/python3.8/site-packages/astra_interfaces/msg/__init__.py
-- Up-to-date: /home/xplore/Desktop/main_HD_workspace/hd_ws/install/astra_interfaces/lib/python3.8/site-packages/astra_interfaces/msg/_cmd_outcome.py
-- Up-to-date: /home/xplore/Desktop/main_HD_workspace/hd_ws/install/astra_interfaces/lib/python3.8/site-packages/astra_interfaces/msg/_task.py
-- Up-to-date: /home/xplore/Desktop/main_HD_workspace/hd_ws/install/astra_interfaces/lib/python3.8/site-packages/astra_interfaces/msg/_object.py
-- Up-to-date: /home/xplore/Desktop/main_HD_workspace/hd_ws/install/astra_interfaces/lib/python3.8/site-packages/astra_interfaces/astra_interfaces_s__rosidl_typesupport_fastrtps_c.cpython-38-aarch64-linux-gnu.so
-- Up-to-date: /home/xplore/Desktop/main_HD_workspace/hd_ws/install/astra_interfaces/lib/python3.8/site-packages/astra_interfaces/astra_interfaces_s__rosidl_typesupport_introspection_c.cpython-38-aarch64-linux-gnu.so
-- Up-to-date: /home/xplore/Desktop/main_HD_workspace/hd_ws/install/astra_interfaces/lib/python3.8/site-packages/astra_interfaces/astra_interfaces_s__rosidl_typesupport_c.cpython-38-aarch64-linux-gnu.so
-- Up-to-date: /home/xplore/Desktop/main_HD_workspace/hd_ws/install/astra_interfaces/lib/libastra_interfaces__python.so
-- Up-to-date: /home/xplore/Desktop/main_HD_workspace/hd_ws/install/astra_interfaces/share/astra_interfaces/msg/CmdOutcome.idl
-- Up-to-date: /home/xplore/Desktop/main_HD_workspace/hd_ws/install/astra_interfaces/share/astra_interfaces/msg/Object.idl
-- Up-to-date: /home/xplore/Desktop/main_HD_workspace/hd_ws/install/astra_interfaces/share/astra_interfaces/msg/Task.idl
-- Up-to-date: /home/xplore/Desktop/main_HD_workspace/hd_ws/install/astra_interfaces/share/astra_interfaces/msg/CmdOutcome.msg
-- Up-to-date: /home/xplore/Desktop/main_HD_workspace/hd_ws/install/astra_interfaces/share/astra_interfaces/msg/Object.msg
-- Up-to-date: /home/xplore/Desktop/main_HD_workspace/hd_ws/install/astra_interfaces/share/astra_interfaces/msg/Task.msg
-- Up-to-date: /home/xplore/Desktop/main_HD_workspace/hd_ws/install/astra_interfaces/share/ament_index/resource_index/package_run_dependencies/astra_interfaces
-- Up-to-date: /home/xplore/Desktop/main_HD_workspace/hd_ws/install/astra_interfaces/share/ament_index/resource_index/parent_prefix_path/astra_interfaces
-- Up-to-date: /home/xplore/Desktop/main_HD_workspace/hd_ws/install/astra_interfaces/share/astra_interfaces/environment/ament_prefix_path.sh
-- Up-to-date: /home/xplore/Desktop/main_HD_workspace/hd_ws/install/astra_interfaces/share/astra_interfaces/environment/ament_prefix_path.dsv
-- Up-to-date: /home/xplore/Desktop/main_HD_workspace/hd_ws/install/astra_interfaces/share/astra_interfaces/environment/path.sh
-- Up-to-date: /home/xplore/Desktop/main_HD_workspace/hd_ws/install/astra_interfaces/share/astra_interfaces/environment/path.dsv
-- Up-to-date: /home/xplore/Desktop/main_HD_workspace/hd_ws/install/astra_interfaces/share/astra_interfaces/local_setup.bash
-- Up-to-date: /home/xplore/Desktop/main_HD_workspace/hd_ws/install/astra_interfaces/share/astra_interfaces/local_setup.sh
-- Up-to-date: /home/xplore/Desktop/main_HD_workspace/hd_ws/install/astra_interfaces/share/astra_interfaces/local_setup.zsh
-- Up-to-date: /home/xplore/Desktop/main_HD_workspace/hd_ws/install/astra_interfaces/share/astra_interfaces/local_setup.dsv
-- Installing: /home/xplore/Desktop/main_HD_workspace/hd_ws/install/astra_interfaces/share/astra_interfaces/package.dsv
-- Up-to-date: /home/xplore/Desktop/main_HD_workspace/hd_ws/install/astra_interfaces/share/ament_index/resource_index/packages/astra_interfaces
-- Up-to-date: /home/xplore/Desktop/main_HD_workspace/hd_ws/install/astra_interfaces/share/astra_interfaces/cmake/astra_interfaces__rosidl_generator_cExport.cmake
-- Up-to-date: /home/xplore/Desktop/main_HD_workspace/hd_ws/install/astra_interfaces/share/astra_interfaces/cmake/astra_interfaces__rosidl_generator_cExport-noconfig.cmake
-- Up-to-date: /home/xplore/Desktop/main_HD_workspace/hd_ws/install/astra_interfaces/share/astra_interfaces/cmake/astra_interfaces__rosidl_typesupport_introspection_cExport.cmake
-- Up-to-date: /home/xplore/Desktop/main_HD_workspace/hd_ws/install/astra_interfaces/share/astra_interfaces/cmake/astra_interfaces__rosidl_typesupport_introspection_cExport-noconfig.cmake
-- Up-to-date: /home/xplore/Desktop/main_HD_workspace/hd_ws/install/astra_interfaces/share/astra_interfaces/cmake/astra_interfaces__rosidl_typesupport_cExport.cmake
-- Up-to-date: /home/xplore/Desktop/main_HD_workspace/hd_ws/install/astra_interfaces/share/astra_interfaces/cmake/astra_interfaces__rosidl_typesupport_cExport-noconfig.cmake
-- Up-to-date: /home/xplore/Desktop/main_HD_workspace/hd_ws/install/astra_interfaces/share/astra_interfaces/cmake/astra_interfaces__rosidl_generator_cppExport.cmake
-- Up-to-date: /home/xplore/Desktop/main_HD_workspace/hd_ws/install/astra_interfaces/share/astra_interfaces/cmake/astra_interfaces__rosidl_typesupport_introspection_cppExport.cmake
-- Up-to-date: /home/xplore/Desktop/main_HD_workspace/hd_ws/install/astra_interfaces/share/astra_interfaces/cmake/astra_interfaces__rosidl_typesupport_introspection_cppExport-noconfig.cmake
-- Up-to-date: /home/xplore/Desktop/main_HD_workspace/hd_ws/install/astra_interfaces/share/astra_interfaces/cmake/astra_interfaces__rosidl_typesupport_cppExport.cmake
-- Up-to-date: /home/xplore/Desktop/main_HD_workspace/hd_ws/install/astra_interfaces/share/astra_interfaces/cmake/astra_interfaces__rosidl_typesupport_cppExport-noconfig.cmake
-- Up-to-date: /home/xplore/Desktop/main_HD_workspace/hd_ws/install/astra_interfaces/share/astra_interfaces/cmake/rosidl_cmake-extras.cmake
-- Up-to-date: /home/xplore/Desktop/main_HD_workspace/hd_ws/install/astra_interfaces/share/astra_interfaces/cmake/ament_cmake_export_dependencies-extras.cmake
-- Up-to-date: /home/xplore/Desktop/main_HD_workspace/hd_ws/install/astra_interfaces/share/astra_interfaces/cmake/ament_cmake_export_libraries-extras.cmake
-- Up-to-date: /home/xplore/Desktop/main_HD_workspace/hd_ws/install/astra_interfaces/share/astra_interfaces/cmake/ament_cmake_export_targets-extras.cmake
-- Up-to-date: /home/xplore/Desktop/main_HD_workspace/hd_ws/install/astra_interfaces/share/astra_interfaces/cmake/ament_cmake_export_include_directories-extras.cmake
-- Up-to-date: /home/xplore/Desktop/main_HD_workspace/hd_ws/install/astra_interfaces/share/astra_interfaces/cmake/rosidl_cmake_export_typesupport_libraries-extras.cmake
-- Up-to-date: /home/xplore/Desktop/main_HD_workspace/hd_ws/install/astra_interfaces/share/astra_interfaces/cmake/rosidl_cmake_export_typesupport_targets-extras.cmake
-- Up-to-date: /home/xplore/Desktop/main_HD_workspace/hd_ws/install/astra_interfaces/share/astra_interfaces/cmake/astra_interfacesConfig.cmake
-- Up-to-date: /home/xplore/Desktop/main_HD_workspace/hd_ws/install/astra_interfaces/share/astra_interfaces/cmake/astra_interfacesConfig-version.cmake
-- Up-to-date: /home/xplore/Desktop/main_HD_workspace/hd_ws/install/astra_interfaces/share/astra_interfaces/package.xml
