[0.030s] Invoking command in '/home/matthias/xplore2023/hd_ws/build/astra_interfaces': CMAKE_PREFIX_PATH=${CMAKE_PREFIX_PATH}:/home/matthias/xplore2023/hd_ws/install/task_execution:/home/matthias/xplore2023/hd_ws/install/manager:/opt/ros/humble /usr/bin/cmake --build /home/matthias/xplore2023/hd_ws/build/astra_interfaces -- -j12 -l12
[0.076s] [  2%] Built target astra_interfaces__cpp
[0.079s] [ 12%] Built target astra_interfaces__rosidl_generator_c
[0.091s] [ 12%] Built target ament_cmake_python_copy_astra_interfaces
[0.105s] [ 23%] Built target astra_interfaces__rosidl_typesupport_introspection_c
[0.107s] [ 42%] Built target astra_interfaces__rosidl_typesupport_cpp
[0.107s] [ 44%] Built target astra_interfaces__rosidl_typesupport_introspection_cpp
[0.107s] [ 55%] Built target astra_interfaces__rosidl_typesupport_fastrtps_c
[0.112s] [ 65%] Built target astra_interfaces__rosidl_typesupport_fastrtps_cpp
[0.112s] [ 76%] Built target astra_interfaces__rosidl_typesupport_c
[0.129s] [ 76%] Built target astra_interfaces
[0.147s] [ 78%] Built target astra_interfaces__py
[0.165s] [ 87%] Built target astra_interfaces__rosidl_generator_py
[0.184s] [ 93%] Built target astra_interfaces__rosidl_typesupport_c__pyext
[0.185s] [ 97%] Built target astra_interfaces__rosidl_typesupport_fastrtps_c__pyext
[0.185s] [100%] Built target astra_interfaces__rosidl_typesupport_introspection_c__pyext
[0.363s] running egg_info
[0.363s] writing astra_interfaces.egg-info/PKG-INFO
[0.363s] writing dependency_links to astra_interfaces.egg-info/dependency_links.txt
[0.363s] writing top-level names to astra_interfaces.egg-info/top_level.txt
[0.365s] reading manifest file 'astra_interfaces.egg-info/SOURCES.txt'
[0.366s] writing manifest file 'astra_interfaces.egg-info/SOURCES.txt'
[0.390s] [100%] Built target ament_cmake_python_build_astra_interfaces_egg
