[1.094s] Invoking command in '/home/matthias/xplore2023/hd_ws/build/tttt': CMAKE_PREFIX_PATH=${CMAKE_PREFIX_PATH}:/home/matthias/xplore2023/hd_ws/install/task_execution:/home/matthias/xplore2023/hd_ws/install/manager:/home/matthias/xplore2023/hd_ws/install/hw_interface:/home/matthias/xplore2023/hd_ws/install/astra_description:/opt/ros/humble /usr/bin/cmake --build /home/matthias/xplore2023/hd_ws/build/tttt -- -j12 -l12
[1.198s] Invoked command in '/home/matthias/xplore2023/hd_ws/build/tttt' returned '0': CMAKE_PREFIX_PATH=${CMAKE_PREFIX_PATH}:/home/matthias/xplore2023/hd_ws/install/task_execution:/home/matthias/xplore2023/hd_ws/install/manager:/home/matthias/xplore2023/hd_ws/install/hw_interface:/home/matthias/xplore2023/hd_ws/install/astra_description:/opt/ros/humble /usr/bin/cmake --build /home/matthias/xplore2023/hd_ws/build/tttt -- -j12 -l12
[1.233s] Invoking command in '/home/matthias/xplore2023/hd_ws/build/tttt': CMAKE_PREFIX_PATH=${CMAKE_PREFIX_PATH}:/home/matthias/xplore2023/hd_ws/install/task_execution:/home/matthias/xplore2023/hd_ws/install/manager:/home/matthias/xplore2023/hd_ws/install/hw_interface:/home/matthias/xplore2023/hd_ws/install/astra_description:/opt/ros/humble /usr/bin/cmake --install /home/matthias/xplore2023/hd_ws/build/tttt
[1.248s] -- Install configuration: ""
[1.248s] -- Installing: /home/matthias/xplore2023/hd_ws/install/tttt/share/ament_index/resource_index/package_run_dependencies/tttt
[1.248s] -- Installing: /home/matthias/xplore2023/hd_ws/install/tttt/share/ament_index/resource_index/parent_prefix_path/tttt
[1.248s] -- Installing: /home/matthias/xplore2023/hd_ws/install/tttt/share/tttt/environment/ament_prefix_path.sh
[1.248s] -- Installing: /home/matthias/xplore2023/hd_ws/install/tttt/share/tttt/environment/ament_prefix_path.dsv
[1.249s] -- Installing: /home/matthias/xplore2023/hd_ws/install/tttt/share/tttt/environment/path.sh
[1.249s] -- Installing: /home/matthias/xplore2023/hd_ws/install/tttt/share/tttt/environment/path.dsv
[1.249s] -- Installing: /home/matthias/xplore2023/hd_ws/install/tttt/share/tttt/local_setup.bash
[1.249s] -- Installing: /home/matthias/xplore2023/hd_ws/install/tttt/share/tttt/local_setup.sh
[1.250s] -- Installing: /home/matthias/xplore2023/hd_ws/install/tttt/share/tttt/local_setup.zsh
[1.250s] -- Installing: /home/matthias/xplore2023/hd_ws/install/tttt/share/tttt/local_setup.dsv
[1.250s] -- Installing: /home/matthias/xplore2023/hd_ws/install/tttt/share/tttt/package.dsv
[1.250s] -- Installing: /home/matthias/xplore2023/hd_ws/install/tttt/share/ament_index/resource_index/packages/tttt
[1.250s] -- Installing: /home/matthias/xplore2023/hd_ws/install/tttt/share/tttt/cmake/ttttConfig.cmake
[1.251s] -- Installing: /home/matthias/xplore2023/hd_ws/install/tttt/share/tttt/cmake/ttttConfig-version.cmake
[1.251s] -- Installing: /home/matthias/xplore2023/hd_ws/install/tttt/share/tttt/package.xml
[1.293s] Invoked command in '/home/matthias/xplore2023/hd_ws/build/tttt' returned '0': CMAKE_PREFIX_PATH=${CMAKE_PREFIX_PATH}:/home/matthias/xplore2023/hd_ws/install/task_execution:/home/matthias/xplore2023/hd_ws/install/manager:/home/matthias/xplore2023/hd_ws/install/hw_interface:/home/matthias/xplore2023/hd_ws/install/astra_description:/opt/ros/humble /usr/bin/cmake --install /home/matthias/xplore2023/hd_ws/build/tttt
