[0.021s] Invoking command in '/home/matthias/xplore2023/hd_ws/build/astra_interfaces': CMAKE_PREFIX_PATH=/opt/ros/humble /usr/bin/cmake /home/matthias/xplore2023/hd_ws/src/control/astra_interfaces -DCMAKE_INSTALL_PREFIX=/home/matthias/xplore2023/hd_ws/install/astra_interfaces
[0.032s] -- Found ament_cmake: 1.3.2 (/opt/ros/humble/share/ament_cmake/cmake)
[0.154s] -- Found geometry_msgs: 4.2.2 (/opt/ros/humble/share/geometry_msgs/cmake)
[0.179s] -- Found rosidl_generator_c: 3.1.3 (/opt/ros/humble/share/rosidl_generator_c/cmake)
[0.181s] -- Found rosidl_adapter: 3.1.3 (/opt/ros/humble/share/rosidl_adapter/cmake)
[0.186s] -- Found rosidl_generator_cpp: 3.1.3 (/opt/ros/humble/share/rosidl_generator_cpp/cmake)
[0.196s] -- Using all available rosidl_typesupport_c: rosidl_typesupport_fastrtps_c;rosidl_typesupport_introspection_c
[0.211s] -- Using all available rosidl_typesupport_cpp: rosidl_typesupport_fastrtps_cpp;rosidl_typesupport_introspection_cpp
[0.322s] -- Found rosidl_default_generators: 1.2.0 (/opt/ros/humble/share/rosidl_default_generators/cmake)
[0.469s] [31mCMake Error at /opt/ros/humble/share/rosidl_adapter/cmake/rosidl_adapt_interfaces.cmake:59 (message):
[0.469s]   execute_process(/usr/bin/python3.10 -m rosidl_adapter --package-name
[0.470s]   astra_interfaces --arguments-file
[0.470s]   /home/matthias/xplore2023/hd_ws/build/astra_interfaces/rosidl_adapter__arguments__astra_interfaces.json
[0.470s]   --output-dir
[0.470s]   /home/matthias/xplore2023/hd_ws/build/astra_interfaces/rosidl_adapter/astra_interfaces
[0.470s]   --output-file
[0.470s]   /home/matthias/xplore2023/hd_ws/build/astra_interfaces/rosidl_adapter/astra_interfaces.idls)
[0.470s]   returned error code 1:
[0.470s] 
[0.470s]   Traceback (most recent call last):
[0.471s] 
[0.471s]     File "/usr/lib/python3.10/runpy.py", line 196, in _run_module_as_main
[0.471s]       return _run_code(code, main_globals, None,
[0.471s]     File "/usr/lib/python3.10/runpy.py", line 86, in _run_code
[0.471s]       exec(code, run_globals)
[0.471s]     File "/opt/ros/humble/local/lib/python3.10/dist-packages/rosidl_adapter/__main__.py", line 19, in <module>
[0.471s]       sys.exit(main())
[0.471s]     File "/opt/ros/humble/local/lib/python3.10/dist-packages/rosidl_adapter/main.py", line 53, in main
[0.471s]       abs_idl_file = convert_to_idl(
[0.471s]     File "/opt/ros/humble/local/lib/python3.10/dist-packages/rosidl_adapter/__init__.py", line 19, in convert_to_idl
[0.471s]       return convert_msg_to_idl(
[0.472s]     File "/opt/ros/humble/local/lib/python3.10/dist-packages/rosidl_adapter/msg/__init__.py", line 28, in convert_msg_to_idl
[0.472s]       msg = parse_message_string(package_name, input_file.stem, content)
[0.472s]     File "/opt/ros/humble/local/lib/python3.10/dist-packages/rosidl_adapter/parser.py", line 544, in parse_message_string
[0.472s]       msg = MessageSpecification(pkg_name, msg_name, fields, constants)
[0.472s]     File "/opt/ros/humble/local/lib/python3.10/dist-packages/rosidl_adapter/parser.py", line 388, in __init__
[0.472s]       self.base_type = BaseType(
[0.472s]     File "/opt/ros/humble/local/lib/python3.10/dist-packages/rosidl_adapter/parser.py", line 205, in __init__
[0.472s]       raise InvalidResourceName(
[0.472s] 
[0.472s]   rosidl_adapter.parser.InvalidResourceName: 'cmdOutcome' is an invalid
[0.472s]   message name.  It should have the pattern '^[A-Z][A-Za-z0-9]*$'
[0.472s] 
[0.473s] Call Stack (most recent call first):
[0.473s]   /opt/ros/humble/share/rosidl_cmake/cmake/rosidl_generate_interfaces.cmake:130 (rosidl_adapt_interfaces)
[0.473s]   CMakeLists.txt:17 (rosidl_generate_interfaces)
[0.473s] 
[0.473s] [0m
[0.473s] -- Configuring incomplete, errors occurred!
[0.473s] See also "/home/matthias/xplore2023/hd_ws/build/astra_interfaces/CMakeFiles/CMakeOutput.log".
[0.476s] Invoked command in '/home/matthias/xplore2023/hd_ws/build/astra_interfaces' returned '1': CMAKE_PREFIX_PATH=/opt/ros/humble /usr/bin/cmake /home/matthias/xplore2023/hd_ws/src/control/astra_interfaces -DCMAKE_INSTALL_PREFIX=/home/matthias/xplore2023/hd_ws/install/astra_interfaces
