[0.372s] DEBUG:colcon:Command line arguments: ['/usr/bin/colcon', 'build']
[0.372s] DEBUG:colcon:Parsed command line arguments: Namespace(log_base=None, log_level=None, verb_name='build', build_base='build', install_base='install', merge_install=False, symlink_install=False, test_result_base=None, continue_on_error=False, executor='parallel', parallel_workers=12, event_handlers=None, ignore_user_meta=False, metas=['./colcon.meta'], base_paths=['.'], packages_ignore=None, packages_ignore_regex=None, paths=None, packages_up_to=None, packages_up_to_regex=None, packages_above=None, packages_above_and_dependencies=None, packages_above_depth=None, packages_select_by_dep=None, packages_skip_by_dep=None, packages_skip_up_to=None, packages_select_build_failed=False, packages_skip_build_finished=False, packages_select_test_failures=False, packages_skip_test_passed=False, packages_select=None, packages_skip=None, packages_select_regex=None, packages_skip_regex=None, packages_start=None, packages_end=None, allow_overriding=[], cmake_args=None, cmake_target=None, cmake_target_skip_unavailable=False, cmake_clean_cache=False, cmake_clean_first=False, cmake_force_configure=False, ament_cmake_args=None, catkin_cmake_args=None, catkin_skip_building_tests=False, mixin_files=None, mixin=None, verb_parser=<colcon_mixin.mixin.mixin_argument.MixinArgumentDecorator object at 0x7f16532f4730>, verb_extension=<colcon_core.verb.build.BuildVerb object at 0x7f1653c5ea10>, main=<bound method BuildVerb.main of <colcon_core.verb.build.BuildVerb object at 0x7f1653c5ea10>>, mixin_verb=('build',))
[0.397s] Level 1:colcon.colcon_core.package_discovery:discover_packages(colcon_meta) check parameters
[0.397s] Level 1:colcon.colcon_core.package_discovery:discover_packages(recursive) check parameters
[0.397s] Level 1:colcon.colcon_core.package_discovery:discover_packages(ignore) check parameters
[0.397s] Level 1:colcon.colcon_core.package_discovery:discover_packages(path) check parameters
[0.397s] Level 1:colcon.colcon_core.package_discovery:discover_packages(colcon_meta) discover
[0.397s] Level 1:colcon.colcon_core.package_discovery:discover_packages(recursive) discover
[0.397s] INFO:colcon.colcon_core.package_discovery:Crawling recursively for packages in '/home/matthias/xplore2023/hd_ws'
[0.397s] Level 1:colcon.colcon_core.package_identification:_identify(.) by extensions ['ignore', 'ignore_ament_install']
[0.397s] Level 1:colcon.colcon_core.package_identification:_identify(.) by extension 'ignore'
[0.397s] Level 1:colcon.colcon_core.package_identification:_identify(.) by extension 'ignore_ament_install'
[0.397s] Level 1:colcon.colcon_core.package_identification:_identify(.) by extensions ['colcon_pkg']
[0.397s] Level 1:colcon.colcon_core.package_identification:_identify(.) by extension 'colcon_pkg'
[0.397s] Level 1:colcon.colcon_core.package_identification:_identify(.) by extensions ['colcon_meta']
[0.397s] Level 1:colcon.colcon_core.package_identification:_identify(.) by extension 'colcon_meta'
[0.397s] Level 1:colcon.colcon_core.package_identification:_identify(.) by extensions ['ros']
[0.397s] Level 1:colcon.colcon_core.package_identification:_identify(.) by extension 'ros'
[0.407s] Level 1:colcon.colcon_core.package_identification:_identify(.) by extensions ['cmake', 'python']
[0.407s] Level 1:colcon.colcon_core.package_identification:_identify(.) by extension 'cmake'
[0.407s] Level 1:colcon.colcon_core.package_identification:_identify(.) by extension 'python'
[0.407s] Level 1:colcon.colcon_core.package_identification:_identify(.) by extensions ['python_setup_py']
[0.407s] Level 1:colcon.colcon_core.package_identification:_identify(.) by extension 'python_setup_py'
[0.407s] Level 1:colcon.colcon_core.package_identification:_identify(build) by extensions ['ignore', 'ignore_ament_install']
[0.407s] Level 1:colcon.colcon_core.package_identification:_identify(build) by extension 'ignore'
[0.407s] Level 1:colcon.colcon_core.package_identification:_identify(build) ignored
[0.407s] Level 1:colcon.colcon_core.package_identification:_identify(install) by extensions ['ignore', 'ignore_ament_install']
[0.408s] Level 1:colcon.colcon_core.package_identification:_identify(install) by extension 'ignore'
[0.408s] Level 1:colcon.colcon_core.package_identification:_identify(install) ignored
[0.408s] Level 1:colcon.colcon_core.package_identification:_identify(log) by extensions ['ignore', 'ignore_ament_install']
[0.408s] Level 1:colcon.colcon_core.package_identification:_identify(log) by extension 'ignore'
[0.408s] Level 1:colcon.colcon_core.package_identification:_identify(log) ignored
[0.408s] Level 1:colcon.colcon_core.package_identification:_identify(src) by extensions ['ignore', 'ignore_ament_install']
[0.408s] Level 1:colcon.colcon_core.package_identification:_identify(src) by extension 'ignore'
[0.408s] Level 1:colcon.colcon_core.package_identification:_identify(src) by extension 'ignore_ament_install'
[0.408s] Level 1:colcon.colcon_core.package_identification:_identify(src) by extensions ['colcon_pkg']
[0.408s] Level 1:colcon.colcon_core.package_identification:_identify(src) by extension 'colcon_pkg'
[0.408s] Level 1:colcon.colcon_core.package_identification:_identify(src) by extensions ['colcon_meta']
[0.408s] Level 1:colcon.colcon_core.package_identification:_identify(src) by extension 'colcon_meta'
[0.408s] Level 1:colcon.colcon_core.package_identification:_identify(src) by extensions ['ros']
[0.408s] Level 1:colcon.colcon_core.package_identification:_identify(src) by extension 'ros'
[0.408s] Level 1:colcon.colcon_core.package_identification:_identify(src) by extensions ['cmake', 'python']
[0.408s] Level 1:colcon.colcon_core.package_identification:_identify(src) by extension 'cmake'
[0.408s] Level 1:colcon.colcon_core.package_identification:_identify(src) by extension 'python'
[0.408s] Level 1:colcon.colcon_core.package_identification:_identify(src) by extensions ['python_setup_py']
[0.408s] Level 1:colcon.colcon_core.package_identification:_identify(src) by extension 'python_setup_py'
[0.408s] Level 1:colcon.colcon_core.package_identification:_identify(src/control) by extensions ['ignore', 'ignore_ament_install']
[0.409s] Level 1:colcon.colcon_core.package_identification:_identify(src/control) by extension 'ignore'
[0.409s] Level 1:colcon.colcon_core.package_identification:_identify(src/control) by extension 'ignore_ament_install'
[0.409s] Level 1:colcon.colcon_core.package_identification:_identify(src/control) by extensions ['colcon_pkg']
[0.409s] Level 1:colcon.colcon_core.package_identification:_identify(src/control) by extension 'colcon_pkg'
[0.409s] Level 1:colcon.colcon_core.package_identification:_identify(src/control) by extensions ['colcon_meta']
[0.409s] Level 1:colcon.colcon_core.package_identification:_identify(src/control) by extension 'colcon_meta'
[0.409s] Level 1:colcon.colcon_core.package_identification:_identify(src/control) by extensions ['ros']
[0.409s] Level 1:colcon.colcon_core.package_identification:_identify(src/control) by extension 'ros'
[0.409s] Level 1:colcon.colcon_core.package_identification:_identify(src/control) by extensions ['cmake', 'python']
[0.409s] Level 1:colcon.colcon_core.package_identification:_identify(src/control) by extension 'cmake'
[0.409s] Level 1:colcon.colcon_core.package_identification:_identify(src/control) by extension 'python'
[0.409s] Level 1:colcon.colcon_core.package_identification:_identify(src/control) by extensions ['python_setup_py']
[0.409s] Level 1:colcon.colcon_core.package_identification:_identify(src/control) by extension 'python_setup_py'
[0.409s] Level 1:colcon.colcon_core.package_identification:_identify(src/control/astra_description) by extensions ['ignore', 'ignore_ament_install']
[0.409s] Level 1:colcon.colcon_core.package_identification:_identify(src/control/astra_description) by extension 'ignore'
[0.409s] Level 1:colcon.colcon_core.package_identification:_identify(src/control/astra_description) by extension 'ignore_ament_install'
[0.409s] Level 1:colcon.colcon_core.package_identification:_identify(src/control/astra_description) by extensions ['colcon_pkg']
[0.409s] Level 1:colcon.colcon_core.package_identification:_identify(src/control/astra_description) by extension 'colcon_pkg'
[0.409s] Level 1:colcon.colcon_core.package_identification:_identify(src/control/astra_description) by extensions ['colcon_meta']
[0.409s] Level 1:colcon.colcon_core.package_identification:_identify(src/control/astra_description) by extension 'colcon_meta'
[0.409s] Level 1:colcon.colcon_core.package_identification:_identify(src/control/astra_description) by extensions ['ros']
[0.409s] Level 1:colcon.colcon_core.package_identification:_identify(src/control/astra_description) by extension 'ros'
[0.412s] DEBUG:colcon.colcon_core.package_identification:Package 'src/control/astra_description' with type 'ros.ament_cmake' and name 'astra_description'
[0.412s] Level 1:colcon.colcon_core.package_identification:_identify(src/control/astra_interfaces) by extensions ['ignore', 'ignore_ament_install']
[0.412s] Level 1:colcon.colcon_core.package_identification:_identify(src/control/astra_interfaces) by extension 'ignore'
[0.412s] Level 1:colcon.colcon_core.package_identification:_identify(src/control/astra_interfaces) by extension 'ignore_ament_install'
[0.412s] Level 1:colcon.colcon_core.package_identification:_identify(src/control/astra_interfaces) by extensions ['colcon_pkg']
[0.412s] Level 1:colcon.colcon_core.package_identification:_identify(src/control/astra_interfaces) by extension 'colcon_pkg'
[0.412s] Level 1:colcon.colcon_core.package_identification:_identify(src/control/astra_interfaces) by extensions ['colcon_meta']
[0.412s] Level 1:colcon.colcon_core.package_identification:_identify(src/control/astra_interfaces) by extension 'colcon_meta'
[0.412s] Level 1:colcon.colcon_core.package_identification:_identify(src/control/astra_interfaces) by extensions ['ros']
[0.412s] Level 1:colcon.colcon_core.package_identification:_identify(src/control/astra_interfaces) by extension 'ros'
[0.413s] DEBUG:colcon.colcon_core.package_identification:Package 'src/control/astra_interfaces' with type 'ros.ament_cmake' and name 'astra_interfaces'
[0.413s] Level 1:colcon.colcon_core.package_identification:_identify(src/control/astra_moveit_config) by extensions ['ignore', 'ignore_ament_install']
[0.413s] Level 1:colcon.colcon_core.package_identification:_identify(src/control/astra_moveit_config) by extension 'ignore'
[0.413s] Level 1:colcon.colcon_core.package_identification:_identify(src/control/astra_moveit_config) by extension 'ignore_ament_install'
[0.413s] Level 1:colcon.colcon_core.package_identification:_identify(src/control/astra_moveit_config) by extensions ['colcon_pkg']
[0.413s] Level 1:colcon.colcon_core.package_identification:_identify(src/control/astra_moveit_config) by extension 'colcon_pkg'
[0.413s] Level 1:colcon.colcon_core.package_identification:_identify(src/control/astra_moveit_config) by extensions ['colcon_meta']
[0.413s] Level 1:colcon.colcon_core.package_identification:_identify(src/control/astra_moveit_config) by extension 'colcon_meta'
[0.413s] Level 1:colcon.colcon_core.package_identification:_identify(src/control/astra_moveit_config) by extensions ['ros']
[0.413s] Level 1:colcon.colcon_core.package_identification:_identify(src/control/astra_moveit_config) by extension 'ros'
[0.414s] DEBUG:colcon.colcon_core.package_identification:Package 'src/control/astra_moveit_config' with type 'ros.ament_cmake' and name 'astra_moveit_config'
[0.414s] Level 1:colcon.colcon_core.package_identification:_identify(src/control/hw_interface) by extensions ['ignore', 'ignore_ament_install']
[0.414s] Level 1:colcon.colcon_core.package_identification:_identify(src/control/hw_interface) by extension 'ignore'
[0.414s] Level 1:colcon.colcon_core.package_identification:_identify(src/control/hw_interface) by extension 'ignore_ament_install'
[0.414s] Level 1:colcon.colcon_core.package_identification:_identify(src/control/hw_interface) by extensions ['colcon_pkg']
[0.414s] Level 1:colcon.colcon_core.package_identification:_identify(src/control/hw_interface) by extension 'colcon_pkg'
[0.414s] Level 1:colcon.colcon_core.package_identification:_identify(src/control/hw_interface) by extensions ['colcon_meta']
[0.414s] Level 1:colcon.colcon_core.package_identification:_identify(src/control/hw_interface) by extension 'colcon_meta'
[0.414s] Level 1:colcon.colcon_core.package_identification:_identify(src/control/hw_interface) by extensions ['ros']
[0.414s] Level 1:colcon.colcon_core.package_identification:_identify(src/control/hw_interface) by extension 'ros'
[0.415s] DEBUG:colcon.colcon_core.package_identification:Package 'src/control/hw_interface' with type 'ros.ament_cmake' and name 'hw_interface'
[0.415s] Level 1:colcon.colcon_core.package_identification:_identify(src/control/manager) by extensions ['ignore', 'ignore_ament_install']
[0.415s] Level 1:colcon.colcon_core.package_identification:_identify(src/control/manager) by extension 'ignore'
[0.415s] Level 1:colcon.colcon_core.package_identification:_identify(src/control/manager) by extension 'ignore_ament_install'
[0.415s] Level 1:colcon.colcon_core.package_identification:_identify(src/control/manager) by extensions ['colcon_pkg']
[0.415s] Level 1:colcon.colcon_core.package_identification:_identify(src/control/manager) by extension 'colcon_pkg'
[0.415s] Level 1:colcon.colcon_core.package_identification:_identify(src/control/manager) by extensions ['colcon_meta']
[0.415s] Level 1:colcon.colcon_core.package_identification:_identify(src/control/manager) by extension 'colcon_meta'
[0.415s] Level 1:colcon.colcon_core.package_identification:_identify(src/control/manager) by extensions ['ros']
[0.415s] Level 1:colcon.colcon_core.package_identification:_identify(src/control/manager) by extension 'ros'
[0.416s] DEBUG:colcon.colcon_core.package_identification:Package 'src/control/manager' with type 'ros.ament_python' and name 'manager'
[0.416s] Level 1:colcon.colcon_core.package_identification:_identify(src/control/moveit_api_test) by extensions ['ignore', 'ignore_ament_install']
[0.416s] Level 1:colcon.colcon_core.package_identification:_identify(src/control/moveit_api_test) by extension 'ignore'
[0.416s] Level 1:colcon.colcon_core.package_identification:_identify(src/control/moveit_api_test) by extension 'ignore_ament_install'
[0.416s] Level 1:colcon.colcon_core.package_identification:_identify(src/control/moveit_api_test) by extensions ['colcon_pkg']
[0.416s] Level 1:colcon.colcon_core.package_identification:_identify(src/control/moveit_api_test) by extension 'colcon_pkg'
[0.416s] Level 1:colcon.colcon_core.package_identification:_identify(src/control/moveit_api_test) by extensions ['colcon_meta']
[0.416s] Level 1:colcon.colcon_core.package_identification:_identify(src/control/moveit_api_test) by extension 'colcon_meta'
[0.416s] Level 1:colcon.colcon_core.package_identification:_identify(src/control/moveit_api_test) by extensions ['ros']
[0.416s] Level 1:colcon.colcon_core.package_identification:_identify(src/control/moveit_api_test) by extension 'ros'
[0.417s] DEBUG:colcon.colcon_core.package_identification:Package 'src/control/moveit_api_test' with type 'ros.ament_cmake' and name 'moveit_api_test'
[0.417s] Level 1:colcon.colcon_core.package_identification:_identify(src/control/task_execution) by extensions ['ignore', 'ignore_ament_install']
[0.417s] Level 1:colcon.colcon_core.package_identification:_identify(src/control/task_execution) by extension 'ignore'
[0.417s] Level 1:colcon.colcon_core.package_identification:_identify(src/control/task_execution) by extension 'ignore_ament_install'
[0.417s] Level 1:colcon.colcon_core.package_identification:_identify(src/control/task_execution) by extensions ['colcon_pkg']
[0.417s] Level 1:colcon.colcon_core.package_identification:_identify(src/control/task_execution) by extension 'colcon_pkg'
[0.417s] Level 1:colcon.colcon_core.package_identification:_identify(src/control/task_execution) by extensions ['colcon_meta']
[0.417s] Level 1:colcon.colcon_core.package_identification:_identify(src/control/task_execution) by extension 'colcon_meta'
[0.417s] Level 1:colcon.colcon_core.package_identification:_identify(src/control/task_execution) by extensions ['ros']
[0.417s] Level 1:colcon.colcon_core.package_identification:_identify(src/control/task_execution) by extension 'ros'
[0.417s] DEBUG:colcon.colcon_core.package_identification:Package 'src/control/task_execution' with type 'ros.ament_python' and name 'task_execution'
[0.418s] Level 1:colcon.colcon_core.package_discovery:discover_packages(recursive) using defaults
[0.418s] Level 1:colcon.colcon_core.package_discovery:discover_packages(ignore) discover
[0.418s] Level 1:colcon.colcon_core.package_discovery:discover_packages(ignore) using defaults
[0.418s] Level 1:colcon.colcon_core.package_discovery:discover_packages(path) discover
[0.418s] Level 1:colcon.colcon_core.package_discovery:discover_packages(path) using defaults
[0.439s] Level 1:colcon.colcon_core.package_discovery:discover_packages(prefix_path) check parameters
[0.439s] Level 1:colcon.colcon_core.package_discovery:discover_packages(prefix_path) discover
[0.441s] DEBUG:colcon.colcon_installed_package_information.package_discovery:Found 7 installed packages in /home/matthias/xplore2023/hd_ws/install
[0.443s] DEBUG:colcon.colcon_installed_package_information.package_discovery:Found 329 installed packages in /opt/ros/humble
[0.444s] Level 1:colcon.colcon_core.package_discovery:discover_packages(prefix_path) using defaults
[0.503s] Level 5:colcon.colcon_core.verb:set package 'astra_description' build argument 'cmake_args' from command line to 'None'
[0.503s] Level 5:colcon.colcon_core.verb:set package 'astra_description' build argument 'cmake_target' from command line to 'None'
[0.503s] Level 5:colcon.colcon_core.verb:set package 'astra_description' build argument 'cmake_target_skip_unavailable' from command line to 'False'
[0.503s] Level 5:colcon.colcon_core.verb:set package 'astra_description' build argument 'cmake_clean_cache' from command line to 'False'
[0.503s] Level 5:colcon.colcon_core.verb:set package 'astra_description' build argument 'cmake_clean_first' from command line to 'False'
[0.503s] Level 5:colcon.colcon_core.verb:set package 'astra_description' build argument 'cmake_force_configure' from command line to 'False'
[0.503s] Level 5:colcon.colcon_core.verb:set package 'astra_description' build argument 'ament_cmake_args' from command line to 'None'
[0.503s] Level 5:colcon.colcon_core.verb:set package 'astra_description' build argument 'catkin_cmake_args' from command line to 'None'
[0.503s] Level 5:colcon.colcon_core.verb:set package 'astra_description' build argument 'catkin_skip_building_tests' from command line to 'False'
[0.503s] DEBUG:colcon.colcon_core.verb:Building package 'astra_description' with the following arguments: {'ament_cmake_args': None, 'build_base': '/home/matthias/xplore2023/hd_ws/build/astra_description', 'catkin_cmake_args': None, 'catkin_skip_building_tests': False, 'cmake_args': None, 'cmake_clean_cache': False, 'cmake_clean_first': False, 'cmake_force_configure': False, 'cmake_target': None, 'cmake_target_skip_unavailable': False, 'install_base': '/home/matthias/xplore2023/hd_ws/install/astra_description', 'merge_install': False, 'path': '/home/matthias/xplore2023/hd_ws/src/control/astra_description', 'symlink_install': False, 'test_result_base': None}
[0.504s] Level 5:colcon.colcon_core.verb:set package 'astra_interfaces' build argument 'cmake_args' from command line to 'None'
[0.504s] Level 5:colcon.colcon_core.verb:set package 'astra_interfaces' build argument 'cmake_target' from command line to 'None'
[0.504s] Level 5:colcon.colcon_core.verb:set package 'astra_interfaces' build argument 'cmake_target_skip_unavailable' from command line to 'False'
[0.504s] Level 5:colcon.colcon_core.verb:set package 'astra_interfaces' build argument 'cmake_clean_cache' from command line to 'False'
[0.504s] Level 5:colcon.colcon_core.verb:set package 'astra_interfaces' build argument 'cmake_clean_first' from command line to 'False'
[0.504s] Level 5:colcon.colcon_core.verb:set package 'astra_interfaces' build argument 'cmake_force_configure' from command line to 'False'
[0.504s] Level 5:colcon.colcon_core.verb:set package 'astra_interfaces' build argument 'ament_cmake_args' from command line to 'None'
[0.504s] Level 5:colcon.colcon_core.verb:set package 'astra_interfaces' build argument 'catkin_cmake_args' from command line to 'None'
[0.504s] Level 5:colcon.colcon_core.verb:set package 'astra_interfaces' build argument 'catkin_skip_building_tests' from command line to 'False'
[0.504s] DEBUG:colcon.colcon_core.verb:Building package 'astra_interfaces' with the following arguments: {'ament_cmake_args': None, 'build_base': '/home/matthias/xplore2023/hd_ws/build/astra_interfaces', 'catkin_cmake_args': None, 'catkin_skip_building_tests': False, 'cmake_args': None, 'cmake_clean_cache': False, 'cmake_clean_first': False, 'cmake_force_configure': False, 'cmake_target': None, 'cmake_target_skip_unavailable': False, 'install_base': '/home/matthias/xplore2023/hd_ws/install/astra_interfaces', 'merge_install': False, 'path': '/home/matthias/xplore2023/hd_ws/src/control/astra_interfaces', 'symlink_install': False, 'test_result_base': None}
[0.505s] Level 5:colcon.colcon_core.verb:set package 'hw_interface' build argument 'cmake_args' from command line to 'None'
[0.505s] Level 5:colcon.colcon_core.verb:set package 'hw_interface' build argument 'cmake_target' from command line to 'None'
[0.505s] Level 5:colcon.colcon_core.verb:set package 'hw_interface' build argument 'cmake_target_skip_unavailable' from command line to 'False'
[0.505s] Level 5:colcon.colcon_core.verb:set package 'hw_interface' build argument 'cmake_clean_cache' from command line to 'False'
[0.505s] Level 5:colcon.colcon_core.verb:set package 'hw_interface' build argument 'cmake_clean_first' from command line to 'False'
[0.505s] Level 5:colcon.colcon_core.verb:set package 'hw_interface' build argument 'cmake_force_configure' from command line to 'False'
[0.505s] Level 5:colcon.colcon_core.verb:set package 'hw_interface' build argument 'ament_cmake_args' from command line to 'None'
[0.505s] Level 5:colcon.colcon_core.verb:set package 'hw_interface' build argument 'catkin_cmake_args' from command line to 'None'
[0.505s] Level 5:colcon.colcon_core.verb:set package 'hw_interface' build argument 'catkin_skip_building_tests' from command line to 'False'
[0.505s] DEBUG:colcon.colcon_core.verb:Building package 'hw_interface' with the following arguments: {'ament_cmake_args': None, 'build_base': '/home/matthias/xplore2023/hd_ws/build/hw_interface', 'catkin_cmake_args': None, 'catkin_skip_building_tests': False, 'cmake_args': None, 'cmake_clean_cache': False, 'cmake_clean_first': False, 'cmake_force_configure': False, 'cmake_target': None, 'cmake_target_skip_unavailable': False, 'install_base': '/home/matthias/xplore2023/hd_ws/install/hw_interface', 'merge_install': False, 'path': '/home/matthias/xplore2023/hd_ws/src/control/hw_interface', 'symlink_install': False, 'test_result_base': None}
[0.506s] Level 5:colcon.colcon_core.verb:set package 'moveit_api_test' build argument 'cmake_args' from command line to 'None'
[0.506s] Level 5:colcon.colcon_core.verb:set package 'moveit_api_test' build argument 'cmake_target' from command line to 'None'
[0.506s] Level 5:colcon.colcon_core.verb:set package 'moveit_api_test' build argument 'cmake_target_skip_unavailable' from command line to 'False'
[0.506s] Level 5:colcon.colcon_core.verb:set package 'moveit_api_test' build argument 'cmake_clean_cache' from command line to 'False'
[0.506s] Level 5:colcon.colcon_core.verb:set package 'moveit_api_test' build argument 'cmake_clean_first' from command line to 'False'
[0.506s] Level 5:colcon.colcon_core.verb:set package 'moveit_api_test' build argument 'cmake_force_configure' from command line to 'False'
[0.506s] Level 5:colcon.colcon_core.verb:set package 'moveit_api_test' build argument 'ament_cmake_args' from command line to 'None'
[0.506s] Level 5:colcon.colcon_core.verb:set package 'moveit_api_test' build argument 'catkin_cmake_args' from command line to 'None'
[0.506s] Level 5:colcon.colcon_core.verb:set package 'moveit_api_test' build argument 'catkin_skip_building_tests' from command line to 'False'
[0.506s] DEBUG:colcon.colcon_core.verb:Building package 'moveit_api_test' with the following arguments: {'ament_cmake_args': None, 'build_base': '/home/matthias/xplore2023/hd_ws/build/moveit_api_test', 'catkin_cmake_args': None, 'catkin_skip_building_tests': False, 'cmake_args': None, 'cmake_clean_cache': False, 'cmake_clean_first': False, 'cmake_force_configure': False, 'cmake_target': None, 'cmake_target_skip_unavailable': False, 'install_base': '/home/matthias/xplore2023/hd_ws/install/moveit_api_test', 'merge_install': False, 'path': '/home/matthias/xplore2023/hd_ws/src/control/moveit_api_test', 'symlink_install': False, 'test_result_base': None}
[0.507s] Level 5:colcon.colcon_core.verb:set package 'task_execution' build argument 'cmake_args' from command line to 'None'
[0.507s] Level 5:colcon.colcon_core.verb:set package 'task_execution' build argument 'cmake_target' from command line to 'None'
[0.507s] Level 5:colcon.colcon_core.verb:set package 'task_execution' build argument 'cmake_target_skip_unavailable' from command line to 'False'
[0.507s] Level 5:colcon.colcon_core.verb:set package 'task_execution' build argument 'cmake_clean_cache' from command line to 'False'
[0.507s] Level 5:colcon.colcon_core.verb:set package 'task_execution' build argument 'cmake_clean_first' from command line to 'False'
[0.507s] Level 5:colcon.colcon_core.verb:set package 'task_execution' build argument 'cmake_force_configure' from command line to 'False'
[0.507s] Level 5:colcon.colcon_core.verb:set package 'task_execution' build argument 'ament_cmake_args' from command line to 'None'
[0.507s] Level 5:colcon.colcon_core.verb:set package 'task_execution' build argument 'catkin_cmake_args' from command line to 'None'
[0.507s] Level 5:colcon.colcon_core.verb:set package 'task_execution' build argument 'catkin_skip_building_tests' from command line to 'False'
[0.507s] DEBUG:colcon.colcon_core.verb:Building package 'task_execution' with the following arguments: {'ament_cmake_args': None, 'build_base': '/home/matthias/xplore2023/hd_ws/build/task_execution', 'catkin_cmake_args': None, 'catkin_skip_building_tests': False, 'cmake_args': None, 'cmake_clean_cache': False, 'cmake_clean_first': False, 'cmake_force_configure': False, 'cmake_target': None, 'cmake_target_skip_unavailable': False, 'install_base': '/home/matthias/xplore2023/hd_ws/install/task_execution', 'merge_install': False, 'path': '/home/matthias/xplore2023/hd_ws/src/control/task_execution', 'symlink_install': False, 'test_result_base': None}
[0.508s] Level 5:colcon.colcon_core.verb:set package 'astra_moveit_config' build argument 'cmake_args' from command line to 'None'
[0.508s] Level 5:colcon.colcon_core.verb:set package 'astra_moveit_config' build argument 'cmake_target' from command line to 'None'
[0.508s] Level 5:colcon.colcon_core.verb:set package 'astra_moveit_config' build argument 'cmake_target_skip_unavailable' from command line to 'False'
[0.508s] Level 5:colcon.colcon_core.verb:set package 'astra_moveit_config' build argument 'cmake_clean_cache' from command line to 'False'
[0.508s] Level 5:colcon.colcon_core.verb:set package 'astra_moveit_config' build argument 'cmake_clean_first' from command line to 'False'
[0.508s] Level 5:colcon.colcon_core.verb:set package 'astra_moveit_config' build argument 'cmake_force_configure' from command line to 'False'
[0.508s] Level 5:colcon.colcon_core.verb:set package 'astra_moveit_config' build argument 'ament_cmake_args' from command line to 'None'
[0.509s] Level 5:colcon.colcon_core.verb:set package 'astra_moveit_config' build argument 'catkin_cmake_args' from command line to 'None'
[0.509s] Level 5:colcon.colcon_core.verb:set package 'astra_moveit_config' build argument 'catkin_skip_building_tests' from command line to 'False'
[0.509s] DEBUG:colcon.colcon_core.verb:Building package 'astra_moveit_config' with the following arguments: {'ament_cmake_args': None, 'build_base': '/home/matthias/xplore2023/hd_ws/build/astra_moveit_config', 'catkin_cmake_args': None, 'catkin_skip_building_tests': False, 'cmake_args': None, 'cmake_clean_cache': False, 'cmake_clean_first': False, 'cmake_force_configure': False, 'cmake_target': None, 'cmake_target_skip_unavailable': False, 'install_base': '/home/matthias/xplore2023/hd_ws/install/astra_moveit_config', 'merge_install': False, 'path': '/home/matthias/xplore2023/hd_ws/src/control/astra_moveit_config', 'symlink_install': False, 'test_result_base': None}
[0.509s] Level 5:colcon.colcon_core.verb:set package 'manager' build argument 'cmake_args' from command line to 'None'
[0.509s] Level 5:colcon.colcon_core.verb:set package 'manager' build argument 'cmake_target' from command line to 'None'
[0.509s] Level 5:colcon.colcon_core.verb:set package 'manager' build argument 'cmake_target_skip_unavailable' from command line to 'False'
[0.509s] Level 5:colcon.colcon_core.verb:set package 'manager' build argument 'cmake_clean_cache' from command line to 'False'
[0.509s] Level 5:colcon.colcon_core.verb:set package 'manager' build argument 'cmake_clean_first' from command line to 'False'
[0.509s] Level 5:colcon.colcon_core.verb:set package 'manager' build argument 'cmake_force_configure' from command line to 'False'
[0.510s] Level 5:colcon.colcon_core.verb:set package 'manager' build argument 'ament_cmake_args' from command line to 'None'
[0.510s] Level 5:colcon.colcon_core.verb:set package 'manager' build argument 'catkin_cmake_args' from command line to 'None'
[0.510s] Level 5:colcon.colcon_core.verb:set package 'manager' build argument 'catkin_skip_building_tests' from command line to 'False'
[0.510s] DEBUG:colcon.colcon_core.verb:Building package 'manager' with the following arguments: {'ament_cmake_args': None, 'build_base': '/home/matthias/xplore2023/hd_ws/build/manager', 'catkin_cmake_args': None, 'catkin_skip_building_tests': False, 'cmake_args': None, 'cmake_clean_cache': False, 'cmake_clean_first': False, 'cmake_force_configure': False, 'cmake_target': None, 'cmake_target_skip_unavailable': False, 'install_base': '/home/matthias/xplore2023/hd_ws/install/manager', 'merge_install': False, 'path': '/home/matthias/xplore2023/hd_ws/src/control/manager', 'symlink_install': False, 'test_result_base': None}
[0.510s] INFO:colcon.colcon_core.executor:Executing jobs using 'parallel' executor
[0.514s] DEBUG:colcon.colcon_parallel_executor.executor.parallel:run_until_complete
[0.514s] INFO:colcon.colcon_ros.task.ament_cmake.build:Building ROS package in '/home/matthias/xplore2023/hd_ws/src/control/astra_description' with build type 'ament_cmake'
[0.514s] INFO:colcon.colcon_cmake.task.cmake.build:Building CMake package in '/home/matthias/xplore2023/hd_ws/src/control/astra_description'
[0.518s] INFO:colcon.colcon_core.plugin_system:Skipping extension 'colcon_core.shell.bat': Not used on non-Windows systems
[0.518s] INFO:colcon.colcon_core.shell:Skip shell extension 'powershell' for command environment: Not usable outside of PowerShell
[0.518s] DEBUG:colcon.colcon_core.shell:Skip shell extension 'dsv' for command environment
[0.522s] INFO:colcon.colcon_ros.task.ament_cmake.build:Building ROS package in '/home/matthias/xplore2023/hd_ws/src/control/astra_interfaces' with build type 'ament_cmake'
[0.522s] INFO:colcon.colcon_cmake.task.cmake.build:Building CMake package in '/home/matthias/xplore2023/hd_ws/src/control/astra_interfaces'
[0.523s] INFO:colcon.colcon_core.shell:Skip shell extension 'powershell' for command environment: Not usable outside of PowerShell
[0.523s] DEBUG:colcon.colcon_core.shell:Skip shell extension 'dsv' for command environment
[0.527s] INFO:colcon.colcon_ros.task.ament_cmake.build:Building ROS package in '/home/matthias/xplore2023/hd_ws/src/control/hw_interface' with build type 'ament_cmake'
[0.527s] INFO:colcon.colcon_cmake.task.cmake.build:Building CMake package in '/home/matthias/xplore2023/hd_ws/src/control/hw_interface'
[0.529s] INFO:colcon.colcon_core.shell:Skip shell extension 'powershell' for command environment: Not usable outside of PowerShell
[0.529s] DEBUG:colcon.colcon_core.shell:Skip shell extension 'dsv' for command environment
[0.533s] INFO:colcon.colcon_ros.task.ament_cmake.build:Building ROS package in '/home/matthias/xplore2023/hd_ws/src/control/moveit_api_test' with build type 'ament_cmake'
[0.533s] INFO:colcon.colcon_cmake.task.cmake.build:Building CMake package in '/home/matthias/xplore2023/hd_ws/src/control/moveit_api_test'
[0.534s] INFO:colcon.colcon_core.shell:Skip shell extension 'powershell' for command environment: Not usable outside of PowerShell
[0.534s] DEBUG:colcon.colcon_core.shell:Skip shell extension 'dsv' for command environment
[0.538s] INFO:colcon.colcon_ros.task.ament_python.build:Building ROS package in '/home/matthias/xplore2023/hd_ws/src/control/task_execution' with build type 'ament_python'
[0.539s] Level 1:colcon.colcon_core.shell:create_environment_hook('task_execution', 'ament_prefix_path')
[0.540s] INFO:colcon.colcon_core.shell:Creating environment hook '/home/matthias/xplore2023/hd_ws/install/task_execution/share/task_execution/hook/ament_prefix_path.ps1'
[0.540s] INFO:colcon.colcon_core.shell:Creating environment descriptor '/home/matthias/xplore2023/hd_ws/install/task_execution/share/task_execution/hook/ament_prefix_path.dsv'
[0.541s] INFO:colcon.colcon_core.shell:Creating environment hook '/home/matthias/xplore2023/hd_ws/install/task_execution/share/task_execution/hook/ament_prefix_path.sh'
[0.542s] INFO:colcon.colcon_core.shell:Skip shell extension 'powershell' for command environment: Not usable outside of PowerShell
[0.542s] DEBUG:colcon.colcon_core.shell:Skip shell extension 'dsv' for command environment
[0.552s] DEBUG:colcon.colcon_core.event_handler.log_command:Invoking command in '/home/matthias/xplore2023/hd_ws/build/astra_description': CMAKE_PREFIX_PATH=${CMAKE_PREFIX_PATH}:/home/matthias/xplore2023/hd_ws/install/task_execution:/home/matthias/xplore2023/hd_ws/install/manager:/opt/ros/humble /usr/bin/cmake --build /home/matthias/xplore2023/hd_ws/build/astra_description -- -j12 -l12
[0.556s] DEBUG:colcon.colcon_core.event_handler.log_command:Invoking command in '/home/matthias/xplore2023/hd_ws/build/astra_interfaces': CMAKE_PREFIX_PATH=${CMAKE_PREFIX_PATH}:/home/matthias/xplore2023/hd_ws/install/task_execution:/home/matthias/xplore2023/hd_ws/install/manager:/opt/ros/humble /usr/bin/cmake --build /home/matthias/xplore2023/hd_ws/build/astra_interfaces -- -j12 -l12
[0.558s] DEBUG:colcon.colcon_core.event_handler.log_command:Invoking command in '/home/matthias/xplore2023/hd_ws/build/hw_interface': CMAKE_PREFIX_PATH=${CMAKE_PREFIX_PATH}:/home/matthias/xplore2023/hd_ws/install/task_execution:/home/matthias/xplore2023/hd_ws/install/manager:/opt/ros/humble /usr/bin/cmake --build /home/matthias/xplore2023/hd_ws/build/hw_interface -- -j12 -l12
[0.562s] DEBUG:colcon.colcon_core.event_handler.log_command:Invoking command in '/home/matthias/xplore2023/hd_ws/build/moveit_api_test': CMAKE_PREFIX_PATH=${CMAKE_PREFIX_PATH}:/home/matthias/xplore2023/hd_ws/install/task_execution:/home/matthias/xplore2023/hd_ws/install/manager:/opt/ros/humble /usr/bin/cmake --build /home/matthias/xplore2023/hd_ws/build/moveit_api_test -- -j12 -l12
[0.847s] INFO:colcon.colcon_core.task.python.build:Building Python package in '/home/matthias/xplore2023/hd_ws/src/control/task_execution'
[0.849s] INFO:colcon.colcon_core.shell:Skip shell extension 'powershell' for command environment: Not usable outside of PowerShell
[0.849s] DEBUG:colcon.colcon_core.shell:Skip shell extension 'dsv' for command environment
[0.854s] DEBUG:colcon.colcon_core.event_handler.log_command:Invoked command in '/home/matthias/xplore2023/hd_ws/build/astra_description' returned '0': CMAKE_PREFIX_PATH=${CMAKE_PREFIX_PATH}:/home/matthias/xplore2023/hd_ws/install/task_execution:/home/matthias/xplore2023/hd_ws/install/manager:/opt/ros/humble /usr/bin/cmake --build /home/matthias/xplore2023/hd_ws/build/astra_description -- -j12 -l12
[0.856s] DEBUG:colcon.colcon_core.event_handler.log_command:Invoked command in '/home/matthias/xplore2023/hd_ws/build/hw_interface' returned '0': CMAKE_PREFIX_PATH=${CMAKE_PREFIX_PATH}:/home/matthias/xplore2023/hd_ws/install/task_execution:/home/matthias/xplore2023/hd_ws/install/manager:/opt/ros/humble /usr/bin/cmake --build /home/matthias/xplore2023/hd_ws/build/hw_interface -- -j12 -l12
[0.882s] DEBUG:colcon.colcon_core.event_handler.log_command:Invoking command in '/home/matthias/xplore2023/hd_ws/build/astra_description': CMAKE_PREFIX_PATH=${CMAKE_PREFIX_PATH}:/home/matthias/xplore2023/hd_ws/install/task_execution:/home/matthias/xplore2023/hd_ws/install/manager:/opt/ros/humble /usr/bin/cmake --install /home/matthias/xplore2023/hd_ws/build/astra_description
[0.884s] DEBUG:colcon.colcon_core.event_handler.log_command:Invoking command in '/home/matthias/xplore2023/hd_ws/build/hw_interface': CMAKE_PREFIX_PATH=${CMAKE_PREFIX_PATH}:/home/matthias/xplore2023/hd_ws/install/task_execution:/home/matthias/xplore2023/hd_ws/install/manager:/opt/ros/humble /usr/bin/cmake --install /home/matthias/xplore2023/hd_ws/build/hw_interface
[0.891s] Level 1:colcon.colcon_core.environment:create_environment_scripts_only(astra_description)
[0.894s] DEBUG:colcon.colcon_core.event_handler.log_command:Invoked command in '/home/matthias/xplore2023/hd_ws/build/astra_description' returned '0': CMAKE_PREFIX_PATH=${CMAKE_PREFIX_PATH}:/home/matthias/xplore2023/hd_ws/install/task_execution:/home/matthias/xplore2023/hd_ws/install/manager:/opt/ros/humble /usr/bin/cmake --install /home/matthias/xplore2023/hd_ws/build/astra_description
[0.901s] Level 1:colcon.colcon_core.environment:checking '/home/matthias/xplore2023/hd_ws/install/astra_description' for CMake module files
[0.901s] Level 1:colcon.colcon_core.environment:checking '/home/matthias/xplore2023/hd_ws/install/astra_description' for CMake config files
[0.902s] Level 1:colcon.colcon_core.shell:create_environment_hook('astra_description', 'cmake_prefix_path')
[0.904s] INFO:colcon.colcon_core.shell:Creating environment hook '/home/matthias/xplore2023/hd_ws/install/astra_description/share/astra_description/hook/cmake_prefix_path.ps1'
[0.904s] INFO:colcon.colcon_core.shell:Creating environment descriptor '/home/matthias/xplore2023/hd_ws/install/astra_description/share/astra_description/hook/cmake_prefix_path.dsv'
[0.905s] INFO:colcon.colcon_core.shell:Creating environment hook '/home/matthias/xplore2023/hd_ws/install/astra_description/share/astra_description/hook/cmake_prefix_path.sh'
[0.906s] Level 1:colcon.colcon_core.environment:checking '/home/matthias/xplore2023/hd_ws/install/astra_description/bin'
[0.906s] Level 1:colcon.colcon_core.environment:checking '/home/matthias/xplore2023/hd_ws/install/astra_description/lib/pkgconfig/astra_description.pc'
[0.906s] Level 1:colcon.colcon_core.environment:checking '/home/matthias/xplore2023/hd_ws/install/astra_description/lib/python3.10/site-packages'
[0.906s] Level 1:colcon.colcon_core.environment:checking '/home/matthias/xplore2023/hd_ws/install/astra_description/bin'
[0.908s] INFO:colcon.colcon_core.shell:Creating package script '/home/matthias/xplore2023/hd_ws/install/astra_description/share/astra_description/package.ps1'
[0.910s] INFO:colcon.colcon_core.shell:Creating package descriptor '/home/matthias/xplore2023/hd_ws/install/astra_description/share/astra_description/package.dsv'
[0.910s] INFO:colcon.colcon_core.shell:Creating package script '/home/matthias/xplore2023/hd_ws/install/astra_description/share/astra_description/package.sh'
[0.911s] INFO:colcon.colcon_core.shell:Creating package script '/home/matthias/xplore2023/hd_ws/install/astra_description/share/astra_description/package.bash'
[0.912s] INFO:colcon.colcon_core.shell:Creating package script '/home/matthias/xplore2023/hd_ws/install/astra_description/share/astra_description/package.zsh'
[0.913s] Level 1:colcon.colcon_core.environment:create_file_with_runtime_dependencies(/home/matthias/xplore2023/hd_ws/install/astra_description/share/colcon-core/packages/astra_description)
[0.915s] DEBUG:colcon.colcon_core.event_handler.log_command:Invoked command in '/home/matthias/xplore2023/hd_ws/build/astra_interfaces' returned '0': CMAKE_PREFIX_PATH=${CMAKE_PREFIX_PATH}:/home/matthias/xplore2023/hd_ws/install/task_execution:/home/matthias/xplore2023/hd_ws/install/manager:/opt/ros/humble /usr/bin/cmake --build /home/matthias/xplore2023/hd_ws/build/astra_interfaces -- -j12 -l12
[0.916s] Level 1:colcon.colcon_core.environment:create_environment_scripts_only(hw_interface)
[0.919s] Level 1:colcon.colcon_core.environment:checking '/home/matthias/xplore2023/hd_ws/install/hw_interface' for CMake module files
[0.920s] DEBUG:colcon.colcon_core.event_handler.log_command:Invoked command in '/home/matthias/xplore2023/hd_ws/build/hw_interface' returned '0': CMAKE_PREFIX_PATH=${CMAKE_PREFIX_PATH}:/home/matthias/xplore2023/hd_ws/install/task_execution:/home/matthias/xplore2023/hd_ws/install/manager:/opt/ros/humble /usr/bin/cmake --install /home/matthias/xplore2023/hd_ws/build/hw_interface
[0.921s] Level 1:colcon.colcon_core.environment:checking '/home/matthias/xplore2023/hd_ws/install/hw_interface' for CMake config files
[0.921s] Level 1:colcon.colcon_core.shell:create_environment_hook('hw_interface', 'cmake_prefix_path')
[0.923s] INFO:colcon.colcon_core.shell:Creating environment hook '/home/matthias/xplore2023/hd_ws/install/hw_interface/share/hw_interface/hook/cmake_prefix_path.ps1'
[0.923s] INFO:colcon.colcon_core.shell:Creating environment descriptor '/home/matthias/xplore2023/hd_ws/install/hw_interface/share/hw_interface/hook/cmake_prefix_path.dsv'
[0.924s] INFO:colcon.colcon_core.shell:Creating environment hook '/home/matthias/xplore2023/hd_ws/install/hw_interface/share/hw_interface/hook/cmake_prefix_path.sh'
[0.924s] Level 1:colcon.colcon_core.environment:checking '/home/matthias/xplore2023/hd_ws/install/hw_interface/bin'
[0.925s] Level 1:colcon.colcon_core.environment:checking '/home/matthias/xplore2023/hd_ws/install/hw_interface/lib/pkgconfig/hw_interface.pc'
[0.925s] Level 1:colcon.colcon_core.environment:checking '/home/matthias/xplore2023/hd_ws/install/hw_interface/lib/python3.10/site-packages'
[0.925s] Level 1:colcon.colcon_core.environment:checking '/home/matthias/xplore2023/hd_ws/install/hw_interface/bin'
[0.927s] INFO:colcon.colcon_core.shell:Creating package script '/home/matthias/xplore2023/hd_ws/install/hw_interface/share/hw_interface/package.ps1'
[0.928s] INFO:colcon.colcon_core.shell:Creating package descriptor '/home/matthias/xplore2023/hd_ws/install/hw_interface/share/hw_interface/package.dsv'
[0.928s] INFO:colcon.colcon_core.shell:Creating package script '/home/matthias/xplore2023/hd_ws/install/hw_interface/share/hw_interface/package.sh'
[0.929s] INFO:colcon.colcon_core.shell:Creating package script '/home/matthias/xplore2023/hd_ws/install/hw_interface/share/hw_interface/package.bash'
[0.929s] INFO:colcon.colcon_core.shell:Creating package script '/home/matthias/xplore2023/hd_ws/install/hw_interface/share/hw_interface/package.zsh'
[0.930s] Level 1:colcon.colcon_core.environment:create_file_with_runtime_dependencies(/home/matthias/xplore2023/hd_ws/install/hw_interface/share/colcon-core/packages/hw_interface)
[0.933s] Level 1:colcon.colcon_core.environment:create_environment_scripts_only(astra_description)
[0.935s] Level 1:colcon.colcon_core.environment:checking '/home/matthias/xplore2023/hd_ws/install/astra_description' for CMake module files
[0.935s] Level 1:colcon.colcon_core.environment:checking '/home/matthias/xplore2023/hd_ws/install/astra_description' for CMake config files
[0.935s] Level 1:colcon.colcon_core.shell:create_environment_hook('astra_description', 'cmake_prefix_path')
[0.936s] INFO:colcon.colcon_core.shell:Creating environment hook '/home/matthias/xplore2023/hd_ws/install/astra_description/share/astra_description/hook/cmake_prefix_path.ps1'
[0.937s] INFO:colcon.colcon_core.shell:Creating environment descriptor '/home/matthias/xplore2023/hd_ws/install/astra_description/share/astra_description/hook/cmake_prefix_path.dsv'
[0.937s] INFO:colcon.colcon_core.shell:Creating environment hook '/home/matthias/xplore2023/hd_ws/install/astra_description/share/astra_description/hook/cmake_prefix_path.sh'
[0.937s] Level 1:colcon.colcon_core.environment:checking '/home/matthias/xplore2023/hd_ws/install/astra_description/bin'
[0.937s] Level 1:colcon.colcon_core.environment:checking '/home/matthias/xplore2023/hd_ws/install/astra_description/lib/pkgconfig/astra_description.pc'
[0.938s] Level 1:colcon.colcon_core.environment:checking '/home/matthias/xplore2023/hd_ws/install/astra_description/lib/python3.10/site-packages'
[0.938s] Level 1:colcon.colcon_core.environment:checking '/home/matthias/xplore2023/hd_ws/install/astra_description/bin'
[0.939s] INFO:colcon.colcon_core.shell:Creating package script '/home/matthias/xplore2023/hd_ws/install/astra_description/share/astra_description/package.ps1'
[0.940s] INFO:colcon.colcon_core.shell:Creating package descriptor '/home/matthias/xplore2023/hd_ws/install/astra_description/share/astra_description/package.dsv'
[0.940s] INFO:colcon.colcon_core.shell:Creating package script '/home/matthias/xplore2023/hd_ws/install/astra_description/share/astra_description/package.sh'
[0.940s] INFO:colcon.colcon_core.shell:Creating package script '/home/matthias/xplore2023/hd_ws/install/astra_description/share/astra_description/package.bash'
[0.941s] INFO:colcon.colcon_core.shell:Creating package script '/home/matthias/xplore2023/hd_ws/install/astra_description/share/astra_description/package.zsh'
[0.941s] Level 1:colcon.colcon_core.environment:create_file_with_runtime_dependencies(/home/matthias/xplore2023/hd_ws/install/astra_description/share/colcon-core/packages/astra_description)
[0.941s] INFO:colcon.colcon_ros.task.ament_cmake.build:Building ROS package in '/home/matthias/xplore2023/hd_ws/src/control/astra_moveit_config' with build type 'ament_cmake'
[0.942s] INFO:colcon.colcon_cmake.task.cmake.build:Building CMake package in '/home/matthias/xplore2023/hd_ws/src/control/astra_moveit_config'
[0.944s] INFO:colcon.colcon_core.shell:Skip shell extension 'powershell' for command environment: Not usable outside of PowerShell
[0.944s] DEBUG:colcon.colcon_core.shell:Skip shell extension 'dsv' for command environment
[0.954s] Level 1:colcon.colcon_core.environment:create_environment_scripts_only(hw_interface)
[0.957s] Level 1:colcon.colcon_core.environment:checking '/home/matthias/xplore2023/hd_ws/install/hw_interface' for CMake module files
[0.957s] Level 1:colcon.colcon_core.environment:checking '/home/matthias/xplore2023/hd_ws/install/hw_interface' for CMake config files
[0.958s] Level 1:colcon.colcon_core.shell:create_environment_hook('hw_interface', 'cmake_prefix_path')
[0.960s] INFO:colcon.colcon_core.shell:Creating environment hook '/home/matthias/xplore2023/hd_ws/install/hw_interface/share/hw_interface/hook/cmake_prefix_path.ps1'
[0.960s] INFO:colcon.colcon_core.shell:Creating environment descriptor '/home/matthias/xplore2023/hd_ws/install/hw_interface/share/hw_interface/hook/cmake_prefix_path.dsv'
[0.961s] INFO:colcon.colcon_core.shell:Creating environment hook '/home/matthias/xplore2023/hd_ws/install/hw_interface/share/hw_interface/hook/cmake_prefix_path.sh'
[0.961s] Level 1:colcon.colcon_core.environment:checking '/home/matthias/xplore2023/hd_ws/install/hw_interface/bin'
[0.961s] Level 1:colcon.colcon_core.environment:checking '/home/matthias/xplore2023/hd_ws/install/hw_interface/lib/pkgconfig/hw_interface.pc'
[0.962s] Level 1:colcon.colcon_core.environment:checking '/home/matthias/xplore2023/hd_ws/install/hw_interface/lib/python3.10/site-packages'
[0.962s] Level 1:colcon.colcon_core.environment:checking '/home/matthias/xplore2023/hd_ws/install/hw_interface/bin'
[0.964s] INFO:colcon.colcon_core.shell:Creating package script '/home/matthias/xplore2023/hd_ws/install/hw_interface/share/hw_interface/package.ps1'
[0.965s] INFO:colcon.colcon_core.shell:Creating package descriptor '/home/matthias/xplore2023/hd_ws/install/hw_interface/share/hw_interface/package.dsv'
[0.965s] INFO:colcon.colcon_core.shell:Creating package script '/home/matthias/xplore2023/hd_ws/install/hw_interface/share/hw_interface/package.sh'
[0.966s] INFO:colcon.colcon_core.shell:Creating package script '/home/matthias/xplore2023/hd_ws/install/hw_interface/share/hw_interface/package.bash'
[0.966s] INFO:colcon.colcon_core.shell:Creating package script '/home/matthias/xplore2023/hd_ws/install/hw_interface/share/hw_interface/package.zsh'
[0.967s] Level 1:colcon.colcon_core.environment:create_file_with_runtime_dependencies(/home/matthias/xplore2023/hd_ws/install/hw_interface/share/colcon-core/packages/hw_interface)
[0.971s] DEBUG:colcon.colcon_core.event_handler.log_command:Invoking command in '/home/matthias/xplore2023/hd_ws/build/astra_moveit_config': CMAKE_PREFIX_PATH=/home/matthias/xplore2023/hd_ws/install/astra_description:/home/matthias/xplore2023/hd_ws/install/moveit_api_test:/home/matthias/xplore2023/hd_ws/install/hw_interface:/home/matthias/xplore2023/hd_ws/install/astra_moveit_config:/home/matthias/xplore2023/hd_ws/install/astra_interfaces:/home/matthias/xplore2023/hd_ws/install/task_execution:/home/matthias/xplore2023/hd_ws/install/manager:/opt/ros/humble /usr/bin/cmake --build /home/matthias/xplore2023/hd_ws/build/astra_moveit_config -- -j12 -l12
[0.997s] DEBUG:colcon.colcon_core.event_handler.log_command:Invoking command in '/home/matthias/xplore2023/hd_ws/build/astra_interfaces': CMAKE_PREFIX_PATH=${CMAKE_PREFIX_PATH}:/home/matthias/xplore2023/hd_ws/install/task_execution:/home/matthias/xplore2023/hd_ws/install/manager:/opt/ros/humble /usr/bin/cmake --install /home/matthias/xplore2023/hd_ws/build/astra_interfaces
[1.002s] DEBUG:colcon.colcon_core.event_handler.log_command:Invoked command in '/home/matthias/xplore2023/hd_ws/build/astra_moveit_config' returned '0': CMAKE_PREFIX_PATH=/home/matthias/xplore2023/hd_ws/install/astra_description:/home/matthias/xplore2023/hd_ws/install/moveit_api_test:/home/matthias/xplore2023/hd_ws/install/hw_interface:/home/matthias/xplore2023/hd_ws/install/astra_moveit_config:/home/matthias/xplore2023/hd_ws/install/astra_interfaces:/home/matthias/xplore2023/hd_ws/install/task_execution:/home/matthias/xplore2023/hd_ws/install/manager:/opt/ros/humble /usr/bin/cmake --build /home/matthias/xplore2023/hd_ws/build/astra_moveit_config -- -j12 -l12
[1.021s] DEBUG:colcon.colcon_core.event_handler.log_command:Invoking command in '/home/matthias/xplore2023/hd_ws/build/astra_moveit_config': CMAKE_PREFIX_PATH=/home/matthias/xplore2023/hd_ws/install/astra_description:/home/matthias/xplore2023/hd_ws/install/moveit_api_test:/home/matthias/xplore2023/hd_ws/install/hw_interface:/home/matthias/xplore2023/hd_ws/install/astra_moveit_config:/home/matthias/xplore2023/hd_ws/install/astra_interfaces:/home/matthias/xplore2023/hd_ws/install/task_execution:/home/matthias/xplore2023/hd_ws/install/manager:/opt/ros/humble /usr/bin/cmake --install /home/matthias/xplore2023/hd_ws/build/astra_moveit_config
[1.031s] Level 1:colcon.colcon_core.environment:create_environment_scripts_only(astra_moveit_config)
[1.034s] Level 1:colcon.colcon_core.environment:checking '/home/matthias/xplore2023/hd_ws/install/astra_moveit_config' for CMake module files
[1.035s] DEBUG:colcon.colcon_core.event_handler.log_command:Invoked command in '/home/matthias/xplore2023/hd_ws/build/astra_moveit_config' returned '0': CMAKE_PREFIX_PATH=/home/matthias/xplore2023/hd_ws/install/astra_description:/home/matthias/xplore2023/hd_ws/install/moveit_api_test:/home/matthias/xplore2023/hd_ws/install/hw_interface:/home/matthias/xplore2023/hd_ws/install/astra_moveit_config:/home/matthias/xplore2023/hd_ws/install/astra_interfaces:/home/matthias/xplore2023/hd_ws/install/task_execution:/home/matthias/xplore2023/hd_ws/install/manager:/opt/ros/humble /usr/bin/cmake --install /home/matthias/xplore2023/hd_ws/build/astra_moveit_config
[1.036s] Level 1:colcon.colcon_core.environment:checking '/home/matthias/xplore2023/hd_ws/install/astra_moveit_config' for CMake config files
[1.036s] Level 1:colcon.colcon_core.shell:create_environment_hook('astra_moveit_config', 'cmake_prefix_path')
[1.038s] INFO:colcon.colcon_core.shell:Creating environment hook '/home/matthias/xplore2023/hd_ws/install/astra_moveit_config/share/astra_moveit_config/hook/cmake_prefix_path.ps1'
[1.039s] INFO:colcon.colcon_core.shell:Creating environment descriptor '/home/matthias/xplore2023/hd_ws/install/astra_moveit_config/share/astra_moveit_config/hook/cmake_prefix_path.dsv'
[1.039s] INFO:colcon.colcon_core.shell:Creating environment hook '/home/matthias/xplore2023/hd_ws/install/astra_moveit_config/share/astra_moveit_config/hook/cmake_prefix_path.sh'
[1.040s] Level 1:colcon.colcon_core.environment:checking '/home/matthias/xplore2023/hd_ws/install/astra_moveit_config/bin'
[1.040s] Level 1:colcon.colcon_core.environment:checking '/home/matthias/xplore2023/hd_ws/install/astra_moveit_config/lib/pkgconfig/astra_moveit_config.pc'
[1.040s] Level 1:colcon.colcon_core.environment:checking '/home/matthias/xplore2023/hd_ws/install/astra_moveit_config/lib/python3.10/site-packages'
[1.041s] Level 1:colcon.colcon_core.environment:checking '/home/matthias/xplore2023/hd_ws/install/astra_moveit_config/bin'
[1.043s] INFO:colcon.colcon_core.shell:Creating package script '/home/matthias/xplore2023/hd_ws/install/astra_moveit_config/share/astra_moveit_config/package.ps1'
[1.044s] INFO:colcon.colcon_core.shell:Creating package descriptor '/home/matthias/xplore2023/hd_ws/install/astra_moveit_config/share/astra_moveit_config/package.dsv'
[1.044s] INFO:colcon.colcon_core.shell:Creating package script '/home/matthias/xplore2023/hd_ws/install/astra_moveit_config/share/astra_moveit_config/package.sh'
[1.045s] INFO:colcon.colcon_core.shell:Creating package script '/home/matthias/xplore2023/hd_ws/install/astra_moveit_config/share/astra_moveit_config/package.bash'
[1.045s] INFO:colcon.colcon_core.shell:Creating package script '/home/matthias/xplore2023/hd_ws/install/astra_moveit_config/share/astra_moveit_config/package.zsh'
[1.046s] Level 1:colcon.colcon_core.environment:create_file_with_runtime_dependencies(/home/matthias/xplore2023/hd_ws/install/astra_moveit_config/share/colcon-core/packages/astra_moveit_config)
[1.054s] Level 1:colcon.colcon_core.environment:create_environment_scripts_only(astra_interfaces)
[1.057s] Level 1:colcon.colcon_core.environment:checking '/home/matthias/xplore2023/hd_ws/install/astra_interfaces' for CMake module files
[1.058s] DEBUG:colcon.colcon_core.event_handler.log_command:Invoked command in '/home/matthias/xplore2023/hd_ws/build/astra_interfaces' returned '0': CMAKE_PREFIX_PATH=${CMAKE_PREFIX_PATH}:/home/matthias/xplore2023/hd_ws/install/task_execution:/home/matthias/xplore2023/hd_ws/install/manager:/opt/ros/humble /usr/bin/cmake --install /home/matthias/xplore2023/hd_ws/build/astra_interfaces
[1.059s] Level 1:colcon.colcon_core.environment:checking '/home/matthias/xplore2023/hd_ws/install/astra_interfaces' for CMake config files
[1.059s] Level 1:colcon.colcon_core.shell:create_environment_hook('astra_interfaces', 'cmake_prefix_path')
[1.062s] INFO:colcon.colcon_core.shell:Creating environment hook '/home/matthias/xplore2023/hd_ws/install/astra_interfaces/share/astra_interfaces/hook/cmake_prefix_path.ps1'
[1.062s] INFO:colcon.colcon_core.shell:Creating environment descriptor '/home/matthias/xplore2023/hd_ws/install/astra_interfaces/share/astra_interfaces/hook/cmake_prefix_path.dsv'
[1.063s] INFO:colcon.colcon_core.shell:Creating environment hook '/home/matthias/xplore2023/hd_ws/install/astra_interfaces/share/astra_interfaces/hook/cmake_prefix_path.sh'
[1.063s] Level 1:colcon.colcon_core.environment:checking '/home/matthias/xplore2023/hd_ws/install/astra_interfaces/lib'
[1.064s] Level 1:colcon.colcon_core.shell:create_environment_hook('astra_interfaces', 'ld_library_path_lib')
[1.066s] INFO:colcon.colcon_core.shell:Creating environment hook '/home/matthias/xplore2023/hd_ws/install/astra_interfaces/share/astra_interfaces/hook/ld_library_path_lib.ps1'
[1.066s] INFO:colcon.colcon_core.shell:Creating environment descriptor '/home/matthias/xplore2023/hd_ws/install/astra_interfaces/share/astra_interfaces/hook/ld_library_path_lib.dsv'
[1.066s] INFO:colcon.colcon_core.shell:Creating environment hook '/home/matthias/xplore2023/hd_ws/install/astra_interfaces/share/astra_interfaces/hook/ld_library_path_lib.sh'
[1.067s] Level 1:colcon.colcon_core.environment:checking '/home/matthias/xplore2023/hd_ws/install/astra_interfaces/bin'
[1.067s] Level 1:colcon.colcon_core.environment:checking '/home/matthias/xplore2023/hd_ws/install/astra_interfaces/lib/pkgconfig/astra_interfaces.pc'
[1.067s] Level 1:colcon.colcon_core.environment:checking '/home/matthias/xplore2023/hd_ws/install/astra_interfaces/lib/python3.10/site-packages'
[1.067s] Level 1:colcon.colcon_core.environment:checking '/home/matthias/xplore2023/hd_ws/install/astra_interfaces/bin'
[1.068s] INFO:colcon.colcon_core.shell:Creating package script '/home/matthias/xplore2023/hd_ws/install/astra_interfaces/share/astra_interfaces/package.ps1'
[1.069s] INFO:colcon.colcon_core.shell:Creating package descriptor '/home/matthias/xplore2023/hd_ws/install/astra_interfaces/share/astra_interfaces/package.dsv'
[1.069s] INFO:colcon.colcon_core.shell:Creating package script '/home/matthias/xplore2023/hd_ws/install/astra_interfaces/share/astra_interfaces/package.sh'
[1.070s] INFO:colcon.colcon_core.shell:Creating package script '/home/matthias/xplore2023/hd_ws/install/astra_interfaces/share/astra_interfaces/package.bash'
[1.070s] INFO:colcon.colcon_core.shell:Creating package script '/home/matthias/xplore2023/hd_ws/install/astra_interfaces/share/astra_interfaces/package.zsh'
[1.070s] Level 1:colcon.colcon_core.environment:create_file_with_runtime_dependencies(/home/matthias/xplore2023/hd_ws/install/astra_interfaces/share/colcon-core/packages/astra_interfaces)
[1.072s] Level 1:colcon.colcon_core.environment:create_environment_scripts_only(astra_moveit_config)
[1.074s] Level 1:colcon.colcon_core.environment:checking '/home/matthias/xplore2023/hd_ws/install/astra_moveit_config' for CMake module files
[1.074s] Level 1:colcon.colcon_core.environment:checking '/home/matthias/xplore2023/hd_ws/install/astra_moveit_config' for CMake config files
[1.075s] Level 1:colcon.colcon_core.shell:create_environment_hook('astra_moveit_config', 'cmake_prefix_path')
[1.076s] INFO:colcon.colcon_core.shell:Creating environment hook '/home/matthias/xplore2023/hd_ws/install/astra_moveit_config/share/astra_moveit_config/hook/cmake_prefix_path.ps1'
[1.076s] INFO:colcon.colcon_core.shell:Creating environment descriptor '/home/matthias/xplore2023/hd_ws/install/astra_moveit_config/share/astra_moveit_config/hook/cmake_prefix_path.dsv'
[1.076s] INFO:colcon.colcon_core.shell:Creating environment hook '/home/matthias/xplore2023/hd_ws/install/astra_moveit_config/share/astra_moveit_config/hook/cmake_prefix_path.sh'
[1.077s] Level 1:colcon.colcon_core.environment:checking '/home/matthias/xplore2023/hd_ws/install/astra_moveit_config/bin'
[1.077s] Level 1:colcon.colcon_core.environment:checking '/home/matthias/xplore2023/hd_ws/install/astra_moveit_config/lib/pkgconfig/astra_moveit_config.pc'
[1.077s] Level 1:colcon.colcon_core.environment:checking '/home/matthias/xplore2023/hd_ws/install/astra_moveit_config/lib/python3.10/site-packages'
[1.077s] Level 1:colcon.colcon_core.environment:checking '/home/matthias/xplore2023/hd_ws/install/astra_moveit_config/bin'
[1.078s] INFO:colcon.colcon_core.shell:Creating package script '/home/matthias/xplore2023/hd_ws/install/astra_moveit_config/share/astra_moveit_config/package.ps1'
[1.079s] INFO:colcon.colcon_core.shell:Creating package descriptor '/home/matthias/xplore2023/hd_ws/install/astra_moveit_config/share/astra_moveit_config/package.dsv'
[1.079s] INFO:colcon.colcon_core.shell:Creating package script '/home/matthias/xplore2023/hd_ws/install/astra_moveit_config/share/astra_moveit_config/package.sh'
[1.079s] INFO:colcon.colcon_core.shell:Creating package script '/home/matthias/xplore2023/hd_ws/install/astra_moveit_config/share/astra_moveit_config/package.bash'
[1.080s] INFO:colcon.colcon_core.shell:Creating package script '/home/matthias/xplore2023/hd_ws/install/astra_moveit_config/share/astra_moveit_config/package.zsh'
[1.080s] Level 1:colcon.colcon_core.environment:create_file_with_runtime_dependencies(/home/matthias/xplore2023/hd_ws/install/astra_moveit_config/share/colcon-core/packages/astra_moveit_config)
[1.149s] Level 1:colcon.colcon_core.environment:create_environment_scripts_only(astra_interfaces)
[1.151s] Level 1:colcon.colcon_core.environment:checking '/home/matthias/xplore2023/hd_ws/install/astra_interfaces' for CMake module files
[1.151s] Level 1:colcon.colcon_core.environment:checking '/home/matthias/xplore2023/hd_ws/install/astra_interfaces' for CMake config files
[1.151s] Level 1:colcon.colcon_core.shell:create_environment_hook('astra_interfaces', 'cmake_prefix_path')
[1.153s] INFO:colcon.colcon_core.shell:Creating environment hook '/home/matthias/xplore2023/hd_ws/install/astra_interfaces/share/astra_interfaces/hook/cmake_prefix_path.ps1'
[1.153s] INFO:colcon.colcon_core.shell:Creating environment descriptor '/home/matthias/xplore2023/hd_ws/install/astra_interfaces/share/astra_interfaces/hook/cmake_prefix_path.dsv'
[1.153s] INFO:colcon.colcon_core.shell:Creating environment hook '/home/matthias/xplore2023/hd_ws/install/astra_interfaces/share/astra_interfaces/hook/cmake_prefix_path.sh'
[1.154s] Level 1:colcon.colcon_core.environment:checking '/home/matthias/xplore2023/hd_ws/install/astra_interfaces/lib'
[1.154s] Level 1:colcon.colcon_core.shell:create_environment_hook('astra_interfaces', 'ld_library_path_lib')
[1.155s] INFO:colcon.colcon_core.shell:Creating environment hook '/home/matthias/xplore2023/hd_ws/install/astra_interfaces/share/astra_interfaces/hook/ld_library_path_lib.ps1'
[1.155s] INFO:colcon.colcon_core.shell:Creating environment descriptor '/home/matthias/xplore2023/hd_ws/install/astra_interfaces/share/astra_interfaces/hook/ld_library_path_lib.dsv'
[1.155s] INFO:colcon.colcon_core.shell:Creating environment hook '/home/matthias/xplore2023/hd_ws/install/astra_interfaces/share/astra_interfaces/hook/ld_library_path_lib.sh'
[1.156s] Level 1:colcon.colcon_core.environment:checking '/home/matthias/xplore2023/hd_ws/install/astra_interfaces/bin'
[1.156s] Level 1:colcon.colcon_core.environment:checking '/home/matthias/xplore2023/hd_ws/install/astra_interfaces/lib/pkgconfig/astra_interfaces.pc'
[1.156s] Level 1:colcon.colcon_core.environment:checking '/home/matthias/xplore2023/hd_ws/install/astra_interfaces/lib/python3.10/site-packages'
[1.156s] Level 1:colcon.colcon_core.environment:checking '/home/matthias/xplore2023/hd_ws/install/astra_interfaces/bin'
[1.157s] INFO:colcon.colcon_core.shell:Creating package script '/home/matthias/xplore2023/hd_ws/install/astra_interfaces/share/astra_interfaces/package.ps1'
[1.158s] INFO:colcon.colcon_core.shell:Creating package descriptor '/home/matthias/xplore2023/hd_ws/install/astra_interfaces/share/astra_interfaces/package.dsv'
[1.158s] INFO:colcon.colcon_core.shell:Creating package script '/home/matthias/xplore2023/hd_ws/install/astra_interfaces/share/astra_interfaces/package.sh'
[1.158s] INFO:colcon.colcon_core.shell:Creating package script '/home/matthias/xplore2023/hd_ws/install/astra_interfaces/share/astra_interfaces/package.bash'
[1.159s] INFO:colcon.colcon_core.shell:Creating package script '/home/matthias/xplore2023/hd_ws/install/astra_interfaces/share/astra_interfaces/package.zsh'
[1.159s] Level 1:colcon.colcon_core.environment:create_file_with_runtime_dependencies(/home/matthias/xplore2023/hd_ws/install/astra_interfaces/share/colcon-core/packages/astra_interfaces)
[1.159s] INFO:colcon.colcon_ros.task.ament_python.build:Building ROS package in '/home/matthias/xplore2023/hd_ws/src/control/manager' with build type 'ament_python'
[1.159s] Level 1:colcon.colcon_core.shell:create_environment_hook('manager', 'ament_prefix_path')
[1.160s] INFO:colcon.colcon_core.shell:Creating environment hook '/home/matthias/xplore2023/hd_ws/install/manager/share/manager/hook/ament_prefix_path.ps1'
[1.161s] INFO:colcon.colcon_core.shell:Creating environment descriptor '/home/matthias/xplore2023/hd_ws/install/manager/share/manager/hook/ament_prefix_path.dsv'
[1.161s] INFO:colcon.colcon_core.shell:Creating environment hook '/home/matthias/xplore2023/hd_ws/install/manager/share/manager/hook/ament_prefix_path.sh'
[1.163s] INFO:colcon.colcon_core.shell:Skip shell extension 'powershell' for command environment: Not usable outside of PowerShell
[1.163s] DEBUG:colcon.colcon_core.shell:Skip shell extension 'dsv' for command environment
[1.450s] INFO:colcon.colcon_core.task.python.build:Building Python package in '/home/matthias/xplore2023/hd_ws/src/control/manager'
[1.451s] INFO:colcon.colcon_core.shell:Skip shell extension 'powershell' for command environment: Not usable outside of PowerShell
[1.451s] DEBUG:colcon.colcon_core.shell:Skip shell extension 'dsv' for command environment
[1.458s] DEBUG:colcon.colcon_core.event_handler.log_command:Invoking command in '/home/matthias/xplore2023/hd_ws/src/control/task_execution': PYTHONPATH=/home/matthias/xplore2023/hd_ws/build/task_execution/prefix_override:/home/matthias/xplore2023/hd_ws/install/task_execution/lib/python3.10/site-packages:${PYTHONPATH} /usr/bin/python3 setup.py egg_info --egg-base ../../../build/task_execution build --build-base /home/matthias/xplore2023/hd_ws/build/task_execution/build install --record /home/matthias/xplore2023/hd_ws/build/task_execution/install.log --single-version-externally-managed
[1.758s] Level 1:colcon.colcon_core.environment:checking '/home/matthias/xplore2023/hd_ws/install/task_execution' for CMake module files
[1.758s] DEBUG:colcon.colcon_core.event_handler.log_command:Invoked command in '/home/matthias/xplore2023/hd_ws/src/control/task_execution' returned '0': PYTHONPATH=/home/matthias/xplore2023/hd_ws/build/task_execution/prefix_override:/home/matthias/xplore2023/hd_ws/install/task_execution/lib/python3.10/site-packages:${PYTHONPATH} /usr/bin/python3 setup.py egg_info --egg-base ../../../build/task_execution build --build-base /home/matthias/xplore2023/hd_ws/build/task_execution/build install --record /home/matthias/xplore2023/hd_ws/build/task_execution/install.log --single-version-externally-managed
[1.759s] Level 1:colcon.colcon_core.environment:checking '/home/matthias/xplore2023/hd_ws/install/task_execution' for CMake config files
[1.759s] Level 1:colcon.colcon_core.environment:checking '/home/matthias/xplore2023/hd_ws/install/task_execution/lib'
[1.759s] Level 1:colcon.colcon_core.environment:checking '/home/matthias/xplore2023/hd_ws/install/task_execution/bin'
[1.760s] Level 1:colcon.colcon_core.environment:checking '/home/matthias/xplore2023/hd_ws/install/task_execution/lib/pkgconfig/task_execution.pc'
[1.760s] Level 1:colcon.colcon_core.environment:checking '/home/matthias/xplore2023/hd_ws/install/task_execution/lib/python3.10/site-packages'
[1.760s] Level 1:colcon.colcon_core.shell:create_environment_hook('task_execution', 'pythonpath')
[1.762s] INFO:colcon.colcon_core.shell:Creating environment hook '/home/matthias/xplore2023/hd_ws/install/task_execution/share/task_execution/hook/pythonpath.ps1'
[1.762s] INFO:colcon.colcon_core.shell:Creating environment descriptor '/home/matthias/xplore2023/hd_ws/install/task_execution/share/task_execution/hook/pythonpath.dsv'
[1.763s] INFO:colcon.colcon_core.shell:Creating environment hook '/home/matthias/xplore2023/hd_ws/install/task_execution/share/task_execution/hook/pythonpath.sh'
[1.763s] Level 1:colcon.colcon_core.environment:checking '/home/matthias/xplore2023/hd_ws/install/task_execution/bin'
[1.763s] Level 1:colcon.colcon_core.environment:create_environment_scripts_only(task_execution)
[1.764s] INFO:colcon.colcon_core.shell:Creating package script '/home/matthias/xplore2023/hd_ws/install/task_execution/share/task_execution/package.ps1'
[1.765s] INFO:colcon.colcon_core.shell:Creating package descriptor '/home/matthias/xplore2023/hd_ws/install/task_execution/share/task_execution/package.dsv'
[1.765s] INFO:colcon.colcon_core.shell:Creating package script '/home/matthias/xplore2023/hd_ws/install/task_execution/share/task_execution/package.sh'
[1.766s] INFO:colcon.colcon_core.shell:Creating package script '/home/matthias/xplore2023/hd_ws/install/task_execution/share/task_execution/package.bash'
[1.766s] INFO:colcon.colcon_core.shell:Creating package script '/home/matthias/xplore2023/hd_ws/install/task_execution/share/task_execution/package.zsh'
[1.766s] Level 1:colcon.colcon_core.environment:create_file_with_runtime_dependencies(/home/matthias/xplore2023/hd_ws/install/task_execution/share/colcon-core/packages/task_execution)
[1.917s] DEBUG:colcon.colcon_core.event_handler.log_command:Invoking command in '/home/matthias/xplore2023/hd_ws/src/control/manager': CMAKE_PREFIX_PATH=/home/matthias/xplore2023/hd_ws/install/astra_interfaces:/home/matthias/xplore2023/hd_ws/install/moveit_api_test:/home/matthias/xplore2023/hd_ws/install/hw_interface:/home/matthias/xplore2023/hd_ws/install/astra_moveit_config:/home/matthias/xplore2023/hd_ws/install/astra_description PYTHONPATH=/home/matthias/xplore2023/hd_ws/build/manager/prefix_override:/home/matthias/xplore2023/hd_ws/install/manager/lib/python3.10/site-packages:${PYTHONPATH} /usr/bin/python3 setup.py egg_info --egg-base ../../../build/manager build --build-base /home/matthias/xplore2023/hd_ws/build/manager/build install --record /home/matthias/xplore2023/hd_ws/build/manager/install.log --single-version-externally-managed
[2.204s] Level 1:colcon.colcon_core.environment:checking '/home/matthias/xplore2023/hd_ws/install/manager' for CMake module files
[2.204s] DEBUG:colcon.colcon_core.event_handler.log_command:Invoked command in '/home/matthias/xplore2023/hd_ws/src/control/manager' returned '0': CMAKE_PREFIX_PATH=/home/matthias/xplore2023/hd_ws/install/astra_interfaces:/home/matthias/xplore2023/hd_ws/install/moveit_api_test:/home/matthias/xplore2023/hd_ws/install/hw_interface:/home/matthias/xplore2023/hd_ws/install/astra_moveit_config:/home/matthias/xplore2023/hd_ws/install/astra_description PYTHONPATH=/home/matthias/xplore2023/hd_ws/build/manager/prefix_override:/home/matthias/xplore2023/hd_ws/install/manager/lib/python3.10/site-packages:${PYTHONPATH} /usr/bin/python3 setup.py egg_info --egg-base ../../../build/manager build --build-base /home/matthias/xplore2023/hd_ws/build/manager/build install --record /home/matthias/xplore2023/hd_ws/build/manager/install.log --single-version-externally-managed
[2.204s] Level 1:colcon.colcon_core.environment:checking '/home/matthias/xplore2023/hd_ws/install/manager' for CMake config files
[2.205s] Level 1:colcon.colcon_core.environment:checking '/home/matthias/xplore2023/hd_ws/install/manager/lib'
[2.205s] Level 1:colcon.colcon_core.environment:checking '/home/matthias/xplore2023/hd_ws/install/manager/bin'
[2.205s] Level 1:colcon.colcon_core.environment:checking '/home/matthias/xplore2023/hd_ws/install/manager/lib/pkgconfig/manager.pc'
[2.205s] Level 1:colcon.colcon_core.environment:checking '/home/matthias/xplore2023/hd_ws/install/manager/lib/python3.10/site-packages'
[2.206s] Level 1:colcon.colcon_core.shell:create_environment_hook('manager', 'pythonpath')
[2.208s] INFO:colcon.colcon_core.shell:Creating environment hook '/home/matthias/xplore2023/hd_ws/install/manager/share/manager/hook/pythonpath.ps1'
[2.208s] INFO:colcon.colcon_core.shell:Creating environment descriptor '/home/matthias/xplore2023/hd_ws/install/manager/share/manager/hook/pythonpath.dsv'
[2.209s] INFO:colcon.colcon_core.shell:Creating environment hook '/home/matthias/xplore2023/hd_ws/install/manager/share/manager/hook/pythonpath.sh'
[2.209s] Level 1:colcon.colcon_core.environment:checking '/home/matthias/xplore2023/hd_ws/install/manager/bin'
[2.209s] Level 1:colcon.colcon_core.environment:create_environment_scripts_only(manager)
[2.210s] INFO:colcon.colcon_core.shell:Creating package script '/home/matthias/xplore2023/hd_ws/install/manager/share/manager/package.ps1'
[2.211s] INFO:colcon.colcon_core.shell:Creating package descriptor '/home/matthias/xplore2023/hd_ws/install/manager/share/manager/package.dsv'
[2.211s] INFO:colcon.colcon_core.shell:Creating package script '/home/matthias/xplore2023/hd_ws/install/manager/share/manager/package.sh'
[2.212s] INFO:colcon.colcon_core.shell:Creating package script '/home/matthias/xplore2023/hd_ws/install/manager/share/manager/package.bash'
[2.212s] INFO:colcon.colcon_core.shell:Creating package script '/home/matthias/xplore2023/hd_ws/install/manager/share/manager/package.zsh'
[2.212s] Level 1:colcon.colcon_core.environment:create_file_with_runtime_dependencies(/home/matthias/xplore2023/hd_ws/install/manager/share/colcon-core/packages/manager)
[10.383s] DEBUG:colcon.colcon_core.event_handler.log_command:Invoked command in '/home/matthias/xplore2023/hd_ws/build/moveit_api_test' returned '0': CMAKE_PREFIX_PATH=${CMAKE_PREFIX_PATH}:/home/matthias/xplore2023/hd_ws/install/task_execution:/home/matthias/xplore2023/hd_ws/install/manager:/opt/ros/humble /usr/bin/cmake --build /home/matthias/xplore2023/hd_ws/build/moveit_api_test -- -j12 -l12
[10.414s] DEBUG:colcon.colcon_core.event_handler.log_command:Invoking command in '/home/matthias/xplore2023/hd_ws/build/moveit_api_test': CMAKE_PREFIX_PATH=${CMAKE_PREFIX_PATH}:/home/matthias/xplore2023/hd_ws/install/task_execution:/home/matthias/xplore2023/hd_ws/install/manager:/opt/ros/humble /usr/bin/cmake --install /home/matthias/xplore2023/hd_ws/build/moveit_api_test
[10.430s] Level 1:colcon.colcon_core.environment:create_environment_scripts_only(moveit_api_test)
[10.434s] Level 1:colcon.colcon_core.environment:checking '/home/matthias/xplore2023/hd_ws/install/moveit_api_test' for CMake module files
[10.435s] DEBUG:colcon.colcon_core.event_handler.log_command:Invoked command in '/home/matthias/xplore2023/hd_ws/build/moveit_api_test' returned '0': CMAKE_PREFIX_PATH=${CMAKE_PREFIX_PATH}:/home/matthias/xplore2023/hd_ws/install/task_execution:/home/matthias/xplore2023/hd_ws/install/manager:/opt/ros/humble /usr/bin/cmake --install /home/matthias/xplore2023/hd_ws/build/moveit_api_test
[10.435s] Level 1:colcon.colcon_core.environment:checking '/home/matthias/xplore2023/hd_ws/install/moveit_api_test' for CMake config files
[10.436s] Level 1:colcon.colcon_core.shell:create_environment_hook('moveit_api_test', 'cmake_prefix_path')
[10.438s] INFO:colcon.colcon_core.shell:Creating environment hook '/home/matthias/xplore2023/hd_ws/install/moveit_api_test/share/moveit_api_test/hook/cmake_prefix_path.ps1'
[10.438s] INFO:colcon.colcon_core.shell:Creating environment descriptor '/home/matthias/xplore2023/hd_ws/install/moveit_api_test/share/moveit_api_test/hook/cmake_prefix_path.dsv'
[10.439s] INFO:colcon.colcon_core.shell:Creating environment hook '/home/matthias/xplore2023/hd_ws/install/moveit_api_test/share/moveit_api_test/hook/cmake_prefix_path.sh'
[10.440s] Level 1:colcon.colcon_core.environment:checking '/home/matthias/xplore2023/hd_ws/install/moveit_api_test/lib'
[10.440s] Level 1:colcon.colcon_core.environment:checking '/home/matthias/xplore2023/hd_ws/install/moveit_api_test/bin'
[10.440s] Level 1:colcon.colcon_core.environment:checking '/home/matthias/xplore2023/hd_ws/install/moveit_api_test/lib/pkgconfig/moveit_api_test.pc'
[10.441s] Level 1:colcon.colcon_core.environment:checking '/home/matthias/xplore2023/hd_ws/install/moveit_api_test/lib/python3.10/site-packages'
[10.441s] Level 1:colcon.colcon_core.environment:checking '/home/matthias/xplore2023/hd_ws/install/moveit_api_test/bin'
[10.443s] INFO:colcon.colcon_core.shell:Creating package script '/home/matthias/xplore2023/hd_ws/install/moveit_api_test/share/moveit_api_test/package.ps1'
[10.444s] INFO:colcon.colcon_core.shell:Creating package descriptor '/home/matthias/xplore2023/hd_ws/install/moveit_api_test/share/moveit_api_test/package.dsv'
[10.445s] INFO:colcon.colcon_core.shell:Creating package script '/home/matthias/xplore2023/hd_ws/install/moveit_api_test/share/moveit_api_test/package.sh'
[10.445s] INFO:colcon.colcon_core.shell:Creating package script '/home/matthias/xplore2023/hd_ws/install/moveit_api_test/share/moveit_api_test/package.bash'
[10.446s] INFO:colcon.colcon_core.shell:Creating package script '/home/matthias/xplore2023/hd_ws/install/moveit_api_test/share/moveit_api_test/package.zsh'
[10.446s] Level 1:colcon.colcon_core.environment:create_file_with_runtime_dependencies(/home/matthias/xplore2023/hd_ws/install/moveit_api_test/share/colcon-core/packages/moveit_api_test)
[10.533s] Level 1:colcon.colcon_core.environment:create_environment_scripts_only(moveit_api_test)
[10.538s] Level 1:colcon.colcon_core.environment:checking '/home/matthias/xplore2023/hd_ws/install/moveit_api_test' for CMake module files
[10.541s] Level 1:colcon.colcon_core.environment:checking '/home/matthias/xplore2023/hd_ws/install/moveit_api_test' for CMake config files
[10.543s] Level 1:colcon.colcon_core.shell:create_environment_hook('moveit_api_test', 'cmake_prefix_path')
[10.547s] INFO:colcon.colcon_core.shell:Creating environment hook '/home/matthias/xplore2023/hd_ws/install/moveit_api_test/share/moveit_api_test/hook/cmake_prefix_path.ps1'
[10.548s] INFO:colcon.colcon_core.shell:Creating environment descriptor '/home/matthias/xplore2023/hd_ws/install/moveit_api_test/share/moveit_api_test/hook/cmake_prefix_path.dsv'
[10.549s] INFO:colcon.colcon_core.shell:Creating environment hook '/home/matthias/xplore2023/hd_ws/install/moveit_api_test/share/moveit_api_test/hook/cmake_prefix_path.sh'
[10.550s] Level 1:colcon.colcon_core.environment:checking '/home/matthias/xplore2023/hd_ws/install/moveit_api_test/lib'
[10.550s] Level 1:colcon.colcon_core.environment:checking '/home/matthias/xplore2023/hd_ws/install/moveit_api_test/bin'
[10.551s] Level 1:colcon.colcon_core.environment:checking '/home/matthias/xplore2023/hd_ws/install/moveit_api_test/lib/pkgconfig/moveit_api_test.pc'
[10.551s] Level 1:colcon.colcon_core.environment:checking '/home/matthias/xplore2023/hd_ws/install/moveit_api_test/lib/python3.10/site-packages'
[10.552s] Level 1:colcon.colcon_core.environment:checking '/home/matthias/xplore2023/hd_ws/install/moveit_api_test/bin'
[10.556s] INFO:colcon.colcon_core.shell:Creating package script '/home/matthias/xplore2023/hd_ws/install/moveit_api_test/share/moveit_api_test/package.ps1'
[10.557s] INFO:colcon.colcon_core.shell:Creating package descriptor '/home/matthias/xplore2023/hd_ws/install/moveit_api_test/share/moveit_api_test/package.dsv'
[10.559s] INFO:colcon.colcon_core.shell:Creating package script '/home/matthias/xplore2023/hd_ws/install/moveit_api_test/share/moveit_api_test/package.sh'
[10.560s] INFO:colcon.colcon_core.shell:Creating package script '/home/matthias/xplore2023/hd_ws/install/moveit_api_test/share/moveit_api_test/package.bash'
[10.561s] INFO:colcon.colcon_core.shell:Creating package script '/home/matthias/xplore2023/hd_ws/install/moveit_api_test/share/moveit_api_test/package.zsh'
[10.562s] Level 1:colcon.colcon_core.environment:create_file_with_runtime_dependencies(/home/matthias/xplore2023/hd_ws/install/moveit_api_test/share/colcon-core/packages/moveit_api_test)
[10.563s] DEBUG:colcon.colcon_parallel_executor.executor.parallel:closing loop
[10.564s] DEBUG:colcon.colcon_parallel_executor.executor.parallel:loop closed
[10.564s] DEBUG:colcon.colcon_parallel_executor.executor.parallel:run_until_complete finished with '0'
[10.564s] DEBUG:colcon.colcon_core.event_reactor:joining thread
[10.585s] INFO:colcon.colcon_core.plugin_system:Skipping extension 'colcon_notification.desktop_notification.terminal_notifier': Not used on non-Darwin systems
[10.585s] INFO:colcon.colcon_core.plugin_system:Skipping extension 'colcon_notification.desktop_notification.win32': Not used on non-Windows systems
[10.586s] INFO:colcon.colcon_notification.desktop_notification:Sending desktop notification using 'notify2'
[10.620s] DEBUG:colcon.colcon_core.event_reactor:joined thread
[10.624s] INFO:colcon.colcon_core.shell:Creating prefix script '/home/matthias/xplore2023/hd_ws/install/local_setup.ps1'
[10.627s] INFO:colcon.colcon_core.shell:Creating prefix util module '/home/matthias/xplore2023/hd_ws/install/_local_setup_util_ps1.py'
[10.631s] INFO:colcon.colcon_core.shell:Creating prefix chain script '/home/matthias/xplore2023/hd_ws/install/setup.ps1'
[10.637s] INFO:colcon.colcon_core.shell:Creating prefix script '/home/matthias/xplore2023/hd_ws/install/local_setup.sh'
[10.639s] INFO:colcon.colcon_core.shell:Creating prefix util module '/home/matthias/xplore2023/hd_ws/install/_local_setup_util_sh.py'
[10.640s] INFO:colcon.colcon_core.shell:Creating prefix chain script '/home/matthias/xplore2023/hd_ws/install/setup.sh'
[10.645s] INFO:colcon.colcon_core.shell:Creating prefix script '/home/matthias/xplore2023/hd_ws/install/local_setup.bash'
[10.647s] INFO:colcon.colcon_core.shell:Creating prefix chain script '/home/matthias/xplore2023/hd_ws/install/setup.bash'
[10.652s] INFO:colcon.colcon_core.shell:Creating prefix script '/home/matthias/xplore2023/hd_ws/install/local_setup.zsh'
[10.653s] INFO:colcon.colcon_core.shell:Creating prefix chain script '/home/matthias/xplore2023/hd_ws/install/setup.zsh'
