-- Found ament_cmake: 1.3.3 (/opt/ros/humble/share/ament_cmake/cmake)
-- Found ament_lint_auto: 0.12.5 (/opt/ros/humble/share/ament_lint_auto/cmake)
-- Added test 'lint_cmake' to check CMake code style
-- Added test 'xmllint' to check XML markup files
-- Configuring done
-- Generating done
-- Build files have been written to: /home/matthias/xplore2023/hd_ws/build/astra_description
-- Install configuration: ""
-- Up-to-date: /home/matthias/xplore2023/hd_ws/install/astra_description/share/ament_index/resource_index/package_run_dependencies/astra_description
-- Installing: /home/matthias/xplore2023/hd_ws/install/astra_description/share/ament_index/resource_index/parent_prefix_path/astra_description
-- Up-to-date: /home/matthias/xplore2023/hd_ws/install/astra_description/share/astra_description/environment/ament_prefix_path.sh
-- Installing: /home/matthias/xplore2023/hd_ws/install/astra_description/share/astra_description/environment/ament_prefix_path.dsv
-- Up-to-date: /home/matthias/xplore2023/hd_ws/install/astra_description/share/astra_description/environment/path.sh
-- Installing: /home/matthias/xplore2023/hd_ws/install/astra_description/share/astra_description/environment/path.dsv
-- Up-to-date: /home/matthias/xplore2023/hd_ws/install/astra_description/share/astra_description/local_setup.bash
-- Up-to-date: /home/matthias/xplore2023/hd_ws/install/astra_description/share/astra_description/local_setup.sh
-- Up-to-date: /home/matthias/xplore2023/hd_ws/install/astra_description/share/astra_description/local_setup.zsh
-- Installing: /home/matthias/xplore2023/hd_ws/install/astra_description/share/astra_description/local_setup.dsv
-- Installing: /home/matthias/xplore2023/hd_ws/install/astra_description/share/astra_description/package.dsv
-- Up-to-date: /home/matthias/xplore2023/hd_ws/install/astra_description/share/ament_index/resource_index/packages/astra_description
-- Up-to-date: /home/matthias/xplore2023/hd_ws/install/astra_description/share/astra_description/cmake/astra_descriptionConfig.cmake
-- Up-to-date: /home/matthias/xplore2023/hd_ws/install/astra_description/share/astra_description/cmake/astra_descriptionConfig-version.cmake
-- Up-to-date: /home/matthias/xplore2023/hd_ws/install/astra_description/share/astra_description/package.xml
