[0.054s] Invoking command in '/home/matthias/xplore2023/hd_ws/build/astra_description': CMAKE_PREFIX_PATH=${CMAKE_PREFIX_PATH}:/home/matthias/xplore2023/hd_ws/install/task_execution:/home/matthias/xplore2023/hd_ws/install/manager:/home/matthias/xplore2023/hd_ws/install/hw_interface:/home/matthias/xplore2023/hd_ws/install/astra_description:/opt/ros/humble /usr/bin/cmake --build /home/matthias/xplore2023/hd_ws/build/astra_description -- -j12 -l12
[0.385s] -- Found ament_cmake: 1.3.3 (/opt/ros/humble/share/ament_cmake/cmake)
[0.386s] -- Found ament_lint_auto: 0.12.5 (/opt/ros/humble/share/ament_lint_auto/cmake)
[0.434s] -- Added test 'lint_cmake' to check CMake code style
[0.436s] -- Added test 'xmllint' to check XML markup files
[0.438s] -- Configuring done
[0.446s] -- Generating done
[0.449s] -- Build files have been written to: /home/matthias/xplore2023/hd_ws/build/astra_description
[0.468s] Invoked command in '/home/matthias/xplore2023/hd_ws/build/astra_description' returned '0': CMAKE_PREFIX_PATH=${CMAKE_PREFIX_PATH}:/home/matthias/xplore2023/hd_ws/install/task_execution:/home/matthias/xplore2023/hd_ws/install/manager:/home/matthias/xplore2023/hd_ws/install/hw_interface:/home/matthias/xplore2023/hd_ws/install/astra_description:/opt/ros/humble /usr/bin/cmake --build /home/matthias/xplore2023/hd_ws/build/astra_description -- -j12 -l12
[0.498s] Invoking command in '/home/matthias/xplore2023/hd_ws/build/astra_description': CMAKE_PREFIX_PATH=${CMAKE_PREFIX_PATH}:/home/matthias/xplore2023/hd_ws/install/task_execution:/home/matthias/xplore2023/hd_ws/install/manager:/home/matthias/xplore2023/hd_ws/install/hw_interface:/home/matthias/xplore2023/hd_ws/install/astra_description:/opt/ros/humble /usr/bin/cmake --install /home/matthias/xplore2023/hd_ws/build/astra_description
[0.504s] -- Install configuration: ""
[0.505s] -- Up-to-date: /home/matthias/xplore2023/hd_ws/install/astra_description/share/ament_index/resource_index/package_run_dependencies/astra_description
[0.505s] -- Installing: /home/matthias/xplore2023/hd_ws/install/astra_description/share/ament_index/resource_index/parent_prefix_path/astra_description
[0.505s] -- Up-to-date: /home/matthias/xplore2023/hd_ws/install/astra_description/share/astra_description/environment/ament_prefix_path.sh
[0.506s] -- Installing: /home/matthias/xplore2023/hd_ws/install/astra_description/share/astra_description/environment/ament_prefix_path.dsv
[0.506s] -- Up-to-date: /home/matthias/xplore2023/hd_ws/install/astra_description/share/astra_description/environment/path.sh
[0.506s] -- Installing: /home/matthias/xplore2023/hd_ws/install/astra_description/share/astra_description/environment/path.dsv
[0.506s] -- Up-to-date: /home/matthias/xplore2023/hd_ws/install/astra_description/share/astra_description/local_setup.bash
[0.506s] -- Up-to-date: /home/matthias/xplore2023/hd_ws/install/astra_description/share/astra_description/local_setup.sh
[0.506s] -- Up-to-date: /home/matthias/xplore2023/hd_ws/install/astra_description/share/astra_description/local_setup.zsh
[0.506s] -- Installing: /home/matthias/xplore2023/hd_ws/install/astra_description/share/astra_description/local_setup.dsv
[0.506s] -- Installing: /home/matthias/xplore2023/hd_ws/install/astra_description/share/astra_description/package.dsv
[0.507s] -- Up-to-date: /home/matthias/xplore2023/hd_ws/install/astra_description/share/ament_index/resource_index/packages/astra_description
[0.508s] -- Up-to-date: /home/matthias/xplore2023/hd_ws/install/astra_description/share/astra_description/cmake/astra_descriptionConfig.cmake
[0.508s] -- Up-to-date: /home/matthias/xplore2023/hd_ws/install/astra_description/share/astra_description/cmake/astra_descriptionConfig-version.cmake
[0.508s] -- Up-to-date: /home/matthias/xplore2023/hd_ws/install/astra_description/share/astra_description/package.xml
[0.511s] Invoked command in '/home/matthias/xplore2023/hd_ws/build/astra_description' returned '0': CMAKE_PREFIX_PATH=${CMAKE_PREFIX_PATH}:/home/matthias/xplore2023/hd_ws/install/task_execution:/home/matthias/xplore2023/hd_ws/install/manager:/home/matthias/xplore2023/hd_ws/install/hw_interface:/home/matthias/xplore2023/hd_ws/install/astra_description:/opt/ros/humble /usr/bin/cmake --install /home/matthias/xplore2023/hd_ws/build/astra_description
