[1.098s] Invoking command in '/home/xplore/Desktop/main_HD_workspace/hd_ws/build/tttt': CMAKE_PREFIX_PATH=${CMAKE_PREFIX_PATH}:/home/xplore/Desktop/main_HD_workspace/hd_ws/install/task_execution:/home/xplore/Desktop/main_HD_workspace/hd_ws/install/manager:/opt/ros/foxy /usr/bin/cmake --build /home/xplore/Desktop/main_HD_workspace/hd_ws/build/tttt -- -j8 -l8
[1.326s] Invoked command in '/home/xplore/Desktop/main_HD_workspace/hd_ws/build/tttt' returned '0': CMAKE_PREFIX_PATH=${CMAKE_PREFIX_PATH}:/home/xplore/Desktop/main_HD_workspace/hd_ws/install/task_execution:/home/xplore/Desktop/main_HD_workspace/hd_ws/install/manager:/opt/ros/foxy /usr/bin/cmake --build /home/xplore/Desktop/main_HD_workspace/hd_ws/build/tttt -- -j8 -l8
[1.523s] Invoking command in '/home/xplore/Desktop/main_HD_workspace/hd_ws/build/tttt': CMAKE_PREFIX_PATH=${CMAKE_PREFIX_PATH}:/home/xplore/Desktop/main_HD_workspace/hd_ws/install/task_execution:/home/xplore/Desktop/main_HD_workspace/hd_ws/install/manager:/opt/ros/foxy /usr/bin/cmake --install /home/xplore/Desktop/main_HD_workspace/hd_ws/build/tttt
[1.608s] -- Install configuration: ""
[1.612s] -- Up-to-date: /home/xplore/Desktop/main_HD_workspace/hd_ws/install/tttt/share/ament_index/resource_index/package_run_dependencies/tttt
[1.613s] -- Up-to-date: /home/xplore/Desktop/main_HD_workspace/hd_ws/install/tttt/share/ament_index/resource_index/parent_prefix_path/tttt
[1.614s] -- Up-to-date: /home/xplore/Desktop/main_HD_workspace/hd_ws/install/tttt/share/tttt/environment/ament_prefix_path.sh
[1.615s] -- Up-to-date: /home/xplore/Desktop/main_HD_workspace/hd_ws/install/tttt/share/tttt/environment/ament_prefix_path.dsv
[1.616s] -- Up-to-date: /home/xplore/Desktop/main_HD_workspace/hd_ws/install/tttt/share/tttt/environment/path.sh
[1.616s] -- Up-to-date: /home/xplore/Desktop/main_HD_workspace/hd_ws/install/tttt/share/tttt/environment/path.dsv
[1.617s] -- Up-to-date: /home/xplore/Desktop/main_HD_workspace/hd_ws/install/tttt/share/tttt/local_setup.bash
[1.618s] -- Up-to-date: /home/xplore/Desktop/main_HD_workspace/hd_ws/install/tttt/share/tttt/local_setup.sh
[1.618s] -- Up-to-date: /home/xplore/Desktop/main_HD_workspace/hd_ws/install/tttt/share/tttt/local_setup.zsh
[1.619s] -- Up-to-date: /home/xplore/Desktop/main_HD_workspace/hd_ws/install/tttt/share/tttt/local_setup.dsv
[1.619s] -- Installing: /home/xplore/Desktop/main_HD_workspace/hd_ws/install/tttt/share/tttt/package.dsv
[1.620s] -- Up-to-date: /home/xplore/Desktop/main_HD_workspace/hd_ws/install/tttt/share/ament_index/resource_index/packages/tttt
[1.622s] -- Up-to-date: /home/xplore/Desktop/main_HD_workspace/hd_ws/install/tttt/share/tttt/cmake/ttttConfig.cmake
[1.632s] -- Up-to-date: /home/xplore/Desktop/main_HD_workspace/hd_ws/install/tttt/share/tttt/cmake/ttttConfig-version.cmake
[1.633s] -- Up-to-date: /home/xplore/Desktop/main_HD_workspace/hd_ws/install/tttt/share/tttt/package.xml
[1.753s] Invoked command in '/home/xplore/Desktop/main_HD_workspace/hd_ws/build/tttt' returned '0': CMAKE_PREFIX_PATH=${CMAKE_PREFIX_PATH}:/home/xplore/Desktop/main_HD_workspace/hd_ws/install/task_execution:/home/xplore/Desktop/main_HD_workspace/hd_ws/install/manager:/opt/ros/foxy /usr/bin/cmake --install /home/xplore/Desktop/main_HD_workspace/hd_ws/build/tttt
