[0.189s] Invoking command in '/home/xplore/Desktop/main_HD_workspace/hd_ws/build/astra_moveit_config': CMAKE_PREFIX_PATH=/home/xplore/Desktop/main_HD_workspace/hd_ws/install/astra_description:/home/xplore/Desktop/main_HD_workspace/hd_ws/install/tttt:/home/xplore/Desktop/main_HD_workspace/hd_ws/install/moveit_visual_tools:/home/xplore/Desktop/main_HD_workspace/hd_ws/install/astra_moveit_config_new:/home/xplore/Desktop/main_HD_workspace/hd_ws/install/astra_moveit_config0:/home/xplore/Desktop/main_HD_workspace/hd_ws/install/astra_moveit_config:/home/xplore/Desktop/main_HD_workspace/hd_ws/install/astra_interfaces:/home/xplore/Desktop/main_HD_workspace/hd_ws/install/astra_hw_interface:/home/xplore/Desktop/main_HD_workspace/hd_ws/install/task_execution:/home/xplore/Desktop/main_HD_workspace/hd_ws/install/manager:/opt/ros/foxy /usr/bin/cmake /home/xplore/Desktop/main_HD_workspace/hd_ws/src/control/astra_moveit_config -DCMAKE_INSTALL_PREFIX=/home/xplore/Desktop/main_HD_workspace/hd_ws/install/astra_moveit_config
[0.502s] -- The C compiler identification is GNU 9.4.0
[0.831s] -- The CXX compiler identification is GNU 9.4.0
[0.852s] -- Check for working C compiler: /usr/bin/cc
[1.211s] -- Check for working C compiler: /usr/bin/cc -- works
[1.215s] -- Detecting C compiler ABI info
[1.548s] -- Detecting C compiler ABI info - done
[1.594s] -- Detecting C compile features
[1.595s] -- Detecting C compile features - done
[1.605s] -- Check for working CXX compiler: /usr/bin/c++
[1.971s] -- Check for working CXX compiler: /usr/bin/c++ -- works
[1.978s] -- Detecting CXX compiler ABI info
[2.348s] -- Detecting CXX compiler ABI info - done
[2.391s] -- Detecting CXX compile features
[2.393s] -- Detecting CXX compile features - done
[2.405s] -- Found ament_cmake: 0.9.11 (/opt/ros/foxy/share/ament_cmake/cmake)
[2.503s] -- Found PythonInterp: /usr/bin/python3 (found suitable version "3.8.10", minimum required is "3") 
[2.504s] -- Using PYTHON_EXECUTABLE: /usr/bin/python3
[3.377s] -- Found rclcpp: 2.4.2 (/opt/ros/foxy/share/rclcpp/cmake)
[3.577s] -- Using all available rosidl_typesupport_c: rosidl_typesupport_fastrtps_c;rosidl_typesupport_introspection_c
[3.611s] -- Found rosidl_adapter: 1.3.0 (/opt/ros/foxy/share/rosidl_adapter/cmake)
[4.111s] -- Found OpenSSL: /usr/lib/aarch64-linux-gnu/libcrypto.so (found version "1.1.1f")  
[4.236s] -- Found FastRTPS: /opt/ros/foxy/include  
[4.575s] -- Using all available rosidl_typesupport_cpp: rosidl_typesupport_fastrtps_cpp;rosidl_typesupport_introspection_cpp
[4.764s] -- Found rmw_implementation_cmake: 1.0.4 (/opt/ros/foxy/share/rmw_implementation_cmake/cmake)
[4.770s] -- Using RMW implementation 'rmw_cyclonedds_cpp' as default
[4.775s] -- Looking for pthread.h
[5.103s] -- Looking for pthread.h - found
[5.106s] -- Performing Test CMAKE_HAVE_LIBC_PTHREAD
[5.544s] -- Performing Test CMAKE_HAVE_LIBC_PTHREAD - Failed
[5.548s] -- Looking for pthread_create in pthreads
[6.006s] -- Looking for pthread_create in pthreads - not found
[6.008s] -- Looking for pthread_create in pthread
[6.615s] -- Looking for pthread_create in pthread - found
[6.621s] -- Found Threads: TRUE  
[7.449s] -- Found rclpy: 1.0.12 (/opt/ros/foxy/share/rclpy/cmake)
[7.762s] -- Configuring done
[7.787s] -- Generating done
[7.801s] -- Build files have been written to: /home/xplore/Desktop/main_HD_workspace/hd_ws/build/astra_moveit_config
[7.858s] Invoked command in '/home/xplore/Desktop/main_HD_workspace/hd_ws/build/astra_moveit_config' returned '0': CMAKE_PREFIX_PATH=/home/xplore/Desktop/main_HD_workspace/hd_ws/install/astra_description:/home/xplore/Desktop/main_HD_workspace/hd_ws/install/tttt:/home/xplore/Desktop/main_HD_workspace/hd_ws/install/moveit_visual_tools:/home/xplore/Desktop/main_HD_workspace/hd_ws/install/astra_moveit_config_new:/home/xplore/Desktop/main_HD_workspace/hd_ws/install/astra_moveit_config0:/home/xplore/Desktop/main_HD_workspace/hd_ws/install/astra_moveit_config:/home/xplore/Desktop/main_HD_workspace/hd_ws/install/astra_interfaces:/home/xplore/Desktop/main_HD_workspace/hd_ws/install/astra_hw_interface:/home/xplore/Desktop/main_HD_workspace/hd_ws/install/task_execution:/home/xplore/Desktop/main_HD_workspace/hd_ws/install/manager:/opt/ros/foxy /usr/bin/cmake /home/xplore/Desktop/main_HD_workspace/hd_ws/src/control/astra_moveit_config -DCMAKE_INSTALL_PREFIX=/home/xplore/Desktop/main_HD_workspace/hd_ws/install/astra_moveit_config
[7.882s] Invoking command in '/home/xplore/Desktop/main_HD_workspace/hd_ws/build/astra_moveit_config': CMAKE_PREFIX_PATH=/home/xplore/Desktop/main_HD_workspace/hd_ws/install/astra_description:/home/xplore/Desktop/main_HD_workspace/hd_ws/install/tttt:/home/xplore/Desktop/main_HD_workspace/hd_ws/install/moveit_visual_tools:/home/xplore/Desktop/main_HD_workspace/hd_ws/install/astra_moveit_config_new:/home/xplore/Desktop/main_HD_workspace/hd_ws/install/astra_moveit_config0:/home/xplore/Desktop/main_HD_workspace/hd_ws/install/astra_moveit_config:/home/xplore/Desktop/main_HD_workspace/hd_ws/install/astra_interfaces:/home/xplore/Desktop/main_HD_workspace/hd_ws/install/astra_hw_interface:/home/xplore/Desktop/main_HD_workspace/hd_ws/install/task_execution:/home/xplore/Desktop/main_HD_workspace/hd_ws/install/manager:/opt/ros/foxy /usr/bin/cmake --build /home/xplore/Desktop/main_HD_workspace/hd_ws/build/astra_moveit_config -- -j8 -l8
[8.223s] Invoked command in '/home/xplore/Desktop/main_HD_workspace/hd_ws/build/astra_moveit_config' returned '0': CMAKE_PREFIX_PATH=/home/xplore/Desktop/main_HD_workspace/hd_ws/install/astra_description:/home/xplore/Desktop/main_HD_workspace/hd_ws/install/tttt:/home/xplore/Desktop/main_HD_workspace/hd_ws/install/moveit_visual_tools:/home/xplore/Desktop/main_HD_workspace/hd_ws/install/astra_moveit_config_new:/home/xplore/Desktop/main_HD_workspace/hd_ws/install/astra_moveit_config0:/home/xplore/Desktop/main_HD_workspace/hd_ws/install/astra_moveit_config:/home/xplore/Desktop/main_HD_workspace/hd_ws/install/astra_interfaces:/home/xplore/Desktop/main_HD_workspace/hd_ws/install/astra_hw_interface:/home/xplore/Desktop/main_HD_workspace/hd_ws/install/task_execution:/home/xplore/Desktop/main_HD_workspace/hd_ws/install/manager:/opt/ros/foxy /usr/bin/cmake --build /home/xplore/Desktop/main_HD_workspace/hd_ws/build/astra_moveit_config -- -j8 -l8
[8.585s] Invoking command in '/home/xplore/Desktop/main_HD_workspace/hd_ws/build/astra_moveit_config': CMAKE_PREFIX_PATH=/home/xplore/Desktop/main_HD_workspace/hd_ws/install/astra_description:/home/xplore/Desktop/main_HD_workspace/hd_ws/install/tttt:/home/xplore/Desktop/main_HD_workspace/hd_ws/install/moveit_visual_tools:/home/xplore/Desktop/main_HD_workspace/hd_ws/install/astra_moveit_config_new:/home/xplore/Desktop/main_HD_workspace/hd_ws/install/astra_moveit_config0:/home/xplore/Desktop/main_HD_workspace/hd_ws/install/astra_moveit_config:/home/xplore/Desktop/main_HD_workspace/hd_ws/install/astra_interfaces:/home/xplore/Desktop/main_HD_workspace/hd_ws/install/astra_hw_interface:/home/xplore/Desktop/main_HD_workspace/hd_ws/install/task_execution:/home/xplore/Desktop/main_HD_workspace/hd_ws/install/manager:/opt/ros/foxy /usr/bin/cmake --install /home/xplore/Desktop/main_HD_workspace/hd_ws/build/astra_moveit_config
[8.644s] -- Install configuration: ""
[8.645s] -- Installing: /home/xplore/Desktop/main_HD_workspace/hd_ws/install/astra_moveit_config/share/ament_index/resource_index/package_run_dependencies/astra_moveit_config
[8.647s] -- Installing: /home/xplore/Desktop/main_HD_workspace/hd_ws/install/astra_moveit_config/share/ament_index/resource_index/parent_prefix_path/astra_moveit_config
[8.648s] -- Installing: /home/xplore/Desktop/main_HD_workspace/hd_ws/install/astra_moveit_config/share/astra_moveit_config/environment/ament_prefix_path.sh
[8.649s] -- Installing: /home/xplore/Desktop/main_HD_workspace/hd_ws/install/astra_moveit_config/share/astra_moveit_config/environment/ament_prefix_path.dsv
[8.650s] -- Installing: /home/xplore/Desktop/main_HD_workspace/hd_ws/install/astra_moveit_config/share/astra_moveit_config/environment/path.sh
[8.650s] -- Installing: /home/xplore/Desktop/main_HD_workspace/hd_ws/install/astra_moveit_config/share/astra_moveit_config/environment/path.dsv
[8.653s] -- Installing: /home/xplore/Desktop/main_HD_workspace/hd_ws/install/astra_moveit_config/share/astra_moveit_config/local_setup.bash
[8.654s] -- Installing: /home/xplore/Desktop/main_HD_workspace/hd_ws/install/astra_moveit_config/share/astra_moveit_config/local_setup.sh
[8.654s] -- Installing: /home/xplore/Desktop/main_HD_workspace/hd_ws/install/astra_moveit_config/share/astra_moveit_config/local_setup.zsh
[8.655s] -- Installing: /home/xplore/Desktop/main_HD_workspace/hd_ws/install/astra_moveit_config/share/astra_moveit_config/local_setup.dsv
[8.656s] -- Installing: /home/xplore/Desktop/main_HD_workspace/hd_ws/install/astra_moveit_config/share/astra_moveit_config/package.dsv
[8.657s] -- Installing: /home/xplore/Desktop/main_HD_workspace/hd_ws/install/astra_moveit_config/share/ament_index/resource_index/packages/astra_moveit_config
[8.658s] -- Installing: /home/xplore/Desktop/main_HD_workspace/hd_ws/install/astra_moveit_config/share/astra_moveit_config/cmake/astra_moveit_configConfig.cmake
[8.658s] -- Installing: /home/xplore/Desktop/main_HD_workspace/hd_ws/install/astra_moveit_config/share/astra_moveit_config/cmake/astra_moveit_configConfig-version.cmake
[8.659s] -- Installing: /home/xplore/Desktop/main_HD_workspace/hd_ws/install/astra_moveit_config/share/astra_moveit_config/package.xml
[8.660s] -- Installing: /home/xplore/Desktop/main_HD_workspace/hd_ws/install/astra_moveit_config/share/astra_moveit_config/launch
[8.662s] -- Installing: /home/xplore/Desktop/main_HD_workspace/hd_ws/install/astra_moveit_config/share/astra_moveit_config/launch/moveit_rviz.launch.py
[8.663s] -- Installing: /home/xplore/Desktop/main_HD_workspace/hd_ws/install/astra_moveit_config/share/astra_moveit_config/launch/aaa2.launch.py
[8.665s] -- Installing: /home/xplore/Desktop/main_HD_workspace/hd_ws/install/astra_moveit_config/share/astra_moveit_config/launch/setup_assistant.launch.py
[8.665s] -- Installing: /home/xplore/Desktop/main_HD_workspace/hd_ws/install/astra_moveit_config/share/astra_moveit_config/launch/move_group.launch.py
[8.666s] -- Installing: /home/xplore/Desktop/main_HD_workspace/hd_ws/install/astra_moveit_config/share/astra_moveit_config/launch/aaa.launch.py
[8.666s] -- Installing: /home/xplore/Desktop/main_HD_workspace/hd_ws/install/astra_moveit_config/share/astra_moveit_config/launch/static_virtual_joint_tfs.launch.py
[8.667s] -- Installing: /home/xplore/Desktop/main_HD_workspace/hd_ws/install/astra_moveit_config/share/astra_moveit_config/launch/demo.launch.py
[8.667s] -- Installing: /home/xplore/Desktop/main_HD_workspace/hd_ws/install/astra_moveit_config/share/astra_moveit_config/launch/warehouse_db.launch.py
[8.667s] -- Installing: /home/xplore/Desktop/main_HD_workspace/hd_ws/install/astra_moveit_config/share/astra_moveit_config/launch/spawn_controllers.launch.py
[8.668s] -- Installing: /home/xplore/Desktop/main_HD_workspace/hd_ws/install/astra_moveit_config/share/astra_moveit_config/launch/rsp.launch.py
[8.669s] -- Installing: /home/xplore/Desktop/main_HD_workspace/hd_ws/install/astra_moveit_config/share/astra_moveit_config/config
[8.670s] -- Installing: /home/xplore/Desktop/main_HD_workspace/hd_ws/install/astra_moveit_config/share/astra_moveit_config/config/ros2_controllers.yaml
[8.671s] -- Installing: /home/xplore/Desktop/main_HD_workspace/hd_ws/install/astra_moveit_config/share/astra_moveit_config/config/astra.srdf
[8.672s] -- Installing: /home/xplore/Desktop/main_HD_workspace/hd_ws/install/astra_moveit_config/share/astra_moveit_config/config/joint_limits.yaml
[8.676s] -- Installing: /home/xplore/Desktop/main_HD_workspace/hd_ws/install/astra_moveit_config/share/astra_moveit_config/config/pilz_cartesian_limits.yaml
[8.677s] -- Installing: /home/xplore/Desktop/main_HD_workspace/hd_ws/install/astra_moveit_config/share/astra_moveit_config/config/initial_positions.yaml
[8.678s] -- Installing: /home/xplore/Desktop/main_HD_workspace/hd_ws/install/astra_moveit_config/share/astra_moveit_config/config/kinematics.yaml
[8.686s] -- Installing: /home/xplore/Desktop/main_HD_workspace/hd_ws/install/astra_moveit_config/share/astra_moveit_config/config/moveit.rviz
[8.698s] -- Installing: /home/xplore/Desktop/main_HD_workspace/hd_ws/install/astra_moveit_config/share/astra_moveit_config/config/astra.urdf.xacro
[8.699s] -- Installing: /home/xplore/Desktop/main_HD_workspace/hd_ws/install/astra_moveit_config/share/astra_moveit_config/config/moveit_controllers.yaml
[8.700s] -- Installing: /home/xplore/Desktop/main_HD_workspace/hd_ws/install/astra_moveit_config/share/astra_moveit_config/config/ompl_planning.yaml
[8.700s] -- Installing: /home/xplore/Desktop/main_HD_workspace/hd_ws/install/astra_moveit_config/share/astra_moveit_config/config/astra.ros2_control.xacro
[8.700s] -- Installing: /home/xplore/Desktop/main_HD_workspace/hd_ws/install/astra_moveit_config/share/astra_moveit_config/.setup_assistant
[8.701s] Invoked command in '/home/xplore/Desktop/main_HD_workspace/hd_ws/build/astra_moveit_config' returned '0': CMAKE_PREFIX_PATH=/home/xplore/Desktop/main_HD_workspace/hd_ws/install/astra_description:/home/xplore/Desktop/main_HD_workspace/hd_ws/install/tttt:/home/xplore/Desktop/main_HD_workspace/hd_ws/install/moveit_visual_tools:/home/xplore/Desktop/main_HD_workspace/hd_ws/install/astra_moveit_config_new:/home/xplore/Desktop/main_HD_workspace/hd_ws/install/astra_moveit_config0:/home/xplore/Desktop/main_HD_workspace/hd_ws/install/astra_moveit_config:/home/xplore/Desktop/main_HD_workspace/hd_ws/install/astra_interfaces:/home/xplore/Desktop/main_HD_workspace/hd_ws/install/astra_hw_interface:/home/xplore/Desktop/main_HD_workspace/hd_ws/install/task_execution:/home/xplore/Desktop/main_HD_workspace/hd_ws/install/manager:/opt/ros/foxy /usr/bin/cmake --install /home/xplore/Desktop/main_HD_workspace/hd_ws/build/astra_moveit_config
