[0.390s] DEBUG:colcon:Command line arguments: ['/usr/bin/colcon', 'build']
[0.390s] DEBUG:colcon:Parsed command line arguments: Namespace(log_base=None, log_level=None, verb_name='build', build_base='build', install_base='install', merge_install=False, symlink_install=False, test_result_base=None, continue_on_error=False, executor='parallel', parallel_workers=12, event_handlers=None, ignore_user_meta=False, metas=['./colcon.meta'], base_paths=['.'], packages_ignore=None, packages_ignore_regex=None, paths=None, packages_up_to=None, packages_up_to_regex=None, packages_above=None, packages_above_and_dependencies=None, packages_above_depth=None, packages_select_by_dep=None, packages_skip_by_dep=None, packages_skip_up_to=None, packages_select_build_failed=False, packages_skip_build_finished=False, packages_select_test_failures=False, packages_skip_test_passed=False, packages_select=None, packages_skip=None, packages_select_regex=None, packages_skip_regex=None, packages_start=None, packages_end=None, allow_overriding=[], cmake_args=None, cmake_target=None, cmake_target_skip_unavailable=False, cmake_clean_cache=False, cmake_clean_first=False, cmake_force_configure=False, ament_cmake_args=None, catkin_cmake_args=None, catkin_skip_building_tests=False, mixin_files=None, mixin=None, verb_parser=<colcon_mixin.mixin.mixin_argument.MixinArgumentDecorator object at 0x7fb7f6030af0>, verb_extension=<colcon_core.verb.build.BuildVerb object at 0x7fb7f6983fa0>, main=<bound method BuildVerb.main of <colcon_core.verb.build.BuildVerb object at 0x7fb7f6983fa0>>, mixin_verb=('build',))
[0.413s] Level 1:colcon.colcon_core.package_discovery:discover_packages(colcon_meta) check parameters
[0.413s] Level 1:colcon.colcon_core.package_discovery:discover_packages(recursive) check parameters
[0.413s] Level 1:colcon.colcon_core.package_discovery:discover_packages(ignore) check parameters
[0.413s] Level 1:colcon.colcon_core.package_discovery:discover_packages(path) check parameters
[0.413s] Level 1:colcon.colcon_core.package_discovery:discover_packages(colcon_meta) discover
[0.413s] Level 1:colcon.colcon_core.package_discovery:discover_packages(recursive) discover
[0.413s] INFO:colcon.colcon_core.package_discovery:Crawling recursively for packages in '/home/matthias/xplore2023/hd_ws'
[0.413s] Level 1:colcon.colcon_core.package_identification:_identify(.) by extensions ['ignore', 'ignore_ament_install']
[0.413s] Level 1:colcon.colcon_core.package_identification:_identify(.) by extension 'ignore'
[0.413s] Level 1:colcon.colcon_core.package_identification:_identify(.) by extension 'ignore_ament_install'
[0.413s] Level 1:colcon.colcon_core.package_identification:_identify(.) by extensions ['colcon_pkg']
[0.413s] Level 1:colcon.colcon_core.package_identification:_identify(.) by extension 'colcon_pkg'
[0.414s] Level 1:colcon.colcon_core.package_identification:_identify(.) by extensions ['colcon_meta']
[0.414s] Level 1:colcon.colcon_core.package_identification:_identify(.) by extension 'colcon_meta'
[0.414s] Level 1:colcon.colcon_core.package_identification:_identify(.) by extensions ['ros']
[0.414s] Level 1:colcon.colcon_core.package_identification:_identify(.) by extension 'ros'
[0.423s] Level 1:colcon.colcon_core.package_identification:_identify(.) by extensions ['cmake', 'python']
[0.424s] Level 1:colcon.colcon_core.package_identification:_identify(.) by extension 'cmake'
[0.424s] Level 1:colcon.colcon_core.package_identification:_identify(.) by extension 'python'
[0.424s] Level 1:colcon.colcon_core.package_identification:_identify(.) by extensions ['python_setup_py']
[0.424s] Level 1:colcon.colcon_core.package_identification:_identify(.) by extension 'python_setup_py'
[0.424s] Level 1:colcon.colcon_core.package_identification:_identify(build) by extensions ['ignore', 'ignore_ament_install']
[0.424s] Level 1:colcon.colcon_core.package_identification:_identify(build) by extension 'ignore'
[0.424s] Level 1:colcon.colcon_core.package_identification:_identify(build) ignored
[0.424s] Level 1:colcon.colcon_core.package_identification:_identify(install) by extensions ['ignore', 'ignore_ament_install']
[0.424s] Level 1:colcon.colcon_core.package_identification:_identify(install) by extension 'ignore'
[0.424s] Level 1:colcon.colcon_core.package_identification:_identify(install) ignored
[0.424s] Level 1:colcon.colcon_core.package_identification:_identify(log) by extensions ['ignore', 'ignore_ament_install']
[0.424s] Level 1:colcon.colcon_core.package_identification:_identify(log) by extension 'ignore'
[0.424s] Level 1:colcon.colcon_core.package_identification:_identify(log) ignored
[0.425s] Level 1:colcon.colcon_core.package_identification:_identify(src) by extensions ['ignore', 'ignore_ament_install']
[0.425s] Level 1:colcon.colcon_core.package_identification:_identify(src) by extension 'ignore'
[0.425s] Level 1:colcon.colcon_core.package_identification:_identify(src) by extension 'ignore_ament_install'
[0.425s] Level 1:colcon.colcon_core.package_identification:_identify(src) by extensions ['colcon_pkg']
[0.425s] Level 1:colcon.colcon_core.package_identification:_identify(src) by extension 'colcon_pkg'
[0.425s] Level 1:colcon.colcon_core.package_identification:_identify(src) by extensions ['colcon_meta']
[0.425s] Level 1:colcon.colcon_core.package_identification:_identify(src) by extension 'colcon_meta'
[0.425s] Level 1:colcon.colcon_core.package_identification:_identify(src) by extensions ['ros']
[0.425s] Level 1:colcon.colcon_core.package_identification:_identify(src) by extension 'ros'
[0.425s] Level 1:colcon.colcon_core.package_identification:_identify(src) by extensions ['cmake', 'python']
[0.425s] Level 1:colcon.colcon_core.package_identification:_identify(src) by extension 'cmake'
[0.425s] Level 1:colcon.colcon_core.package_identification:_identify(src) by extension 'python'
[0.425s] Level 1:colcon.colcon_core.package_identification:_identify(src) by extensions ['python_setup_py']
[0.425s] Level 1:colcon.colcon_core.package_identification:_identify(src) by extension 'python_setup_py'
[0.425s] Level 1:colcon.colcon_core.package_identification:_identify(src/control) by extensions ['ignore', 'ignore_ament_install']
[0.425s] Level 1:colcon.colcon_core.package_identification:_identify(src/control) by extension 'ignore'
[0.425s] Level 1:colcon.colcon_core.package_identification:_identify(src/control) by extension 'ignore_ament_install'
[0.425s] Level 1:colcon.colcon_core.package_identification:_identify(src/control) by extensions ['colcon_pkg']
[0.425s] Level 1:colcon.colcon_core.package_identification:_identify(src/control) by extension 'colcon_pkg'
[0.425s] Level 1:colcon.colcon_core.package_identification:_identify(src/control) by extensions ['colcon_meta']
[0.425s] Level 1:colcon.colcon_core.package_identification:_identify(src/control) by extension 'colcon_meta'
[0.425s] Level 1:colcon.colcon_core.package_identification:_identify(src/control) by extensions ['ros']
[0.425s] Level 1:colcon.colcon_core.package_identification:_identify(src/control) by extension 'ros'
[0.426s] Level 1:colcon.colcon_core.package_identification:_identify(src/control) by extensions ['cmake', 'python']
[0.426s] Level 1:colcon.colcon_core.package_identification:_identify(src/control) by extension 'cmake'
[0.426s] Level 1:colcon.colcon_core.package_identification:_identify(src/control) by extension 'python'
[0.426s] Level 1:colcon.colcon_core.package_identification:_identify(src/control) by extensions ['python_setup_py']
[0.426s] Level 1:colcon.colcon_core.package_identification:_identify(src/control) by extension 'python_setup_py'
[0.426s] Level 1:colcon.colcon_core.package_identification:_identify(src/control/astra_description) by extensions ['ignore', 'ignore_ament_install']
[0.426s] Level 1:colcon.colcon_core.package_identification:_identify(src/control/astra_description) by extension 'ignore'
[0.426s] Level 1:colcon.colcon_core.package_identification:_identify(src/control/astra_description) by extension 'ignore_ament_install'
[0.426s] Level 1:colcon.colcon_core.package_identification:_identify(src/control/astra_description) by extensions ['colcon_pkg']
[0.426s] Level 1:colcon.colcon_core.package_identification:_identify(src/control/astra_description) by extension 'colcon_pkg'
[0.426s] Level 1:colcon.colcon_core.package_identification:_identify(src/control/astra_description) by extensions ['colcon_meta']
[0.426s] Level 1:colcon.colcon_core.package_identification:_identify(src/control/astra_description) by extension 'colcon_meta'
[0.426s] Level 1:colcon.colcon_core.package_identification:_identify(src/control/astra_description) by extensions ['ros']
[0.426s] Level 1:colcon.colcon_core.package_identification:_identify(src/control/astra_description) by extension 'ros'
[0.428s] DEBUG:colcon.colcon_core.package_identification:Package 'src/control/astra_description' with type 'ros.ament_cmake' and name 'astra_description'
[0.429s] Level 1:colcon.colcon_core.package_identification:_identify(src/control/astra_interfaces) by extensions ['ignore', 'ignore_ament_install']
[0.429s] Level 1:colcon.colcon_core.package_identification:_identify(src/control/astra_interfaces) by extension 'ignore'
[0.429s] Level 1:colcon.colcon_core.package_identification:_identify(src/control/astra_interfaces) by extension 'ignore_ament_install'
[0.429s] Level 1:colcon.colcon_core.package_identification:_identify(src/control/astra_interfaces) by extensions ['colcon_pkg']
[0.429s] Level 1:colcon.colcon_core.package_identification:_identify(src/control/astra_interfaces) by extension 'colcon_pkg'
[0.429s] Level 1:colcon.colcon_core.package_identification:_identify(src/control/astra_interfaces) by extensions ['colcon_meta']
[0.429s] Level 1:colcon.colcon_core.package_identification:_identify(src/control/astra_interfaces) by extension 'colcon_meta'
[0.429s] Level 1:colcon.colcon_core.package_identification:_identify(src/control/astra_interfaces) by extensions ['ros']
[0.429s] Level 1:colcon.colcon_core.package_identification:_identify(src/control/astra_interfaces) by extension 'ros'
[0.430s] DEBUG:colcon.colcon_core.package_identification:Package 'src/control/astra_interfaces' with type 'ros.ament_cmake' and name 'astra_interfaces'
[0.430s] Level 1:colcon.colcon_core.package_identification:_identify(src/control/astra_moveit_config) by extensions ['ignore', 'ignore_ament_install']
[0.430s] Level 1:colcon.colcon_core.package_identification:_identify(src/control/astra_moveit_config) by extension 'ignore'
[0.430s] Level 1:colcon.colcon_core.package_identification:_identify(src/control/astra_moveit_config) by extension 'ignore_ament_install'
[0.430s] Level 1:colcon.colcon_core.package_identification:_identify(src/control/astra_moveit_config) by extensions ['colcon_pkg']
[0.430s] Level 1:colcon.colcon_core.package_identification:_identify(src/control/astra_moveit_config) by extension 'colcon_pkg'
[0.430s] Level 1:colcon.colcon_core.package_identification:_identify(src/control/astra_moveit_config) by extensions ['colcon_meta']
[0.430s] Level 1:colcon.colcon_core.package_identification:_identify(src/control/astra_moveit_config) by extension 'colcon_meta'
[0.430s] Level 1:colcon.colcon_core.package_identification:_identify(src/control/astra_moveit_config) by extensions ['ros']
[0.430s] Level 1:colcon.colcon_core.package_identification:_identify(src/control/astra_moveit_config) by extension 'ros'
[0.431s] DEBUG:colcon.colcon_core.package_identification:Package 'src/control/astra_moveit_config' with type 'ros.ament_cmake' and name 'astra_moveit_config'
[0.431s] Level 1:colcon.colcon_core.package_identification:_identify(src/control/hw_interface) by extensions ['ignore', 'ignore_ament_install']
[0.431s] Level 1:colcon.colcon_core.package_identification:_identify(src/control/hw_interface) by extension 'ignore'
[0.431s] Level 1:colcon.colcon_core.package_identification:_identify(src/control/hw_interface) by extension 'ignore_ament_install'
[0.431s] Level 1:colcon.colcon_core.package_identification:_identify(src/control/hw_interface) by extensions ['colcon_pkg']
[0.431s] Level 1:colcon.colcon_core.package_identification:_identify(src/control/hw_interface) by extension 'colcon_pkg'
[0.431s] Level 1:colcon.colcon_core.package_identification:_identify(src/control/hw_interface) by extensions ['colcon_meta']
[0.431s] Level 1:colcon.colcon_core.package_identification:_identify(src/control/hw_interface) by extension 'colcon_meta'
[0.431s] Level 1:colcon.colcon_core.package_identification:_identify(src/control/hw_interface) by extensions ['ros']
[0.431s] Level 1:colcon.colcon_core.package_identification:_identify(src/control/hw_interface) by extension 'ros'
[0.432s] DEBUG:colcon.colcon_core.package_identification:Package 'src/control/hw_interface' with type 'ros.ament_cmake' and name 'hw_interface'
[0.432s] Level 1:colcon.colcon_core.package_identification:_identify(src/control/manager) by extensions ['ignore', 'ignore_ament_install']
[0.432s] Level 1:colcon.colcon_core.package_identification:_identify(src/control/manager) by extension 'ignore'
[0.432s] Level 1:colcon.colcon_core.package_identification:_identify(src/control/manager) by extension 'ignore_ament_install'
[0.432s] Level 1:colcon.colcon_core.package_identification:_identify(src/control/manager) by extensions ['colcon_pkg']
[0.432s] Level 1:colcon.colcon_core.package_identification:_identify(src/control/manager) by extension 'colcon_pkg'
[0.432s] Level 1:colcon.colcon_core.package_identification:_identify(src/control/manager) by extensions ['colcon_meta']
[0.432s] Level 1:colcon.colcon_core.package_identification:_identify(src/control/manager) by extension 'colcon_meta'
[0.432s] Level 1:colcon.colcon_core.package_identification:_identify(src/control/manager) by extensions ['ros']
[0.432s] Level 1:colcon.colcon_core.package_identification:_identify(src/control/manager) by extension 'ros'
[0.433s] DEBUG:colcon.colcon_core.package_identification:Package 'src/control/manager' with type 'ros.ament_python' and name 'manager'
[0.433s] Level 1:colcon.colcon_core.package_identification:_identify(src/control/moveit_api_test) by extensions ['ignore', 'ignore_ament_install']
[0.433s] Level 1:colcon.colcon_core.package_identification:_identify(src/control/moveit_api_test) by extension 'ignore'
[0.433s] Level 1:colcon.colcon_core.package_identification:_identify(src/control/moveit_api_test) by extension 'ignore_ament_install'
[0.433s] Level 1:colcon.colcon_core.package_identification:_identify(src/control/moveit_api_test) by extensions ['colcon_pkg']
[0.433s] Level 1:colcon.colcon_core.package_identification:_identify(src/control/moveit_api_test) by extension 'colcon_pkg'
[0.433s] Level 1:colcon.colcon_core.package_identification:_identify(src/control/moveit_api_test) by extensions ['colcon_meta']
[0.433s] Level 1:colcon.colcon_core.package_identification:_identify(src/control/moveit_api_test) by extension 'colcon_meta'
[0.433s] Level 1:colcon.colcon_core.package_identification:_identify(src/control/moveit_api_test) by extensions ['ros']
[0.433s] Level 1:colcon.colcon_core.package_identification:_identify(src/control/moveit_api_test) by extension 'ros'
[0.434s] DEBUG:colcon.colcon_core.package_identification:Package 'src/control/moveit_api_test' with type 'ros.ament_cmake' and name 'moveit_api_test'
[0.434s] Level 1:colcon.colcon_core.package_identification:_identify(src/control/task_execution) by extensions ['ignore', 'ignore_ament_install']
[0.434s] Level 1:colcon.colcon_core.package_identification:_identify(src/control/task_execution) by extension 'ignore'
[0.434s] Level 1:colcon.colcon_core.package_identification:_identify(src/control/task_execution) by extension 'ignore_ament_install'
[0.434s] Level 1:colcon.colcon_core.package_identification:_identify(src/control/task_execution) by extensions ['colcon_pkg']
[0.434s] Level 1:colcon.colcon_core.package_identification:_identify(src/control/task_execution) by extension 'colcon_pkg'
[0.434s] Level 1:colcon.colcon_core.package_identification:_identify(src/control/task_execution) by extensions ['colcon_meta']
[0.434s] Level 1:colcon.colcon_core.package_identification:_identify(src/control/task_execution) by extension 'colcon_meta'
[0.434s] Level 1:colcon.colcon_core.package_identification:_identify(src/control/task_execution) by extensions ['ros']
[0.434s] Level 1:colcon.colcon_core.package_identification:_identify(src/control/task_execution) by extension 'ros'
[0.435s] DEBUG:colcon.colcon_core.package_identification:Package 'src/control/task_execution' with type 'ros.ament_python' and name 'task_execution'
[0.435s] Level 1:colcon.colcon_core.package_discovery:discover_packages(recursive) using defaults
[0.435s] Level 1:colcon.colcon_core.package_discovery:discover_packages(ignore) discover
[0.435s] Level 1:colcon.colcon_core.package_discovery:discover_packages(ignore) using defaults
[0.435s] Level 1:colcon.colcon_core.package_discovery:discover_packages(path) discover
[0.435s] Level 1:colcon.colcon_core.package_discovery:discover_packages(path) using defaults
[0.457s] Level 1:colcon.colcon_core.package_discovery:discover_packages(prefix_path) check parameters
[0.457s] Level 1:colcon.colcon_core.package_discovery:discover_packages(prefix_path) discover
[0.460s] DEBUG:colcon.colcon_installed_package_information.package_discovery:Found 7 installed packages in /home/matthias/xplore2023/hd_ws/install
[0.462s] DEBUG:colcon.colcon_installed_package_information.package_discovery:Found 330 installed packages in /opt/ros/humble
[0.463s] Level 1:colcon.colcon_core.package_discovery:discover_packages(prefix_path) using defaults
[0.526s] Level 5:colcon.colcon_core.verb:set package 'astra_description' build argument 'cmake_args' from command line to 'None'
[0.526s] Level 5:colcon.colcon_core.verb:set package 'astra_description' build argument 'cmake_target' from command line to 'None'
[0.526s] Level 5:colcon.colcon_core.verb:set package 'astra_description' build argument 'cmake_target_skip_unavailable' from command line to 'False'
[0.526s] Level 5:colcon.colcon_core.verb:set package 'astra_description' build argument 'cmake_clean_cache' from command line to 'False'
[0.526s] Level 5:colcon.colcon_core.verb:set package 'astra_description' build argument 'cmake_clean_first' from command line to 'False'
[0.526s] Level 5:colcon.colcon_core.verb:set package 'astra_description' build argument 'cmake_force_configure' from command line to 'False'
[0.526s] Level 5:colcon.colcon_core.verb:set package 'astra_description' build argument 'ament_cmake_args' from command line to 'None'
[0.526s] Level 5:colcon.colcon_core.verb:set package 'astra_description' build argument 'catkin_cmake_args' from command line to 'None'
[0.526s] Level 5:colcon.colcon_core.verb:set package 'astra_description' build argument 'catkin_skip_building_tests' from command line to 'False'
[0.526s] DEBUG:colcon.colcon_core.verb:Building package 'astra_description' with the following arguments: {'ament_cmake_args': None, 'build_base': '/home/matthias/xplore2023/hd_ws/build/astra_description', 'catkin_cmake_args': None, 'catkin_skip_building_tests': False, 'cmake_args': None, 'cmake_clean_cache': False, 'cmake_clean_first': False, 'cmake_force_configure': False, 'cmake_target': None, 'cmake_target_skip_unavailable': False, 'install_base': '/home/matthias/xplore2023/hd_ws/install/astra_description', 'merge_install': False, 'path': '/home/matthias/xplore2023/hd_ws/src/control/astra_description', 'symlink_install': False, 'test_result_base': None}
[0.527s] Level 5:colcon.colcon_core.verb:set package 'astra_interfaces' build argument 'cmake_args' from command line to 'None'
[0.527s] Level 5:colcon.colcon_core.verb:set package 'astra_interfaces' build argument 'cmake_target' from command line to 'None'
[0.527s] Level 5:colcon.colcon_core.verb:set package 'astra_interfaces' build argument 'cmake_target_skip_unavailable' from command line to 'False'
[0.527s] Level 5:colcon.colcon_core.verb:set package 'astra_interfaces' build argument 'cmake_clean_cache' from command line to 'False'
[0.527s] Level 5:colcon.colcon_core.verb:set package 'astra_interfaces' build argument 'cmake_clean_first' from command line to 'False'
[0.527s] Level 5:colcon.colcon_core.verb:set package 'astra_interfaces' build argument 'cmake_force_configure' from command line to 'False'
[0.527s] Level 5:colcon.colcon_core.verb:set package 'astra_interfaces' build argument 'ament_cmake_args' from command line to 'None'
[0.527s] Level 5:colcon.colcon_core.verb:set package 'astra_interfaces' build argument 'catkin_cmake_args' from command line to 'None'
[0.527s] Level 5:colcon.colcon_core.verb:set package 'astra_interfaces' build argument 'catkin_skip_building_tests' from command line to 'False'
[0.527s] DEBUG:colcon.colcon_core.verb:Building package 'astra_interfaces' with the following arguments: {'ament_cmake_args': None, 'build_base': '/home/matthias/xplore2023/hd_ws/build/astra_interfaces', 'catkin_cmake_args': None, 'catkin_skip_building_tests': False, 'cmake_args': None, 'cmake_clean_cache': False, 'cmake_clean_first': False, 'cmake_force_configure': False, 'cmake_target': None, 'cmake_target_skip_unavailable': False, 'install_base': '/home/matthias/xplore2023/hd_ws/install/astra_interfaces', 'merge_install': False, 'path': '/home/matthias/xplore2023/hd_ws/src/control/astra_interfaces', 'symlink_install': False, 'test_result_base': None}
[0.528s] Level 5:colcon.colcon_core.verb:set package 'hw_interface' build argument 'cmake_args' from command line to 'None'
[0.528s] Level 5:colcon.colcon_core.verb:set package 'hw_interface' build argument 'cmake_target' from command line to 'None'
[0.528s] Level 5:colcon.colcon_core.verb:set package 'hw_interface' build argument 'cmake_target_skip_unavailable' from command line to 'False'
[0.528s] Level 5:colcon.colcon_core.verb:set package 'hw_interface' build argument 'cmake_clean_cache' from command line to 'False'
[0.528s] Level 5:colcon.colcon_core.verb:set package 'hw_interface' build argument 'cmake_clean_first' from command line to 'False'
[0.528s] Level 5:colcon.colcon_core.verb:set package 'hw_interface' build argument 'cmake_force_configure' from command line to 'False'
[0.528s] Level 5:colcon.colcon_core.verb:set package 'hw_interface' build argument 'ament_cmake_args' from command line to 'None'
[0.528s] Level 5:colcon.colcon_core.verb:set package 'hw_interface' build argument 'catkin_cmake_args' from command line to 'None'
[0.528s] Level 5:colcon.colcon_core.verb:set package 'hw_interface' build argument 'catkin_skip_building_tests' from command line to 'False'
[0.528s] DEBUG:colcon.colcon_core.verb:Building package 'hw_interface' with the following arguments: {'ament_cmake_args': None, 'build_base': '/home/matthias/xplore2023/hd_ws/build/hw_interface', 'catkin_cmake_args': None, 'catkin_skip_building_tests': False, 'cmake_args': None, 'cmake_clean_cache': False, 'cmake_clean_first': False, 'cmake_force_configure': False, 'cmake_target': None, 'cmake_target_skip_unavailable': False, 'install_base': '/home/matthias/xplore2023/hd_ws/install/hw_interface', 'merge_install': False, 'path': '/home/matthias/xplore2023/hd_ws/src/control/hw_interface', 'symlink_install': False, 'test_result_base': None}
[0.529s] Level 5:colcon.colcon_core.verb:set package 'moveit_api_test' build argument 'cmake_args' from command line to 'None'
[0.529s] Level 5:colcon.colcon_core.verb:set package 'moveit_api_test' build argument 'cmake_target' from command line to 'None'
[0.529s] Level 5:colcon.colcon_core.verb:set package 'moveit_api_test' build argument 'cmake_target_skip_unavailable' from command line to 'False'
[0.529s] Level 5:colcon.colcon_core.verb:set package 'moveit_api_test' build argument 'cmake_clean_cache' from command line to 'False'
[0.529s] Level 5:colcon.colcon_core.verb:set package 'moveit_api_test' build argument 'cmake_clean_first' from command line to 'False'
[0.529s] Level 5:colcon.colcon_core.verb:set package 'moveit_api_test' build argument 'cmake_force_configure' from command line to 'False'
[0.529s] Level 5:colcon.colcon_core.verb:set package 'moveit_api_test' build argument 'ament_cmake_args' from command line to 'None'
[0.529s] Level 5:colcon.colcon_core.verb:set package 'moveit_api_test' build argument 'catkin_cmake_args' from command line to 'None'
[0.529s] Level 5:colcon.colcon_core.verb:set package 'moveit_api_test' build argument 'catkin_skip_building_tests' from command line to 'False'
[0.529s] DEBUG:colcon.colcon_core.verb:Building package 'moveit_api_test' with the following arguments: {'ament_cmake_args': None, 'build_base': '/home/matthias/xplore2023/hd_ws/build/moveit_api_test', 'catkin_cmake_args': None, 'catkin_skip_building_tests': False, 'cmake_args': None, 'cmake_clean_cache': False, 'cmake_clean_first': False, 'cmake_force_configure': False, 'cmake_target': None, 'cmake_target_skip_unavailable': False, 'install_base': '/home/matthias/xplore2023/hd_ws/install/moveit_api_test', 'merge_install': False, 'path': '/home/matthias/xplore2023/hd_ws/src/control/moveit_api_test', 'symlink_install': False, 'test_result_base': None}
[0.530s] Level 5:colcon.colcon_core.verb:set package 'task_execution' build argument 'cmake_args' from command line to 'None'
[0.530s] Level 5:colcon.colcon_core.verb:set package 'task_execution' build argument 'cmake_target' from command line to 'None'
[0.530s] Level 5:colcon.colcon_core.verb:set package 'task_execution' build argument 'cmake_target_skip_unavailable' from command line to 'False'
[0.530s] Level 5:colcon.colcon_core.verb:set package 'task_execution' build argument 'cmake_clean_cache' from command line to 'False'
[0.530s] Level 5:colcon.colcon_core.verb:set package 'task_execution' build argument 'cmake_clean_first' from command line to 'False'
[0.530s] Level 5:colcon.colcon_core.verb:set package 'task_execution' build argument 'cmake_force_configure' from command line to 'False'
[0.530s] Level 5:colcon.colcon_core.verb:set package 'task_execution' build argument 'ament_cmake_args' from command line to 'None'
[0.530s] Level 5:colcon.colcon_core.verb:set package 'task_execution' build argument 'catkin_cmake_args' from command line to 'None'
[0.530s] Level 5:colcon.colcon_core.verb:set package 'task_execution' build argument 'catkin_skip_building_tests' from command line to 'False'
[0.530s] DEBUG:colcon.colcon_core.verb:Building package 'task_execution' with the following arguments: {'ament_cmake_args': None, 'build_base': '/home/matthias/xplore2023/hd_ws/build/task_execution', 'catkin_cmake_args': None, 'catkin_skip_building_tests': False, 'cmake_args': None, 'cmake_clean_cache': False, 'cmake_clean_first': False, 'cmake_force_configure': False, 'cmake_target': None, 'cmake_target_skip_unavailable': False, 'install_base': '/home/matthias/xplore2023/hd_ws/install/task_execution', 'merge_install': False, 'path': '/home/matthias/xplore2023/hd_ws/src/control/task_execution', 'symlink_install': False, 'test_result_base': None}
[0.531s] Level 5:colcon.colcon_core.verb:set package 'astra_moveit_config' build argument 'cmake_args' from command line to 'None'
[0.531s] Level 5:colcon.colcon_core.verb:set package 'astra_moveit_config' build argument 'cmake_target' from command line to 'None'
[0.531s] Level 5:colcon.colcon_core.verb:set package 'astra_moveit_config' build argument 'cmake_target_skip_unavailable' from command line to 'False'
[0.531s] Level 5:colcon.colcon_core.verb:set package 'astra_moveit_config' build argument 'cmake_clean_cache' from command line to 'False'
[0.531s] Level 5:colcon.colcon_core.verb:set package 'astra_moveit_config' build argument 'cmake_clean_first' from command line to 'False'
[0.531s] Level 5:colcon.colcon_core.verb:set package 'astra_moveit_config' build argument 'cmake_force_configure' from command line to 'False'
[0.531s] Level 5:colcon.colcon_core.verb:set package 'astra_moveit_config' build argument 'ament_cmake_args' from command line to 'None'
[0.531s] Level 5:colcon.colcon_core.verb:set package 'astra_moveit_config' build argument 'catkin_cmake_args' from command line to 'None'
[0.531s] Level 5:colcon.colcon_core.verb:set package 'astra_moveit_config' build argument 'catkin_skip_building_tests' from command line to 'False'
[0.532s] DEBUG:colcon.colcon_core.verb:Building package 'astra_moveit_config' with the following arguments: {'ament_cmake_args': None, 'build_base': '/home/matthias/xplore2023/hd_ws/build/astra_moveit_config', 'catkin_cmake_args': None, 'catkin_skip_building_tests': False, 'cmake_args': None, 'cmake_clean_cache': False, 'cmake_clean_first': False, 'cmake_force_configure': False, 'cmake_target': None, 'cmake_target_skip_unavailable': False, 'install_base': '/home/matthias/xplore2023/hd_ws/install/astra_moveit_config', 'merge_install': False, 'path': '/home/matthias/xplore2023/hd_ws/src/control/astra_moveit_config', 'symlink_install': False, 'test_result_base': None}
[0.532s] Level 5:colcon.colcon_core.verb:set package 'manager' build argument 'cmake_args' from command line to 'None'
[0.532s] Level 5:colcon.colcon_core.verb:set package 'manager' build argument 'cmake_target' from command line to 'None'
[0.532s] Level 5:colcon.colcon_core.verb:set package 'manager' build argument 'cmake_target_skip_unavailable' from command line to 'False'
[0.532s] Level 5:colcon.colcon_core.verb:set package 'manager' build argument 'cmake_clean_cache' from command line to 'False'
[0.532s] Level 5:colcon.colcon_core.verb:set package 'manager' build argument 'cmake_clean_first' from command line to 'False'
[0.533s] Level 5:colcon.colcon_core.verb:set package 'manager' build argument 'cmake_force_configure' from command line to 'False'
[0.533s] Level 5:colcon.colcon_core.verb:set package 'manager' build argument 'ament_cmake_args' from command line to 'None'
[0.533s] Level 5:colcon.colcon_core.verb:set package 'manager' build argument 'catkin_cmake_args' from command line to 'None'
[0.533s] Level 5:colcon.colcon_core.verb:set package 'manager' build argument 'catkin_skip_building_tests' from command line to 'False'
[0.533s] DEBUG:colcon.colcon_core.verb:Building package 'manager' with the following arguments: {'ament_cmake_args': None, 'build_base': '/home/matthias/xplore2023/hd_ws/build/manager', 'catkin_cmake_args': None, 'catkin_skip_building_tests': False, 'cmake_args': None, 'cmake_clean_cache': False, 'cmake_clean_first': False, 'cmake_force_configure': False, 'cmake_target': None, 'cmake_target_skip_unavailable': False, 'install_base': '/home/matthias/xplore2023/hd_ws/install/manager', 'merge_install': False, 'path': '/home/matthias/xplore2023/hd_ws/src/control/manager', 'symlink_install': False, 'test_result_base': None}
[0.533s] INFO:colcon.colcon_core.executor:Executing jobs using 'parallel' executor
[0.537s] DEBUG:colcon.colcon_parallel_executor.executor.parallel:run_until_complete
[0.537s] INFO:colcon.colcon_ros.task.ament_cmake.build:Building ROS package in '/home/matthias/xplore2023/hd_ws/src/control/astra_description' with build type 'ament_cmake'
[0.537s] INFO:colcon.colcon_cmake.task.cmake.build:Building CMake package in '/home/matthias/xplore2023/hd_ws/src/control/astra_description'
[0.541s] INFO:colcon.colcon_core.plugin_system:Skipping extension 'colcon_core.shell.bat': Not used on non-Windows systems
[0.541s] INFO:colcon.colcon_core.shell:Skip shell extension 'powershell' for command environment: Not usable outside of PowerShell
[0.541s] DEBUG:colcon.colcon_core.shell:Skip shell extension 'dsv' for command environment
[0.546s] INFO:colcon.colcon_ros.task.ament_cmake.build:Building ROS package in '/home/matthias/xplore2023/hd_ws/src/control/astra_interfaces' with build type 'ament_cmake'
[0.546s] INFO:colcon.colcon_cmake.task.cmake.build:Building CMake package in '/home/matthias/xplore2023/hd_ws/src/control/astra_interfaces'
[0.547s] INFO:colcon.colcon_core.shell:Skip shell extension 'powershell' for command environment: Not usable outside of PowerShell
[0.547s] DEBUG:colcon.colcon_core.shell:Skip shell extension 'dsv' for command environment
[0.552s] INFO:colcon.colcon_ros.task.ament_cmake.build:Building ROS package in '/home/matthias/xplore2023/hd_ws/src/control/hw_interface' with build type 'ament_cmake'
[0.552s] INFO:colcon.colcon_cmake.task.cmake.build:Building CMake package in '/home/matthias/xplore2023/hd_ws/src/control/hw_interface'
[0.554s] INFO:colcon.colcon_core.shell:Skip shell extension 'powershell' for command environment: Not usable outside of PowerShell
[0.554s] DEBUG:colcon.colcon_core.shell:Skip shell extension 'dsv' for command environment
[0.558s] INFO:colcon.colcon_ros.task.ament_cmake.build:Building ROS package in '/home/matthias/xplore2023/hd_ws/src/control/moveit_api_test' with build type 'ament_cmake'
[0.558s] INFO:colcon.colcon_cmake.task.cmake.build:Building CMake package in '/home/matthias/xplore2023/hd_ws/src/control/moveit_api_test'
[0.560s] INFO:colcon.colcon_core.shell:Skip shell extension 'powershell' for command environment: Not usable outside of PowerShell
[0.560s] DEBUG:colcon.colcon_core.shell:Skip shell extension 'dsv' for command environment
[0.564s] INFO:colcon.colcon_ros.task.ament_python.build:Building ROS package in '/home/matthias/xplore2023/hd_ws/src/control/task_execution' with build type 'ament_python'
[0.565s] Level 1:colcon.colcon_core.shell:create_environment_hook('task_execution', 'ament_prefix_path')
[0.566s] INFO:colcon.colcon_core.shell:Creating environment hook '/home/matthias/xplore2023/hd_ws/install/task_execution/share/task_execution/hook/ament_prefix_path.ps1'
[0.567s] INFO:colcon.colcon_core.shell:Creating environment descriptor '/home/matthias/xplore2023/hd_ws/install/task_execution/share/task_execution/hook/ament_prefix_path.dsv'
[0.567s] INFO:colcon.colcon_core.shell:Creating environment hook '/home/matthias/xplore2023/hd_ws/install/task_execution/share/task_execution/hook/ament_prefix_path.sh'
[0.569s] INFO:colcon.colcon_core.shell:Skip shell extension 'powershell' for command environment: Not usable outside of PowerShell
[0.569s] DEBUG:colcon.colcon_core.shell:Skip shell extension 'dsv' for command environment
[0.579s] DEBUG:colcon.colcon_core.event_handler.log_command:Invoking command in '/home/matthias/xplore2023/hd_ws/build/astra_description': CMAKE_PREFIX_PATH=${CMAKE_PREFIX_PATH}:/home/matthias/xplore2023/hd_ws/install/task_execution:/home/matthias/xplore2023/hd_ws/install/manager:/opt/ros/humble /usr/bin/cmake --build /home/matthias/xplore2023/hd_ws/build/astra_description -- -j12 -l12
[0.582s] DEBUG:colcon.colcon_core.event_handler.log_command:Invoking command in '/home/matthias/xplore2023/hd_ws/build/astra_interfaces': CMAKE_PREFIX_PATH=${CMAKE_PREFIX_PATH}:/home/matthias/xplore2023/hd_ws/install/task_execution:/home/matthias/xplore2023/hd_ws/install/manager:/opt/ros/humble /usr/bin/cmake --build /home/matthias/xplore2023/hd_ws/build/astra_interfaces -- -j12 -l12
[0.584s] DEBUG:colcon.colcon_core.event_handler.log_command:Invoking command in '/home/matthias/xplore2023/hd_ws/build/hw_interface': CMAKE_PREFIX_PATH=${CMAKE_PREFIX_PATH}:/home/matthias/xplore2023/hd_ws/install/task_execution:/home/matthias/xplore2023/hd_ws/install/manager:/opt/ros/humble /usr/bin/cmake --build /home/matthias/xplore2023/hd_ws/build/hw_interface -- -j12 -l12
[0.588s] DEBUG:colcon.colcon_core.event_handler.log_command:Invoking command in '/home/matthias/xplore2023/hd_ws/build/moveit_api_test': CMAKE_PREFIX_PATH=${CMAKE_PREFIX_PATH}:/home/matthias/xplore2023/hd_ws/install/task_execution:/home/matthias/xplore2023/hd_ws/install/manager:/opt/ros/humble /usr/bin/cmake --build /home/matthias/xplore2023/hd_ws/build/moveit_api_test -- -j12 -l12
[0.884s] INFO:colcon.colcon_core.task.python.build:Building Python package in '/home/matthias/xplore2023/hd_ws/src/control/task_execution'
[0.885s] INFO:colcon.colcon_core.shell:Skip shell extension 'powershell' for command environment: Not usable outside of PowerShell
[0.885s] DEBUG:colcon.colcon_core.shell:Skip shell extension 'dsv' for command environment
[0.893s] DEBUG:colcon.colcon_core.event_handler.log_command:Invoked command in '/home/matthias/xplore2023/hd_ws/build/astra_description' returned '0': CMAKE_PREFIX_PATH=${CMAKE_PREFIX_PATH}:/home/matthias/xplore2023/hd_ws/install/task_execution:/home/matthias/xplore2023/hd_ws/install/manager:/opt/ros/humble /usr/bin/cmake --build /home/matthias/xplore2023/hd_ws/build/astra_description -- -j12 -l12
[0.893s] DEBUG:colcon.colcon_core.event_handler.log_command:Invoked command in '/home/matthias/xplore2023/hd_ws/build/hw_interface' returned '0': CMAKE_PREFIX_PATH=${CMAKE_PREFIX_PATH}:/home/matthias/xplore2023/hd_ws/install/task_execution:/home/matthias/xplore2023/hd_ws/install/manager:/opt/ros/humble /usr/bin/cmake --build /home/matthias/xplore2023/hd_ws/build/hw_interface -- -j12 -l12
[0.920s] DEBUG:colcon.colcon_core.event_handler.log_command:Invoking command in '/home/matthias/xplore2023/hd_ws/build/astra_description': CMAKE_PREFIX_PATH=${CMAKE_PREFIX_PATH}:/home/matthias/xplore2023/hd_ws/install/task_execution:/home/matthias/xplore2023/hd_ws/install/manager:/opt/ros/humble /usr/bin/cmake --install /home/matthias/xplore2023/hd_ws/build/astra_description
[0.922s] DEBUG:colcon.colcon_core.event_handler.log_command:Invoking command in '/home/matthias/xplore2023/hd_ws/build/hw_interface': CMAKE_PREFIX_PATH=${CMAKE_PREFIX_PATH}:/home/matthias/xplore2023/hd_ws/install/task_execution:/home/matthias/xplore2023/hd_ws/install/manager:/opt/ros/humble /usr/bin/cmake --install /home/matthias/xplore2023/hd_ws/build/hw_interface
[0.928s] Level 1:colcon.colcon_core.environment:create_environment_scripts_only(astra_description)
[0.929s] DEBUG:colcon.colcon_core.event_handler.log_command:Invoked command in '/home/matthias/xplore2023/hd_ws/build/astra_description' returned '0': CMAKE_PREFIX_PATH=${CMAKE_PREFIX_PATH}:/home/matthias/xplore2023/hd_ws/install/task_execution:/home/matthias/xplore2023/hd_ws/install/manager:/opt/ros/humble /usr/bin/cmake --install /home/matthias/xplore2023/hd_ws/build/astra_description
[0.935s] Level 1:colcon.colcon_core.environment:checking '/home/matthias/xplore2023/hd_ws/install/astra_description' for CMake module files
[0.936s] Level 1:colcon.colcon_core.environment:checking '/home/matthias/xplore2023/hd_ws/install/astra_description' for CMake config files
[0.936s] Level 1:colcon.colcon_core.shell:create_environment_hook('astra_description', 'cmake_prefix_path')
[0.937s] INFO:colcon.colcon_core.shell:Creating environment hook '/home/matthias/xplore2023/hd_ws/install/astra_description/share/astra_description/hook/cmake_prefix_path.ps1'
[0.938s] INFO:colcon.colcon_core.shell:Creating environment descriptor '/home/matthias/xplore2023/hd_ws/install/astra_description/share/astra_description/hook/cmake_prefix_path.dsv'
[0.938s] INFO:colcon.colcon_core.shell:Creating environment hook '/home/matthias/xplore2023/hd_ws/install/astra_description/share/astra_description/hook/cmake_prefix_path.sh'
[0.939s] Level 1:colcon.colcon_core.environment:checking '/home/matthias/xplore2023/hd_ws/install/astra_description/bin'
[0.939s] Level 1:colcon.colcon_core.environment:checking '/home/matthias/xplore2023/hd_ws/install/astra_description/lib/pkgconfig/astra_description.pc'
[0.939s] Level 1:colcon.colcon_core.environment:checking '/home/matthias/xplore2023/hd_ws/install/astra_description/lib/python3.10/site-packages'
[0.939s] Level 1:colcon.colcon_core.environment:checking '/home/matthias/xplore2023/hd_ws/install/astra_description/bin'
[0.940s] INFO:colcon.colcon_core.shell:Creating package script '/home/matthias/xplore2023/hd_ws/install/astra_description/share/astra_description/package.ps1'
[0.941s] INFO:colcon.colcon_core.shell:Creating package descriptor '/home/matthias/xplore2023/hd_ws/install/astra_description/share/astra_description/package.dsv'
[0.941s] INFO:colcon.colcon_core.shell:Creating package script '/home/matthias/xplore2023/hd_ws/install/astra_description/share/astra_description/package.sh'
[0.942s] INFO:colcon.colcon_core.shell:Creating package script '/home/matthias/xplore2023/hd_ws/install/astra_description/share/astra_description/package.bash'
[0.942s] INFO:colcon.colcon_core.shell:Creating package script '/home/matthias/xplore2023/hd_ws/install/astra_description/share/astra_description/package.zsh'
[0.943s] Level 1:colcon.colcon_core.environment:create_file_with_runtime_dependencies(/home/matthias/xplore2023/hd_ws/install/astra_description/share/colcon-core/packages/astra_description)
[0.944s] Level 1:colcon.colcon_core.environment:create_environment_scripts_only(hw_interface)
[0.946s] Level 1:colcon.colcon_core.environment:checking '/home/matthias/xplore2023/hd_ws/install/hw_interface' for CMake module files
[0.947s] DEBUG:colcon.colcon_core.event_handler.log_command:Invoked command in '/home/matthias/xplore2023/hd_ws/build/hw_interface' returned '0': CMAKE_PREFIX_PATH=${CMAKE_PREFIX_PATH}:/home/matthias/xplore2023/hd_ws/install/task_execution:/home/matthias/xplore2023/hd_ws/install/manager:/opt/ros/humble /usr/bin/cmake --install /home/matthias/xplore2023/hd_ws/build/hw_interface
[0.947s] Level 1:colcon.colcon_core.environment:checking '/home/matthias/xplore2023/hd_ws/install/hw_interface' for CMake config files
[0.947s] Level 1:colcon.colcon_core.shell:create_environment_hook('hw_interface', 'cmake_prefix_path')
[0.948s] INFO:colcon.colcon_core.shell:Creating environment hook '/home/matthias/xplore2023/hd_ws/install/hw_interface/share/hw_interface/hook/cmake_prefix_path.ps1'
[0.949s] INFO:colcon.colcon_core.shell:Creating environment descriptor '/home/matthias/xplore2023/hd_ws/install/hw_interface/share/hw_interface/hook/cmake_prefix_path.dsv'
[0.949s] INFO:colcon.colcon_core.shell:Creating environment hook '/home/matthias/xplore2023/hd_ws/install/hw_interface/share/hw_interface/hook/cmake_prefix_path.sh'
[0.950s] Level 1:colcon.colcon_core.environment:checking '/home/matthias/xplore2023/hd_ws/install/hw_interface/bin'
[0.950s] Level 1:colcon.colcon_core.environment:checking '/home/matthias/xplore2023/hd_ws/install/hw_interface/lib/pkgconfig/hw_interface.pc'
[0.950s] Level 1:colcon.colcon_core.environment:checking '/home/matthias/xplore2023/hd_ws/install/hw_interface/lib/python3.10/site-packages'
[0.950s] Level 1:colcon.colcon_core.environment:checking '/home/matthias/xplore2023/hd_ws/install/hw_interface/bin'
[0.951s] INFO:colcon.colcon_core.shell:Creating package script '/home/matthias/xplore2023/hd_ws/install/hw_interface/share/hw_interface/package.ps1'
[0.952s] INFO:colcon.colcon_core.shell:Creating package descriptor '/home/matthias/xplore2023/hd_ws/install/hw_interface/share/hw_interface/package.dsv'
[0.952s] INFO:colcon.colcon_core.shell:Creating package script '/home/matthias/xplore2023/hd_ws/install/hw_interface/share/hw_interface/package.sh'
[0.952s] INFO:colcon.colcon_core.shell:Creating package script '/home/matthias/xplore2023/hd_ws/install/hw_interface/share/hw_interface/package.bash'
[0.953s] INFO:colcon.colcon_core.shell:Creating package script '/home/matthias/xplore2023/hd_ws/install/hw_interface/share/hw_interface/package.zsh'
[0.953s] Level 1:colcon.colcon_core.environment:create_file_with_runtime_dependencies(/home/matthias/xplore2023/hd_ws/install/hw_interface/share/colcon-core/packages/hw_interface)
[0.965s] Level 1:colcon.colcon_core.environment:create_environment_scripts_only(astra_description)
[0.967s] Level 1:colcon.colcon_core.environment:checking '/home/matthias/xplore2023/hd_ws/install/astra_description' for CMake module files
[0.968s] Level 1:colcon.colcon_core.environment:checking '/home/matthias/xplore2023/hd_ws/install/astra_description' for CMake config files
[0.968s] Level 1:colcon.colcon_core.shell:create_environment_hook('astra_description', 'cmake_prefix_path')
[0.970s] INFO:colcon.colcon_core.shell:Creating environment hook '/home/matthias/xplore2023/hd_ws/install/astra_description/share/astra_description/hook/cmake_prefix_path.ps1'
[0.971s] INFO:colcon.colcon_core.shell:Creating environment descriptor '/home/matthias/xplore2023/hd_ws/install/astra_description/share/astra_description/hook/cmake_prefix_path.dsv'
[0.971s] INFO:colcon.colcon_core.shell:Creating environment hook '/home/matthias/xplore2023/hd_ws/install/astra_description/share/astra_description/hook/cmake_prefix_path.sh'
[0.972s] Level 1:colcon.colcon_core.environment:checking '/home/matthias/xplore2023/hd_ws/install/astra_description/bin'
[0.972s] Level 1:colcon.colcon_core.environment:checking '/home/matthias/xplore2023/hd_ws/install/astra_description/lib/pkgconfig/astra_description.pc'
[0.972s] Level 1:colcon.colcon_core.environment:checking '/home/matthias/xplore2023/hd_ws/install/astra_description/lib/python3.10/site-packages'
[0.972s] Level 1:colcon.colcon_core.environment:checking '/home/matthias/xplore2023/hd_ws/install/astra_description/bin'
[0.974s] INFO:colcon.colcon_core.shell:Creating package script '/home/matthias/xplore2023/hd_ws/install/astra_description/share/astra_description/package.ps1'
[0.975s] INFO:colcon.colcon_core.shell:Creating package descriptor '/home/matthias/xplore2023/hd_ws/install/astra_description/share/astra_description/package.dsv'
[0.975s] INFO:colcon.colcon_core.shell:Creating package script '/home/matthias/xplore2023/hd_ws/install/astra_description/share/astra_description/package.sh'
[0.975s] INFO:colcon.colcon_core.shell:Creating package script '/home/matthias/xplore2023/hd_ws/install/astra_description/share/astra_description/package.bash'
[0.976s] INFO:colcon.colcon_core.shell:Creating package script '/home/matthias/xplore2023/hd_ws/install/astra_description/share/astra_description/package.zsh'
[0.976s] Level 1:colcon.colcon_core.environment:create_file_with_runtime_dependencies(/home/matthias/xplore2023/hd_ws/install/astra_description/share/colcon-core/packages/astra_description)
[0.977s] INFO:colcon.colcon_ros.task.ament_cmake.build:Building ROS package in '/home/matthias/xplore2023/hd_ws/src/control/astra_moveit_config' with build type 'ament_cmake'
[0.977s] INFO:colcon.colcon_cmake.task.cmake.build:Building CMake package in '/home/matthias/xplore2023/hd_ws/src/control/astra_moveit_config'
[0.979s] INFO:colcon.colcon_core.shell:Skip shell extension 'powershell' for command environment: Not usable outside of PowerShell
[0.979s] DEBUG:colcon.colcon_core.shell:Skip shell extension 'dsv' for command environment
[0.989s] Level 1:colcon.colcon_core.environment:create_environment_scripts_only(hw_interface)
[0.990s] Level 1:colcon.colcon_core.environment:checking '/home/matthias/xplore2023/hd_ws/install/hw_interface' for CMake module files
[0.991s] Level 1:colcon.colcon_core.environment:checking '/home/matthias/xplore2023/hd_ws/install/hw_interface' for CMake config files
[0.991s] Level 1:colcon.colcon_core.shell:create_environment_hook('hw_interface', 'cmake_prefix_path')
[0.992s] INFO:colcon.colcon_core.shell:Creating environment hook '/home/matthias/xplore2023/hd_ws/install/hw_interface/share/hw_interface/hook/cmake_prefix_path.ps1'
[0.993s] INFO:colcon.colcon_core.shell:Creating environment descriptor '/home/matthias/xplore2023/hd_ws/install/hw_interface/share/hw_interface/hook/cmake_prefix_path.dsv'
[0.993s] INFO:colcon.colcon_core.shell:Creating environment hook '/home/matthias/xplore2023/hd_ws/install/hw_interface/share/hw_interface/hook/cmake_prefix_path.sh'
[0.993s] Level 1:colcon.colcon_core.environment:checking '/home/matthias/xplore2023/hd_ws/install/hw_interface/bin'
[0.993s] Level 1:colcon.colcon_core.environment:checking '/home/matthias/xplore2023/hd_ws/install/hw_interface/lib/pkgconfig/hw_interface.pc'
[0.994s] Level 1:colcon.colcon_core.environment:checking '/home/matthias/xplore2023/hd_ws/install/hw_interface/lib/python3.10/site-packages'
[0.994s] Level 1:colcon.colcon_core.environment:checking '/home/matthias/xplore2023/hd_ws/install/hw_interface/bin'
[0.995s] INFO:colcon.colcon_core.shell:Creating package script '/home/matthias/xplore2023/hd_ws/install/hw_interface/share/hw_interface/package.ps1'
[0.996s] INFO:colcon.colcon_core.shell:Creating package descriptor '/home/matthias/xplore2023/hd_ws/install/hw_interface/share/hw_interface/package.dsv'
[0.996s] INFO:colcon.colcon_core.shell:Creating package script '/home/matthias/xplore2023/hd_ws/install/hw_interface/share/hw_interface/package.sh'
[0.996s] INFO:colcon.colcon_core.shell:Creating package script '/home/matthias/xplore2023/hd_ws/install/hw_interface/share/hw_interface/package.bash'
[0.997s] INFO:colcon.colcon_core.shell:Creating package script '/home/matthias/xplore2023/hd_ws/install/hw_interface/share/hw_interface/package.zsh'
[0.997s] Level 1:colcon.colcon_core.environment:create_file_with_runtime_dependencies(/home/matthias/xplore2023/hd_ws/install/hw_interface/share/colcon-core/packages/hw_interface)
[1.002s] DEBUG:colcon.colcon_core.event_handler.log_command:Invoking command in '/home/matthias/xplore2023/hd_ws/build/astra_moveit_config': CMAKE_PREFIX_PATH=/home/matthias/xplore2023/hd_ws/install/astra_description:/home/matthias/xplore2023/hd_ws/install/moveit_api_test:/home/matthias/xplore2023/hd_ws/install/hw_interface:/home/matthias/xplore2023/hd_ws/install/astra_moveit_config:/home/matthias/xplore2023/hd_ws/install/astra_interfaces:/home/matthias/xplore2023/hd_ws/install/task_execution:/home/matthias/xplore2023/hd_ws/install/manager:/opt/ros/humble /usr/bin/cmake --build /home/matthias/xplore2023/hd_ws/build/astra_moveit_config -- -j12 -l12
[1.010s] DEBUG:colcon.colcon_core.event_handler.log_command:Invoked command in '/home/matthias/xplore2023/hd_ws/build/astra_interfaces' returned '0': CMAKE_PREFIX_PATH=${CMAKE_PREFIX_PATH}:/home/matthias/xplore2023/hd_ws/install/task_execution:/home/matthias/xplore2023/hd_ws/install/manager:/opt/ros/humble /usr/bin/cmake --build /home/matthias/xplore2023/hd_ws/build/astra_interfaces -- -j12 -l12
[1.032s] DEBUG:colcon.colcon_core.event_handler.log_command:Invoked command in '/home/matthias/xplore2023/hd_ws/build/astra_moveit_config' returned '0': CMAKE_PREFIX_PATH=/home/matthias/xplore2023/hd_ws/install/astra_description:/home/matthias/xplore2023/hd_ws/install/moveit_api_test:/home/matthias/xplore2023/hd_ws/install/hw_interface:/home/matthias/xplore2023/hd_ws/install/astra_moveit_config:/home/matthias/xplore2023/hd_ws/install/astra_interfaces:/home/matthias/xplore2023/hd_ws/install/task_execution:/home/matthias/xplore2023/hd_ws/install/manager:/opt/ros/humble /usr/bin/cmake --build /home/matthias/xplore2023/hd_ws/build/astra_moveit_config -- -j12 -l12
[1.050s] DEBUG:colcon.colcon_core.event_handler.log_command:Invoking command in '/home/matthias/xplore2023/hd_ws/build/astra_moveit_config': CMAKE_PREFIX_PATH=/home/matthias/xplore2023/hd_ws/install/astra_description:/home/matthias/xplore2023/hd_ws/install/moveit_api_test:/home/matthias/xplore2023/hd_ws/install/hw_interface:/home/matthias/xplore2023/hd_ws/install/astra_moveit_config:/home/matthias/xplore2023/hd_ws/install/astra_interfaces:/home/matthias/xplore2023/hd_ws/install/task_execution:/home/matthias/xplore2023/hd_ws/install/manager:/opt/ros/humble /usr/bin/cmake --install /home/matthias/xplore2023/hd_ws/build/astra_moveit_config
[1.059s] Level 1:colcon.colcon_core.environment:create_environment_scripts_only(astra_moveit_config)
[1.062s] Level 1:colcon.colcon_core.environment:checking '/home/matthias/xplore2023/hd_ws/install/astra_moveit_config' for CMake module files
[1.064s] Level 1:colcon.colcon_core.environment:checking '/home/matthias/xplore2023/hd_ws/install/astra_moveit_config' for CMake config files
[1.065s] DEBUG:colcon.colcon_core.event_handler.log_command:Invoked command in '/home/matthias/xplore2023/hd_ws/build/astra_moveit_config' returned '0': CMAKE_PREFIX_PATH=/home/matthias/xplore2023/hd_ws/install/astra_description:/home/matthias/xplore2023/hd_ws/install/moveit_api_test:/home/matthias/xplore2023/hd_ws/install/hw_interface:/home/matthias/xplore2023/hd_ws/install/astra_moveit_config:/home/matthias/xplore2023/hd_ws/install/astra_interfaces:/home/matthias/xplore2023/hd_ws/install/task_execution:/home/matthias/xplore2023/hd_ws/install/manager:/opt/ros/humble /usr/bin/cmake --install /home/matthias/xplore2023/hd_ws/build/astra_moveit_config
[1.065s] Level 1:colcon.colcon_core.shell:create_environment_hook('astra_moveit_config', 'cmake_prefix_path')
[1.067s] INFO:colcon.colcon_core.shell:Creating environment hook '/home/matthias/xplore2023/hd_ws/install/astra_moveit_config/share/astra_moveit_config/hook/cmake_prefix_path.ps1'
[1.068s] INFO:colcon.colcon_core.shell:Creating environment descriptor '/home/matthias/xplore2023/hd_ws/install/astra_moveit_config/share/astra_moveit_config/hook/cmake_prefix_path.dsv'
[1.068s] INFO:colcon.colcon_core.shell:Creating environment hook '/home/matthias/xplore2023/hd_ws/install/astra_moveit_config/share/astra_moveit_config/hook/cmake_prefix_path.sh'
[1.068s] Level 1:colcon.colcon_core.environment:checking '/home/matthias/xplore2023/hd_ws/install/astra_moveit_config/bin'
[1.068s] Level 1:colcon.colcon_core.environment:checking '/home/matthias/xplore2023/hd_ws/install/astra_moveit_config/lib/pkgconfig/astra_moveit_config.pc'
[1.068s] Level 1:colcon.colcon_core.environment:checking '/home/matthias/xplore2023/hd_ws/install/astra_moveit_config/lib/python3.10/site-packages'
[1.069s] Level 1:colcon.colcon_core.environment:checking '/home/matthias/xplore2023/hd_ws/install/astra_moveit_config/bin'
[1.070s] INFO:colcon.colcon_core.shell:Creating package script '/home/matthias/xplore2023/hd_ws/install/astra_moveit_config/share/astra_moveit_config/package.ps1'
[1.071s] INFO:colcon.colcon_core.shell:Creating package descriptor '/home/matthias/xplore2023/hd_ws/install/astra_moveit_config/share/astra_moveit_config/package.dsv'
[1.071s] INFO:colcon.colcon_core.shell:Creating package script '/home/matthias/xplore2023/hd_ws/install/astra_moveit_config/share/astra_moveit_config/package.sh'
[1.071s] INFO:colcon.colcon_core.shell:Creating package script '/home/matthias/xplore2023/hd_ws/install/astra_moveit_config/share/astra_moveit_config/package.bash'
[1.072s] INFO:colcon.colcon_core.shell:Creating package script '/home/matthias/xplore2023/hd_ws/install/astra_moveit_config/share/astra_moveit_config/package.zsh'
[1.072s] Level 1:colcon.colcon_core.environment:create_file_with_runtime_dependencies(/home/matthias/xplore2023/hd_ws/install/astra_moveit_config/share/colcon-core/packages/astra_moveit_config)
[1.089s] DEBUG:colcon.colcon_core.event_handler.log_command:Invoking command in '/home/matthias/xplore2023/hd_ws/build/astra_interfaces': CMAKE_PREFIX_PATH=${CMAKE_PREFIX_PATH}:/home/matthias/xplore2023/hd_ws/install/task_execution:/home/matthias/xplore2023/hd_ws/install/manager:/opt/ros/humble /usr/bin/cmake --install /home/matthias/xplore2023/hd_ws/build/astra_interfaces
[1.092s] Level 1:colcon.colcon_core.environment:create_environment_scripts_only(astra_moveit_config)
[1.093s] Level 1:colcon.colcon_core.environment:checking '/home/matthias/xplore2023/hd_ws/install/astra_moveit_config' for CMake module files
[1.094s] Level 1:colcon.colcon_core.environment:checking '/home/matthias/xplore2023/hd_ws/install/astra_moveit_config' for CMake config files
[1.094s] Level 1:colcon.colcon_core.shell:create_environment_hook('astra_moveit_config', 'cmake_prefix_path')
[1.095s] INFO:colcon.colcon_core.shell:Creating environment hook '/home/matthias/xplore2023/hd_ws/install/astra_moveit_config/share/astra_moveit_config/hook/cmake_prefix_path.ps1'
[1.096s] INFO:colcon.colcon_core.shell:Creating environment descriptor '/home/matthias/xplore2023/hd_ws/install/astra_moveit_config/share/astra_moveit_config/hook/cmake_prefix_path.dsv'
[1.097s] INFO:colcon.colcon_core.shell:Creating environment hook '/home/matthias/xplore2023/hd_ws/install/astra_moveit_config/share/astra_moveit_config/hook/cmake_prefix_path.sh'
[1.098s] Level 1:colcon.colcon_core.environment:checking '/home/matthias/xplore2023/hd_ws/install/astra_moveit_config/bin'
[1.098s] Level 1:colcon.colcon_core.environment:checking '/home/matthias/xplore2023/hd_ws/install/astra_moveit_config/lib/pkgconfig/astra_moveit_config.pc'
[1.098s] Level 1:colcon.colcon_core.environment:checking '/home/matthias/xplore2023/hd_ws/install/astra_moveit_config/lib/python3.10/site-packages'
[1.098s] Level 1:colcon.colcon_core.environment:checking '/home/matthias/xplore2023/hd_ws/install/astra_moveit_config/bin'
[1.100s] INFO:colcon.colcon_core.shell:Creating package script '/home/matthias/xplore2023/hd_ws/install/astra_moveit_config/share/astra_moveit_config/package.ps1'
[1.101s] INFO:colcon.colcon_core.shell:Creating package descriptor '/home/matthias/xplore2023/hd_ws/install/astra_moveit_config/share/astra_moveit_config/package.dsv'
[1.102s] INFO:colcon.colcon_core.shell:Creating package script '/home/matthias/xplore2023/hd_ws/install/astra_moveit_config/share/astra_moveit_config/package.sh'
[1.103s] INFO:colcon.colcon_core.shell:Creating package script '/home/matthias/xplore2023/hd_ws/install/astra_moveit_config/share/astra_moveit_config/package.bash'
[1.104s] INFO:colcon.colcon_core.shell:Creating package script '/home/matthias/xplore2023/hd_ws/install/astra_moveit_config/share/astra_moveit_config/package.zsh'
[1.105s] Level 1:colcon.colcon_core.environment:create_file_with_runtime_dependencies(/home/matthias/xplore2023/hd_ws/install/astra_moveit_config/share/colcon-core/packages/astra_moveit_config)
[1.138s] Level 1:colcon.colcon_core.environment:create_environment_scripts_only(astra_interfaces)
[1.139s] Level 1:colcon.colcon_core.environment:checking '/home/matthias/xplore2023/hd_ws/install/astra_interfaces' for CMake module files
[1.140s] DEBUG:colcon.colcon_core.event_handler.log_command:Invoked command in '/home/matthias/xplore2023/hd_ws/build/astra_interfaces' returned '0': CMAKE_PREFIX_PATH=${CMAKE_PREFIX_PATH}:/home/matthias/xplore2023/hd_ws/install/task_execution:/home/matthias/xplore2023/hd_ws/install/manager:/opt/ros/humble /usr/bin/cmake --install /home/matthias/xplore2023/hd_ws/build/astra_interfaces
[1.141s] Level 1:colcon.colcon_core.environment:checking '/home/matthias/xplore2023/hd_ws/install/astra_interfaces' for CMake config files
[1.141s] Level 1:colcon.colcon_core.shell:create_environment_hook('astra_interfaces', 'cmake_prefix_path')
[1.143s] INFO:colcon.colcon_core.shell:Creating environment hook '/home/matthias/xplore2023/hd_ws/install/astra_interfaces/share/astra_interfaces/hook/cmake_prefix_path.ps1'
[1.144s] INFO:colcon.colcon_core.shell:Creating environment descriptor '/home/matthias/xplore2023/hd_ws/install/astra_interfaces/share/astra_interfaces/hook/cmake_prefix_path.dsv'
[1.144s] INFO:colcon.colcon_core.shell:Creating environment hook '/home/matthias/xplore2023/hd_ws/install/astra_interfaces/share/astra_interfaces/hook/cmake_prefix_path.sh'
[1.144s] Level 1:colcon.colcon_core.environment:checking '/home/matthias/xplore2023/hd_ws/install/astra_interfaces/lib'
[1.144s] Level 1:colcon.colcon_core.shell:create_environment_hook('astra_interfaces', 'ld_library_path_lib')
[1.146s] INFO:colcon.colcon_core.shell:Creating environment hook '/home/matthias/xplore2023/hd_ws/install/astra_interfaces/share/astra_interfaces/hook/ld_library_path_lib.ps1'
[1.146s] INFO:colcon.colcon_core.shell:Creating environment descriptor '/home/matthias/xplore2023/hd_ws/install/astra_interfaces/share/astra_interfaces/hook/ld_library_path_lib.dsv'
[1.146s] INFO:colcon.colcon_core.shell:Creating environment hook '/home/matthias/xplore2023/hd_ws/install/astra_interfaces/share/astra_interfaces/hook/ld_library_path_lib.sh'
[1.146s] Level 1:colcon.colcon_core.environment:checking '/home/matthias/xplore2023/hd_ws/install/astra_interfaces/bin'
[1.146s] Level 1:colcon.colcon_core.environment:checking '/home/matthias/xplore2023/hd_ws/install/astra_interfaces/lib/pkgconfig/astra_interfaces.pc'
[1.147s] Level 1:colcon.colcon_core.environment:checking '/home/matthias/xplore2023/hd_ws/install/astra_interfaces/lib/python3.10/site-packages'
[1.147s] Level 1:colcon.colcon_core.environment:checking '/home/matthias/xplore2023/hd_ws/install/astra_interfaces/bin'
[1.148s] INFO:colcon.colcon_core.shell:Creating package script '/home/matthias/xplore2023/hd_ws/install/astra_interfaces/share/astra_interfaces/package.ps1'
[1.148s] INFO:colcon.colcon_core.shell:Creating package descriptor '/home/matthias/xplore2023/hd_ws/install/astra_interfaces/share/astra_interfaces/package.dsv'
[1.149s] INFO:colcon.colcon_core.shell:Creating package script '/home/matthias/xplore2023/hd_ws/install/astra_interfaces/share/astra_interfaces/package.sh'
[1.149s] INFO:colcon.colcon_core.shell:Creating package script '/home/matthias/xplore2023/hd_ws/install/astra_interfaces/share/astra_interfaces/package.bash'
[1.149s] INFO:colcon.colcon_core.shell:Creating package script '/home/matthias/xplore2023/hd_ws/install/astra_interfaces/share/astra_interfaces/package.zsh'
[1.150s] Level 1:colcon.colcon_core.environment:create_file_with_runtime_dependencies(/home/matthias/xplore2023/hd_ws/install/astra_interfaces/share/colcon-core/packages/astra_interfaces)
[1.231s] Level 1:colcon.colcon_core.environment:create_environment_scripts_only(astra_interfaces)
[1.233s] Level 1:colcon.colcon_core.environment:checking '/home/matthias/xplore2023/hd_ws/install/astra_interfaces' for CMake module files
[1.233s] Level 1:colcon.colcon_core.environment:checking '/home/matthias/xplore2023/hd_ws/install/astra_interfaces' for CMake config files
[1.233s] Level 1:colcon.colcon_core.shell:create_environment_hook('astra_interfaces', 'cmake_prefix_path')
[1.234s] INFO:colcon.colcon_core.shell:Creating environment hook '/home/matthias/xplore2023/hd_ws/install/astra_interfaces/share/astra_interfaces/hook/cmake_prefix_path.ps1'
[1.235s] INFO:colcon.colcon_core.shell:Creating environment descriptor '/home/matthias/xplore2023/hd_ws/install/astra_interfaces/share/astra_interfaces/hook/cmake_prefix_path.dsv'
[1.235s] INFO:colcon.colcon_core.shell:Creating environment hook '/home/matthias/xplore2023/hd_ws/install/astra_interfaces/share/astra_interfaces/hook/cmake_prefix_path.sh'
[1.235s] Level 1:colcon.colcon_core.environment:checking '/home/matthias/xplore2023/hd_ws/install/astra_interfaces/lib'
[1.235s] Level 1:colcon.colcon_core.shell:create_environment_hook('astra_interfaces', 'ld_library_path_lib')
[1.237s] INFO:colcon.colcon_core.shell:Creating environment hook '/home/matthias/xplore2023/hd_ws/install/astra_interfaces/share/astra_interfaces/hook/ld_library_path_lib.ps1'
[1.237s] INFO:colcon.colcon_core.shell:Creating environment descriptor '/home/matthias/xplore2023/hd_ws/install/astra_interfaces/share/astra_interfaces/hook/ld_library_path_lib.dsv'
[1.237s] INFO:colcon.colcon_core.shell:Creating environment hook '/home/matthias/xplore2023/hd_ws/install/astra_interfaces/share/astra_interfaces/hook/ld_library_path_lib.sh'
[1.238s] Level 1:colcon.colcon_core.environment:checking '/home/matthias/xplore2023/hd_ws/install/astra_interfaces/bin'
[1.238s] Level 1:colcon.colcon_core.environment:checking '/home/matthias/xplore2023/hd_ws/install/astra_interfaces/lib/pkgconfig/astra_interfaces.pc'
[1.238s] Level 1:colcon.colcon_core.environment:checking '/home/matthias/xplore2023/hd_ws/install/astra_interfaces/lib/python3.10/site-packages'
[1.238s] Level 1:colcon.colcon_core.environment:checking '/home/matthias/xplore2023/hd_ws/install/astra_interfaces/bin'
[1.240s] INFO:colcon.colcon_core.shell:Creating package script '/home/matthias/xplore2023/hd_ws/install/astra_interfaces/share/astra_interfaces/package.ps1'
[1.240s] INFO:colcon.colcon_core.shell:Creating package descriptor '/home/matthias/xplore2023/hd_ws/install/astra_interfaces/share/astra_interfaces/package.dsv'
[1.241s] INFO:colcon.colcon_core.shell:Creating package script '/home/matthias/xplore2023/hd_ws/install/astra_interfaces/share/astra_interfaces/package.sh'
[1.241s] INFO:colcon.colcon_core.shell:Creating package script '/home/matthias/xplore2023/hd_ws/install/astra_interfaces/share/astra_interfaces/package.bash'
[1.241s] INFO:colcon.colcon_core.shell:Creating package script '/home/matthias/xplore2023/hd_ws/install/astra_interfaces/share/astra_interfaces/package.zsh'
[1.241s] Level 1:colcon.colcon_core.environment:create_file_with_runtime_dependencies(/home/matthias/xplore2023/hd_ws/install/astra_interfaces/share/colcon-core/packages/astra_interfaces)
[1.242s] INFO:colcon.colcon_ros.task.ament_python.build:Building ROS package in '/home/matthias/xplore2023/hd_ws/src/control/manager' with build type 'ament_python'
[1.242s] Level 1:colcon.colcon_core.shell:create_environment_hook('manager', 'ament_prefix_path')
[1.243s] INFO:colcon.colcon_core.shell:Creating environment hook '/home/matthias/xplore2023/hd_ws/install/manager/share/manager/hook/ament_prefix_path.ps1'
[1.244s] INFO:colcon.colcon_core.shell:Creating environment descriptor '/home/matthias/xplore2023/hd_ws/install/manager/share/manager/hook/ament_prefix_path.dsv'
[1.244s] INFO:colcon.colcon_core.shell:Creating environment hook '/home/matthias/xplore2023/hd_ws/install/manager/share/manager/hook/ament_prefix_path.sh'
[1.245s] INFO:colcon.colcon_core.shell:Skip shell extension 'powershell' for command environment: Not usable outside of PowerShell
[1.245s] DEBUG:colcon.colcon_core.shell:Skip shell extension 'dsv' for command environment
[1.510s] INFO:colcon.colcon_core.task.python.build:Building Python package in '/home/matthias/xplore2023/hd_ws/src/control/manager'
[1.511s] INFO:colcon.colcon_core.shell:Skip shell extension 'powershell' for command environment: Not usable outside of PowerShell
[1.511s] DEBUG:colcon.colcon_core.shell:Skip shell extension 'dsv' for command environment
[1.518s] DEBUG:colcon.colcon_core.event_handler.log_command:Invoking command in '/home/matthias/xplore2023/hd_ws/src/control/task_execution': PYTHONPATH=/home/matthias/xplore2023/hd_ws/build/task_execution/prefix_override:/home/matthias/xplore2023/hd_ws/install/task_execution/lib/python3.10/site-packages:${PYTHONPATH} /usr/bin/python3 setup.py egg_info --egg-base ../../../build/task_execution build --build-base /home/matthias/xplore2023/hd_ws/build/task_execution/build install --record /home/matthias/xplore2023/hd_ws/build/task_execution/install.log --single-version-externally-managed
[1.806s] Level 1:colcon.colcon_core.environment:checking '/home/matthias/xplore2023/hd_ws/install/task_execution' for CMake module files
[1.807s] DEBUG:colcon.colcon_core.event_handler.log_command:Invoked command in '/home/matthias/xplore2023/hd_ws/src/control/task_execution' returned '0': PYTHONPATH=/home/matthias/xplore2023/hd_ws/build/task_execution/prefix_override:/home/matthias/xplore2023/hd_ws/install/task_execution/lib/python3.10/site-packages:${PYTHONPATH} /usr/bin/python3 setup.py egg_info --egg-base ../../../build/task_execution build --build-base /home/matthias/xplore2023/hd_ws/build/task_execution/build install --record /home/matthias/xplore2023/hd_ws/build/task_execution/install.log --single-version-externally-managed
[1.807s] Level 1:colcon.colcon_core.environment:checking '/home/matthias/xplore2023/hd_ws/install/task_execution' for CMake config files
[1.808s] Level 1:colcon.colcon_core.environment:checking '/home/matthias/xplore2023/hd_ws/install/task_execution/lib'
[1.808s] Level 1:colcon.colcon_core.environment:checking '/home/matthias/xplore2023/hd_ws/install/task_execution/bin'
[1.808s] Level 1:colcon.colcon_core.environment:checking '/home/matthias/xplore2023/hd_ws/install/task_execution/lib/pkgconfig/task_execution.pc'
[1.808s] Level 1:colcon.colcon_core.environment:checking '/home/matthias/xplore2023/hd_ws/install/task_execution/lib/python3.10/site-packages'
[1.808s] Level 1:colcon.colcon_core.shell:create_environment_hook('task_execution', 'pythonpath')
[1.810s] INFO:colcon.colcon_core.shell:Creating environment hook '/home/matthias/xplore2023/hd_ws/install/task_execution/share/task_execution/hook/pythonpath.ps1'
[1.811s] INFO:colcon.colcon_core.shell:Creating environment descriptor '/home/matthias/xplore2023/hd_ws/install/task_execution/share/task_execution/hook/pythonpath.dsv'
[1.811s] INFO:colcon.colcon_core.shell:Creating environment hook '/home/matthias/xplore2023/hd_ws/install/task_execution/share/task_execution/hook/pythonpath.sh'
[1.811s] Level 1:colcon.colcon_core.environment:checking '/home/matthias/xplore2023/hd_ws/install/task_execution/bin'
[1.811s] Level 1:colcon.colcon_core.environment:create_environment_scripts_only(task_execution)
[1.813s] INFO:colcon.colcon_core.shell:Creating package script '/home/matthias/xplore2023/hd_ws/install/task_execution/share/task_execution/package.ps1'
[1.813s] INFO:colcon.colcon_core.shell:Creating package descriptor '/home/matthias/xplore2023/hd_ws/install/task_execution/share/task_execution/package.dsv'
[1.813s] INFO:colcon.colcon_core.shell:Creating package script '/home/matthias/xplore2023/hd_ws/install/task_execution/share/task_execution/package.sh'
[1.814s] INFO:colcon.colcon_core.shell:Creating package script '/home/matthias/xplore2023/hd_ws/install/task_execution/share/task_execution/package.bash'
[1.814s] INFO:colcon.colcon_core.shell:Creating package script '/home/matthias/xplore2023/hd_ws/install/task_execution/share/task_execution/package.zsh'
[1.814s] Level 1:colcon.colcon_core.environment:create_file_with_runtime_dependencies(/home/matthias/xplore2023/hd_ws/install/task_execution/share/colcon-core/packages/task_execution)
[1.950s] DEBUG:colcon.colcon_core.event_handler.log_command:Invoking command in '/home/matthias/xplore2023/hd_ws/src/control/manager': CMAKE_PREFIX_PATH=/home/matthias/xplore2023/hd_ws/install/astra_interfaces:/home/matthias/xplore2023/hd_ws/install/moveit_api_test:/home/matthias/xplore2023/hd_ws/install/hw_interface:/home/matthias/xplore2023/hd_ws/install/astra_moveit_config:/home/matthias/xplore2023/hd_ws/install/astra_description PYTHONPATH=/home/matthias/xplore2023/hd_ws/build/manager/prefix_override:/home/matthias/xplore2023/hd_ws/install/manager/lib/python3.10/site-packages:${PYTHONPATH} /usr/bin/python3 setup.py egg_info --egg-base ../../../build/manager build --build-base /home/matthias/xplore2023/hd_ws/build/manager/build install --record /home/matthias/xplore2023/hd_ws/build/manager/install.log --single-version-externally-managed
[2.223s] Level 1:colcon.colcon_core.environment:checking '/home/matthias/xplore2023/hd_ws/install/manager' for CMake module files
[2.224s] DEBUG:colcon.colcon_core.event_handler.log_command:Invoked command in '/home/matthias/xplore2023/hd_ws/src/control/manager' returned '0': CMAKE_PREFIX_PATH=/home/matthias/xplore2023/hd_ws/install/astra_interfaces:/home/matthias/xplore2023/hd_ws/install/moveit_api_test:/home/matthias/xplore2023/hd_ws/install/hw_interface:/home/matthias/xplore2023/hd_ws/install/astra_moveit_config:/home/matthias/xplore2023/hd_ws/install/astra_description PYTHONPATH=/home/matthias/xplore2023/hd_ws/build/manager/prefix_override:/home/matthias/xplore2023/hd_ws/install/manager/lib/python3.10/site-packages:${PYTHONPATH} /usr/bin/python3 setup.py egg_info --egg-base ../../../build/manager build --build-base /home/matthias/xplore2023/hd_ws/build/manager/build install --record /home/matthias/xplore2023/hd_ws/build/manager/install.log --single-version-externally-managed
[2.224s] Level 1:colcon.colcon_core.environment:checking '/home/matthias/xplore2023/hd_ws/install/manager' for CMake config files
[2.224s] Level 1:colcon.colcon_core.environment:checking '/home/matthias/xplore2023/hd_ws/install/manager/lib'
[2.225s] Level 1:colcon.colcon_core.environment:checking '/home/matthias/xplore2023/hd_ws/install/manager/bin'
[2.225s] Level 1:colcon.colcon_core.environment:checking '/home/matthias/xplore2023/hd_ws/install/manager/lib/pkgconfig/manager.pc'
[2.225s] Level 1:colcon.colcon_core.environment:checking '/home/matthias/xplore2023/hd_ws/install/manager/lib/python3.10/site-packages'
[2.225s] Level 1:colcon.colcon_core.shell:create_environment_hook('manager', 'pythonpath')
[2.227s] INFO:colcon.colcon_core.shell:Creating environment hook '/home/matthias/xplore2023/hd_ws/install/manager/share/manager/hook/pythonpath.ps1'
[2.227s] INFO:colcon.colcon_core.shell:Creating environment descriptor '/home/matthias/xplore2023/hd_ws/install/manager/share/manager/hook/pythonpath.dsv'
[2.228s] INFO:colcon.colcon_core.shell:Creating environment hook '/home/matthias/xplore2023/hd_ws/install/manager/share/manager/hook/pythonpath.sh'
[2.228s] Level 1:colcon.colcon_core.environment:checking '/home/matthias/xplore2023/hd_ws/install/manager/bin'
[2.228s] Level 1:colcon.colcon_core.environment:create_environment_scripts_only(manager)
[2.229s] INFO:colcon.colcon_core.shell:Creating package script '/home/matthias/xplore2023/hd_ws/install/manager/share/manager/package.ps1'
[2.230s] INFO:colcon.colcon_core.shell:Creating package descriptor '/home/matthias/xplore2023/hd_ws/install/manager/share/manager/package.dsv'
[2.230s] INFO:colcon.colcon_core.shell:Creating package script '/home/matthias/xplore2023/hd_ws/install/manager/share/manager/package.sh'
[2.230s] INFO:colcon.colcon_core.shell:Creating package script '/home/matthias/xplore2023/hd_ws/install/manager/share/manager/package.bash'
[2.230s] INFO:colcon.colcon_core.shell:Creating package script '/home/matthias/xplore2023/hd_ws/install/manager/share/manager/package.zsh'
[2.231s] Level 1:colcon.colcon_core.environment:create_file_with_runtime_dependencies(/home/matthias/xplore2023/hd_ws/install/manager/share/colcon-core/packages/manager)
[23.807s] DEBUG:colcon.colcon_core.event_handler.log_command:Invoked command in '/home/matthias/xplore2023/hd_ws/build/moveit_api_test' returned '0': CMAKE_PREFIX_PATH=${CMAKE_PREFIX_PATH}:/home/matthias/xplore2023/hd_ws/install/task_execution:/home/matthias/xplore2023/hd_ws/install/manager:/opt/ros/humble /usr/bin/cmake --build /home/matthias/xplore2023/hd_ws/build/moveit_api_test -- -j12 -l12
[23.841s] DEBUG:colcon.colcon_core.event_handler.log_command:Invoking command in '/home/matthias/xplore2023/hd_ws/build/moveit_api_test': CMAKE_PREFIX_PATH=${CMAKE_PREFIX_PATH}:/home/matthias/xplore2023/hd_ws/install/task_execution:/home/matthias/xplore2023/hd_ws/install/manager:/opt/ros/humble /usr/bin/cmake --install /home/matthias/xplore2023/hd_ws/build/moveit_api_test
[23.855s] Level 1:colcon.colcon_core.environment:create_environment_scripts_only(moveit_api_test)
[23.858s] Level 1:colcon.colcon_core.environment:checking '/home/matthias/xplore2023/hd_ws/install/moveit_api_test' for CMake module files
[23.858s] DEBUG:colcon.colcon_core.event_handler.log_command:Invoked command in '/home/matthias/xplore2023/hd_ws/build/moveit_api_test' returned '0': CMAKE_PREFIX_PATH=${CMAKE_PREFIX_PATH}:/home/matthias/xplore2023/hd_ws/install/task_execution:/home/matthias/xplore2023/hd_ws/install/manager:/opt/ros/humble /usr/bin/cmake --install /home/matthias/xplore2023/hd_ws/build/moveit_api_test
[23.859s] Level 1:colcon.colcon_core.environment:checking '/home/matthias/xplore2023/hd_ws/install/moveit_api_test' for CMake config files
[23.859s] Level 1:colcon.colcon_core.shell:create_environment_hook('moveit_api_test', 'cmake_prefix_path')
[23.862s] INFO:colcon.colcon_core.shell:Creating environment hook '/home/matthias/xplore2023/hd_ws/install/moveit_api_test/share/moveit_api_test/hook/cmake_prefix_path.ps1'
[23.862s] INFO:colcon.colcon_core.shell:Creating environment descriptor '/home/matthias/xplore2023/hd_ws/install/moveit_api_test/share/moveit_api_test/hook/cmake_prefix_path.dsv'
[23.863s] INFO:colcon.colcon_core.shell:Creating environment hook '/home/matthias/xplore2023/hd_ws/install/moveit_api_test/share/moveit_api_test/hook/cmake_prefix_path.sh'
[23.863s] Level 1:colcon.colcon_core.environment:checking '/home/matthias/xplore2023/hd_ws/install/moveit_api_test/lib'
[23.863s] Level 1:colcon.colcon_core.environment:checking '/home/matthias/xplore2023/hd_ws/install/moveit_api_test/bin'
[23.863s] Level 1:colcon.colcon_core.environment:checking '/home/matthias/xplore2023/hd_ws/install/moveit_api_test/lib/pkgconfig/moveit_api_test.pc'
[23.864s] Level 1:colcon.colcon_core.environment:checking '/home/matthias/xplore2023/hd_ws/install/moveit_api_test/lib/python3.10/site-packages'
[23.864s] Level 1:colcon.colcon_core.environment:checking '/home/matthias/xplore2023/hd_ws/install/moveit_api_test/bin'
[23.866s] INFO:colcon.colcon_core.shell:Creating package script '/home/matthias/xplore2023/hd_ws/install/moveit_api_test/share/moveit_api_test/package.ps1'
[23.867s] INFO:colcon.colcon_core.shell:Creating package descriptor '/home/matthias/xplore2023/hd_ws/install/moveit_api_test/share/moveit_api_test/package.dsv'
[23.867s] INFO:colcon.colcon_core.shell:Creating package script '/home/matthias/xplore2023/hd_ws/install/moveit_api_test/share/moveit_api_test/package.sh'
[23.868s] INFO:colcon.colcon_core.shell:Creating package script '/home/matthias/xplore2023/hd_ws/install/moveit_api_test/share/moveit_api_test/package.bash'
[23.868s] INFO:colcon.colcon_core.shell:Creating package script '/home/matthias/xplore2023/hd_ws/install/moveit_api_test/share/moveit_api_test/package.zsh'
[23.869s] Level 1:colcon.colcon_core.environment:create_file_with_runtime_dependencies(/home/matthias/xplore2023/hd_ws/install/moveit_api_test/share/colcon-core/packages/moveit_api_test)
[23.907s] Level 1:colcon.colcon_core.environment:create_environment_scripts_only(moveit_api_test)
[23.910s] Level 1:colcon.colcon_core.environment:checking '/home/matthias/xplore2023/hd_ws/install/moveit_api_test' for CMake module files
[23.911s] Level 1:colcon.colcon_core.environment:checking '/home/matthias/xplore2023/hd_ws/install/moveit_api_test' for CMake config files
[23.911s] Level 1:colcon.colcon_core.shell:create_environment_hook('moveit_api_test', 'cmake_prefix_path')
[23.913s] INFO:colcon.colcon_core.shell:Creating environment hook '/home/matthias/xplore2023/hd_ws/install/moveit_api_test/share/moveit_api_test/hook/cmake_prefix_path.ps1'
[23.913s] INFO:colcon.colcon_core.shell:Creating environment descriptor '/home/matthias/xplore2023/hd_ws/install/moveit_api_test/share/moveit_api_test/hook/cmake_prefix_path.dsv'
[23.913s] INFO:colcon.colcon_core.shell:Creating environment hook '/home/matthias/xplore2023/hd_ws/install/moveit_api_test/share/moveit_api_test/hook/cmake_prefix_path.sh'
[23.914s] Level 1:colcon.colcon_core.environment:checking '/home/matthias/xplore2023/hd_ws/install/moveit_api_test/lib'
[23.914s] Level 1:colcon.colcon_core.environment:checking '/home/matthias/xplore2023/hd_ws/install/moveit_api_test/bin'
[23.914s] Level 1:colcon.colcon_core.environment:checking '/home/matthias/xplore2023/hd_ws/install/moveit_api_test/lib/pkgconfig/moveit_api_test.pc'
[23.914s] Level 1:colcon.colcon_core.environment:checking '/home/matthias/xplore2023/hd_ws/install/moveit_api_test/lib/python3.10/site-packages'
[23.914s] Level 1:colcon.colcon_core.environment:checking '/home/matthias/xplore2023/hd_ws/install/moveit_api_test/bin'
[23.916s] INFO:colcon.colcon_core.shell:Creating package script '/home/matthias/xplore2023/hd_ws/install/moveit_api_test/share/moveit_api_test/package.ps1'
[23.916s] INFO:colcon.colcon_core.shell:Creating package descriptor '/home/matthias/xplore2023/hd_ws/install/moveit_api_test/share/moveit_api_test/package.dsv'
[23.917s] INFO:colcon.colcon_core.shell:Creating package script '/home/matthias/xplore2023/hd_ws/install/moveit_api_test/share/moveit_api_test/package.sh'
[23.917s] INFO:colcon.colcon_core.shell:Creating package script '/home/matthias/xplore2023/hd_ws/install/moveit_api_test/share/moveit_api_test/package.bash'
[23.918s] INFO:colcon.colcon_core.shell:Creating package script '/home/matthias/xplore2023/hd_ws/install/moveit_api_test/share/moveit_api_test/package.zsh'
[23.919s] Level 1:colcon.colcon_core.environment:create_file_with_runtime_dependencies(/home/matthias/xplore2023/hd_ws/install/moveit_api_test/share/colcon-core/packages/moveit_api_test)
[23.919s] DEBUG:colcon.colcon_parallel_executor.executor.parallel:closing loop
[23.920s] DEBUG:colcon.colcon_parallel_executor.executor.parallel:loop closed
[23.920s] DEBUG:colcon.colcon_parallel_executor.executor.parallel:run_until_complete finished with '0'
[23.920s] DEBUG:colcon.colcon_core.event_reactor:joining thread
[23.929s] INFO:colcon.colcon_core.plugin_system:Skipping extension 'colcon_notification.desktop_notification.terminal_notifier': Not used on non-Darwin systems
[23.929s] INFO:colcon.colcon_core.plugin_system:Skipping extension 'colcon_notification.desktop_notification.win32': Not used on non-Windows systems
[23.929s] INFO:colcon.colcon_notification.desktop_notification:Sending desktop notification using 'notify2'
[23.943s] DEBUG:colcon.colcon_core.event_reactor:joined thread
[23.945s] INFO:colcon.colcon_core.shell:Creating prefix script '/home/matthias/xplore2023/hd_ws/install/local_setup.ps1'
[23.947s] INFO:colcon.colcon_core.shell:Creating prefix util module '/home/matthias/xplore2023/hd_ws/install/_local_setup_util_ps1.py'
[23.949s] INFO:colcon.colcon_core.shell:Creating prefix chain script '/home/matthias/xplore2023/hd_ws/install/setup.ps1'
[23.952s] INFO:colcon.colcon_core.shell:Creating prefix script '/home/matthias/xplore2023/hd_ws/install/local_setup.sh'
[23.953s] INFO:colcon.colcon_core.shell:Creating prefix util module '/home/matthias/xplore2023/hd_ws/install/_local_setup_util_sh.py'
[23.953s] INFO:colcon.colcon_core.shell:Creating prefix chain script '/home/matthias/xplore2023/hd_ws/install/setup.sh'
[23.956s] INFO:colcon.colcon_core.shell:Creating prefix script '/home/matthias/xplore2023/hd_ws/install/local_setup.bash'
[23.956s] INFO:colcon.colcon_core.shell:Creating prefix chain script '/home/matthias/xplore2023/hd_ws/install/setup.bash'
[23.959s] INFO:colcon.colcon_core.shell:Creating prefix script '/home/matthias/xplore2023/hd_ws/install/local_setup.zsh'
[23.959s] INFO:colcon.colcon_core.shell:Creating prefix chain script '/home/matthias/xplore2023/hd_ws/install/setup.zsh'
