[2.458s] Invoking command in '/home/xplore/Desktop/main_HD_workspace/hd_ws/src/control/manager': CMAKE_PREFIX_PATH=/home/xplore/Desktop/main_HD_workspace/hd_ws/install/astra_interfaces:/home/xplore/Desktop/main_HD_workspace/hd_ws/install/tttt:/home/xplore/Desktop/main_HD_workspace/hd_ws/install/moveit_visual_tools:/home/xplore/Desktop/main_HD_workspace/hd_ws/install/astra_moveit_config_new:/home/xplore/Desktop/main_HD_workspace/hd_ws/install/astra_moveit_config0:/home/xplore/Desktop/main_HD_workspace/hd_ws/install/astra_moveit_config:/home/xplore/Desktop/main_HD_workspace/hd_ws/install/astra_hw_interface:/home/xplore/Desktop/main_HD_workspace/hd_ws/install/astra_description LD_LIBRARY_PATH=/home/xplore/Desktop/main_HD_workspace/hd_ws/install/astra_interfaces/lib:/home/xplore/Desktop/main_HD_workspace/hd_ws/install/moveit_visual_tools/lib:/home/xplore/Desktop/main_HD_workspace/hd_ws/install/astra_hw_interface/lib:/usr/lib/aarch64-linux-gnu/gazebo-11/plugins:/opt/ros/foxy/opt/yaml_cpp_vendor/lib:/opt/ros/foxy/opt/rviz_ogre_vendor/lib:/opt/ros/foxy/lib/aarch64-linux-gnu:/opt/ros/foxy/lib:/usr/local/cuda-11.4/lib64 PYTHONPATH=/home/xplore/Desktop/main_HD_workspace/hd_ws/build/manager/prefix_override:/home/xplore/Desktop/main_HD_workspace/hd_ws/install/manager/lib/python3.8/site-packages:/home/xplore/Desktop/main_HD_workspace/hd_ws/install/astra_interfaces/lib/python3.8/site-packages:/home/xplore/Desktop/main_HD_workspace/hd_ws/install/task_execution/lib/python3.8/site-packages:/home/xplore/Desktop/main_HD_workspace/hd_ws/install/manager/lib/python3.8/site-packages:/opt/ros/foxy/lib/python3.8/site-packages /usr/bin/python3 setup.py egg_info --egg-base ../../../build/manager build --build-base /home/xplore/Desktop/main_HD_workspace/hd_ws/build/manager/build install --record /home/xplore/Desktop/main_HD_workspace/hd_ws/build/manager/install.log --single-version-externally-managed
[3.150s] running egg_info
[3.152s] writing ../../../build/manager/manager.egg-info/PKG-INFO
[3.152s] writing dependency_links to ../../../build/manager/manager.egg-info/dependency_links.txt
[3.153s] writing entry points to ../../../build/manager/manager.egg-info/entry_points.txt
[3.153s] writing requirements to ../../../build/manager/manager.egg-info/requires.txt
[3.154s] writing top-level names to ../../../build/manager/manager.egg-info/top_level.txt
[3.272s] reading manifest file '../../../build/manager/manager.egg-info/SOURCES.txt'
[3.275s] writing manifest file '../../../build/manager/manager.egg-info/SOURCES.txt'
[3.276s] running build
[3.276s] running build_py
[3.277s] running install
[3.279s] running install_lib
[3.284s] running install_data
[3.285s] running install_egg_info
[3.290s] removing '/home/xplore/Desktop/main_HD_workspace/hd_ws/install/manager/lib/python3.8/site-packages/manager-0.0.0-py3.8.egg-info' (and everything under it)
[3.291s] Copying ../../../build/manager/manager.egg-info to /home/xplore/Desktop/main_HD_workspace/hd_ws/install/manager/lib/python3.8/site-packages/manager-0.0.0-py3.8.egg-info
[3.295s] running install_scripts
[3.345s] Installing manager script to /home/xplore/Desktop/main_HD_workspace/hd_ws/install/manager/lib/manager
[3.346s] writing list of installed files to '/home/xplore/Desktop/main_HD_workspace/hd_ws/build/manager/install.log'
[3.430s] Invoked command in '/home/xplore/Desktop/main_HD_workspace/hd_ws/src/control/manager' returned '0': CMAKE_PREFIX_PATH=/home/xplore/Desktop/main_HD_workspace/hd_ws/install/astra_interfaces:/home/xplore/Desktop/main_HD_workspace/hd_ws/install/tttt:/home/xplore/Desktop/main_HD_workspace/hd_ws/install/moveit_visual_tools:/home/xplore/Desktop/main_HD_workspace/hd_ws/install/astra_moveit_config_new:/home/xplore/Desktop/main_HD_workspace/hd_ws/install/astra_moveit_config0:/home/xplore/Desktop/main_HD_workspace/hd_ws/install/astra_moveit_config:/home/xplore/Desktop/main_HD_workspace/hd_ws/install/astra_hw_interface:/home/xplore/Desktop/main_HD_workspace/hd_ws/install/astra_description LD_LIBRARY_PATH=/home/xplore/Desktop/main_HD_workspace/hd_ws/install/astra_interfaces/lib:/home/xplore/Desktop/main_HD_workspace/hd_ws/install/moveit_visual_tools/lib:/home/xplore/Desktop/main_HD_workspace/hd_ws/install/astra_hw_interface/lib:/usr/lib/aarch64-linux-gnu/gazebo-11/plugins:/opt/ros/foxy/opt/yaml_cpp_vendor/lib:/opt/ros/foxy/opt/rviz_ogre_vendor/lib:/opt/ros/foxy/lib/aarch64-linux-gnu:/opt/ros/foxy/lib:/usr/local/cuda-11.4/lib64 PYTHONPATH=/home/xplore/Desktop/main_HD_workspace/hd_ws/build/manager/prefix_override:/home/xplore/Desktop/main_HD_workspace/hd_ws/install/manager/lib/python3.8/site-packages:/home/xplore/Desktop/main_HD_workspace/hd_ws/install/astra_interfaces/lib/python3.8/site-packages:/home/xplore/Desktop/main_HD_workspace/hd_ws/install/task_execution/lib/python3.8/site-packages:/home/xplore/Desktop/main_HD_workspace/hd_ws/install/manager/lib/python3.8/site-packages:/opt/ros/foxy/lib/python3.8/site-packages /usr/bin/python3 setup.py egg_info --egg-base ../../../build/manager build --build-base /home/xplore/Desktop/main_HD_workspace/hd_ws/build/manager/build install --record /home/xplore/Desktop/main_HD_workspace/hd_ws/build/manager/install.log --single-version-externally-managed
