[0.028s] Invoking command in '/home/matthias/xplore2023/hd_ws/build/astra_moveit_config': CMAKE_PREFIX_PATH=/home/matthias/xplore2023/hd_ws/install/astra_description:/home/matthias/xplore2023/hd_ws/install/moveit_api_test:/home/matthias/xplore2023/hd_ws/install/hw_interface:/home/matthias/xplore2023/hd_ws/install/astra_moveit_config:/home/matthias/xplore2023/hd_ws/install/astra_interfaces:/home/matthias/xplore2023/hd_ws/install/task_execution:/home/matthias/xplore2023/hd_ws/install/manager:/opt/ros/humble /usr/bin/cmake --build /home/matthias/xplore2023/hd_ws/build/astra_moveit_config -- -j12 -l12
[0.057s] Invoked command in '/home/matthias/xplore2023/hd_ws/build/astra_moveit_config' returned '0': CMAKE_PREFIX_PATH=/home/matthias/xplore2023/hd_ws/install/astra_description:/home/matthias/xplore2023/hd_ws/install/moveit_api_test:/home/matthias/xplore2023/hd_ws/install/hw_interface:/home/matthias/xplore2023/hd_ws/install/astra_moveit_config:/home/matthias/xplore2023/hd_ws/install/astra_interfaces:/home/matthias/xplore2023/hd_ws/install/task_execution:/home/matthias/xplore2023/hd_ws/install/manager:/opt/ros/humble /usr/bin/cmake --build /home/matthias/xplore2023/hd_ws/build/astra_moveit_config -- -j12 -l12
[0.075s] Invoking command in '/home/matthias/xplore2023/hd_ws/build/astra_moveit_config': CMAKE_PREFIX_PATH=/home/matthias/xplore2023/hd_ws/install/astra_description:/home/matthias/xplore2023/hd_ws/install/moveit_api_test:/home/matthias/xplore2023/hd_ws/install/hw_interface:/home/matthias/xplore2023/hd_ws/install/astra_moveit_config:/home/matthias/xplore2023/hd_ws/install/astra_interfaces:/home/matthias/xplore2023/hd_ws/install/task_execution:/home/matthias/xplore2023/hd_ws/install/manager:/opt/ros/humble /usr/bin/cmake --install /home/matthias/xplore2023/hd_ws/build/astra_moveit_config
[0.081s] -- Install configuration: ""
[0.082s] -- Up-to-date: /home/matthias/xplore2023/hd_ws/install/astra_moveit_config/share/ament_index/resource_index/package_run_dependencies/astra_moveit_config
[0.082s] -- Up-to-date: /home/matthias/xplore2023/hd_ws/install/astra_moveit_config/share/ament_index/resource_index/parent_prefix_path/astra_moveit_config
[0.082s] -- Up-to-date: /home/matthias/xplore2023/hd_ws/install/astra_moveit_config/share/astra_moveit_config/environment/ament_prefix_path.sh
[0.082s] -- Up-to-date: /home/matthias/xplore2023/hd_ws/install/astra_moveit_config/share/astra_moveit_config/environment/ament_prefix_path.dsv
[0.082s] -- Up-to-date: /home/matthias/xplore2023/hd_ws/install/astra_moveit_config/share/astra_moveit_config/environment/path.sh
[0.082s] -- Up-to-date: /home/matthias/xplore2023/hd_ws/install/astra_moveit_config/share/astra_moveit_config/environment/path.dsv
[0.083s] -- Up-to-date: /home/matthias/xplore2023/hd_ws/install/astra_moveit_config/share/astra_moveit_config/local_setup.bash
[0.083s] -- Up-to-date: /home/matthias/xplore2023/hd_ws/install/astra_moveit_config/share/astra_moveit_config/local_setup.sh
[0.083s] -- Up-to-date: /home/matthias/xplore2023/hd_ws/install/astra_moveit_config/share/astra_moveit_config/local_setup.zsh
[0.083s] -- Up-to-date: /home/matthias/xplore2023/hd_ws/install/astra_moveit_config/share/astra_moveit_config/local_setup.dsv
[0.083s] -- Installing: /home/matthias/xplore2023/hd_ws/install/astra_moveit_config/share/astra_moveit_config/package.dsv
[0.084s] -- Up-to-date: /home/matthias/xplore2023/hd_ws/install/astra_moveit_config/share/ament_index/resource_index/packages/astra_moveit_config
[0.084s] -- Up-to-date: /home/matthias/xplore2023/hd_ws/install/astra_moveit_config/share/astra_moveit_config/cmake/astra_moveit_configConfig.cmake
[0.085s] -- Up-to-date: /home/matthias/xplore2023/hd_ws/install/astra_moveit_config/share/astra_moveit_config/cmake/astra_moveit_configConfig-version.cmake
[0.085s] -- Up-to-date: /home/matthias/xplore2023/hd_ws/install/astra_moveit_config/share/astra_moveit_config/package.xml
[0.085s] -- Up-to-date: /home/matthias/xplore2023/hd_ws/install/astra_moveit_config/share/astra_moveit_config/launch
[0.085s] -- Up-to-date: /home/matthias/xplore2023/hd_ws/install/astra_moveit_config/share/astra_moveit_config/launch/spawn_controllers.launch.py
[0.088s] -- Up-to-date: /home/matthias/xplore2023/hd_ws/install/astra_moveit_config/share/astra_moveit_config/launch/demo.launch.py
[0.089s] -- Up-to-date: /home/matthias/xplore2023/hd_ws/install/astra_moveit_config/share/astra_moveit_config/launch/rsp.launch.py
[0.089s] -- Up-to-date: /home/matthias/xplore2023/hd_ws/install/astra_moveit_config/share/astra_moveit_config/launch/setup_assistant.launch.py
[0.089s] -- Up-to-date: /home/matthias/xplore2023/hd_ws/install/astra_moveit_config/share/astra_moveit_config/launch/static_virtual_joint_tfs.launch.py
[0.089s] -- Up-to-date: /home/matthias/xplore2023/hd_ws/install/astra_moveit_config/share/astra_moveit_config/launch/moveit_rviz.launch.py
[0.089s] -- Up-to-date: /home/matthias/xplore2023/hd_ws/install/astra_moveit_config/share/astra_moveit_config/launch/warehouse_db.launch.py
[0.090s] -- Up-to-date: /home/matthias/xplore2023/hd_ws/install/astra_moveit_config/share/astra_moveit_config/launch/move_group.launch.py
[0.090s] -- Up-to-date: /home/matthias/xplore2023/hd_ws/install/astra_moveit_config/share/astra_moveit_config/config
[0.090s] -- Up-to-date: /home/matthias/xplore2023/hd_ws/install/astra_moveit_config/share/astra_moveit_config/config/astra.srdf
[0.090s] -- Up-to-date: /home/matthias/xplore2023/hd_ws/install/astra_moveit_config/share/astra_moveit_config/config/kinematics.yaml
[0.090s] -- Up-to-date: /home/matthias/xplore2023/hd_ws/install/astra_moveit_config/share/astra_moveit_config/config/joint_limits.yaml
[0.090s] -- Up-to-date: /home/matthias/xplore2023/hd_ws/install/astra_moveit_config/share/astra_moveit_config/config/moveit.rviz
[0.091s] -- Up-to-date: /home/matthias/xplore2023/hd_ws/install/astra_moveit_config/share/astra_moveit_config/config/pilz_cartesian_limits.yaml
[0.091s] -- Up-to-date: /home/matthias/xplore2023/hd_ws/install/astra_moveit_config/share/astra_moveit_config/config/initial_positions.yaml
[0.091s] -- Up-to-date: /home/matthias/xplore2023/hd_ws/install/astra_moveit_config/share/astra_moveit_config/config/moveit_controllers.yaml
[0.091s] -- Up-to-date: /home/matthias/xplore2023/hd_ws/install/astra_moveit_config/share/astra_moveit_config/config/ros2_controllers.yaml
[0.091s] -- Up-to-date: /home/matthias/xplore2023/hd_ws/install/astra_moveit_config/share/astra_moveit_config/config/astra.ros2_control.xacro
[0.094s] -- Up-to-date: /home/matthias/xplore2023/hd_ws/install/astra_moveit_config/share/astra_moveit_config/config/astra.urdf.xacro
[0.094s] -- Up-to-date: /home/matthias/xplore2023/hd_ws/install/astra_moveit_config/share/astra_moveit_config/.setup_assistant
[0.095s] Invoked command in '/home/matthias/xplore2023/hd_ws/build/astra_moveit_config' returned '0': CMAKE_PREFIX_PATH=/home/matthias/xplore2023/hd_ws/install/astra_description:/home/matthias/xplore2023/hd_ws/install/moveit_api_test:/home/matthias/xplore2023/hd_ws/install/hw_interface:/home/matthias/xplore2023/hd_ws/install/astra_moveit_config:/home/matthias/xplore2023/hd_ws/install/astra_interfaces:/home/matthias/xplore2023/hd_ws/install/task_execution:/home/matthias/xplore2023/hd_ws/install/manager:/opt/ros/humble /usr/bin/cmake --install /home/matthias/xplore2023/hd_ws/build/astra_moveit_config
