[0.117s] Invoking command in '/home/xplore/Desktop/main_HD_workspace/2023/ros2_ws/build/interfaces': CMAKE_PREFIX_PATH=${CMAKE_PREFIX_PATH}:/home/xplore/Desktop/main_HD_workspace/2023/ros2_ws/install/vision:/opt/ros/foxy /usr/bin/cmake --build /home/xplore/Desktop/main_HD_workspace/2023/ros2_ws/build/interfaces -- -j4 -l4
[0.389s] [  3%] Built target interfaces__cpp
[0.497s] [ 12%] Built target interfaces__rosidl_generator_c
[0.610s] [ 22%] Built target interfaces__rosidl_typesupport_cpp
[0.722s] [ 32%] Built target interfaces__rosidl_typesupport_c
[0.831s] [ 41%] Built target interfaces__rosidl_typesupport_introspection_c
[0.952s] [ 51%] Built target interfaces__rosidl_typesupport_fastrtps_cpp
[1.071s] [ 61%] Built target interfaces__rosidl_typesupport_introspection_cpp
[1.200s] [ 70%] Built target interfaces__rosidl_typesupport_fastrtps_c
[1.297s] [ 70%] Built target interfaces
[1.404s] [ 74%] Built target interfaces__py
[1.523s] [ 80%] Built target interfaces__python
[1.642s] [ 87%] Built target interfaces__rosidl_typesupport_introspection_c__pyext
[1.764s] [ 93%] Built target interfaces__rosidl_typesupport_fastrtps_c__pyext
[1.894s] [100%] Built target interfaces__rosidl_typesupport_c__pyext
[1.945s] Invoked command in '/home/xplore/Desktop/main_HD_workspace/2023/ros2_ws/build/interfaces' returned '0': CMAKE_PREFIX_PATH=${CMAKE_PREFIX_PATH}:/home/xplore/Desktop/main_HD_workspace/2023/ros2_ws/install/vision:/opt/ros/foxy /usr/bin/cmake --build /home/xplore/Desktop/main_HD_workspace/2023/ros2_ws/build/interfaces -- -j4 -l4
[2.267s] Invoking command in '/home/xplore/Desktop/main_HD_workspace/2023/ros2_ws/build/interfaces': CMAKE_PREFIX_PATH=${CMAKE_PREFIX_PATH}:/home/xplore/Desktop/main_HD_workspace/2023/ros2_ws/install/vision:/opt/ros/foxy /usr/bin/cmake --install /home/xplore/Desktop/main_HD_workspace/2023/ros2_ws/build/interfaces
[2.311s] -- Install configuration: ""
[2.312s] -- Up-to-date: /home/xplore/Desktop/main_HD_workspace/2023/ros2_ws/install/interfaces/share/ament_index/resource_index/rosidl_interfaces/interfaces
[2.312s] -- Up-to-date: /home/xplore/Desktop/main_HD_workspace/2023/ros2_ws/install/interfaces/include/interfaces
[2.313s] -- Up-to-date: /home/xplore/Desktop/main_HD_workspace/2023/ros2_ws/install/interfaces/include/interfaces/msg
[2.313s] -- Up-to-date: /home/xplore/Desktop/main_HD_workspace/2023/ros2_ws/install/interfaces/include/interfaces/msg/detail
[2.313s] -- Up-to-date: /home/xplore/Desktop/main_HD_workspace/2023/ros2_ws/install/interfaces/include/interfaces/msg/detail/panel_object__functions.c
[2.314s] -- Up-to-date: /home/xplore/Desktop/main_HD_workspace/2023/ros2_ws/install/interfaces/include/interfaces/msg/detail/panel_object__struct.h
[2.314s] -- Up-to-date: /home/xplore/Desktop/main_HD_workspace/2023/ros2_ws/install/interfaces/include/interfaces/msg/detail/panel_object__functions.h
[2.314s] -- Up-to-date: /home/xplore/Desktop/main_HD_workspace/2023/ros2_ws/install/interfaces/include/interfaces/msg/detail/panel_object__type_support.h
[2.315s] -- Up-to-date: /home/xplore/Desktop/main_HD_workspace/2023/ros2_ws/install/interfaces/include/interfaces/msg/rosidl_generator_c__visibility_control.h
[2.315s] -- Up-to-date: /home/xplore/Desktop/main_HD_workspace/2023/ros2_ws/install/interfaces/include/interfaces/msg/panel_object.h
[2.316s] -- Up-to-date: /home/xplore/Desktop/main_HD_workspace/2023/ros2_ws/install/interfaces/share/interfaces/environment/library_path.sh
[2.316s] -- Up-to-date: /home/xplore/Desktop/main_HD_workspace/2023/ros2_ws/install/interfaces/share/interfaces/environment/library_path.dsv
[2.316s] -- Up-to-date: /home/xplore/Desktop/main_HD_workspace/2023/ros2_ws/install/interfaces/lib/libinterfaces__rosidl_generator_c.so
[2.317s] -- Up-to-date: /home/xplore/Desktop/main_HD_workspace/2023/ros2_ws/install/interfaces/include/interfaces
[2.317s] -- Up-to-date: /home/xplore/Desktop/main_HD_workspace/2023/ros2_ws/install/interfaces/include/interfaces/msg
[2.318s] -- Up-to-date: /home/xplore/Desktop/main_HD_workspace/2023/ros2_ws/install/interfaces/include/interfaces/msg/detail
[2.318s] -- Up-to-date: /home/xplore/Desktop/main_HD_workspace/2023/ros2_ws/install/interfaces/include/interfaces/msg/detail/panel_object__rosidl_typesupport_fastrtps_c.h
[2.318s] -- Up-to-date: /home/xplore/Desktop/main_HD_workspace/2023/ros2_ws/install/interfaces/include/interfaces/msg/rosidl_typesupport_fastrtps_c__visibility_control.h
[2.319s] -- Up-to-date: /home/xplore/Desktop/main_HD_workspace/2023/ros2_ws/install/interfaces/lib/libinterfaces__rosidl_typesupport_fastrtps_c.so
[2.320s] -- Up-to-date: /home/xplore/Desktop/main_HD_workspace/2023/ros2_ws/install/interfaces/include/interfaces
[2.320s] -- Up-to-date: /home/xplore/Desktop/main_HD_workspace/2023/ros2_ws/install/interfaces/include/interfaces/msg
[2.320s] -- Up-to-date: /home/xplore/Desktop/main_HD_workspace/2023/ros2_ws/install/interfaces/include/interfaces/msg/rosidl_typesupport_fastrtps_cpp__visibility_control.h
[2.320s] -- Up-to-date: /home/xplore/Desktop/main_HD_workspace/2023/ros2_ws/install/interfaces/include/interfaces/msg/detail
[2.321s] -- Up-to-date: /home/xplore/Desktop/main_HD_workspace/2023/ros2_ws/install/interfaces/include/interfaces/msg/detail/panel_object__rosidl_typesupport_fastrtps_cpp.hpp
[2.321s] -- Up-to-date: /home/xplore/Desktop/main_HD_workspace/2023/ros2_ws/install/interfaces/include/interfaces/msg/detail/dds_fastrtps
[2.321s] -- Up-to-date: /home/xplore/Desktop/main_HD_workspace/2023/ros2_ws/install/interfaces/lib/libinterfaces__rosidl_typesupport_fastrtps_cpp.so
[2.324s] -- Up-to-date: /home/xplore/Desktop/main_HD_workspace/2023/ros2_ws/install/interfaces/include/interfaces
[2.325s] -- Up-to-date: /home/xplore/Desktop/main_HD_workspace/2023/ros2_ws/install/interfaces/include/interfaces/msg
[2.325s] -- Up-to-date: /home/xplore/Desktop/main_HD_workspace/2023/ros2_ws/install/interfaces/include/interfaces/msg/detail
[2.325s] -- Up-to-date: /home/xplore/Desktop/main_HD_workspace/2023/ros2_ws/install/interfaces/include/interfaces/msg/detail/panel_object__type_support.c
[2.326s] -- Up-to-date: /home/xplore/Desktop/main_HD_workspace/2023/ros2_ws/install/interfaces/include/interfaces/msg/detail/panel_object__rosidl_typesupport_introspection_c.h
[2.326s] -- Up-to-date: /home/xplore/Desktop/main_HD_workspace/2023/ros2_ws/install/interfaces/include/interfaces/msg/rosidl_typesupport_introspection_c__visibility_control.h
[2.326s] -- Up-to-date: /home/xplore/Desktop/main_HD_workspace/2023/ros2_ws/install/interfaces/lib/libinterfaces__rosidl_typesupport_introspection_c.so
[2.331s] -- Up-to-date: /home/xplore/Desktop/main_HD_workspace/2023/ros2_ws/install/interfaces/lib/libinterfaces__rosidl_typesupport_c.so
[2.332s] -- Up-to-date: /home/xplore/Desktop/main_HD_workspace/2023/ros2_ws/install/interfaces/include/interfaces
[2.332s] -- Up-to-date: /home/xplore/Desktop/main_HD_workspace/2023/ros2_ws/install/interfaces/include/interfaces/msg
[2.332s] -- Up-to-date: /home/xplore/Desktop/main_HD_workspace/2023/ros2_ws/install/interfaces/include/interfaces/msg/detail
[2.333s] -- Up-to-date: /home/xplore/Desktop/main_HD_workspace/2023/ros2_ws/install/interfaces/include/interfaces/msg/detail/panel_object__traits.hpp
[2.333s] -- Up-to-date: /home/xplore/Desktop/main_HD_workspace/2023/ros2_ws/install/interfaces/include/interfaces/msg/detail/panel_object__builder.hpp
[2.333s] -- Up-to-date: /home/xplore/Desktop/main_HD_workspace/2023/ros2_ws/install/interfaces/include/interfaces/msg/detail/panel_object__struct.hpp
[2.334s] -- Up-to-date: /home/xplore/Desktop/main_HD_workspace/2023/ros2_ws/install/interfaces/include/interfaces/msg/panel_object.hpp
[2.334s] -- Up-to-date: /home/xplore/Desktop/main_HD_workspace/2023/ros2_ws/install/interfaces/include/interfaces
[2.334s] -- Up-to-date: /home/xplore/Desktop/main_HD_workspace/2023/ros2_ws/install/interfaces/include/interfaces/msg
[2.335s] -- Up-to-date: /home/xplore/Desktop/main_HD_workspace/2023/ros2_ws/install/interfaces/include/interfaces/msg/detail
[2.335s] -- Up-to-date: /home/xplore/Desktop/main_HD_workspace/2023/ros2_ws/install/interfaces/include/interfaces/msg/detail/panel_object__rosidl_typesupport_introspection_cpp.hpp
[2.335s] -- Up-to-date: /home/xplore/Desktop/main_HD_workspace/2023/ros2_ws/install/interfaces/include/interfaces/msg/detail/panel_object__type_support.cpp
[2.336s] -- Up-to-date: /home/xplore/Desktop/main_HD_workspace/2023/ros2_ws/install/interfaces/lib/libinterfaces__rosidl_typesupport_introspection_cpp.so
[2.336s] -- Up-to-date: /home/xplore/Desktop/main_HD_workspace/2023/ros2_ws/install/interfaces/lib/libinterfaces__rosidl_typesupport_cpp.so
[2.338s] -- Up-to-date: /home/xplore/Desktop/main_HD_workspace/2023/ros2_ws/install/interfaces/share/interfaces/environment/pythonpath.sh
[2.338s] -- Up-to-date: /home/xplore/Desktop/main_HD_workspace/2023/ros2_ws/install/interfaces/share/interfaces/environment/pythonpath.dsv
[2.339s] -- Up-to-date: /home/xplore/Desktop/main_HD_workspace/2023/ros2_ws/install/interfaces/lib/python3.8/site-packages/interfaces/__init__.py
[2.473s] -- Up-to-date: /home/xplore/Desktop/main_HD_workspace/2023/ros2_ws/install/interfaces/lib/python3.8/site-packages/interfaces/msg
[2.474s] -- Up-to-date: /home/xplore/Desktop/main_HD_workspace/2023/ros2_ws/install/interfaces/lib/python3.8/site-packages/interfaces/msg/__init__.py
[2.475s] -- Up-to-date: /home/xplore/Desktop/main_HD_workspace/2023/ros2_ws/install/interfaces/lib/python3.8/site-packages/interfaces/msg/_panel_object_s.c
[2.476s] -- Up-to-date: /home/xplore/Desktop/main_HD_workspace/2023/ros2_ws/install/interfaces/lib/python3.8/site-packages/interfaces/msg/_panel_object.py
[2.479s] -- Up-to-date: /home/xplore/Desktop/main_HD_workspace/2023/ros2_ws/install/interfaces/lib/python3.8/site-packages/interfaces/interfaces_s__rosidl_typesupport_fastrtps_c.cpython-38-aarch64-linux-gnu.so
[2.485s] -- Up-to-date: /home/xplore/Desktop/main_HD_workspace/2023/ros2_ws/install/interfaces/lib/python3.8/site-packages/interfaces/interfaces_s__rosidl_typesupport_introspection_c.cpython-38-aarch64-linux-gnu.so
[2.489s] -- Up-to-date: /home/xplore/Desktop/main_HD_workspace/2023/ros2_ws/install/interfaces/lib/python3.8/site-packages/interfaces/interfaces_s__rosidl_typesupport_c.cpython-38-aarch64-linux-gnu.so
[2.492s] -- Up-to-date: /home/xplore/Desktop/main_HD_workspace/2023/ros2_ws/install/interfaces/lib/libinterfaces__python.so
[2.493s] -- Up-to-date: /home/xplore/Desktop/main_HD_workspace/2023/ros2_ws/install/interfaces/share/interfaces/msg/PanelObject.idl
[2.494s] -- Up-to-date: /home/xplore/Desktop/main_HD_workspace/2023/ros2_ws/install/interfaces/share/interfaces/msg/PanelObject.msg
[2.494s] -- Up-to-date: /home/xplore/Desktop/main_HD_workspace/2023/ros2_ws/install/interfaces/share/ament_index/resource_index/package_run_dependencies/interfaces
[2.495s] -- Up-to-date: /home/xplore/Desktop/main_HD_workspace/2023/ros2_ws/install/interfaces/share/ament_index/resource_index/parent_prefix_path/interfaces
[2.496s] -- Up-to-date: /home/xplore/Desktop/main_HD_workspace/2023/ros2_ws/install/interfaces/share/interfaces/environment/ament_prefix_path.sh
[2.496s] -- Up-to-date: /home/xplore/Desktop/main_HD_workspace/2023/ros2_ws/install/interfaces/share/interfaces/environment/ament_prefix_path.dsv
[2.496s] -- Up-to-date: /home/xplore/Desktop/main_HD_workspace/2023/ros2_ws/install/interfaces/share/interfaces/environment/path.sh
[2.497s] -- Up-to-date: /home/xplore/Desktop/main_HD_workspace/2023/ros2_ws/install/interfaces/share/interfaces/environment/path.dsv
[2.497s] -- Up-to-date: /home/xplore/Desktop/main_HD_workspace/2023/ros2_ws/install/interfaces/share/interfaces/local_setup.bash
[2.498s] -- Up-to-date: /home/xplore/Desktop/main_HD_workspace/2023/ros2_ws/install/interfaces/share/interfaces/local_setup.sh
[2.498s] -- Up-to-date: /home/xplore/Desktop/main_HD_workspace/2023/ros2_ws/install/interfaces/share/interfaces/local_setup.zsh
[2.499s] -- Up-to-date: /home/xplore/Desktop/main_HD_workspace/2023/ros2_ws/install/interfaces/share/interfaces/local_setup.dsv
[2.499s] -- Installing: /home/xplore/Desktop/main_HD_workspace/2023/ros2_ws/install/interfaces/share/interfaces/package.dsv
[2.500s] -- Up-to-date: /home/xplore/Desktop/main_HD_workspace/2023/ros2_ws/install/interfaces/share/ament_index/resource_index/packages/interfaces
[2.500s] -- Up-to-date: /home/xplore/Desktop/main_HD_workspace/2023/ros2_ws/install/interfaces/share/interfaces/cmake/interfaces__rosidl_generator_cExport.cmake
[2.500s] -- Up-to-date: /home/xplore/Desktop/main_HD_workspace/2023/ros2_ws/install/interfaces/share/interfaces/cmake/interfaces__rosidl_generator_cExport-noconfig.cmake
[2.501s] -- Up-to-date: /home/xplore/Desktop/main_HD_workspace/2023/ros2_ws/install/interfaces/share/interfaces/cmake/interfaces__rosidl_typesupport_introspection_cExport.cmake
[2.501s] -- Up-to-date: /home/xplore/Desktop/main_HD_workspace/2023/ros2_ws/install/interfaces/share/interfaces/cmake/interfaces__rosidl_typesupport_introspection_cExport-noconfig.cmake
[2.501s] -- Up-to-date: /home/xplore/Desktop/main_HD_workspace/2023/ros2_ws/install/interfaces/share/interfaces/cmake/interfaces__rosidl_typesupport_cExport.cmake
[2.502s] -- Up-to-date: /home/xplore/Desktop/main_HD_workspace/2023/ros2_ws/install/interfaces/share/interfaces/cmake/interfaces__rosidl_typesupport_cExport-noconfig.cmake
[2.503s] -- Up-to-date: /home/xplore/Desktop/main_HD_workspace/2023/ros2_ws/install/interfaces/share/interfaces/cmake/interfaces__rosidl_generator_cppExport.cmake
[2.503s] -- Up-to-date: /home/xplore/Desktop/main_HD_workspace/2023/ros2_ws/install/interfaces/share/interfaces/cmake/interfaces__rosidl_typesupport_introspection_cppExport.cmake
[2.503s] -- Up-to-date: /home/xplore/Desktop/main_HD_workspace/2023/ros2_ws/install/interfaces/share/interfaces/cmake/interfaces__rosidl_typesupport_introspection_cppExport-noconfig.cmake
[2.504s] -- Up-to-date: /home/xplore/Desktop/main_HD_workspace/2023/ros2_ws/install/interfaces/share/interfaces/cmake/interfaces__rosidl_typesupport_cppExport.cmake
[2.504s] -- Up-to-date: /home/xplore/Desktop/main_HD_workspace/2023/ros2_ws/install/interfaces/share/interfaces/cmake/interfaces__rosidl_typesupport_cppExport-noconfig.cmake
[2.505s] -- Up-to-date: /home/xplore/Desktop/main_HD_workspace/2023/ros2_ws/install/interfaces/share/interfaces/cmake/rosidl_cmake-extras.cmake
[2.505s] -- Up-to-date: /home/xplore/Desktop/main_HD_workspace/2023/ros2_ws/install/interfaces/share/interfaces/cmake/ament_cmake_export_dependencies-extras.cmake
[2.506s] -- Up-to-date: /home/xplore/Desktop/main_HD_workspace/2023/ros2_ws/install/interfaces/share/interfaces/cmake/ament_cmake_export_libraries-extras.cmake
[2.506s] -- Up-to-date: /home/xplore/Desktop/main_HD_workspace/2023/ros2_ws/install/interfaces/share/interfaces/cmake/ament_cmake_export_targets-extras.cmake
[2.507s] -- Up-to-date: /home/xplore/Desktop/main_HD_workspace/2023/ros2_ws/install/interfaces/share/interfaces/cmake/ament_cmake_export_include_directories-extras.cmake
[2.507s] -- Up-to-date: /home/xplore/Desktop/main_HD_workspace/2023/ros2_ws/install/interfaces/share/interfaces/cmake/rosidl_cmake_export_typesupport_libraries-extras.cmake
[2.507s] -- Up-to-date: /home/xplore/Desktop/main_HD_workspace/2023/ros2_ws/install/interfaces/share/interfaces/cmake/rosidl_cmake_export_typesupport_targets-extras.cmake
[2.508s] -- Up-to-date: /home/xplore/Desktop/main_HD_workspace/2023/ros2_ws/install/interfaces/share/interfaces/cmake/interfacesConfig.cmake
[2.508s] -- Up-to-date: /home/xplore/Desktop/main_HD_workspace/2023/ros2_ws/install/interfaces/share/interfaces/cmake/interfacesConfig-version.cmake
[2.508s] -- Up-to-date: /home/xplore/Desktop/main_HD_workspace/2023/ros2_ws/install/interfaces/share/interfaces/package.xml
[2.521s] Invoked command in '/home/xplore/Desktop/main_HD_workspace/2023/ros2_ws/build/interfaces' returned '0': CMAKE_PREFIX_PATH=${CMAKE_PREFIX_PATH}:/home/xplore/Desktop/main_HD_workspace/2023/ros2_ws/install/vision:/opt/ros/foxy /usr/bin/cmake --install /home/xplore/Desktop/main_HD_workspace/2023/ros2_ws/build/interfaces
