[0.321s] Invoking command in '/home/matthias/xplore2023/hd_ws/build/tttt': CMAKE_PREFIX_PATH=${CMAKE_PREFIX_PATH}:/home/matthias/xplore2023/hd_ws/install/task_execution:/home/matthias/xplore2023/hd_ws/install/manager:/opt/ros/humble /usr/bin/cmake --build /home/matthias/xplore2023/hd_ws/build/tttt -- -j12 -l12
[0.357s] Invoked command in '/home/matthias/xplore2023/hd_ws/build/tttt' returned '0': CMAKE_PREFIX_PATH=${CMAKE_PREFIX_PATH}:/home/matthias/xplore2023/hd_ws/install/task_execution:/home/matthias/xplore2023/hd_ws/install/manager:/opt/ros/humble /usr/bin/cmake --build /home/matthias/xplore2023/hd_ws/build/tttt -- -j12 -l12
[0.396s] Invoking command in '/home/matthias/xplore2023/hd_ws/build/tttt': CMAKE_PREFIX_PATH=${CMAKE_PREFIX_PATH}:/home/matthias/xplore2023/hd_ws/install/task_execution:/home/matthias/xplore2023/hd_ws/install/manager:/opt/ros/humble /usr/bin/cmake --install /home/matthias/xplore2023/hd_ws/build/tttt
[0.401s] -- Install configuration: ""
[0.402s] -- Up-to-date: /home/matthias/xplore2023/hd_ws/install/tttt/share/ament_index/resource_index/package_run_dependencies/tttt
[0.402s] -- Up-to-date: /home/matthias/xplore2023/hd_ws/install/tttt/share/ament_index/resource_index/parent_prefix_path/tttt
[0.402s] -- Up-to-date: /home/matthias/xplore2023/hd_ws/install/tttt/share/tttt/environment/ament_prefix_path.sh
[0.402s] -- Up-to-date: /home/matthias/xplore2023/hd_ws/install/tttt/share/tttt/environment/ament_prefix_path.dsv
[0.402s] -- Up-to-date: /home/matthias/xplore2023/hd_ws/install/tttt/share/tttt/environment/path.sh
[0.402s] -- Up-to-date: /home/matthias/xplore2023/hd_ws/install/tttt/share/tttt/environment/path.dsv
[0.403s] -- Up-to-date: /home/matthias/xplore2023/hd_ws/install/tttt/share/tttt/local_setup.bash
[0.403s] -- Up-to-date: /home/matthias/xplore2023/hd_ws/install/tttt/share/tttt/local_setup.sh
[0.403s] -- Up-to-date: /home/matthias/xplore2023/hd_ws/install/tttt/share/tttt/local_setup.zsh
[0.403s] -- Up-to-date: /home/matthias/xplore2023/hd_ws/install/tttt/share/tttt/local_setup.dsv
[0.403s] -- Installing: /home/matthias/xplore2023/hd_ws/install/tttt/share/tttt/package.dsv
[0.403s] -- Up-to-date: /home/matthias/xplore2023/hd_ws/install/tttt/share/ament_index/resource_index/packages/tttt
[0.404s] -- Up-to-date: /home/matthias/xplore2023/hd_ws/install/tttt/share/tttt/cmake/ttttConfig.cmake
[0.404s] -- Up-to-date: /home/matthias/xplore2023/hd_ws/install/tttt/share/tttt/cmake/ttttConfig-version.cmake
[0.406s] -- Up-to-date: /home/matthias/xplore2023/hd_ws/install/tttt/share/tttt/package.xml
[0.445s] Invoked command in '/home/matthias/xplore2023/hd_ws/build/tttt' returned '0': CMAKE_PREFIX_PATH=${CMAKE_PREFIX_PATH}:/home/matthias/xplore2023/hd_ws/install/task_execution:/home/matthias/xplore2023/hd_ws/install/manager:/opt/ros/humble /usr/bin/cmake --install /home/matthias/xplore2023/hd_ws/build/tttt
