[0.989s] Invoking command in '/home/matthias/xplore2023/hd_ws/src/control/task_execution': PYTHONPATH=/home/matthias/xplore2023/hd_ws/install/task_execution/lib/python3.10/site-packages:${PYTHONPATH} /usr/bin/python3 setup.py egg_info --egg-base ../../../build/task_execution build --build-base /home/matthias/xplore2023/hd_ws/build/task_execution/build install --prefix /home/matthias/xplore2023/hd_ws/install/task_execution --record /home/matthias/xplore2023/hd_ws/build/task_execution/install.log --single-version-externally-managed
[1.394s] running egg_info
[1.395s] writing ../../../build/task_execution/task_execution.egg-info/PKG-INFO
[1.395s] writing dependency_links to ../../../build/task_execution/task_execution.egg-info/dependency_links.txt
[1.395s] writing entry points to ../../../build/task_execution/task_execution.egg-info/entry_points.txt
[1.395s] writing requirements to ../../../build/task_execution/task_execution.egg-info/requires.txt
[1.396s] writing top-level names to ../../../build/task_execution/task_execution.egg-info/top_level.txt
[1.397s] reading manifest file '../../../build/task_execution/task_execution.egg-info/SOURCES.txt'
[1.398s] writing manifest file '../../../build/task_execution/task_execution.egg-info/SOURCES.txt'
[1.398s] running build
[1.398s] running build_py
[1.398s] running install
[1.399s] /usr/lib/python3/dist-packages/setuptools/command/install.py:34: SetuptoolsDeprecationWarning: setup.py install is deprecated. Use build and pip and other standards-based tools.
[1.399s]   warnings.warn(
[1.399s] running install_lib
[1.400s] running install_data
[1.401s] running install_egg_info
[1.402s] removing '/home/matthias/xplore2023/hd_ws/install/task_execution/lib/python3.10/site-packages/task_execution-0.0.0-py3.10.egg-info' (and everything under it)
[1.402s] Copying ../../../build/task_execution/task_execution.egg-info to /home/matthias/xplore2023/hd_ws/install/task_execution/lib/python3.10/site-packages/task_execution-0.0.0-py3.10.egg-info
[1.403s] running install_scripts
[1.422s] writing list of installed files to '/home/matthias/xplore2023/hd_ws/build/task_execution/install.log'
[1.444s] Invoked command in '/home/matthias/xplore2023/hd_ws/src/control/task_execution' returned '0': PYTHONPATH=/home/matthias/xplore2023/hd_ws/install/task_execution/lib/python3.10/site-packages:${PYTHONPATH} /usr/bin/python3 setup.py egg_info --egg-base ../../../build/task_execution build --build-base /home/matthias/xplore2023/hd_ws/build/task_execution/build install --prefix /home/matthias/xplore2023/hd_ws/install/task_execution --record /home/matthias/xplore2023/hd_ws/build/task_execution/install.log --single-version-externally-managed
