[0.328s] Invoking command in '/home/xplore/Desktop/main_HD_workspace/hd_ws/build/astra_interfaces': CMAKE_PREFIX_PATH=${CMAKE_PREFIX_PATH}:/home/xplore/Desktop/main_HD_workspace/hd_ws/install/task_execution:/home/xplore/Desktop/main_HD_workspace/hd_ws/install/manager:/opt/ros/foxy /usr/bin/cmake --build /home/xplore/Desktop/main_HD_workspace/hd_ws/build/astra_interfaces -- -j8 -l8
[1.304s] [  2%] Built target astra_interfaces__cpp
[1.308s] [ 12%] Built target astra_interfaces__rosidl_generator_c
[1.312s] [ 23%] Built target astra_interfaces__rosidl_typesupport_cpp
[1.313s] [ 34%] Built target astra_interfaces__rosidl_typesupport_introspection_cpp
[1.314s] [ 44%] Built target astra_interfaces__rosidl_typesupport_c
[1.318s] [ 55%] Built target astra_interfaces__rosidl_typesupport_introspection_c
[1.324s] [ 65%] Built target astra_interfaces__rosidl_typesupport_fastrtps_cpp
[1.324s] [ 76%] Built target astra_interfaces__rosidl_typesupport_fastrtps_c
[1.325s] [ 76%] Built target astra_interfaces
[1.325s] [ 78%] Built target astra_interfaces__py
[1.326s] [ 87%] Built target astra_interfaces__python
[1.327s] [ 91%] Built target astra_interfaces__rosidl_typesupport_c__pyext
[1.327s] [ 95%] Built target astra_interfaces__rosidl_typesupport_introspection_c__pyext
[1.327s] [100%] Built target astra_interfaces__rosidl_typesupport_fastrtps_c__pyext
[1.333s] Invoked command in '/home/xplore/Desktop/main_HD_workspace/hd_ws/build/astra_interfaces' returned '0': CMAKE_PREFIX_PATH=${CMAKE_PREFIX_PATH}:/home/xplore/Desktop/main_HD_workspace/hd_ws/install/task_execution:/home/xplore/Desktop/main_HD_workspace/hd_ws/install/manager:/opt/ros/foxy /usr/bin/cmake --build /home/xplore/Desktop/main_HD_workspace/hd_ws/build/astra_interfaces -- -j8 -l8
[1.919s] Invoking command in '/home/xplore/Desktop/main_HD_workspace/hd_ws/build/astra_interfaces': CMAKE_PREFIX_PATH=${CMAKE_PREFIX_PATH}:/home/xplore/Desktop/main_HD_workspace/hd_ws/install/task_execution:/home/xplore/Desktop/main_HD_workspace/hd_ws/install/manager:/opt/ros/foxy /usr/bin/cmake --install /home/xplore/Desktop/main_HD_workspace/hd_ws/build/astra_interfaces
[2.150s] -- Install configuration: ""
[2.151s] -- Up-to-date: /home/xplore/Desktop/main_HD_workspace/hd_ws/install/astra_interfaces/share/ament_index/resource_index/rosidl_interfaces/astra_interfaces
[2.151s] -- Up-to-date: /home/xplore/Desktop/main_HD_workspace/hd_ws/install/astra_interfaces/include/astra_interfaces
[2.152s] -- Up-to-date: /home/xplore/Desktop/main_HD_workspace/hd_ws/install/astra_interfaces/include/astra_interfaces/msg
[2.152s] -- Up-to-date: /home/xplore/Desktop/main_HD_workspace/hd_ws/install/astra_interfaces/include/astra_interfaces/msg/task.h
[2.153s] -- Up-to-date: /home/xplore/Desktop/main_HD_workspace/hd_ws/install/astra_interfaces/include/astra_interfaces/msg/object.h
[2.153s] -- Up-to-date: /home/xplore/Desktop/main_HD_workspace/hd_ws/install/astra_interfaces/include/astra_interfaces/msg/detail
[2.154s] -- Up-to-date: /home/xplore/Desktop/main_HD_workspace/hd_ws/install/astra_interfaces/include/astra_interfaces/msg/detail/object__type_support.h
[2.154s] -- Up-to-date: /home/xplore/Desktop/main_HD_workspace/hd_ws/install/astra_interfaces/include/astra_interfaces/msg/detail/task__struct.h
[2.155s] -- Up-to-date: /home/xplore/Desktop/main_HD_workspace/hd_ws/install/astra_interfaces/include/astra_interfaces/msg/detail/object__functions.c
[2.155s] -- Up-to-date: /home/xplore/Desktop/main_HD_workspace/hd_ws/install/astra_interfaces/include/astra_interfaces/msg/detail/task__functions.c
[2.155s] -- Up-to-date: /home/xplore/Desktop/main_HD_workspace/hd_ws/install/astra_interfaces/include/astra_interfaces/msg/detail/object__struct.h
[2.156s] -- Up-to-date: /home/xplore/Desktop/main_HD_workspace/hd_ws/install/astra_interfaces/include/astra_interfaces/msg/detail/task__type_support.h
[2.156s] -- Up-to-date: /home/xplore/Desktop/main_HD_workspace/hd_ws/install/astra_interfaces/include/astra_interfaces/msg/detail/object__functions.h
[2.157s] -- Up-to-date: /home/xplore/Desktop/main_HD_workspace/hd_ws/install/astra_interfaces/include/astra_interfaces/msg/detail/cmd_outcome__functions.h
[2.157s] -- Up-to-date: /home/xplore/Desktop/main_HD_workspace/hd_ws/install/astra_interfaces/include/astra_interfaces/msg/detail/cmd_outcome__type_support.h
[2.158s] -- Up-to-date: /home/xplore/Desktop/main_HD_workspace/hd_ws/install/astra_interfaces/include/astra_interfaces/msg/detail/cmd_outcome__functions.c
[2.158s] -- Up-to-date: /home/xplore/Desktop/main_HD_workspace/hd_ws/install/astra_interfaces/include/astra_interfaces/msg/detail/task__functions.h
[2.159s] -- Up-to-date: /home/xplore/Desktop/main_HD_workspace/hd_ws/install/astra_interfaces/include/astra_interfaces/msg/detail/cmd_outcome__struct.h
[2.159s] -- Up-to-date: /home/xplore/Desktop/main_HD_workspace/hd_ws/install/astra_interfaces/include/astra_interfaces/msg/rosidl_generator_c__visibility_control.h
[2.160s] -- Up-to-date: /home/xplore/Desktop/main_HD_workspace/hd_ws/install/astra_interfaces/include/astra_interfaces/msg/cmd_outcome.h
[2.160s] -- Up-to-date: /home/xplore/Desktop/main_HD_workspace/hd_ws/install/astra_interfaces/share/astra_interfaces/environment/library_path.sh
[2.160s] -- Up-to-date: /home/xplore/Desktop/main_HD_workspace/hd_ws/install/astra_interfaces/share/astra_interfaces/environment/library_path.dsv
[2.161s] -- Up-to-date: /home/xplore/Desktop/main_HD_workspace/hd_ws/install/astra_interfaces/lib/libastra_interfaces__rosidl_generator_c.so
[2.167s] -- Up-to-date: /home/xplore/Desktop/main_HD_workspace/hd_ws/install/astra_interfaces/include/astra_interfaces
[2.167s] -- Up-to-date: /home/xplore/Desktop/main_HD_workspace/hd_ws/install/astra_interfaces/include/astra_interfaces/msg
[2.168s] -- Up-to-date: /home/xplore/Desktop/main_HD_workspace/hd_ws/install/astra_interfaces/include/astra_interfaces/msg/detail
[2.170s] -- Up-to-date: /home/xplore/Desktop/main_HD_workspace/hd_ws/install/astra_interfaces/include/astra_interfaces/msg/detail/cmd_outcome__rosidl_typesupport_fastrtps_c.h
[2.170s] -- Up-to-date: /home/xplore/Desktop/main_HD_workspace/hd_ws/install/astra_interfaces/include/astra_interfaces/msg/detail/task__rosidl_typesupport_fastrtps_c.h
[2.171s] -- Up-to-date: /home/xplore/Desktop/main_HD_workspace/hd_ws/install/astra_interfaces/include/astra_interfaces/msg/detail/object__rosidl_typesupport_fastrtps_c.h
[2.172s] -- Up-to-date: /home/xplore/Desktop/main_HD_workspace/hd_ws/install/astra_interfaces/include/astra_interfaces/msg/rosidl_typesupport_fastrtps_c__visibility_control.h
[2.172s] -- Up-to-date: /home/xplore/Desktop/main_HD_workspace/hd_ws/install/astra_interfaces/lib/libastra_interfaces__rosidl_typesupport_fastrtps_c.so
[2.173s] -- Up-to-date: /home/xplore/Desktop/main_HD_workspace/hd_ws/install/astra_interfaces/include/astra_interfaces
[2.173s] -- Up-to-date: /home/xplore/Desktop/main_HD_workspace/hd_ws/install/astra_interfaces/include/astra_interfaces/msg
[2.174s] -- Up-to-date: /home/xplore/Desktop/main_HD_workspace/hd_ws/install/astra_interfaces/include/astra_interfaces/msg/rosidl_typesupport_fastrtps_cpp__visibility_control.h
[2.174s] -- Up-to-date: /home/xplore/Desktop/main_HD_workspace/hd_ws/install/astra_interfaces/include/astra_interfaces/msg/detail
[2.174s] -- Up-to-date: /home/xplore/Desktop/main_HD_workspace/hd_ws/install/astra_interfaces/include/astra_interfaces/msg/detail/object__rosidl_typesupport_fastrtps_cpp.hpp
[2.176s] -- Up-to-date: /home/xplore/Desktop/main_HD_workspace/hd_ws/install/astra_interfaces/include/astra_interfaces/msg/detail/cmd_outcome__rosidl_typesupport_fastrtps_cpp.hpp
[2.176s] -- Up-to-date: /home/xplore/Desktop/main_HD_workspace/hd_ws/install/astra_interfaces/include/astra_interfaces/msg/detail/task__rosidl_typesupport_fastrtps_cpp.hpp
[2.181s] -- Up-to-date: /home/xplore/Desktop/main_HD_workspace/hd_ws/install/astra_interfaces/include/astra_interfaces/msg/detail/dds_fastrtps
[2.182s] -- Up-to-date: /home/xplore/Desktop/main_HD_workspace/hd_ws/install/astra_interfaces/lib/libastra_interfaces__rosidl_typesupport_fastrtps_cpp.so
[2.184s] -- Up-to-date: /home/xplore/Desktop/main_HD_workspace/hd_ws/install/astra_interfaces/include/astra_interfaces
[2.186s] -- Up-to-date: /home/xplore/Desktop/main_HD_workspace/hd_ws/install/astra_interfaces/include/astra_interfaces/msg
[2.186s] -- Up-to-date: /home/xplore/Desktop/main_HD_workspace/hd_ws/install/astra_interfaces/include/astra_interfaces/msg/detail
[2.187s] -- Up-to-date: /home/xplore/Desktop/main_HD_workspace/hd_ws/install/astra_interfaces/include/astra_interfaces/msg/detail/task__type_support.c
[2.187s] -- Up-to-date: /home/xplore/Desktop/main_HD_workspace/hd_ws/install/astra_interfaces/include/astra_interfaces/msg/detail/object__type_support.c
[2.188s] -- Up-to-date: /home/xplore/Desktop/main_HD_workspace/hd_ws/install/astra_interfaces/include/astra_interfaces/msg/detail/cmd_outcome__rosidl_typesupport_introspection_c.h
[2.188s] -- Up-to-date: /home/xplore/Desktop/main_HD_workspace/hd_ws/install/astra_interfaces/include/astra_interfaces/msg/detail/cmd_outcome__type_support.c
[2.189s] -- Up-to-date: /home/xplore/Desktop/main_HD_workspace/hd_ws/install/astra_interfaces/include/astra_interfaces/msg/detail/object__rosidl_typesupport_introspection_c.h
[2.189s] -- Up-to-date: /home/xplore/Desktop/main_HD_workspace/hd_ws/install/astra_interfaces/include/astra_interfaces/msg/detail/task__rosidl_typesupport_introspection_c.h
[2.190s] -- Up-to-date: /home/xplore/Desktop/main_HD_workspace/hd_ws/install/astra_interfaces/include/astra_interfaces/msg/rosidl_typesupport_introspection_c__visibility_control.h
[2.191s] -- Up-to-date: /home/xplore/Desktop/main_HD_workspace/hd_ws/install/astra_interfaces/lib/libastra_interfaces__rosidl_typesupport_introspection_c.so
[2.191s] -- Up-to-date: /home/xplore/Desktop/main_HD_workspace/hd_ws/install/astra_interfaces/lib/libastra_interfaces__rosidl_typesupport_c.so
[2.192s] -- Up-to-date: /home/xplore/Desktop/main_HD_workspace/hd_ws/install/astra_interfaces/include/astra_interfaces
[2.192s] -- Up-to-date: /home/xplore/Desktop/main_HD_workspace/hd_ws/install/astra_interfaces/include/astra_interfaces/msg
[2.193s] -- Up-to-date: /home/xplore/Desktop/main_HD_workspace/hd_ws/install/astra_interfaces/include/astra_interfaces/msg/task.hpp
[2.193s] -- Up-to-date: /home/xplore/Desktop/main_HD_workspace/hd_ws/install/astra_interfaces/include/astra_interfaces/msg/detail
[2.194s] -- Up-to-date: /home/xplore/Desktop/main_HD_workspace/hd_ws/install/astra_interfaces/include/astra_interfaces/msg/detail/object__struct.hpp
[2.194s] -- Up-to-date: /home/xplore/Desktop/main_HD_workspace/hd_ws/install/astra_interfaces/include/astra_interfaces/msg/detail/cmd_outcome__builder.hpp
[2.195s] -- Up-to-date: /home/xplore/Desktop/main_HD_workspace/hd_ws/install/astra_interfaces/include/astra_interfaces/msg/detail/task__builder.hpp
[2.195s] -- Up-to-date: /home/xplore/Desktop/main_HD_workspace/hd_ws/install/astra_interfaces/include/astra_interfaces/msg/detail/object__traits.hpp
[2.196s] -- Up-to-date: /home/xplore/Desktop/main_HD_workspace/hd_ws/install/astra_interfaces/include/astra_interfaces/msg/detail/cmd_outcome__struct.hpp
[2.196s] -- Up-to-date: /home/xplore/Desktop/main_HD_workspace/hd_ws/install/astra_interfaces/include/astra_interfaces/msg/detail/cmd_outcome__traits.hpp
[2.197s] -- Up-to-date: /home/xplore/Desktop/main_HD_workspace/hd_ws/install/astra_interfaces/include/astra_interfaces/msg/detail/object__builder.hpp
[2.197s] -- Up-to-date: /home/xplore/Desktop/main_HD_workspace/hd_ws/install/astra_interfaces/include/astra_interfaces/msg/detail/task__struct.hpp
[2.198s] -- Up-to-date: /home/xplore/Desktop/main_HD_workspace/hd_ws/install/astra_interfaces/include/astra_interfaces/msg/detail/task__traits.hpp
[2.198s] -- Up-to-date: /home/xplore/Desktop/main_HD_workspace/hd_ws/install/astra_interfaces/include/astra_interfaces/msg/cmd_outcome.hpp
[2.199s] -- Up-to-date: /home/xplore/Desktop/main_HD_workspace/hd_ws/install/astra_interfaces/include/astra_interfaces/msg/object.hpp
[2.200s] -- Up-to-date: /home/xplore/Desktop/main_HD_workspace/hd_ws/install/astra_interfaces/include/astra_interfaces
[2.200s] -- Up-to-date: /home/xplore/Desktop/main_HD_workspace/hd_ws/install/astra_interfaces/include/astra_interfaces/msg
[2.201s] -- Up-to-date: /home/xplore/Desktop/main_HD_workspace/hd_ws/install/astra_interfaces/include/astra_interfaces/msg/detail
[2.201s] -- Up-to-date: /home/xplore/Desktop/main_HD_workspace/hd_ws/install/astra_interfaces/include/astra_interfaces/msg/detail/object__rosidl_typesupport_introspection_cpp.hpp
[2.202s] -- Up-to-date: /home/xplore/Desktop/main_HD_workspace/hd_ws/install/astra_interfaces/include/astra_interfaces/msg/detail/object__type_support.cpp
[2.202s] -- Up-to-date: /home/xplore/Desktop/main_HD_workspace/hd_ws/install/astra_interfaces/include/astra_interfaces/msg/detail/task__type_support.cpp
[2.203s] -- Up-to-date: /home/xplore/Desktop/main_HD_workspace/hd_ws/install/astra_interfaces/include/astra_interfaces/msg/detail/task__rosidl_typesupport_introspection_cpp.hpp
[2.203s] -- Up-to-date: /home/xplore/Desktop/main_HD_workspace/hd_ws/install/astra_interfaces/include/astra_interfaces/msg/detail/cmd_outcome__rosidl_typesupport_introspection_cpp.hpp
[2.204s] -- Up-to-date: /home/xplore/Desktop/main_HD_workspace/hd_ws/install/astra_interfaces/include/astra_interfaces/msg/detail/cmd_outcome__type_support.cpp
[2.204s] -- Up-to-date: /home/xplore/Desktop/main_HD_workspace/hd_ws/install/astra_interfaces/lib/libastra_interfaces__rosidl_typesupport_introspection_cpp.so
[2.205s] -- Up-to-date: /home/xplore/Desktop/main_HD_workspace/hd_ws/install/astra_interfaces/lib/libastra_interfaces__rosidl_typesupport_cpp.so
[2.205s] -- Up-to-date: /home/xplore/Desktop/main_HD_workspace/hd_ws/install/astra_interfaces/share/astra_interfaces/environment/pythonpath.sh
[2.205s] -- Up-to-date: /home/xplore/Desktop/main_HD_workspace/hd_ws/install/astra_interfaces/share/astra_interfaces/environment/pythonpath.dsv
[2.205s] -- Up-to-date: /home/xplore/Desktop/main_HD_workspace/hd_ws/install/astra_interfaces/lib/python3.8/site-packages/astra_interfaces/__init__.py
[2.206s] -- Up-to-date: /home/xplore/Desktop/main_HD_workspace/hd_ws/install/astra_interfaces/lib/python3.8/site-packages/astra_interfaces/msg
[2.206s] -- Up-to-date: /home/xplore/Desktop/main_HD_workspace/hd_ws/install/astra_interfaces/lib/python3.8/site-packages/astra_interfaces/msg/_task_s.c
[2.207s] -- Up-to-date: /home/xplore/Desktop/main_HD_workspace/hd_ws/install/astra_interfaces/lib/python3.8/site-packages/astra_interfaces/msg/_cmd_outcome_s.c
[2.207s] -- Up-to-date: /home/xplore/Desktop/main_HD_workspace/hd_ws/install/astra_interfaces/lib/python3.8/site-packages/astra_interfaces/msg/_object_s.c
[2.208s] -- Up-to-date: /home/xplore/Desktop/main_HD_workspace/hd_ws/install/astra_interfaces/lib/python3.8/site-packages/astra_interfaces/msg/__init__.py
[2.208s] -- Up-to-date: /home/xplore/Desktop/main_HD_workspace/hd_ws/install/astra_interfaces/lib/python3.8/site-packages/astra_interfaces/msg/_cmd_outcome.py
[2.208s] -- Up-to-date: /home/xplore/Desktop/main_HD_workspace/hd_ws/install/astra_interfaces/lib/python3.8/site-packages/astra_interfaces/msg/_task.py
[2.209s] -- Up-to-date: /home/xplore/Desktop/main_HD_workspace/hd_ws/install/astra_interfaces/lib/python3.8/site-packages/astra_interfaces/msg/_object.py
[2.209s] -- Up-to-date: /home/xplore/Desktop/main_HD_workspace/hd_ws/install/astra_interfaces/lib/python3.8/site-packages/astra_interfaces/astra_interfaces_s__rosidl_typesupport_fastrtps_c.cpython-38-aarch64-linux-gnu.so
[2.209s] -- Up-to-date: /home/xplore/Desktop/main_HD_workspace/hd_ws/install/astra_interfaces/lib/python3.8/site-packages/astra_interfaces/astra_interfaces_s__rosidl_typesupport_introspection_c.cpython-38-aarch64-linux-gnu.so
[2.210s] -- Up-to-date: /home/xplore/Desktop/main_HD_workspace/hd_ws/install/astra_interfaces/lib/python3.8/site-packages/astra_interfaces/astra_interfaces_s__rosidl_typesupport_c.cpython-38-aarch64-linux-gnu.so
[2.211s] -- Up-to-date: /home/xplore/Desktop/main_HD_workspace/hd_ws/install/astra_interfaces/lib/libastra_interfaces__python.so
[2.211s] -- Up-to-date: /home/xplore/Desktop/main_HD_workspace/hd_ws/install/astra_interfaces/share/astra_interfaces/msg/CmdOutcome.idl
[2.212s] -- Up-to-date: /home/xplore/Desktop/main_HD_workspace/hd_ws/install/astra_interfaces/share/astra_interfaces/msg/Object.idl
[2.212s] -- Up-to-date: /home/xplore/Desktop/main_HD_workspace/hd_ws/install/astra_interfaces/share/astra_interfaces/msg/Task.idl
[2.213s] -- Up-to-date: /home/xplore/Desktop/main_HD_workspace/hd_ws/install/astra_interfaces/share/astra_interfaces/msg/CmdOutcome.msg
[2.213s] -- Up-to-date: /home/xplore/Desktop/main_HD_workspace/hd_ws/install/astra_interfaces/share/astra_interfaces/msg/Object.msg
[2.214s] -- Up-to-date: /home/xplore/Desktop/main_HD_workspace/hd_ws/install/astra_interfaces/share/astra_interfaces/msg/Task.msg
[2.215s] -- Up-to-date: /home/xplore/Desktop/main_HD_workspace/hd_ws/install/astra_interfaces/share/ament_index/resource_index/package_run_dependencies/astra_interfaces
[2.215s] -- Up-to-date: /home/xplore/Desktop/main_HD_workspace/hd_ws/install/astra_interfaces/share/ament_index/resource_index/parent_prefix_path/astra_interfaces
[2.216s] -- Up-to-date: /home/xplore/Desktop/main_HD_workspace/hd_ws/install/astra_interfaces/share/astra_interfaces/environment/ament_prefix_path.sh
[2.217s] -- Up-to-date: /home/xplore/Desktop/main_HD_workspace/hd_ws/install/astra_interfaces/share/astra_interfaces/environment/ament_prefix_path.dsv
[2.222s] -- Up-to-date: /home/xplore/Desktop/main_HD_workspace/hd_ws/install/astra_interfaces/share/astra_interfaces/environment/path.sh
[2.228s] -- Up-to-date: /home/xplore/Desktop/main_HD_workspace/hd_ws/install/astra_interfaces/share/astra_interfaces/environment/path.dsv
[2.247s] -- Up-to-date: /home/xplore/Desktop/main_HD_workspace/hd_ws/install/astra_interfaces/share/astra_interfaces/local_setup.bash
[2.251s] -- Up-to-date: /home/xplore/Desktop/main_HD_workspace/hd_ws/install/astra_interfaces/share/astra_interfaces/local_setup.sh
[2.252s] -- Up-to-date: /home/xplore/Desktop/main_HD_workspace/hd_ws/install/astra_interfaces/share/astra_interfaces/local_setup.zsh
[2.253s] -- Up-to-date: /home/xplore/Desktop/main_HD_workspace/hd_ws/install/astra_interfaces/share/astra_interfaces/local_setup.dsv
[2.253s] -- Installing: /home/xplore/Desktop/main_HD_workspace/hd_ws/install/astra_interfaces/share/astra_interfaces/package.dsv
[2.254s] -- Up-to-date: /home/xplore/Desktop/main_HD_workspace/hd_ws/install/astra_interfaces/share/ament_index/resource_index/packages/astra_interfaces
[2.255s] -- Up-to-date: /home/xplore/Desktop/main_HD_workspace/hd_ws/install/astra_interfaces/share/astra_interfaces/cmake/astra_interfaces__rosidl_generator_cExport.cmake
[2.255s] -- Up-to-date: /home/xplore/Desktop/main_HD_workspace/hd_ws/install/astra_interfaces/share/astra_interfaces/cmake/astra_interfaces__rosidl_generator_cExport-noconfig.cmake
[2.256s] -- Up-to-date: /home/xplore/Desktop/main_HD_workspace/hd_ws/install/astra_interfaces/share/astra_interfaces/cmake/astra_interfaces__rosidl_typesupport_introspection_cExport.cmake
[2.257s] -- Up-to-date: /home/xplore/Desktop/main_HD_workspace/hd_ws/install/astra_interfaces/share/astra_interfaces/cmake/astra_interfaces__rosidl_typesupport_introspection_cExport-noconfig.cmake
[2.257s] -- Up-to-date: /home/xplore/Desktop/main_HD_workspace/hd_ws/install/astra_interfaces/share/astra_interfaces/cmake/astra_interfaces__rosidl_typesupport_cExport.cmake
[2.257s] -- Up-to-date: /home/xplore/Desktop/main_HD_workspace/hd_ws/install/astra_interfaces/share/astra_interfaces/cmake/astra_interfaces__rosidl_typesupport_cExport-noconfig.cmake
[2.258s] -- Up-to-date: /home/xplore/Desktop/main_HD_workspace/hd_ws/install/astra_interfaces/share/astra_interfaces/cmake/astra_interfaces__rosidl_generator_cppExport.cmake
[2.258s] -- Up-to-date: /home/xplore/Desktop/main_HD_workspace/hd_ws/install/astra_interfaces/share/astra_interfaces/cmake/astra_interfaces__rosidl_typesupport_introspection_cppExport.cmake
[2.259s] -- Up-to-date: /home/xplore/Desktop/main_HD_workspace/hd_ws/install/astra_interfaces/share/astra_interfaces/cmake/astra_interfaces__rosidl_typesupport_introspection_cppExport-noconfig.cmake
[2.259s] -- Up-to-date: /home/xplore/Desktop/main_HD_workspace/hd_ws/install/astra_interfaces/share/astra_interfaces/cmake/astra_interfaces__rosidl_typesupport_cppExport.cmake
[2.260s] -- Up-to-date: /home/xplore/Desktop/main_HD_workspace/hd_ws/install/astra_interfaces/share/astra_interfaces/cmake/astra_interfaces__rosidl_typesupport_cppExport-noconfig.cmake
[2.260s] -- Up-to-date: /home/xplore/Desktop/main_HD_workspace/hd_ws/install/astra_interfaces/share/astra_interfaces/cmake/rosidl_cmake-extras.cmake
[2.260s] -- Up-to-date: /home/xplore/Desktop/main_HD_workspace/hd_ws/install/astra_interfaces/share/astra_interfaces/cmake/ament_cmake_export_dependencies-extras.cmake
[2.261s] -- Up-to-date: /home/xplore/Desktop/main_HD_workspace/hd_ws/install/astra_interfaces/share/astra_interfaces/cmake/ament_cmake_export_libraries-extras.cmake
[2.261s] -- Up-to-date: /home/xplore/Desktop/main_HD_workspace/hd_ws/install/astra_interfaces/share/astra_interfaces/cmake/ament_cmake_export_targets-extras.cmake
[2.262s] -- Up-to-date: /home/xplore/Desktop/main_HD_workspace/hd_ws/install/astra_interfaces/share/astra_interfaces/cmake/ament_cmake_export_include_directories-extras.cmake
[2.262s] -- Up-to-date: /home/xplore/Desktop/main_HD_workspace/hd_ws/install/astra_interfaces/share/astra_interfaces/cmake/rosidl_cmake_export_typesupport_libraries-extras.cmake
[2.263s] -- Up-to-date: /home/xplore/Desktop/main_HD_workspace/hd_ws/install/astra_interfaces/share/astra_interfaces/cmake/rosidl_cmake_export_typesupport_targets-extras.cmake
[2.269s] -- Up-to-date: /home/xplore/Desktop/main_HD_workspace/hd_ws/install/astra_interfaces/share/astra_interfaces/cmake/astra_interfacesConfig.cmake
[2.269s] -- Up-to-date: /home/xplore/Desktop/main_HD_workspace/hd_ws/install/astra_interfaces/share/astra_interfaces/cmake/astra_interfacesConfig-version.cmake
[2.271s] -- Up-to-date: /home/xplore/Desktop/main_HD_workspace/hd_ws/install/astra_interfaces/share/astra_interfaces/package.xml
[2.533s] Invoked command in '/home/xplore/Desktop/main_HD_workspace/hd_ws/build/astra_interfaces' returned '0': CMAKE_PREFIX_PATH=${CMAKE_PREFIX_PATH}:/home/xplore/Desktop/main_HD_workspace/hd_ws/install/task_execution:/home/xplore/Desktop/main_HD_workspace/hd_ws/install/manager:/opt/ros/foxy /usr/bin/cmake --install /home/xplore/Desktop/main_HD_workspace/hd_ws/build/astra_interfaces
