[0.037s] Invoking command in '/home/matthias/xplore2023/hd_ws/build/astra_description': CMAKE_PREFIX_PATH=${CMAKE_PREFIX_PATH}:/home/matthias/xplore2023/hd_ws/install/task_execution:/home/matthias/xplore2023/hd_ws/install/manager:/opt/ros/humble /usr/bin/cmake --build /home/matthias/xplore2023/hd_ws/build/astra_description -- -j12 -l12
[0.059s] -- Found ament_cmake: 1.3.3 (/opt/ros/humble/share/ament_cmake/cmake)
[0.200s] -- Found ament_lint_auto: 0.12.4 (/opt/ros/humble/share/ament_lint_auto/cmake)
[0.263s] -- Added test 'lint_cmake' to check CMake code style
[0.264s] -- Added test 'xmllint' to check XML markup files
[0.266s] -- Configuring done
[0.270s] -- Generating done
[0.270s] -- Build files have been written to: /home/matthias/xplore2023/hd_ws/build/astra_description
[0.313s] Invoked command in '/home/matthias/xplore2023/hd_ws/build/astra_description' returned '0': CMAKE_PREFIX_PATH=${CMAKE_PREFIX_PATH}:/home/matthias/xplore2023/hd_ws/install/task_execution:/home/matthias/xplore2023/hd_ws/install/manager:/opt/ros/humble /usr/bin/cmake --build /home/matthias/xplore2023/hd_ws/build/astra_description -- -j12 -l12
[0.339s] Invoking command in '/home/matthias/xplore2023/hd_ws/build/astra_description': CMAKE_PREFIX_PATH=${CMAKE_PREFIX_PATH}:/home/matthias/xplore2023/hd_ws/install/task_execution:/home/matthias/xplore2023/hd_ws/install/manager:/opt/ros/humble /usr/bin/cmake --install /home/matthias/xplore2023/hd_ws/build/astra_description
[0.348s] -- Install configuration: ""
[0.349s] -- Up-to-date: /home/matthias/xplore2023/hd_ws/install/astra_description/share/ament_index/resource_index/package_run_dependencies/astra_description
[0.349s] -- Installing: /home/matthias/xplore2023/hd_ws/install/astra_description/share/ament_index/resource_index/parent_prefix_path/astra_description
[0.350s] -- Installing: /home/matthias/xplore2023/hd_ws/install/astra_description/share/astra_description/environment/ament_prefix_path.sh
[0.350s] -- Installing: /home/matthias/xplore2023/hd_ws/install/astra_description/share/astra_description/environment/ament_prefix_path.dsv
[0.350s] -- Installing: /home/matthias/xplore2023/hd_ws/install/astra_description/share/astra_description/environment/path.sh
[0.350s] -- Installing: /home/matthias/xplore2023/hd_ws/install/astra_description/share/astra_description/environment/path.dsv
[0.350s] -- Up-to-date: /home/matthias/xplore2023/hd_ws/install/astra_description/share/astra_description/local_setup.bash
[0.350s] -- Up-to-date: /home/matthias/xplore2023/hd_ws/install/astra_description/share/astra_description/local_setup.sh
[0.350s] -- Up-to-date: /home/matthias/xplore2023/hd_ws/install/astra_description/share/astra_description/local_setup.zsh
[0.350s] -- Installing: /home/matthias/xplore2023/hd_ws/install/astra_description/share/astra_description/local_setup.dsv
[0.350s] -- Installing: /home/matthias/xplore2023/hd_ws/install/astra_description/share/astra_description/package.dsv
[0.350s] -- Up-to-date: /home/matthias/xplore2023/hd_ws/install/astra_description/share/ament_index/resource_index/packages/astra_description
[0.350s] -- Up-to-date: /home/matthias/xplore2023/hd_ws/install/astra_description/share/astra_description/cmake/astra_descriptionConfig.cmake
[0.350s] -- Up-to-date: /home/matthias/xplore2023/hd_ws/install/astra_description/share/astra_description/cmake/astra_descriptionConfig-version.cmake
[0.350s] -- Up-to-date: /home/matthias/xplore2023/hd_ws/install/astra_description/share/astra_description/package.xml
[0.373s] Invoked command in '/home/matthias/xplore2023/hd_ws/build/astra_description' returned '0': CMAKE_PREFIX_PATH=${CMAKE_PREFIX_PATH}:/home/matthias/xplore2023/hd_ws/install/task_execution:/home/matthias/xplore2023/hd_ws/install/manager:/opt/ros/humble /usr/bin/cmake --install /home/matthias/xplore2023/hd_ws/build/astra_description
