[0.031s] Invoking command in '/home/matthias/xplore2023/hd_ws/build/astra_interfaces': CMAKE_PREFIX_PATH=${CMAKE_PREFIX_PATH}:/home/matthias/xplore2023/hd_ws/install/task_execution:/home/matthias/xplore2023/hd_ws/install/manager:/opt/ros/humble /usr/bin/cmake --build /home/matthias/xplore2023/hd_ws/build/astra_interfaces -- -j12 -l12
[0.071s] [  2%] Built target astra_interfaces__cpp
[0.072s] [ 12%] Built target astra_interfaces__rosidl_generator_c
[0.081s] [ 12%] Built target ament_cmake_python_copy_astra_interfaces
[0.092s] [ 23%] Built target astra_interfaces__rosidl_typesupport_fastrtps_cpp
[0.093s] [ 34%] Built target astra_interfaces__rosidl_typesupport_cpp
[0.093s] [ 44%] Built target astra_interfaces__rosidl_typesupport_introspection_cpp
[0.104s] [ 55%] Built target astra_interfaces__rosidl_typesupport_introspection_c
[0.106s] [ 65%] Built target astra_interfaces__rosidl_typesupport_fastrtps_c
[0.106s] [ 76%] Built target astra_interfaces__rosidl_typesupport_c
[0.125s] [ 76%] Built target astra_interfaces
[0.142s] [ 78%] Built target astra_interfaces__py
[0.161s] [ 87%] Built target astra_interfaces__rosidl_generator_py
[0.180s] [ 95%] Built target astra_interfaces__rosidl_typesupport_c__pyext
[0.180s] [ 95%] Built target astra_interfaces__rosidl_typesupport_introspection_c__pyext
[0.181s] [100%] Built target astra_interfaces__rosidl_typesupport_fastrtps_c__pyext
[0.343s] running egg_info
[0.344s] writing astra_interfaces.egg-info/PKG-INFO
[0.344s] writing dependency_links to astra_interfaces.egg-info/dependency_links.txt
[0.345s] writing top-level names to astra_interfaces.egg-info/top_level.txt
[0.348s] reading manifest file 'astra_interfaces.egg-info/SOURCES.txt'
[0.348s] writing manifest file 'astra_interfaces.egg-info/SOURCES.txt'
[0.372s] [100%] Built target ament_cmake_python_build_astra_interfaces_egg
[0.408s] Invoked command in '/home/matthias/xplore2023/hd_ws/build/astra_interfaces' returned '0': CMAKE_PREFIX_PATH=${CMAKE_PREFIX_PATH}:/home/matthias/xplore2023/hd_ws/install/task_execution:/home/matthias/xplore2023/hd_ws/install/manager:/opt/ros/humble /usr/bin/cmake --build /home/matthias/xplore2023/hd_ws/build/astra_interfaces -- -j12 -l12
[0.479s] Invoking command in '/home/matthias/xplore2023/hd_ws/build/astra_interfaces': CMAKE_PREFIX_PATH=${CMAKE_PREFIX_PATH}:/home/matthias/xplore2023/hd_ws/install/task_execution:/home/matthias/xplore2023/hd_ws/install/manager:/opt/ros/humble /usr/bin/cmake --install /home/matthias/xplore2023/hd_ws/build/astra_interfaces
[0.495s] -- Install configuration: ""
[0.497s] -- Up-to-date: /home/matthias/xplore2023/hd_ws/install/astra_interfaces/share/ament_index/resource_index/rosidl_interfaces/astra_interfaces
[0.497s] -- Up-to-date: /home/matthias/xplore2023/hd_ws/install/astra_interfaces/include/astra_interfaces/astra_interfaces
[0.497s] -- Up-to-date: /home/matthias/xplore2023/hd_ws/install/astra_interfaces/include/astra_interfaces/astra_interfaces/msg
[0.498s] -- Up-to-date: /home/matthias/xplore2023/hd_ws/install/astra_interfaces/include/astra_interfaces/astra_interfaces/msg/task.h
[0.498s] -- Up-to-date: /home/matthias/xplore2023/hd_ws/install/astra_interfaces/include/astra_interfaces/astra_interfaces/msg/detail
[0.498s] -- Up-to-date: /home/matthias/xplore2023/hd_ws/install/astra_interfaces/include/astra_interfaces/astra_interfaces/msg/detail/task__type_support.h
[0.498s] -- Up-to-date: /home/matthias/xplore2023/hd_ws/install/astra_interfaces/include/astra_interfaces/astra_interfaces/msg/detail/task__functions.c
[0.498s] -- Up-to-date: /home/matthias/xplore2023/hd_ws/install/astra_interfaces/include/astra_interfaces/astra_interfaces/msg/detail/object__type_support.h
[0.499s] -- Up-to-date: /home/matthias/xplore2023/hd_ws/install/astra_interfaces/include/astra_interfaces/astra_interfaces/msg/detail/task__struct.h
[0.499s] -- Up-to-date: /home/matthias/xplore2023/hd_ws/install/astra_interfaces/include/astra_interfaces/astra_interfaces/msg/detail/cmd_outcome__type_support.h
[0.499s] -- Up-to-date: /home/matthias/xplore2023/hd_ws/install/astra_interfaces/include/astra_interfaces/astra_interfaces/msg/detail/cmd_outcome__struct.h
[0.500s] -- Up-to-date: /home/matthias/xplore2023/hd_ws/install/astra_interfaces/include/astra_interfaces/astra_interfaces/msg/detail/object__functions.h
[0.500s] -- Up-to-date: /home/matthias/xplore2023/hd_ws/install/astra_interfaces/include/astra_interfaces/astra_interfaces/msg/detail/object__struct.h
[0.500s] -- Up-to-date: /home/matthias/xplore2023/hd_ws/install/astra_interfaces/include/astra_interfaces/astra_interfaces/msg/detail/task__functions.h
[0.500s] -- Up-to-date: /home/matthias/xplore2023/hd_ws/install/astra_interfaces/include/astra_interfaces/astra_interfaces/msg/detail/object__functions.c
[0.501s] -- Up-to-date: /home/matthias/xplore2023/hd_ws/install/astra_interfaces/include/astra_interfaces/astra_interfaces/msg/detail/cmd_outcome__functions.c
[0.501s] -- Up-to-date: /home/matthias/xplore2023/hd_ws/install/astra_interfaces/include/astra_interfaces/astra_interfaces/msg/detail/cmd_outcome__functions.h
[0.501s] -- Up-to-date: /home/matthias/xplore2023/hd_ws/install/astra_interfaces/include/astra_interfaces/astra_interfaces/msg/rosidl_generator_c__visibility_control.h
[0.502s] -- Up-to-date: /home/matthias/xplore2023/hd_ws/install/astra_interfaces/include/astra_interfaces/astra_interfaces/msg/object.h
[0.502s] -- Up-to-date: /home/matthias/xplore2023/hd_ws/install/astra_interfaces/include/astra_interfaces/astra_interfaces/msg/cmd_outcome.h
[0.502s] -- Up-to-date: /home/matthias/xplore2023/hd_ws/install/astra_interfaces/share/astra_interfaces/environment/library_path.sh
[0.502s] -- Up-to-date: /home/matthias/xplore2023/hd_ws/install/astra_interfaces/share/astra_interfaces/environment/library_path.dsv
[0.502s] -- Up-to-date: /home/matthias/xplore2023/hd_ws/install/astra_interfaces/lib/libastra_interfaces__rosidl_generator_c.so
[0.502s] -- Up-to-date: /home/matthias/xplore2023/hd_ws/install/astra_interfaces/include/astra_interfaces/astra_interfaces
[0.502s] -- Up-to-date: /home/matthias/xplore2023/hd_ws/install/astra_interfaces/include/astra_interfaces/astra_interfaces/msg
[0.502s] -- Up-to-date: /home/matthias/xplore2023/hd_ws/install/astra_interfaces/include/astra_interfaces/astra_interfaces/msg/detail
[0.503s] -- Up-to-date: /home/matthias/xplore2023/hd_ws/install/astra_interfaces/include/astra_interfaces/astra_interfaces/msg/detail/task__rosidl_typesupport_fastrtps_c.h
[0.503s] -- Up-to-date: /home/matthias/xplore2023/hd_ws/install/astra_interfaces/include/astra_interfaces/astra_interfaces/msg/detail/object__rosidl_typesupport_fastrtps_c.h
[0.503s] -- Up-to-date: /home/matthias/xplore2023/hd_ws/install/astra_interfaces/include/astra_interfaces/astra_interfaces/msg/detail/cmd_outcome__rosidl_typesupport_fastrtps_c.h
[0.503s] -- Up-to-date: /home/matthias/xplore2023/hd_ws/install/astra_interfaces/include/astra_interfaces/astra_interfaces/msg/rosidl_typesupport_fastrtps_c__visibility_control.h
[0.503s] -- Up-to-date: /home/matthias/xplore2023/hd_ws/install/astra_interfaces/lib/libastra_interfaces__rosidl_typesupport_fastrtps_c.so
[0.503s] -- Up-to-date: /home/matthias/xplore2023/hd_ws/install/astra_interfaces/include/astra_interfaces/astra_interfaces
[0.503s] -- Up-to-date: /home/matthias/xplore2023/hd_ws/install/astra_interfaces/include/astra_interfaces/astra_interfaces/msg
[0.503s] -- Up-to-date: /home/matthias/xplore2023/hd_ws/install/astra_interfaces/include/astra_interfaces/astra_interfaces/msg/object.hpp
[0.503s] -- Up-to-date: /home/matthias/xplore2023/hd_ws/install/astra_interfaces/include/astra_interfaces/astra_interfaces/msg/detail
[0.503s] -- Up-to-date: /home/matthias/xplore2023/hd_ws/install/astra_interfaces/include/astra_interfaces/astra_interfaces/msg/detail/cmd_outcome__struct.hpp
[0.504s] -- Up-to-date: /home/matthias/xplore2023/hd_ws/install/astra_interfaces/include/astra_interfaces/astra_interfaces/msg/detail/task__struct.hpp
[0.504s] -- Up-to-date: /home/matthias/xplore2023/hd_ws/install/astra_interfaces/include/astra_interfaces/astra_interfaces/msg/detail/cmd_outcome__builder.hpp
[0.504s] -- Up-to-date: /home/matthias/xplore2023/hd_ws/install/astra_interfaces/include/astra_interfaces/astra_interfaces/msg/detail/object__builder.hpp
[0.504s] -- Up-to-date: /home/matthias/xplore2023/hd_ws/install/astra_interfaces/include/astra_interfaces/astra_interfaces/msg/detail/cmd_outcome__traits.hpp
[0.504s] -- Up-to-date: /home/matthias/xplore2023/hd_ws/install/astra_interfaces/include/astra_interfaces/astra_interfaces/msg/detail/object__struct.hpp
[0.504s] -- Up-to-date: /home/matthias/xplore2023/hd_ws/install/astra_interfaces/include/astra_interfaces/astra_interfaces/msg/detail/task__builder.hpp
[0.504s] -- Up-to-date: /home/matthias/xplore2023/hd_ws/install/astra_interfaces/include/astra_interfaces/astra_interfaces/msg/detail/object__traits.hpp
[0.504s] -- Up-to-date: /home/matthias/xplore2023/hd_ws/install/astra_interfaces/include/astra_interfaces/astra_interfaces/msg/detail/task__traits.hpp
[0.504s] -- Up-to-date: /home/matthias/xplore2023/hd_ws/install/astra_interfaces/include/astra_interfaces/astra_interfaces/msg/task.hpp
[0.504s] -- Up-to-date: /home/matthias/xplore2023/hd_ws/install/astra_interfaces/include/astra_interfaces/astra_interfaces/msg/cmd_outcome.hpp
[0.505s] -- Up-to-date: /home/matthias/xplore2023/hd_ws/install/astra_interfaces/include/astra_interfaces/astra_interfaces
[0.505s] -- Up-to-date: /home/matthias/xplore2023/hd_ws/install/astra_interfaces/include/astra_interfaces/astra_interfaces/msg
[0.505s] -- Up-to-date: /home/matthias/xplore2023/hd_ws/install/astra_interfaces/include/astra_interfaces/astra_interfaces/msg/detail
[0.505s] -- Up-to-date: /home/matthias/xplore2023/hd_ws/install/astra_interfaces/include/astra_interfaces/astra_interfaces/msg/detail/object__rosidl_typesupport_fastrtps_cpp.hpp
[0.505s] -- Up-to-date: /home/matthias/xplore2023/hd_ws/install/astra_interfaces/include/astra_interfaces/astra_interfaces/msg/detail/dds_fastrtps
[0.505s] -- Up-to-date: /home/matthias/xplore2023/hd_ws/install/astra_interfaces/include/astra_interfaces/astra_interfaces/msg/detail/task__rosidl_typesupport_fastrtps_cpp.hpp
[0.505s] -- Up-to-date: /home/matthias/xplore2023/hd_ws/install/astra_interfaces/include/astra_interfaces/astra_interfaces/msg/detail/cmd_outcome__rosidl_typesupport_fastrtps_cpp.hpp
[0.505s] -- Up-to-date: /home/matthias/xplore2023/hd_ws/install/astra_interfaces/include/astra_interfaces/astra_interfaces/msg/rosidl_typesupport_fastrtps_cpp__visibility_control.h
[0.505s] -- Up-to-date: /home/matthias/xplore2023/hd_ws/install/astra_interfaces/lib/libastra_interfaces__rosidl_typesupport_fastrtps_cpp.so
[0.505s] -- Up-to-date: /home/matthias/xplore2023/hd_ws/install/astra_interfaces/include/astra_interfaces/astra_interfaces
[0.506s] -- Up-to-date: /home/matthias/xplore2023/hd_ws/install/astra_interfaces/include/astra_interfaces/astra_interfaces/msg
[0.506s] -- Up-to-date: /home/matthias/xplore2023/hd_ws/install/astra_interfaces/include/astra_interfaces/astra_interfaces/msg/detail
[0.506s] -- Up-to-date: /home/matthias/xplore2023/hd_ws/install/astra_interfaces/include/astra_interfaces/astra_interfaces/msg/detail/cmd_outcome__type_support.c
[0.506s] -- Up-to-date: /home/matthias/xplore2023/hd_ws/install/astra_interfaces/include/astra_interfaces/astra_interfaces/msg/detail/object__type_support.c
[0.506s] -- Up-to-date: /home/matthias/xplore2023/hd_ws/install/astra_interfaces/include/astra_interfaces/astra_interfaces/msg/detail/cmd_outcome__rosidl_typesupport_introspection_c.h
[0.506s] -- Up-to-date: /home/matthias/xplore2023/hd_ws/install/astra_interfaces/include/astra_interfaces/astra_interfaces/msg/detail/object__rosidl_typesupport_introspection_c.h
[0.506s] -- Up-to-date: /home/matthias/xplore2023/hd_ws/install/astra_interfaces/include/astra_interfaces/astra_interfaces/msg/detail/task__rosidl_typesupport_introspection_c.h
[0.506s] -- Up-to-date: /home/matthias/xplore2023/hd_ws/install/astra_interfaces/include/astra_interfaces/astra_interfaces/msg/detail/task__type_support.c
[0.506s] -- Up-to-date: /home/matthias/xplore2023/hd_ws/install/astra_interfaces/include/astra_interfaces/astra_interfaces/msg/rosidl_typesupport_introspection_c__visibility_control.h
[0.506s] -- Up-to-date: /home/matthias/xplore2023/hd_ws/install/astra_interfaces/lib/libastra_interfaces__rosidl_typesupport_introspection_c.so
[0.507s] -- Up-to-date: /home/matthias/xplore2023/hd_ws/install/astra_interfaces/lib/libastra_interfaces__rosidl_typesupport_c.so
[0.507s] -- Up-to-date: /home/matthias/xplore2023/hd_ws/install/astra_interfaces/include/astra_interfaces/astra_interfaces
[0.507s] -- Up-to-date: /home/matthias/xplore2023/hd_ws/install/astra_interfaces/include/astra_interfaces/astra_interfaces/msg
[0.507s] -- Up-to-date: /home/matthias/xplore2023/hd_ws/install/astra_interfaces/include/astra_interfaces/astra_interfaces/msg/detail
[0.507s] -- Up-to-date: /home/matthias/xplore2023/hd_ws/install/astra_interfaces/include/astra_interfaces/astra_interfaces/msg/detail/cmd_outcome__type_support.cpp
[0.507s] -- Up-to-date: /home/matthias/xplore2023/hd_ws/install/astra_interfaces/include/astra_interfaces/astra_interfaces/msg/detail/task__rosidl_typesupport_introspection_cpp.hpp
[0.507s] -- Up-to-date: /home/matthias/xplore2023/hd_ws/install/astra_interfaces/include/astra_interfaces/astra_interfaces/msg/detail/task__type_support.cpp
[0.507s] -- Up-to-date: /home/matthias/xplore2023/hd_ws/install/astra_interfaces/include/astra_interfaces/astra_interfaces/msg/detail/object__type_support.cpp
[0.507s] -- Up-to-date: /home/matthias/xplore2023/hd_ws/install/astra_interfaces/include/astra_interfaces/astra_interfaces/msg/detail/object__rosidl_typesupport_introspection_cpp.hpp
[0.507s] -- Up-to-date: /home/matthias/xplore2023/hd_ws/install/astra_interfaces/include/astra_interfaces/astra_interfaces/msg/detail/cmd_outcome__rosidl_typesupport_introspection_cpp.hpp
[0.508s] -- Up-to-date: /home/matthias/xplore2023/hd_ws/install/astra_interfaces/lib/libastra_interfaces__rosidl_typesupport_introspection_cpp.so
[0.508s] -- Up-to-date: /home/matthias/xplore2023/hd_ws/install/astra_interfaces/lib/libastra_interfaces__rosidl_typesupport_cpp.so
[0.508s] -- Up-to-date: /home/matthias/xplore2023/hd_ws/install/astra_interfaces/share/astra_interfaces/environment/pythonpath.sh
[0.508s] -- Up-to-date: /home/matthias/xplore2023/hd_ws/install/astra_interfaces/share/astra_interfaces/environment/pythonpath.dsv
[0.508s] -- Up-to-date: /home/matthias/xplore2023/hd_ws/install/astra_interfaces/local/lib/python3.10/dist-packages/astra_interfaces-0.0.0-py3.10.egg-info
[0.508s] -- Installing: /home/matthias/xplore2023/hd_ws/install/astra_interfaces/local/lib/python3.10/dist-packages/astra_interfaces-0.0.0-py3.10.egg-info/PKG-INFO
[0.508s] -- Installing: /home/matthias/xplore2023/hd_ws/install/astra_interfaces/local/lib/python3.10/dist-packages/astra_interfaces-0.0.0-py3.10.egg-info/dependency_links.txt
[0.508s] -- Installing: /home/matthias/xplore2023/hd_ws/install/astra_interfaces/local/lib/python3.10/dist-packages/astra_interfaces-0.0.0-py3.10.egg-info/top_level.txt
[0.508s] -- Installing: /home/matthias/xplore2023/hd_ws/install/astra_interfaces/local/lib/python3.10/dist-packages/astra_interfaces-0.0.0-py3.10.egg-info/SOURCES.txt
[0.508s] -- Up-to-date: /home/matthias/xplore2023/hd_ws/install/astra_interfaces/local/lib/python3.10/dist-packages/astra_interfaces
[0.509s] -- Up-to-date: /home/matthias/xplore2023/hd_ws/install/astra_interfaces/local/lib/python3.10/dist-packages/astra_interfaces/astra_interfaces_s__rosidl_typesupport_c.cpython-310-x86_64-linux-gnu.so
[0.509s] -- Up-to-date: /home/matthias/xplore2023/hd_ws/install/astra_interfaces/local/lib/python3.10/dist-packages/astra_interfaces/__init__.py
[0.509s] -- Up-to-date: /home/matthias/xplore2023/hd_ws/install/astra_interfaces/local/lib/python3.10/dist-packages/astra_interfaces/_astra_interfaces_s.ep.rosidl_typesupport_fastrtps_c.c
[0.509s] -- Up-to-date: /home/matthias/xplore2023/hd_ws/install/astra_interfaces/local/lib/python3.10/dist-packages/astra_interfaces/astra_interfaces_s__rosidl_typesupport_introspection_c.cpython-310-x86_64-linux-gnu.so
[0.509s] -- Up-to-date: /home/matthias/xplore2023/hd_ws/install/astra_interfaces/local/lib/python3.10/dist-packages/astra_interfaces/_astra_interfaces_s.ep.rosidl_typesupport_c.c
[0.509s] -- Up-to-date: /home/matthias/xplore2023/hd_ws/install/astra_interfaces/local/lib/python3.10/dist-packages/astra_interfaces/astra_interfaces_s__rosidl_typesupport_fastrtps_c.cpython-310-x86_64-linux-gnu.so
[0.509s] -- Up-to-date: /home/matthias/xplore2023/hd_ws/install/astra_interfaces/local/lib/python3.10/dist-packages/astra_interfaces/_astra_interfaces_s.ep.rosidl_typesupport_introspection_c.c
[0.509s] -- Up-to-date: /home/matthias/xplore2023/hd_ws/install/astra_interfaces/local/lib/python3.10/dist-packages/astra_interfaces/libastra_interfaces__rosidl_generator_py.so
[0.509s] -- Up-to-date: /home/matthias/xplore2023/hd_ws/install/astra_interfaces/local/lib/python3.10/dist-packages/astra_interfaces/msg
[0.510s] -- Up-to-date: /home/matthias/xplore2023/hd_ws/install/astra_interfaces/local/lib/python3.10/dist-packages/astra_interfaces/msg/_object.py
[0.510s] -- Up-to-date: /home/matthias/xplore2023/hd_ws/install/astra_interfaces/local/lib/python3.10/dist-packages/astra_interfaces/msg/_object_s.c
[0.510s] -- Up-to-date: /home/matthias/xplore2023/hd_ws/install/astra_interfaces/local/lib/python3.10/dist-packages/astra_interfaces/msg/__init__.py
[0.510s] -- Up-to-date: /home/matthias/xplore2023/hd_ws/install/astra_interfaces/local/lib/python3.10/dist-packages/astra_interfaces/msg/_cmd_outcome_s.c
[0.510s] -- Up-to-date: /home/matthias/xplore2023/hd_ws/install/astra_interfaces/local/lib/python3.10/dist-packages/astra_interfaces/msg/_cmd_outcome.py
[0.510s] -- Up-to-date: /home/matthias/xplore2023/hd_ws/install/astra_interfaces/local/lib/python3.10/dist-packages/astra_interfaces/msg/_task.py
[0.510s] -- Up-to-date: /home/matthias/xplore2023/hd_ws/install/astra_interfaces/local/lib/python3.10/dist-packages/astra_interfaces/msg/_task_s.c
[0.522s] Listing '/home/matthias/xplore2023/hd_ws/install/astra_interfaces/local/lib/python3.10/dist-packages/astra_interfaces'...
[0.522s] Listing '/home/matthias/xplore2023/hd_ws/install/astra_interfaces/local/lib/python3.10/dist-packages/astra_interfaces/msg'...
[0.528s] -- Up-to-date: /home/matthias/xplore2023/hd_ws/install/astra_interfaces/local/lib/python3.10/dist-packages/astra_interfaces/astra_interfaces_s__rosidl_typesupport_fastrtps_c.cpython-310-x86_64-linux-gnu.so
[0.528s] -- Up-to-date: /home/matthias/xplore2023/hd_ws/install/astra_interfaces/local/lib/python3.10/dist-packages/astra_interfaces/astra_interfaces_s__rosidl_typesupport_introspection_c.cpython-310-x86_64-linux-gnu.so
[0.528s] -- Up-to-date: /home/matthias/xplore2023/hd_ws/install/astra_interfaces/local/lib/python3.10/dist-packages/astra_interfaces/astra_interfaces_s__rosidl_typesupport_c.cpython-310-x86_64-linux-gnu.so
[0.529s] -- Up-to-date: /home/matthias/xplore2023/hd_ws/install/astra_interfaces/lib/libastra_interfaces__rosidl_generator_py.so
[0.529s] -- Up-to-date: /home/matthias/xplore2023/hd_ws/install/astra_interfaces/share/astra_interfaces/msg/CmdOutcome.idl
[0.530s] -- Up-to-date: /home/matthias/xplore2023/hd_ws/install/astra_interfaces/share/astra_interfaces/msg/Object.idl
[0.530s] -- Up-to-date: /home/matthias/xplore2023/hd_ws/install/astra_interfaces/share/astra_interfaces/msg/Task.idl
[0.530s] -- Up-to-date: /home/matthias/xplore2023/hd_ws/install/astra_interfaces/share/astra_interfaces/msg/CmdOutcome.msg
[0.530s] -- Up-to-date: /home/matthias/xplore2023/hd_ws/install/astra_interfaces/share/astra_interfaces/msg/Object.msg
[0.530s] -- Up-to-date: /home/matthias/xplore2023/hd_ws/install/astra_interfaces/share/astra_interfaces/msg/Task.msg
[0.531s] -- Up-to-date: /home/matthias/xplore2023/hd_ws/install/astra_interfaces/share/ament_index/resource_index/package_run_dependencies/astra_interfaces
[0.531s] -- Up-to-date: /home/matthias/xplore2023/hd_ws/install/astra_interfaces/share/ament_index/resource_index/parent_prefix_path/astra_interfaces
[0.531s] -- Up-to-date: /home/matthias/xplore2023/hd_ws/install/astra_interfaces/share/astra_interfaces/environment/ament_prefix_path.sh
[0.531s] -- Up-to-date: /home/matthias/xplore2023/hd_ws/install/astra_interfaces/share/astra_interfaces/environment/ament_prefix_path.dsv
[0.532s] -- Up-to-date: /home/matthias/xplore2023/hd_ws/install/astra_interfaces/share/astra_interfaces/environment/path.sh
[0.532s] -- Up-to-date: /home/matthias/xplore2023/hd_ws/install/astra_interfaces/share/astra_interfaces/environment/path.dsv
[0.532s] -- Up-to-date: /home/matthias/xplore2023/hd_ws/install/astra_interfaces/share/astra_interfaces/local_setup.bash
[0.532s] -- Up-to-date: /home/matthias/xplore2023/hd_ws/install/astra_interfaces/share/astra_interfaces/local_setup.sh
[0.532s] -- Up-to-date: /home/matthias/xplore2023/hd_ws/install/astra_interfaces/share/astra_interfaces/local_setup.zsh
[0.535s] -- Up-to-date: /home/matthias/xplore2023/hd_ws/install/astra_interfaces/share/astra_interfaces/local_setup.dsv
[0.535s] -- Installing: /home/matthias/xplore2023/hd_ws/install/astra_interfaces/share/astra_interfaces/package.dsv
[0.535s] -- Up-to-date: /home/matthias/xplore2023/hd_ws/install/astra_interfaces/share/ament_index/resource_index/packages/astra_interfaces
[0.535s] -- Up-to-date: /home/matthias/xplore2023/hd_ws/install/astra_interfaces/share/astra_interfaces/cmake/export_astra_interfaces__rosidl_generator_cExport.cmake
[0.535s] -- Up-to-date: /home/matthias/xplore2023/hd_ws/install/astra_interfaces/share/astra_interfaces/cmake/export_astra_interfaces__rosidl_generator_cExport-noconfig.cmake
[0.536s] -- Up-to-date: /home/matthias/xplore2023/hd_ws/install/astra_interfaces/share/astra_interfaces/cmake/export_astra_interfaces__rosidl_typesupport_fastrtps_cExport.cmake
[0.536s] -- Up-to-date: /home/matthias/xplore2023/hd_ws/install/astra_interfaces/share/astra_interfaces/cmake/export_astra_interfaces__rosidl_typesupport_fastrtps_cExport-noconfig.cmake
[0.536s] -- Up-to-date: /home/matthias/xplore2023/hd_ws/install/astra_interfaces/share/astra_interfaces/cmake/export_astra_interfaces__rosidl_generator_cppExport.cmake
[0.536s] -- Up-to-date: /home/matthias/xplore2023/hd_ws/install/astra_interfaces/share/astra_interfaces/cmake/export_astra_interfaces__rosidl_typesupport_fastrtps_cppExport.cmake
[0.536s] -- Up-to-date: /home/matthias/xplore2023/hd_ws/install/astra_interfaces/share/astra_interfaces/cmake/export_astra_interfaces__rosidl_typesupport_fastrtps_cppExport-noconfig.cmake
[0.536s] -- Up-to-date: /home/matthias/xplore2023/hd_ws/install/astra_interfaces/share/astra_interfaces/cmake/astra_interfaces__rosidl_typesupport_introspection_cExport.cmake
[0.536s] -- Up-to-date: /home/matthias/xplore2023/hd_ws/install/astra_interfaces/share/astra_interfaces/cmake/astra_interfaces__rosidl_typesupport_introspection_cExport-noconfig.cmake
[0.537s] -- Up-to-date: /home/matthias/xplore2023/hd_ws/install/astra_interfaces/share/astra_interfaces/cmake/astra_interfaces__rosidl_typesupport_cExport.cmake
[0.537s] -- Up-to-date: /home/matthias/xplore2023/hd_ws/install/astra_interfaces/share/astra_interfaces/cmake/astra_interfaces__rosidl_typesupport_cExport-noconfig.cmake
[0.537s] -- Up-to-date: /home/matthias/xplore2023/hd_ws/install/astra_interfaces/share/astra_interfaces/cmake/astra_interfaces__rosidl_typesupport_introspection_cppExport.cmake
[0.537s] -- Up-to-date: /home/matthias/xplore2023/hd_ws/install/astra_interfaces/share/astra_interfaces/cmake/astra_interfaces__rosidl_typesupport_introspection_cppExport-noconfig.cmake
[0.537s] -- Up-to-date: /home/matthias/xplore2023/hd_ws/install/astra_interfaces/share/astra_interfaces/cmake/astra_interfaces__rosidl_typesupport_cppExport.cmake
[0.538s] -- Up-to-date: /home/matthias/xplore2023/hd_ws/install/astra_interfaces/share/astra_interfaces/cmake/astra_interfaces__rosidl_typesupport_cppExport-noconfig.cmake
[0.539s] -- Up-to-date: /home/matthias/xplore2023/hd_ws/install/astra_interfaces/share/astra_interfaces/cmake/export_astra_interfaces__rosidl_generator_pyExport.cmake
[0.539s] -- Up-to-date: /home/matthias/xplore2023/hd_ws/install/astra_interfaces/share/astra_interfaces/cmake/export_astra_interfaces__rosidl_generator_pyExport-noconfig.cmake
[0.539s] -- Up-to-date: /home/matthias/xplore2023/hd_ws/install/astra_interfaces/share/astra_interfaces/cmake/rosidl_cmake-extras.cmake
[0.539s] -- Up-to-date: /home/matthias/xplore2023/hd_ws/install/astra_interfaces/share/astra_interfaces/cmake/ament_cmake_export_dependencies-extras.cmake
[0.540s] -- Up-to-date: /home/matthias/xplore2023/hd_ws/install/astra_interfaces/share/astra_interfaces/cmake/ament_cmake_export_include_directories-extras.cmake
[0.540s] -- Up-to-date: /home/matthias/xplore2023/hd_ws/install/astra_interfaces/share/astra_interfaces/cmake/ament_cmake_export_libraries-extras.cmake
[0.540s] -- Up-to-date: /home/matthias/xplore2023/hd_ws/install/astra_interfaces/share/astra_interfaces/cmake/ament_cmake_export_targets-extras.cmake
[0.540s] -- Up-to-date: /home/matthias/xplore2023/hd_ws/install/astra_interfaces/share/astra_interfaces/cmake/rosidl_cmake_export_typesupport_targets-extras.cmake
[0.541s] -- Up-to-date: /home/matthias/xplore2023/hd_ws/install/astra_interfaces/share/astra_interfaces/cmake/rosidl_cmake_export_typesupport_libraries-extras.cmake
[0.542s] -- Up-to-date: /home/matthias/xplore2023/hd_ws/install/astra_interfaces/share/astra_interfaces/cmake/astra_interfacesConfig.cmake
[0.542s] -- Up-to-date: /home/matthias/xplore2023/hd_ws/install/astra_interfaces/share/astra_interfaces/cmake/astra_interfacesConfig-version.cmake
[0.542s] -- Up-to-date: /home/matthias/xplore2023/hd_ws/install/astra_interfaces/share/astra_interfaces/package.xml
[0.543s] Invoked command in '/home/matthias/xplore2023/hd_ws/build/astra_interfaces' returned '0': CMAKE_PREFIX_PATH=${CMAKE_PREFIX_PATH}:/home/matthias/xplore2023/hd_ws/install/task_execution:/home/matthias/xplore2023/hd_ws/install/manager:/opt/ros/humble /usr/bin/cmake --install /home/matthias/xplore2023/hd_ws/build/astra_interfaces
