[0.505s] Invoking command in '/home/xplore/Desktop/main_HD_workspace/hd_ws/build/astra_moveit_config0': CMAKE_PREFIX_PATH=/home/xplore/Desktop/main_HD_workspace/hd_ws/install/astra_description:/home/xplore/Desktop/main_HD_workspace/hd_ws/install/tttt:/home/xplore/Desktop/main_HD_workspace/hd_ws/install/moveit_visual_tools:/home/xplore/Desktop/main_HD_workspace/hd_ws/install/astra_moveit_config_new:/home/xplore/Desktop/main_HD_workspace/hd_ws/install/astra_moveit_config0:/home/xplore/Desktop/main_HD_workspace/hd_ws/install/astra_moveit_config:/home/xplore/Desktop/main_HD_workspace/hd_ws/install/astra_interfaces:/home/xplore/Desktop/main_HD_workspace/hd_ws/install/astra_hw_interface:/home/xplore/Desktop/main_HD_workspace/hd_ws/install/task_execution:/home/xplore/Desktop/main_HD_workspace/hd_ws/install/manager:/opt/ros/foxy /usr/bin/cmake --build /home/xplore/Desktop/main_HD_workspace/hd_ws/build/astra_moveit_config0 -- -j8 -l8
[0.712s] Invoked command in '/home/xplore/Desktop/main_HD_workspace/hd_ws/build/astra_moveit_config0' returned '0': CMAKE_PREFIX_PATH=/home/xplore/Desktop/main_HD_workspace/hd_ws/install/astra_description:/home/xplore/Desktop/main_HD_workspace/hd_ws/install/tttt:/home/xplore/Desktop/main_HD_workspace/hd_ws/install/moveit_visual_tools:/home/xplore/Desktop/main_HD_workspace/hd_ws/install/astra_moveit_config_new:/home/xplore/Desktop/main_HD_workspace/hd_ws/install/astra_moveit_config0:/home/xplore/Desktop/main_HD_workspace/hd_ws/install/astra_moveit_config:/home/xplore/Desktop/main_HD_workspace/hd_ws/install/astra_interfaces:/home/xplore/Desktop/main_HD_workspace/hd_ws/install/astra_hw_interface:/home/xplore/Desktop/main_HD_workspace/hd_ws/install/task_execution:/home/xplore/Desktop/main_HD_workspace/hd_ws/install/manager:/opt/ros/foxy /usr/bin/cmake --build /home/xplore/Desktop/main_HD_workspace/hd_ws/build/astra_moveit_config0 -- -j8 -l8
[1.150s] Invoking command in '/home/xplore/Desktop/main_HD_workspace/hd_ws/build/astra_moveit_config0': CMAKE_PREFIX_PATH=/home/xplore/Desktop/main_HD_workspace/hd_ws/install/astra_description:/home/xplore/Desktop/main_HD_workspace/hd_ws/install/tttt:/home/xplore/Desktop/main_HD_workspace/hd_ws/install/moveit_visual_tools:/home/xplore/Desktop/main_HD_workspace/hd_ws/install/astra_moveit_config_new:/home/xplore/Desktop/main_HD_workspace/hd_ws/install/astra_moveit_config0:/home/xplore/Desktop/main_HD_workspace/hd_ws/install/astra_moveit_config:/home/xplore/Desktop/main_HD_workspace/hd_ws/install/astra_interfaces:/home/xplore/Desktop/main_HD_workspace/hd_ws/install/astra_hw_interface:/home/xplore/Desktop/main_HD_workspace/hd_ws/install/task_execution:/home/xplore/Desktop/main_HD_workspace/hd_ws/install/manager:/opt/ros/foxy /usr/bin/cmake --install /home/xplore/Desktop/main_HD_workspace/hd_ws/build/astra_moveit_config0
[1.188s] -- Install configuration: ""
[1.190s] -- Up-to-date: /home/xplore/Desktop/main_HD_workspace/hd_ws/install/astra_moveit_config0/share/ament_index/resource_index/package_run_dependencies/astra_moveit_config0
[1.193s] -- Up-to-date: /home/xplore/Desktop/main_HD_workspace/hd_ws/install/astra_moveit_config0/share/ament_index/resource_index/parent_prefix_path/astra_moveit_config0
[1.193s] -- Up-to-date: /home/xplore/Desktop/main_HD_workspace/hd_ws/install/astra_moveit_config0/share/astra_moveit_config0/environment/ament_prefix_path.sh
[1.194s] -- Up-to-date: /home/xplore/Desktop/main_HD_workspace/hd_ws/install/astra_moveit_config0/share/astra_moveit_config0/environment/ament_prefix_path.dsv
[1.197s] -- Up-to-date: /home/xplore/Desktop/main_HD_workspace/hd_ws/install/astra_moveit_config0/share/astra_moveit_config0/environment/path.sh
[1.203s] -- Up-to-date: /home/xplore/Desktop/main_HD_workspace/hd_ws/install/astra_moveit_config0/share/astra_moveit_config0/environment/path.dsv
[1.204s] -- Up-to-date: /home/xplore/Desktop/main_HD_workspace/hd_ws/install/astra_moveit_config0/share/astra_moveit_config0/local_setup.bash
[1.206s] -- Up-to-date: /home/xplore/Desktop/main_HD_workspace/hd_ws/install/astra_moveit_config0/share/astra_moveit_config0/local_setup.sh
[1.206s] -- Up-to-date: /home/xplore/Desktop/main_HD_workspace/hd_ws/install/astra_moveit_config0/share/astra_moveit_config0/local_setup.zsh
[1.207s] -- Up-to-date: /home/xplore/Desktop/main_HD_workspace/hd_ws/install/astra_moveit_config0/share/astra_moveit_config0/local_setup.dsv
[1.207s] -- Installing: /home/xplore/Desktop/main_HD_workspace/hd_ws/install/astra_moveit_config0/share/astra_moveit_config0/package.dsv
[1.208s] -- Up-to-date: /home/xplore/Desktop/main_HD_workspace/hd_ws/install/astra_moveit_config0/share/ament_index/resource_index/packages/astra_moveit_config0
[1.209s] -- Up-to-date: /home/xplore/Desktop/main_HD_workspace/hd_ws/install/astra_moveit_config0/share/astra_moveit_config0/cmake/astra_moveit_config0Config.cmake
[1.211s] -- Up-to-date: /home/xplore/Desktop/main_HD_workspace/hd_ws/install/astra_moveit_config0/share/astra_moveit_config0/cmake/astra_moveit_config0Config-version.cmake
[1.211s] -- Up-to-date: /home/xplore/Desktop/main_HD_workspace/hd_ws/install/astra_moveit_config0/share/astra_moveit_config0/package.xml
[1.211s] -- Up-to-date: /home/xplore/Desktop/main_HD_workspace/hd_ws/install/astra_moveit_config0/share/astra_moveit_config0/launch
[1.213s] -- Up-to-date: /home/xplore/Desktop/main_HD_workspace/hd_ws/install/astra_moveit_config0/share/astra_moveit_config0/launch/moveit_rviz.launch.py
[1.214s] -- Up-to-date: /home/xplore/Desktop/main_HD_workspace/hd_ws/install/astra_moveit_config0/share/astra_moveit_config0/launch/setup_assistant.launch.py
[1.214s] -- Up-to-date: /home/xplore/Desktop/main_HD_workspace/hd_ws/install/astra_moveit_config0/share/astra_moveit_config0/launch/move_group.launch.py
[1.214s] -- Up-to-date: /home/xplore/Desktop/main_HD_workspace/hd_ws/install/astra_moveit_config0/share/astra_moveit_config0/launch/static_virtual_joint_tfs.launch.py
[1.215s] -- Up-to-date: /home/xplore/Desktop/main_HD_workspace/hd_ws/install/astra_moveit_config0/share/astra_moveit_config0/launch/demo.launch.py
[1.215s] -- Up-to-date: /home/xplore/Desktop/main_HD_workspace/hd_ws/install/astra_moveit_config0/share/astra_moveit_config0/launch/warehouse_db.launch.py
[1.216s] -- Up-to-date: /home/xplore/Desktop/main_HD_workspace/hd_ws/install/astra_moveit_config0/share/astra_moveit_config0/launch/spawn_controllers.launch.py
[1.217s] -- Up-to-date: /home/xplore/Desktop/main_HD_workspace/hd_ws/install/astra_moveit_config0/share/astra_moveit_config0/launch/rsp.launch.py
[1.217s] -- Up-to-date: /home/xplore/Desktop/main_HD_workspace/hd_ws/install/astra_moveit_config0/share/astra_moveit_config0/config
[1.218s] -- Up-to-date: /home/xplore/Desktop/main_HD_workspace/hd_ws/install/astra_moveit_config0/share/astra_moveit_config0/config/ros2_controllers.yaml
[1.218s] -- Up-to-date: /home/xplore/Desktop/main_HD_workspace/hd_ws/install/astra_moveit_config0/share/astra_moveit_config0/config/astra.srdf
[1.223s] -- Up-to-date: /home/xplore/Desktop/main_HD_workspace/hd_ws/install/astra_moveit_config0/share/astra_moveit_config0/config/joint_limits.yaml
[1.223s] -- Up-to-date: /home/xplore/Desktop/main_HD_workspace/hd_ws/install/astra_moveit_config0/share/astra_moveit_config0/config/pilz_cartesian_limits.yaml
[1.223s] -- Up-to-date: /home/xplore/Desktop/main_HD_workspace/hd_ws/install/astra_moveit_config0/share/astra_moveit_config0/config/initial_positions.yaml
[1.224s] -- Up-to-date: /home/xplore/Desktop/main_HD_workspace/hd_ws/install/astra_moveit_config0/share/astra_moveit_config0/config/kinematics.yaml
[1.226s] -- Up-to-date: /home/xplore/Desktop/main_HD_workspace/hd_ws/install/astra_moveit_config0/share/astra_moveit_config0/config/moveit.rviz
[1.226s] -- Up-to-date: /home/xplore/Desktop/main_HD_workspace/hd_ws/install/astra_moveit_config0/share/astra_moveit_config0/config/astra.urdf.xacro
[1.226s] -- Up-to-date: /home/xplore/Desktop/main_HD_workspace/hd_ws/install/astra_moveit_config0/share/astra_moveit_config0/config/moveit_controllers.yaml
[1.227s] -- Up-to-date: /home/xplore/Desktop/main_HD_workspace/hd_ws/install/astra_moveit_config0/share/astra_moveit_config0/config/astra.ros2_control.xacro
[1.227s] -- Up-to-date: /home/xplore/Desktop/main_HD_workspace/hd_ws/install/astra_moveit_config0/share/astra_moveit_config0/.setup_assistant
[2.119s] Invoked command in '/home/xplore/Desktop/main_HD_workspace/hd_ws/build/astra_moveit_config0' returned '0': CMAKE_PREFIX_PATH=/home/xplore/Desktop/main_HD_workspace/hd_ws/install/astra_description:/home/xplore/Desktop/main_HD_workspace/hd_ws/install/tttt:/home/xplore/Desktop/main_HD_workspace/hd_ws/install/moveit_visual_tools:/home/xplore/Desktop/main_HD_workspace/hd_ws/install/astra_moveit_config_new:/home/xplore/Desktop/main_HD_workspace/hd_ws/install/astra_moveit_config0:/home/xplore/Desktop/main_HD_workspace/hd_ws/install/astra_moveit_config:/home/xplore/Desktop/main_HD_workspace/hd_ws/install/astra_interfaces:/home/xplore/Desktop/main_HD_workspace/hd_ws/install/astra_hw_interface:/home/xplore/Desktop/main_HD_workspace/hd_ws/install/task_execution:/home/xplore/Desktop/main_HD_workspace/hd_ws/install/manager:/opt/ros/foxy /usr/bin/cmake --install /home/xplore/Desktop/main_HD_workspace/hd_ws/build/astra_moveit_config0
