-- Install configuration: ""
-- Up-to-date: /home/matthias/xplore2023/hd_ws/install/astra_moveit_config0/share/ament_index/resource_index/package_run_dependencies/astra_moveit_config0
-- Up-to-date: /home/matthias/xplore2023/hd_ws/install/astra_moveit_config0/share/ament_index/resource_index/parent_prefix_path/astra_moveit_config0
-- Up-to-date: /home/matthias/xplore2023/hd_ws/install/astra_moveit_config0/share/astra_moveit_config0/environment/ament_prefix_path.sh
-- Up-to-date: /home/matthias/xplore2023/hd_ws/install/astra_moveit_config0/share/astra_moveit_config0/environment/ament_prefix_path.dsv
-- Up-to-date: /home/matthias/xplore2023/hd_ws/install/astra_moveit_config0/share/astra_moveit_config0/environment/path.sh
-- Up-to-date: /home/matthias/xplore2023/hd_ws/install/astra_moveit_config0/share/astra_moveit_config0/environment/path.dsv
-- Up-to-date: /home/matthias/xplore2023/hd_ws/install/astra_moveit_config0/share/astra_moveit_config0/local_setup.bash
-- Up-to-date: /home/matthias/xplore2023/hd_ws/install/astra_moveit_config0/share/astra_moveit_config0/local_setup.sh
-- Up-to-date: /home/matthias/xplore2023/hd_ws/install/astra_moveit_config0/share/astra_moveit_config0/local_setup.zsh
-- Up-to-date: /home/matthias/xplore2023/hd_ws/install/astra_moveit_config0/share/astra_moveit_config0/local_setup.dsv
-- Installing: /home/matthias/xplore2023/hd_ws/install/astra_moveit_config0/share/astra_moveit_config0/package.dsv
-- Up-to-date: /home/matthias/xplore2023/hd_ws/install/astra_moveit_config0/share/ament_index/resource_index/packages/astra_moveit_config0
-- Up-to-date: /home/matthias/xplore2023/hd_ws/install/astra_moveit_config0/share/astra_moveit_config0/cmake/astra_moveit_config0Config.cmake
-- Up-to-date: /home/matthias/xplore2023/hd_ws/install/astra_moveit_config0/share/astra_moveit_config0/cmake/astra_moveit_config0Config-version.cmake
-- Up-to-date: /home/matthias/xplore2023/hd_ws/install/astra_moveit_config0/share/astra_moveit_config0/package.xml
-- Up-to-date: /home/matthias/xplore2023/hd_ws/install/astra_moveit_config0/share/astra_moveit_config0/launch
-- Up-to-date: /home/matthias/xplore2023/hd_ws/install/astra_moveit_config0/share/astra_moveit_config0/launch/spawn_controllers.launch.py
-- Up-to-date: /home/matthias/xplore2023/hd_ws/install/astra_moveit_config0/share/astra_moveit_config0/launch/demo.launch.py
-- Up-to-date: /home/matthias/xplore2023/hd_ws/install/astra_moveit_config0/share/astra_moveit_config0/launch/rsp.launch.py
-- Up-to-date: /home/matthias/xplore2023/hd_ws/install/astra_moveit_config0/share/astra_moveit_config0/launch/setup_assistant.launch.py
-- Up-to-date: /home/matthias/xplore2023/hd_ws/install/astra_moveit_config0/share/astra_moveit_config0/launch/static_virtual_joint_tfs.launch.py
-- Up-to-date: /home/matthias/xplore2023/hd_ws/install/astra_moveit_config0/share/astra_moveit_config0/launch/moveit_rviz.launch.py
-- Up-to-date: /home/matthias/xplore2023/hd_ws/install/astra_moveit_config0/share/astra_moveit_config0/launch/warehouse_db.launch.py
-- Up-to-date: /home/matthias/xplore2023/hd_ws/install/astra_moveit_config0/share/astra_moveit_config0/launch/move_group.launch.py
-- Up-to-date: /home/matthias/xplore2023/hd_ws/install/astra_moveit_config0/share/astra_moveit_config0/config
-- Up-to-date: /home/matthias/xplore2023/hd_ws/install/astra_moveit_config0/share/astra_moveit_config0/config/astra.srdf
-- Up-to-date: /home/matthias/xplore2023/hd_ws/install/astra_moveit_config0/share/astra_moveit_config0/config/kinematics.yaml
-- Up-to-date: /home/matthias/xplore2023/hd_ws/install/astra_moveit_config0/share/astra_moveit_config0/config/joint_limits.yaml
-- Up-to-date: /home/matthias/xplore2023/hd_ws/install/astra_moveit_config0/share/astra_moveit_config0/config/moveit.rviz
-- Up-to-date: /home/matthias/xplore2023/hd_ws/install/astra_moveit_config0/share/astra_moveit_config0/config/pilz_cartesian_limits.yaml
-- Up-to-date: /home/matthias/xplore2023/hd_ws/install/astra_moveit_config0/share/astra_moveit_config0/config/initial_positions.yaml
-- Installing: /home/matthias/xplore2023/hd_ws/install/astra_moveit_config0/share/astra_moveit_config0/config/moveit_controllers.yaml
-- Up-to-date: /home/matthias/xplore2023/hd_ws/install/astra_moveit_config0/share/astra_moveit_config0/config/ros2_controllers.yaml
-- Up-to-date: /home/matthias/xplore2023/hd_ws/install/astra_moveit_config0/share/astra_moveit_config0/config/astra.ros2_control.xacro
-- Up-to-date: /home/matthias/xplore2023/hd_ws/install/astra_moveit_config0/share/astra_moveit_config0/config/astra.urdf.xacro
-- Up-to-date: /home/matthias/xplore2023/hd_ws/install/astra_moveit_config0/share/astra_moveit_config0/.setup_assistant
