[0.707s] Invoking command in '/home/matthias/xplore2023/hd_ws/src/control/manager': AMENT_PREFIX_PATH=/home/matthias/xplore2023/hd_ws/install/astra_interfaces:${AMENT_PREFIX_PATH} CMAKE_PREFIX_PATH=/home/matthias/xplore2023/hd_ws/install/astra_interfaces LD_LIBRARY_PATH=/home/matthias/xplore2023/hd_ws/install/astra_interfaces/lib:${LD_LIBRARY_PATH} PYTHONPATH=/home/matthias/xplore2023/hd_ws/install/manager/lib/python3.10/site-packages:/home/matthias/xplore2023/hd_ws/install/astra_interfaces/local/lib/python3.10/dist-packages:${PYTHONPATH} /usr/bin/python3 setup.py egg_info --egg-base ../../../build/manager build --build-base /home/matthias/xplore2023/hd_ws/build/manager/build install --prefix /home/matthias/xplore2023/hd_ws/install/manager --record /home/matthias/xplore2023/hd_ws/build/manager/install.log --single-version-externally-managed
[0.936s] running egg_info
[0.937s] writing ../../../build/manager/manager.egg-info/PKG-INFO
[0.937s] writing dependency_links to ../../../build/manager/manager.egg-info/dependency_links.txt
[0.938s] writing entry points to ../../../build/manager/manager.egg-info/entry_points.txt
[0.938s] writing requirements to ../../../build/manager/manager.egg-info/requires.txt
[0.938s] writing top-level names to ../../../build/manager/manager.egg-info/top_level.txt
[0.959s] listing git files failed - pretending there aren't any
[1.050s] reading manifest file '../../../build/manager/manager.egg-info/SOURCES.txt'
[1.051s] writing manifest file '../../../build/manager/manager.egg-info/SOURCES.txt'
[1.051s] running build
[1.051s] running build_py
[1.051s] running install
[1.051s] /usr/lib/python3/dist-packages/setuptools/command/install.py:34: SetuptoolsDeprecationWarning: setup.py install is deprecated. Use build and pip and other standards-based tools.
[1.051s]   warnings.warn(
[1.052s] running install_lib
[1.053s] running install_data
[1.053s] running install_egg_info
[1.054s] removing '/home/matthias/xplore2023/hd_ws/install/manager/lib/python3.10/site-packages/manager-0.0.0-py3.10.egg-info' (and everything under it)
[1.054s] Copying ../../../build/manager/manager.egg-info to /home/matthias/xplore2023/hd_ws/install/manager/lib/python3.10/site-packages/manager-0.0.0-py3.10.egg-info
[1.055s] running install_scripts
[1.069s] Installing manager script to /home/matthias/xplore2023/hd_ws/install/manager/lib/manager
[1.070s] writing list of installed files to '/home/matthias/xplore2023/hd_ws/build/manager/install.log'
[1.091s] Invoked command in '/home/matthias/xplore2023/hd_ws/src/control/manager' returned '0': AMENT_PREFIX_PATH=/home/matthias/xplore2023/hd_ws/install/astra_interfaces:${AMENT_PREFIX_PATH} CMAKE_PREFIX_PATH=/home/matthias/xplore2023/hd_ws/install/astra_interfaces LD_LIBRARY_PATH=/home/matthias/xplore2023/hd_ws/install/astra_interfaces/lib:${LD_LIBRARY_PATH} PYTHONPATH=/home/matthias/xplore2023/hd_ws/install/manager/lib/python3.10/site-packages:/home/matthias/xplore2023/hd_ws/install/astra_interfaces/local/lib/python3.10/dist-packages:${PYTHONPATH} /usr/bin/python3 setup.py egg_info --egg-base ../../../build/manager build --build-base /home/matthias/xplore2023/hd_ws/build/manager/build install --prefix /home/matthias/xplore2023/hd_ws/install/manager --record /home/matthias/xplore2023/hd_ws/build/manager/install.log --single-version-externally-managed
