[0.060s] Invoking command in '/home/matthias/xplore2023/hd_ws/build/astra_moveit_config': CMAKE_PREFIX_PATH=/home/matthias/xplore2023/hd_ws/install/astra_description:/home/matthias/xplore2023/hd_ws/install/astra_moveit_config0:/home/matthias/xplore2023/hd_ws/install/tttt:/home/matthias/xplore2023/hd_ws/install/moveit_api_test2:/home/matthias/xplore2023/hd_ws/install/moveit_api_test:/home/matthias/xplore2023/hd_ws/install/hw_interface:/home/matthias/xplore2023/hd_ws/install/astra_moveit_config_new:/home/matthias/xplore2023/hd_ws/install/astra_moveit_config:/home/matthias/xplore2023/hd_ws/install/astra_interfaces:/home/matthias/xplore2023/hd_ws/install/task_execution:/home/matthias/xplore2023/hd_ws/install/manager:/opt/ros/humble /usr/bin/cmake --build /home/matthias/xplore2023/hd_ws/build/astra_moveit_config -- -j12 -l12
[0.093s] Invoked command in '/home/matthias/xplore2023/hd_ws/build/astra_moveit_config' returned '0': CMAKE_PREFIX_PATH=/home/matthias/xplore2023/hd_ws/install/astra_description:/home/matthias/xplore2023/hd_ws/install/astra_moveit_config0:/home/matthias/xplore2023/hd_ws/install/tttt:/home/matthias/xplore2023/hd_ws/install/moveit_api_test2:/home/matthias/xplore2023/hd_ws/install/moveit_api_test:/home/matthias/xplore2023/hd_ws/install/hw_interface:/home/matthias/xplore2023/hd_ws/install/astra_moveit_config_new:/home/matthias/xplore2023/hd_ws/install/astra_moveit_config:/home/matthias/xplore2023/hd_ws/install/astra_interfaces:/home/matthias/xplore2023/hd_ws/install/task_execution:/home/matthias/xplore2023/hd_ws/install/manager:/opt/ros/humble /usr/bin/cmake --build /home/matthias/xplore2023/hd_ws/build/astra_moveit_config -- -j12 -l12
[0.113s] Invoking command in '/home/matthias/xplore2023/hd_ws/build/astra_moveit_config': CMAKE_PREFIX_PATH=/home/matthias/xplore2023/hd_ws/install/astra_description:/home/matthias/xplore2023/hd_ws/install/astra_moveit_config0:/home/matthias/xplore2023/hd_ws/install/tttt:/home/matthias/xplore2023/hd_ws/install/moveit_api_test2:/home/matthias/xplore2023/hd_ws/install/moveit_api_test:/home/matthias/xplore2023/hd_ws/install/hw_interface:/home/matthias/xplore2023/hd_ws/install/astra_moveit_config_new:/home/matthias/xplore2023/hd_ws/install/astra_moveit_config:/home/matthias/xplore2023/hd_ws/install/astra_interfaces:/home/matthias/xplore2023/hd_ws/install/task_execution:/home/matthias/xplore2023/hd_ws/install/manager:/opt/ros/humble /usr/bin/cmake --install /home/matthias/xplore2023/hd_ws/build/astra_moveit_config
[0.141s] -- Install configuration: ""
[0.141s] -- Up-to-date: /home/matthias/xplore2023/hd_ws/install/astra_moveit_config/share/ament_index/resource_index/package_run_dependencies/astra_moveit_config
[0.141s] -- Up-to-date: /home/matthias/xplore2023/hd_ws/install/astra_moveit_config/share/ament_index/resource_index/parent_prefix_path/astra_moveit_config
[0.142s] -- Up-to-date: /home/matthias/xplore2023/hd_ws/install/astra_moveit_config/share/astra_moveit_config/environment/ament_prefix_path.sh
[0.142s] -- Up-to-date: /home/matthias/xplore2023/hd_ws/install/astra_moveit_config/share/astra_moveit_config/environment/ament_prefix_path.dsv
[0.149s] -- Up-to-date: /home/matthias/xplore2023/hd_ws/install/astra_moveit_config/share/astra_moveit_config/environment/path.sh
[0.153s] -- Up-to-date: /home/matthias/xplore2023/hd_ws/install/astra_moveit_config/share/astra_moveit_config/environment/path.dsv
[0.153s] -- Up-to-date: /home/matthias/xplore2023/hd_ws/install/astra_moveit_config/share/astra_moveit_config/local_setup.bash
[0.153s] -- Up-to-date: /home/matthias/xplore2023/hd_ws/install/astra_moveit_config/share/astra_moveit_config/local_setup.sh
[0.153s] -- Up-to-date: /home/matthias/xplore2023/hd_ws/install/astra_moveit_config/share/astra_moveit_config/local_setup.zsh
[0.153s] -- Up-to-date: /home/matthias/xplore2023/hd_ws/install/astra_moveit_config/share/astra_moveit_config/local_setup.dsv
[0.154s] -- Installing: /home/matthias/xplore2023/hd_ws/install/astra_moveit_config/share/astra_moveit_config/package.dsv
[0.154s] -- Up-to-date: /home/matthias/xplore2023/hd_ws/install/astra_moveit_config/share/ament_index/resource_index/packages/astra_moveit_config
[0.154s] -- Up-to-date: /home/matthias/xplore2023/hd_ws/install/astra_moveit_config/share/astra_moveit_config/cmake/astra_moveit_configConfig.cmake
[0.154s] -- Up-to-date: /home/matthias/xplore2023/hd_ws/install/astra_moveit_config/share/astra_moveit_config/cmake/astra_moveit_configConfig-version.cmake
[0.158s] -- Up-to-date: /home/matthias/xplore2023/hd_ws/install/astra_moveit_config/share/astra_moveit_config/package.xml
[0.158s] -- Up-to-date: /home/matthias/xplore2023/hd_ws/install/astra_moveit_config/share/astra_moveit_config/launch
[0.158s] -- Up-to-date: /home/matthias/xplore2023/hd_ws/install/astra_moveit_config/share/astra_moveit_config/launch/spawn_controllers.launch.py
[0.158s] -- Up-to-date: /home/matthias/xplore2023/hd_ws/install/astra_moveit_config/share/astra_moveit_config/launch/demo.launch.py
[0.159s] -- Up-to-date: /home/matthias/xplore2023/hd_ws/install/astra_moveit_config/share/astra_moveit_config/launch/rsp.launch.py
[0.159s] -- Up-to-date: /home/matthias/xplore2023/hd_ws/install/astra_moveit_config/share/astra_moveit_config/launch/setup_assistant.launch.py
[0.159s] -- Up-to-date: /home/matthias/xplore2023/hd_ws/install/astra_moveit_config/share/astra_moveit_config/launch/static_virtual_joint_tfs.launch.py
[0.159s] -- Up-to-date: /home/matthias/xplore2023/hd_ws/install/astra_moveit_config/share/astra_moveit_config/launch/moveit_rviz.launch.py
[0.160s] -- Up-to-date: /home/matthias/xplore2023/hd_ws/install/astra_moveit_config/share/astra_moveit_config/launch/warehouse_db.launch.py
[0.160s] -- Up-to-date: /home/matthias/xplore2023/hd_ws/install/astra_moveit_config/share/astra_moveit_config/launch/move_group.launch.py
[0.160s] -- Up-to-date: /home/matthias/xplore2023/hd_ws/install/astra_moveit_config/share/astra_moveit_config/config
[0.160s] -- Up-to-date: /home/matthias/xplore2023/hd_ws/install/astra_moveit_config/share/astra_moveit_config/config/astra.srdf
[0.160s] -- Up-to-date: /home/matthias/xplore2023/hd_ws/install/astra_moveit_config/share/astra_moveit_config/config/ompl_planning.yaml
[0.161s] -- Up-to-date: /home/matthias/xplore2023/hd_ws/install/astra_moveit_config/share/astra_moveit_config/config/kinematics.yaml
[0.161s] -- Up-to-date: /home/matthias/xplore2023/hd_ws/install/astra_moveit_config/share/astra_moveit_config/config/joint_limits.yaml
[0.161s] -- Up-to-date: /home/matthias/xplore2023/hd_ws/install/astra_moveit_config/share/astra_moveit_config/config/moveit.rviz
[0.161s] -- Up-to-date: /home/matthias/xplore2023/hd_ws/install/astra_moveit_config/share/astra_moveit_config/config/pilz_cartesian_limits.yaml
[0.161s] -- Up-to-date: /home/matthias/xplore2023/hd_ws/install/astra_moveit_config/share/astra_moveit_config/config/initial_positions.yaml
[0.162s] -- Up-to-date: /home/matthias/xplore2023/hd_ws/install/astra_moveit_config/share/astra_moveit_config/config/moveit_controllers.yaml
[0.162s] -- Up-to-date: /home/matthias/xplore2023/hd_ws/install/astra_moveit_config/share/astra_moveit_config/config/ros2_controllers.yaml
[0.162s] -- Up-to-date: /home/matthias/xplore2023/hd_ws/install/astra_moveit_config/share/astra_moveit_config/config/astra.ros2_control.xacro
[0.162s] -- Up-to-date: /home/matthias/xplore2023/hd_ws/install/astra_moveit_config/share/astra_moveit_config/config/astra.urdf.xacro
[0.162s] -- Up-to-date: /home/matthias/xplore2023/hd_ws/install/astra_moveit_config/share/astra_moveit_config/.setup_assistant
[0.163s] Invoked command in '/home/matthias/xplore2023/hd_ws/build/astra_moveit_config' returned '0': CMAKE_PREFIX_PATH=/home/matthias/xplore2023/hd_ws/install/astra_description:/home/matthias/xplore2023/hd_ws/install/astra_moveit_config0:/home/matthias/xplore2023/hd_ws/install/tttt:/home/matthias/xplore2023/hd_ws/install/moveit_api_test2:/home/matthias/xplore2023/hd_ws/install/moveit_api_test:/home/matthias/xplore2023/hd_ws/install/hw_interface:/home/matthias/xplore2023/hd_ws/install/astra_moveit_config_new:/home/matthias/xplore2023/hd_ws/install/astra_moveit_config:/home/matthias/xplore2023/hd_ws/install/astra_interfaces:/home/matthias/xplore2023/hd_ws/install/task_execution:/home/matthias/xplore2023/hd_ws/install/manager:/opt/ros/humble /usr/bin/cmake --install /home/matthias/xplore2023/hd_ws/build/astra_moveit_config
