-- Found ament_cmake: 1.3.3 (/opt/ros/humble/share/ament_cmake/cmake)
-- Found ament_lint_auto: 0.12.5 (/opt/ros/humble/share/ament_lint_auto/cmake)
-- Added test 'lint_cmake' to check CMake code style
-- Added test 'xmllint' to check XML markup files
-- Configuring done
-- Generating done
-- Build files have been written to: /home/matthias/xplore2023/hd_ws/build/tttt
-- Install configuration: ""
-- Up-to-date: /home/matthias/xplore2023/hd_ws/install/tttt/share/ament_index/resource_index/package_run_dependencies/tttt
-- Up-to-date: /home/matthias/xplore2023/hd_ws/install/tttt/share/ament_index/resource_index/parent_prefix_path/tttt
-- Up-to-date: /home/matthias/xplore2023/hd_ws/install/tttt/share/tttt/environment/ament_prefix_path.sh
-- Installing: /home/matthias/xplore2023/hd_ws/install/tttt/share/tttt/environment/ament_prefix_path.dsv
-- Up-to-date: /home/matthias/xplore2023/hd_ws/install/tttt/share/tttt/environment/path.sh
-- Installing: /home/matthias/xplore2023/hd_ws/install/tttt/share/tttt/environment/path.dsv
-- Up-to-date: /home/matthias/xplore2023/hd_ws/install/tttt/share/tttt/local_setup.bash
-- Up-to-date: /home/matthias/xplore2023/hd_ws/install/tttt/share/tttt/local_setup.sh
-- Up-to-date: /home/matthias/xplore2023/hd_ws/install/tttt/share/tttt/local_setup.zsh
-- Installing: /home/matthias/xplore2023/hd_ws/install/tttt/share/tttt/local_setup.dsv
-- Installing: /home/matthias/xplore2023/hd_ws/install/tttt/share/tttt/package.dsv
-- Up-to-date: /home/matthias/xplore2023/hd_ws/install/tttt/share/ament_index/resource_index/packages/tttt
-- Up-to-date: /home/matthias/xplore2023/hd_ws/install/tttt/share/tttt/cmake/ttttConfig.cmake
-- Up-to-date: /home/matthias/xplore2023/hd_ws/install/tttt/share/tttt/cmake/ttttConfig-version.cmake
-- Up-to-date: /home/matthias/xplore2023/hd_ws/install/tttt/share/tttt/package.xml
