[0.350s] Invoking command in '/home/matthias/xplore2023/hd_ws/build/tttt': CMAKE_PREFIX_PATH=${CMAKE_PREFIX_PATH}:/home/matthias/xplore2023/hd_ws/install/task_execution:/home/matthias/xplore2023/hd_ws/install/manager:/home/matthias/xplore2023/hd_ws/install/hw_interface:/home/matthias/xplore2023/hd_ws/install/astra_description:/opt/ros/humble /usr/bin/cmake --build /home/matthias/xplore2023/hd_ws/build/tttt -- -j12 -l12
[0.389s] -- Found ament_cmake: 1.3.3 (/opt/ros/humble/share/ament_cmake/cmake)
[0.560s] -- Found ament_lint_auto: 0.12.5 (/opt/ros/humble/share/ament_lint_auto/cmake)
[0.637s] -- Added test 'lint_cmake' to check CMake code style
[0.638s] -- Added test 'xmllint' to check XML markup files
[0.639s] -- Configuring done
[0.645s] -- Generating done
[0.647s] -- Build files have been written to: /home/matthias/xplore2023/hd_ws/build/tttt
[0.666s] Invoked command in '/home/matthias/xplore2023/hd_ws/build/tttt' returned '0': CMAKE_PREFIX_PATH=${CMAKE_PREFIX_PATH}:/home/matthias/xplore2023/hd_ws/install/task_execution:/home/matthias/xplore2023/hd_ws/install/manager:/home/matthias/xplore2023/hd_ws/install/hw_interface:/home/matthias/xplore2023/hd_ws/install/astra_description:/opt/ros/humble /usr/bin/cmake --build /home/matthias/xplore2023/hd_ws/build/tttt -- -j12 -l12
[0.686s] Invoking command in '/home/matthias/xplore2023/hd_ws/build/tttt': CMAKE_PREFIX_PATH=${CMAKE_PREFIX_PATH}:/home/matthias/xplore2023/hd_ws/install/task_execution:/home/matthias/xplore2023/hd_ws/install/manager:/home/matthias/xplore2023/hd_ws/install/hw_interface:/home/matthias/xplore2023/hd_ws/install/astra_description:/opt/ros/humble /usr/bin/cmake --install /home/matthias/xplore2023/hd_ws/build/tttt
[0.693s] -- Install configuration: ""
[0.693s] -- Up-to-date: /home/matthias/xplore2023/hd_ws/install/tttt/share/ament_index/resource_index/package_run_dependencies/tttt
[0.693s] -- Up-to-date: /home/matthias/xplore2023/hd_ws/install/tttt/share/ament_index/resource_index/parent_prefix_path/tttt
[0.694s] -- Up-to-date: /home/matthias/xplore2023/hd_ws/install/tttt/share/tttt/environment/ament_prefix_path.sh
[0.694s] -- Installing: /home/matthias/xplore2023/hd_ws/install/tttt/share/tttt/environment/ament_prefix_path.dsv
[0.694s] -- Up-to-date: /home/matthias/xplore2023/hd_ws/install/tttt/share/tttt/environment/path.sh
[0.694s] -- Installing: /home/matthias/xplore2023/hd_ws/install/tttt/share/tttt/environment/path.dsv
[0.694s] -- Up-to-date: /home/matthias/xplore2023/hd_ws/install/tttt/share/tttt/local_setup.bash
[0.694s] -- Up-to-date: /home/matthias/xplore2023/hd_ws/install/tttt/share/tttt/local_setup.sh
[0.694s] -- Up-to-date: /home/matthias/xplore2023/hd_ws/install/tttt/share/tttt/local_setup.zsh
[0.694s] -- Installing: /home/matthias/xplore2023/hd_ws/install/tttt/share/tttt/local_setup.dsv
[0.695s] -- Installing: /home/matthias/xplore2023/hd_ws/install/tttt/share/tttt/package.dsv
[0.695s] -- Up-to-date: /home/matthias/xplore2023/hd_ws/install/tttt/share/ament_index/resource_index/packages/tttt
[0.695s] -- Up-to-date: /home/matthias/xplore2023/hd_ws/install/tttt/share/tttt/cmake/ttttConfig.cmake
[0.695s] -- Up-to-date: /home/matthias/xplore2023/hd_ws/install/tttt/share/tttt/cmake/ttttConfig-version.cmake
[0.695s] -- Up-to-date: /home/matthias/xplore2023/hd_ws/install/tttt/share/tttt/package.xml
[0.701s] Invoked command in '/home/matthias/xplore2023/hd_ws/build/tttt' returned '0': CMAKE_PREFIX_PATH=${CMAKE_PREFIX_PATH}:/home/matthias/xplore2023/hd_ws/install/task_execution:/home/matthias/xplore2023/hd_ws/install/manager:/home/matthias/xplore2023/hd_ws/install/hw_interface:/home/matthias/xplore2023/hd_ws/install/astra_description:/opt/ros/humble /usr/bin/cmake --install /home/matthias/xplore2023/hd_ws/build/tttt
