[1.290s] Invoking command in '/home/matthias/xplore2023/hd_ws/src/control/task_execution': PYTHONPATH=/home/matthias/xplore2023/hd_ws/install/task_execution/lib/python3.10/site-packages:${PYTHONPATH} /usr/bin/python3 setup.py egg_info --egg-base ../../../build/task_execution build --build-base /home/matthias/xplore2023/hd_ws/build/task_execution/build install --prefix /home/matthias/xplore2023/hd_ws/install/task_execution --record /home/matthias/xplore2023/hd_ws/build/task_execution/install.log --single-version-externally-managed
[1.579s] running egg_info
[1.579s] writing ../../../build/task_execution/task_execution.egg-info/PKG-INFO
[1.580s] writing dependency_links to ../../../build/task_execution/task_execution.egg-info/dependency_links.txt
[1.580s] writing entry points to ../../../build/task_execution/task_execution.egg-info/entry_points.txt
[1.580s] writing requirements to ../../../build/task_execution/task_execution.egg-info/requires.txt
[1.580s] writing top-level names to ../../../build/task_execution/task_execution.egg-info/top_level.txt
[1.582s] reading manifest file '../../../build/task_execution/task_execution.egg-info/SOURCES.txt'
[1.583s] writing manifest file '../../../build/task_execution/task_execution.egg-info/SOURCES.txt'
[1.583s] running build
[1.583s] running build_py
[1.584s] copying task_execution/trajectory_planner.py -> /home/matthias/xplore2023/hd_ws/build/task_execution/build/lib/task_execution
[1.584s] copying task_execution/moveit_test.py -> /home/matthias/xplore2023/hd_ws/build/task_execution/build/lib/task_execution
[1.584s] running install
[1.585s] /usr/lib/python3/dist-packages/setuptools/command/install.py:34: SetuptoolsDeprecationWarning: setup.py install is deprecated. Use build and pip and other standards-based tools.
[1.585s]   warnings.warn(
[1.585s] running install_lib
[1.586s] copying /home/matthias/xplore2023/hd_ws/build/task_execution/build/lib/task_execution/trajectory_planner.py -> /home/matthias/xplore2023/hd_ws/install/task_execution/lib/python3.10/site-packages/task_execution
[1.586s] copying /home/matthias/xplore2023/hd_ws/build/task_execution/build/lib/task_execution/moveit_test.py -> /home/matthias/xplore2023/hd_ws/install/task_execution/lib/python3.10/site-packages/task_execution
[1.587s] byte-compiling /home/matthias/xplore2023/hd_ws/install/task_execution/lib/python3.10/site-packages/task_execution/trajectory_planner.py to trajectory_planner.cpython-310.pyc
[1.588s] byte-compiling /home/matthias/xplore2023/hd_ws/install/task_execution/lib/python3.10/site-packages/task_execution/moveit_test.py to moveit_test.cpython-310.pyc
[1.589s] running install_data
[1.589s] running install_egg_info
[1.591s] removing '/home/matthias/xplore2023/hd_ws/install/task_execution/lib/python3.10/site-packages/task_execution-0.0.0-py3.10.egg-info' (and everything under it)
[1.592s] Copying ../../../build/task_execution/task_execution.egg-info to /home/matthias/xplore2023/hd_ws/install/task_execution/lib/python3.10/site-packages/task_execution-0.0.0-py3.10.egg-info
[1.593s] running install_scripts
[1.610s] Installing test script to /home/matthias/xplore2023/hd_ws/install/task_execution/lib/task_execution
[1.610s] writing list of installed files to '/home/matthias/xplore2023/hd_ws/build/task_execution/install.log'
[1.632s] Invoked command in '/home/matthias/xplore2023/hd_ws/src/control/task_execution' returned '0': PYTHONPATH=/home/matthias/xplore2023/hd_ws/install/task_execution/lib/python3.10/site-packages:${PYTHONPATH} /usr/bin/python3 setup.py egg_info --egg-base ../../../build/task_execution build --build-base /home/matthias/xplore2023/hd_ws/build/task_execution/build install --prefix /home/matthias/xplore2023/hd_ws/install/task_execution --record /home/matthias/xplore2023/hd_ws/build/task_execution/install.log --single-version-externally-managed
