[0.366s] DEBUG:colcon:Command line arguments: ['/usr/bin/colcon', 'build']
[0.366s] DEBUG:colcon:Parsed command line arguments: Namespace(log_base=None, log_level=None, verb_name='build', build_base='build', install_base='install', merge_install=False, symlink_install=False, test_result_base=None, continue_on_error=False, executor='parallel', parallel_workers=12, event_handlers=None, ignore_user_meta=False, metas=['./colcon.meta'], base_paths=['.'], packages_ignore=None, packages_ignore_regex=None, paths=None, packages_up_to=None, packages_up_to_regex=None, packages_above=None, packages_above_and_dependencies=None, packages_above_depth=None, packages_select_by_dep=None, packages_skip_by_dep=None, packages_skip_up_to=None, packages_select_build_failed=False, packages_skip_build_finished=False, packages_select_test_failures=False, packages_skip_test_passed=False, packages_select=None, packages_skip=None, packages_select_regex=None, packages_skip_regex=None, packages_start=None, packages_end=None, allow_overriding=[], cmake_args=None, cmake_target=None, cmake_target_skip_unavailable=False, cmake_clean_cache=False, cmake_clean_first=False, cmake_force_configure=False, ament_cmake_args=None, catkin_cmake_args=None, catkin_skip_building_tests=False, mixin_files=None, mixin=None, verb_parser=<colcon_mixin.mixin.mixin_argument.MixinArgumentDecorator object at 0x7f385d708ee0>, verb_extension=<colcon_core.verb.build.BuildVerb object at 0x7f385e04ca30>, main=<bound method BuildVerb.main of <colcon_core.verb.build.BuildVerb object at 0x7f385e04ca30>>, mixin_verb=('build',))
[0.391s] Level 1:colcon.colcon_core.package_discovery:discover_packages(colcon_meta) check parameters
[0.391s] Level 1:colcon.colcon_core.package_discovery:discover_packages(recursive) check parameters
[0.391s] Level 1:colcon.colcon_core.package_discovery:discover_packages(ignore) check parameters
[0.391s] Level 1:colcon.colcon_core.package_discovery:discover_packages(path) check parameters
[0.391s] Level 1:colcon.colcon_core.package_discovery:discover_packages(colcon_meta) discover
[0.392s] Level 1:colcon.colcon_core.package_discovery:discover_packages(recursive) discover
[0.392s] INFO:colcon.colcon_core.package_discovery:Crawling recursively for packages in '/home/matthias/xplore2023/hd_ws'
[0.392s] Level 1:colcon.colcon_core.package_identification:_identify(.) by extensions ['ignore', 'ignore_ament_install']
[0.392s] Level 1:colcon.colcon_core.package_identification:_identify(.) by extension 'ignore'
[0.392s] Level 1:colcon.colcon_core.package_identification:_identify(.) by extension 'ignore_ament_install'
[0.392s] Level 1:colcon.colcon_core.package_identification:_identify(.) by extensions ['colcon_pkg']
[0.392s] Level 1:colcon.colcon_core.package_identification:_identify(.) by extension 'colcon_pkg'
[0.392s] Level 1:colcon.colcon_core.package_identification:_identify(.) by extensions ['colcon_meta']
[0.392s] Level 1:colcon.colcon_core.package_identification:_identify(.) by extension 'colcon_meta'
[0.392s] Level 1:colcon.colcon_core.package_identification:_identify(.) by extensions ['ros']
[0.392s] Level 1:colcon.colcon_core.package_identification:_identify(.) by extension 'ros'
[0.402s] Level 1:colcon.colcon_core.package_identification:_identify(.) by extensions ['cmake', 'python']
[0.402s] Level 1:colcon.colcon_core.package_identification:_identify(.) by extension 'cmake'
[0.402s] Level 1:colcon.colcon_core.package_identification:_identify(.) by extension 'python'
[0.402s] Level 1:colcon.colcon_core.package_identification:_identify(.) by extensions ['python_setup_py']
[0.402s] Level 1:colcon.colcon_core.package_identification:_identify(.) by extension 'python_setup_py'
[0.402s] Level 1:colcon.colcon_core.package_identification:_identify(build) by extensions ['ignore', 'ignore_ament_install']
[0.402s] Level 1:colcon.colcon_core.package_identification:_identify(build) by extension 'ignore'
[0.402s] Level 1:colcon.colcon_core.package_identification:_identify(build) ignored
[0.402s] Level 1:colcon.colcon_core.package_identification:_identify(install) by extensions ['ignore', 'ignore_ament_install']
[0.402s] Level 1:colcon.colcon_core.package_identification:_identify(install) by extension 'ignore'
[0.402s] Level 1:colcon.colcon_core.package_identification:_identify(install) ignored
[0.402s] Level 1:colcon.colcon_core.package_identification:_identify(log) by extensions ['ignore', 'ignore_ament_install']
[0.402s] Level 1:colcon.colcon_core.package_identification:_identify(log) by extension 'ignore'
[0.402s] Level 1:colcon.colcon_core.package_identification:_identify(log) ignored
[0.402s] Level 1:colcon.colcon_core.package_identification:_identify(src) by extensions ['ignore', 'ignore_ament_install']
[0.402s] Level 1:colcon.colcon_core.package_identification:_identify(src) by extension 'ignore'
[0.403s] Level 1:colcon.colcon_core.package_identification:_identify(src) by extension 'ignore_ament_install'
[0.403s] Level 1:colcon.colcon_core.package_identification:_identify(src) by extensions ['colcon_pkg']
[0.403s] Level 1:colcon.colcon_core.package_identification:_identify(src) by extension 'colcon_pkg'
[0.403s] Level 1:colcon.colcon_core.package_identification:_identify(src) by extensions ['colcon_meta']
[0.403s] Level 1:colcon.colcon_core.package_identification:_identify(src) by extension 'colcon_meta'
[0.403s] Level 1:colcon.colcon_core.package_identification:_identify(src) by extensions ['ros']
[0.403s] Level 1:colcon.colcon_core.package_identification:_identify(src) by extension 'ros'
[0.403s] Level 1:colcon.colcon_core.package_identification:_identify(src) by extensions ['cmake', 'python']
[0.403s] Level 1:colcon.colcon_core.package_identification:_identify(src) by extension 'cmake'
[0.403s] Level 1:colcon.colcon_core.package_identification:_identify(src) by extension 'python'
[0.403s] Level 1:colcon.colcon_core.package_identification:_identify(src) by extensions ['python_setup_py']
[0.403s] Level 1:colcon.colcon_core.package_identification:_identify(src) by extension 'python_setup_py'
[0.403s] Level 1:colcon.colcon_core.package_identification:_identify(src/control) by extensions ['ignore', 'ignore_ament_install']
[0.403s] Level 1:colcon.colcon_core.package_identification:_identify(src/control) by extension 'ignore'
[0.403s] Level 1:colcon.colcon_core.package_identification:_identify(src/control) by extension 'ignore_ament_install'
[0.403s] Level 1:colcon.colcon_core.package_identification:_identify(src/control) by extensions ['colcon_pkg']
[0.403s] Level 1:colcon.colcon_core.package_identification:_identify(src/control) by extension 'colcon_pkg'
[0.403s] Level 1:colcon.colcon_core.package_identification:_identify(src/control) by extensions ['colcon_meta']
[0.403s] Level 1:colcon.colcon_core.package_identification:_identify(src/control) by extension 'colcon_meta'
[0.403s] Level 1:colcon.colcon_core.package_identification:_identify(src/control) by extensions ['ros']
[0.403s] Level 1:colcon.colcon_core.package_identification:_identify(src/control) by extension 'ros'
[0.403s] Level 1:colcon.colcon_core.package_identification:_identify(src/control) by extensions ['cmake', 'python']
[0.403s] Level 1:colcon.colcon_core.package_identification:_identify(src/control) by extension 'cmake'
[0.403s] Level 1:colcon.colcon_core.package_identification:_identify(src/control) by extension 'python'
[0.403s] Level 1:colcon.colcon_core.package_identification:_identify(src/control) by extensions ['python_setup_py']
[0.404s] Level 1:colcon.colcon_core.package_identification:_identify(src/control) by extension 'python_setup_py'
[0.404s] Level 1:colcon.colcon_core.package_identification:_identify(src/control/astra_description) by extensions ['ignore', 'ignore_ament_install']
[0.404s] Level 1:colcon.colcon_core.package_identification:_identify(src/control/astra_description) by extension 'ignore'
[0.404s] Level 1:colcon.colcon_core.package_identification:_identify(src/control/astra_description) by extension 'ignore_ament_install'
[0.404s] Level 1:colcon.colcon_core.package_identification:_identify(src/control/astra_description) by extensions ['colcon_pkg']
[0.404s] Level 1:colcon.colcon_core.package_identification:_identify(src/control/astra_description) by extension 'colcon_pkg'
[0.404s] Level 1:colcon.colcon_core.package_identification:_identify(src/control/astra_description) by extensions ['colcon_meta']
[0.404s] Level 1:colcon.colcon_core.package_identification:_identify(src/control/astra_description) by extension 'colcon_meta'
[0.404s] Level 1:colcon.colcon_core.package_identification:_identify(src/control/astra_description) by extensions ['ros']
[0.404s] Level 1:colcon.colcon_core.package_identification:_identify(src/control/astra_description) by extension 'ros'
[0.406s] DEBUG:colcon.colcon_core.package_identification:Package 'src/control/astra_description' with type 'ros.ament_cmake' and name 'astra_description'
[0.406s] Level 1:colcon.colcon_core.package_identification:_identify(src/control/astra_interfaces) by extensions ['ignore', 'ignore_ament_install']
[0.406s] Level 1:colcon.colcon_core.package_identification:_identify(src/control/astra_interfaces) by extension 'ignore'
[0.406s] Level 1:colcon.colcon_core.package_identification:_identify(src/control/astra_interfaces) by extension 'ignore_ament_install'
[0.407s] Level 1:colcon.colcon_core.package_identification:_identify(src/control/astra_interfaces) by extensions ['colcon_pkg']
[0.407s] Level 1:colcon.colcon_core.package_identification:_identify(src/control/astra_interfaces) by extension 'colcon_pkg'
[0.407s] Level 1:colcon.colcon_core.package_identification:_identify(src/control/astra_interfaces) by extensions ['colcon_meta']
[0.407s] Level 1:colcon.colcon_core.package_identification:_identify(src/control/astra_interfaces) by extension 'colcon_meta'
[0.407s] Level 1:colcon.colcon_core.package_identification:_identify(src/control/astra_interfaces) by extensions ['ros']
[0.407s] Level 1:colcon.colcon_core.package_identification:_identify(src/control/astra_interfaces) by extension 'ros'
[0.407s] DEBUG:colcon.colcon_core.package_identification:Package 'src/control/astra_interfaces' with type 'ros.ament_cmake' and name 'astra_interfaces'
[0.407s] Level 1:colcon.colcon_core.package_identification:_identify(src/control/astra_moveit_config) by extensions ['ignore', 'ignore_ament_install']
[0.407s] Level 1:colcon.colcon_core.package_identification:_identify(src/control/astra_moveit_config) by extension 'ignore'
[0.407s] Level 1:colcon.colcon_core.package_identification:_identify(src/control/astra_moveit_config) by extension 'ignore_ament_install'
[0.408s] Level 1:colcon.colcon_core.package_identification:_identify(src/control/astra_moveit_config) by extensions ['colcon_pkg']
[0.408s] Level 1:colcon.colcon_core.package_identification:_identify(src/control/astra_moveit_config) by extension 'colcon_pkg'
[0.408s] Level 1:colcon.colcon_core.package_identification:_identify(src/control/astra_moveit_config) by extensions ['colcon_meta']
[0.408s] Level 1:colcon.colcon_core.package_identification:_identify(src/control/astra_moveit_config) by extension 'colcon_meta'
[0.408s] Level 1:colcon.colcon_core.package_identification:_identify(src/control/astra_moveit_config) by extensions ['ros']
[0.408s] Level 1:colcon.colcon_core.package_identification:_identify(src/control/astra_moveit_config) by extension 'ros'
[0.408s] DEBUG:colcon.colcon_core.package_identification:Package 'src/control/astra_moveit_config' with type 'ros.ament_cmake' and name 'astra_moveit_config'
[0.408s] Level 1:colcon.colcon_core.package_identification:_identify(src/control/hw_interface) by extensions ['ignore', 'ignore_ament_install']
[0.409s] Level 1:colcon.colcon_core.package_identification:_identify(src/control/hw_interface) by extension 'ignore'
[0.409s] Level 1:colcon.colcon_core.package_identification:_identify(src/control/hw_interface) by extension 'ignore_ament_install'
[0.409s] Level 1:colcon.colcon_core.package_identification:_identify(src/control/hw_interface) by extensions ['colcon_pkg']
[0.409s] Level 1:colcon.colcon_core.package_identification:_identify(src/control/hw_interface) by extension 'colcon_pkg'
[0.409s] Level 1:colcon.colcon_core.package_identification:_identify(src/control/hw_interface) by extensions ['colcon_meta']
[0.409s] Level 1:colcon.colcon_core.package_identification:_identify(src/control/hw_interface) by extension 'colcon_meta'
[0.409s] Level 1:colcon.colcon_core.package_identification:_identify(src/control/hw_interface) by extensions ['ros']
[0.409s] Level 1:colcon.colcon_core.package_identification:_identify(src/control/hw_interface) by extension 'ros'
[0.409s] DEBUG:colcon.colcon_core.package_identification:Package 'src/control/hw_interface' with type 'ros.ament_cmake' and name 'hw_interface'
[0.409s] Level 1:colcon.colcon_core.package_identification:_identify(src/control/manager) by extensions ['ignore', 'ignore_ament_install']
[0.409s] Level 1:colcon.colcon_core.package_identification:_identify(src/control/manager) by extension 'ignore'
[0.409s] Level 1:colcon.colcon_core.package_identification:_identify(src/control/manager) by extension 'ignore_ament_install'
[0.409s] Level 1:colcon.colcon_core.package_identification:_identify(src/control/manager) by extensions ['colcon_pkg']
[0.409s] Level 1:colcon.colcon_core.package_identification:_identify(src/control/manager) by extension 'colcon_pkg'
[0.410s] Level 1:colcon.colcon_core.package_identification:_identify(src/control/manager) by extensions ['colcon_meta']
[0.410s] Level 1:colcon.colcon_core.package_identification:_identify(src/control/manager) by extension 'colcon_meta'
[0.410s] Level 1:colcon.colcon_core.package_identification:_identify(src/control/manager) by extensions ['ros']
[0.410s] Level 1:colcon.colcon_core.package_identification:_identify(src/control/manager) by extension 'ros'
[0.410s] DEBUG:colcon.colcon_core.package_identification:Package 'src/control/manager' with type 'ros.ament_python' and name 'manager'
[0.410s] Level 1:colcon.colcon_core.package_identification:_identify(src/control/moveit_api_test) by extensions ['ignore', 'ignore_ament_install']
[0.410s] Level 1:colcon.colcon_core.package_identification:_identify(src/control/moveit_api_test) by extension 'ignore'
[0.410s] Level 1:colcon.colcon_core.package_identification:_identify(src/control/moveit_api_test) by extension 'ignore_ament_install'
[0.410s] Level 1:colcon.colcon_core.package_identification:_identify(src/control/moveit_api_test) by extensions ['colcon_pkg']
[0.410s] Level 1:colcon.colcon_core.package_identification:_identify(src/control/moveit_api_test) by extension 'colcon_pkg'
[0.410s] Level 1:colcon.colcon_core.package_identification:_identify(src/control/moveit_api_test) by extensions ['colcon_meta']
[0.410s] Level 1:colcon.colcon_core.package_identification:_identify(src/control/moveit_api_test) by extension 'colcon_meta'
[0.410s] Level 1:colcon.colcon_core.package_identification:_identify(src/control/moveit_api_test) by extensions ['ros']
[0.410s] Level 1:colcon.colcon_core.package_identification:_identify(src/control/moveit_api_test) by extension 'ros'
[0.411s] DEBUG:colcon.colcon_core.package_identification:Package 'src/control/moveit_api_test' with type 'ros.ament_cmake' and name 'moveit_api_test'
[0.411s] Level 1:colcon.colcon_core.package_identification:_identify(src/control/task_execution) by extensions ['ignore', 'ignore_ament_install']
[0.411s] Level 1:colcon.colcon_core.package_identification:_identify(src/control/task_execution) by extension 'ignore'
[0.411s] Level 1:colcon.colcon_core.package_identification:_identify(src/control/task_execution) by extension 'ignore_ament_install'
[0.411s] Level 1:colcon.colcon_core.package_identification:_identify(src/control/task_execution) by extensions ['colcon_pkg']
[0.411s] Level 1:colcon.colcon_core.package_identification:_identify(src/control/task_execution) by extension 'colcon_pkg'
[0.411s] Level 1:colcon.colcon_core.package_identification:_identify(src/control/task_execution) by extensions ['colcon_meta']
[0.411s] Level 1:colcon.colcon_core.package_identification:_identify(src/control/task_execution) by extension 'colcon_meta'
[0.411s] Level 1:colcon.colcon_core.package_identification:_identify(src/control/task_execution) by extensions ['ros']
[0.411s] Level 1:colcon.colcon_core.package_identification:_identify(src/control/task_execution) by extension 'ros'
[0.412s] DEBUG:colcon.colcon_core.package_identification:Package 'src/control/task_execution' with type 'ros.ament_python' and name 'task_execution'
[0.412s] Level 1:colcon.colcon_core.package_discovery:discover_packages(recursive) using defaults
[0.412s] Level 1:colcon.colcon_core.package_discovery:discover_packages(ignore) discover
[0.412s] Level 1:colcon.colcon_core.package_discovery:discover_packages(ignore) using defaults
[0.412s] Level 1:colcon.colcon_core.package_discovery:discover_packages(path) discover
[0.412s] Level 1:colcon.colcon_core.package_discovery:discover_packages(path) using defaults
[0.432s] Level 1:colcon.colcon_core.package_discovery:discover_packages(prefix_path) check parameters
[0.432s] Level 1:colcon.colcon_core.package_discovery:discover_packages(prefix_path) discover
[0.435s] DEBUG:colcon.colcon_installed_package_information.package_discovery:Found 7 installed packages in /home/matthias/xplore2023/hd_ws/install
[0.436s] DEBUG:colcon.colcon_installed_package_information.package_discovery:Found 329 installed packages in /opt/ros/humble
[0.438s] Level 1:colcon.colcon_core.package_discovery:discover_packages(prefix_path) using defaults
[0.496s] Level 5:colcon.colcon_core.verb:set package 'astra_description' build argument 'cmake_args' from command line to 'None'
[0.496s] Level 5:colcon.colcon_core.verb:set package 'astra_description' build argument 'cmake_target' from command line to 'None'
[0.496s] Level 5:colcon.colcon_core.verb:set package 'astra_description' build argument 'cmake_target_skip_unavailable' from command line to 'False'
[0.496s] Level 5:colcon.colcon_core.verb:set package 'astra_description' build argument 'cmake_clean_cache' from command line to 'False'
[0.496s] Level 5:colcon.colcon_core.verb:set package 'astra_description' build argument 'cmake_clean_first' from command line to 'False'
[0.496s] Level 5:colcon.colcon_core.verb:set package 'astra_description' build argument 'cmake_force_configure' from command line to 'False'
[0.496s] Level 5:colcon.colcon_core.verb:set package 'astra_description' build argument 'ament_cmake_args' from command line to 'None'
[0.496s] Level 5:colcon.colcon_core.verb:set package 'astra_description' build argument 'catkin_cmake_args' from command line to 'None'
[0.496s] Level 5:colcon.colcon_core.verb:set package 'astra_description' build argument 'catkin_skip_building_tests' from command line to 'False'
[0.497s] DEBUG:colcon.colcon_core.verb:Building package 'astra_description' with the following arguments: {'ament_cmake_args': None, 'build_base': '/home/matthias/xplore2023/hd_ws/build/astra_description', 'catkin_cmake_args': None, 'catkin_skip_building_tests': False, 'cmake_args': None, 'cmake_clean_cache': False, 'cmake_clean_first': False, 'cmake_force_configure': False, 'cmake_target': None, 'cmake_target_skip_unavailable': False, 'install_base': '/home/matthias/xplore2023/hd_ws/install/astra_description', 'merge_install': False, 'path': '/home/matthias/xplore2023/hd_ws/src/control/astra_description', 'symlink_install': False, 'test_result_base': None}
[0.497s] Level 5:colcon.colcon_core.verb:set package 'astra_interfaces' build argument 'cmake_args' from command line to 'None'
[0.497s] Level 5:colcon.colcon_core.verb:set package 'astra_interfaces' build argument 'cmake_target' from command line to 'None'
[0.497s] Level 5:colcon.colcon_core.verb:set package 'astra_interfaces' build argument 'cmake_target_skip_unavailable' from command line to 'False'
[0.497s] Level 5:colcon.colcon_core.verb:set package 'astra_interfaces' build argument 'cmake_clean_cache' from command line to 'False'
[0.497s] Level 5:colcon.colcon_core.verb:set package 'astra_interfaces' build argument 'cmake_clean_first' from command line to 'False'
[0.497s] Level 5:colcon.colcon_core.verb:set package 'astra_interfaces' build argument 'cmake_force_configure' from command line to 'False'
[0.497s] Level 5:colcon.colcon_core.verb:set package 'astra_interfaces' build argument 'ament_cmake_args' from command line to 'None'
[0.498s] Level 5:colcon.colcon_core.verb:set package 'astra_interfaces' build argument 'catkin_cmake_args' from command line to 'None'
[0.498s] Level 5:colcon.colcon_core.verb:set package 'astra_interfaces' build argument 'catkin_skip_building_tests' from command line to 'False'
[0.498s] DEBUG:colcon.colcon_core.verb:Building package 'astra_interfaces' with the following arguments: {'ament_cmake_args': None, 'build_base': '/home/matthias/xplore2023/hd_ws/build/astra_interfaces', 'catkin_cmake_args': None, 'catkin_skip_building_tests': False, 'cmake_args': None, 'cmake_clean_cache': False, 'cmake_clean_first': False, 'cmake_force_configure': False, 'cmake_target': None, 'cmake_target_skip_unavailable': False, 'install_base': '/home/matthias/xplore2023/hd_ws/install/astra_interfaces', 'merge_install': False, 'path': '/home/matthias/xplore2023/hd_ws/src/control/astra_interfaces', 'symlink_install': False, 'test_result_base': None}
[0.498s] Level 5:colcon.colcon_core.verb:set package 'hw_interface' build argument 'cmake_args' from command line to 'None'
[0.498s] Level 5:colcon.colcon_core.verb:set package 'hw_interface' build argument 'cmake_target' from command line to 'None'
[0.498s] Level 5:colcon.colcon_core.verb:set package 'hw_interface' build argument 'cmake_target_skip_unavailable' from command line to 'False'
[0.499s] Level 5:colcon.colcon_core.verb:set package 'hw_interface' build argument 'cmake_clean_cache' from command line to 'False'
[0.499s] Level 5:colcon.colcon_core.verb:set package 'hw_interface' build argument 'cmake_clean_first' from command line to 'False'
[0.499s] Level 5:colcon.colcon_core.verb:set package 'hw_interface' build argument 'cmake_force_configure' from command line to 'False'
[0.499s] Level 5:colcon.colcon_core.verb:set package 'hw_interface' build argument 'ament_cmake_args' from command line to 'None'
[0.499s] Level 5:colcon.colcon_core.verb:set package 'hw_interface' build argument 'catkin_cmake_args' from command line to 'None'
[0.499s] Level 5:colcon.colcon_core.verb:set package 'hw_interface' build argument 'catkin_skip_building_tests' from command line to 'False'
[0.499s] DEBUG:colcon.colcon_core.verb:Building package 'hw_interface' with the following arguments: {'ament_cmake_args': None, 'build_base': '/home/matthias/xplore2023/hd_ws/build/hw_interface', 'catkin_cmake_args': None, 'catkin_skip_building_tests': False, 'cmake_args': None, 'cmake_clean_cache': False, 'cmake_clean_first': False, 'cmake_force_configure': False, 'cmake_target': None, 'cmake_target_skip_unavailable': False, 'install_base': '/home/matthias/xplore2023/hd_ws/install/hw_interface', 'merge_install': False, 'path': '/home/matthias/xplore2023/hd_ws/src/control/hw_interface', 'symlink_install': False, 'test_result_base': None}
[0.499s] Level 5:colcon.colcon_core.verb:set package 'moveit_api_test' build argument 'cmake_args' from command line to 'None'
[0.500s] Level 5:colcon.colcon_core.verb:set package 'moveit_api_test' build argument 'cmake_target' from command line to 'None'
[0.500s] Level 5:colcon.colcon_core.verb:set package 'moveit_api_test' build argument 'cmake_target_skip_unavailable' from command line to 'False'
[0.500s] Level 5:colcon.colcon_core.verb:set package 'moveit_api_test' build argument 'cmake_clean_cache' from command line to 'False'
[0.500s] Level 5:colcon.colcon_core.verb:set package 'moveit_api_test' build argument 'cmake_clean_first' from command line to 'False'
[0.500s] Level 5:colcon.colcon_core.verb:set package 'moveit_api_test' build argument 'cmake_force_configure' from command line to 'False'
[0.500s] Level 5:colcon.colcon_core.verb:set package 'moveit_api_test' build argument 'ament_cmake_args' from command line to 'None'
[0.500s] Level 5:colcon.colcon_core.verb:set package 'moveit_api_test' build argument 'catkin_cmake_args' from command line to 'None'
[0.500s] Level 5:colcon.colcon_core.verb:set package 'moveit_api_test' build argument 'catkin_skip_building_tests' from command line to 'False'
[0.500s] DEBUG:colcon.colcon_core.verb:Building package 'moveit_api_test' with the following arguments: {'ament_cmake_args': None, 'build_base': '/home/matthias/xplore2023/hd_ws/build/moveit_api_test', 'catkin_cmake_args': None, 'catkin_skip_building_tests': False, 'cmake_args': None, 'cmake_clean_cache': False, 'cmake_clean_first': False, 'cmake_force_configure': False, 'cmake_target': None, 'cmake_target_skip_unavailable': False, 'install_base': '/home/matthias/xplore2023/hd_ws/install/moveit_api_test', 'merge_install': False, 'path': '/home/matthias/xplore2023/hd_ws/src/control/moveit_api_test', 'symlink_install': False, 'test_result_base': None}
[0.500s] Level 5:colcon.colcon_core.verb:set package 'task_execution' build argument 'cmake_args' from command line to 'None'
[0.501s] Level 5:colcon.colcon_core.verb:set package 'task_execution' build argument 'cmake_target' from command line to 'None'
[0.501s] Level 5:colcon.colcon_core.verb:set package 'task_execution' build argument 'cmake_target_skip_unavailable' from command line to 'False'
[0.501s] Level 5:colcon.colcon_core.verb:set package 'task_execution' build argument 'cmake_clean_cache' from command line to 'False'
[0.501s] Level 5:colcon.colcon_core.verb:set package 'task_execution' build argument 'cmake_clean_first' from command line to 'False'
[0.501s] Level 5:colcon.colcon_core.verb:set package 'task_execution' build argument 'cmake_force_configure' from command line to 'False'
[0.501s] Level 5:colcon.colcon_core.verb:set package 'task_execution' build argument 'ament_cmake_args' from command line to 'None'
[0.501s] Level 5:colcon.colcon_core.verb:set package 'task_execution' build argument 'catkin_cmake_args' from command line to 'None'
[0.501s] Level 5:colcon.colcon_core.verb:set package 'task_execution' build argument 'catkin_skip_building_tests' from command line to 'False'
[0.501s] DEBUG:colcon.colcon_core.verb:Building package 'task_execution' with the following arguments: {'ament_cmake_args': None, 'build_base': '/home/matthias/xplore2023/hd_ws/build/task_execution', 'catkin_cmake_args': None, 'catkin_skip_building_tests': False, 'cmake_args': None, 'cmake_clean_cache': False, 'cmake_clean_first': False, 'cmake_force_configure': False, 'cmake_target': None, 'cmake_target_skip_unavailable': False, 'install_base': '/home/matthias/xplore2023/hd_ws/install/task_execution', 'merge_install': False, 'path': '/home/matthias/xplore2023/hd_ws/src/control/task_execution', 'symlink_install': False, 'test_result_base': None}
[0.502s] Level 5:colcon.colcon_core.verb:set package 'astra_moveit_config' build argument 'cmake_args' from command line to 'None'
[0.502s] Level 5:colcon.colcon_core.verb:set package 'astra_moveit_config' build argument 'cmake_target' from command line to 'None'
[0.502s] Level 5:colcon.colcon_core.verb:set package 'astra_moveit_config' build argument 'cmake_target_skip_unavailable' from command line to 'False'
[0.502s] Level 5:colcon.colcon_core.verb:set package 'astra_moveit_config' build argument 'cmake_clean_cache' from command line to 'False'
[0.502s] Level 5:colcon.colcon_core.verb:set package 'astra_moveit_config' build argument 'cmake_clean_first' from command line to 'False'
[0.502s] Level 5:colcon.colcon_core.verb:set package 'astra_moveit_config' build argument 'cmake_force_configure' from command line to 'False'
[0.502s] Level 5:colcon.colcon_core.verb:set package 'astra_moveit_config' build argument 'ament_cmake_args' from command line to 'None'
[0.502s] Level 5:colcon.colcon_core.verb:set package 'astra_moveit_config' build argument 'catkin_cmake_args' from command line to 'None'
[0.502s] Level 5:colcon.colcon_core.verb:set package 'astra_moveit_config' build argument 'catkin_skip_building_tests' from command line to 'False'
[0.502s] DEBUG:colcon.colcon_core.verb:Building package 'astra_moveit_config' with the following arguments: {'ament_cmake_args': None, 'build_base': '/home/matthias/xplore2023/hd_ws/build/astra_moveit_config', 'catkin_cmake_args': None, 'catkin_skip_building_tests': False, 'cmake_args': None, 'cmake_clean_cache': False, 'cmake_clean_first': False, 'cmake_force_configure': False, 'cmake_target': None, 'cmake_target_skip_unavailable': False, 'install_base': '/home/matthias/xplore2023/hd_ws/install/astra_moveit_config', 'merge_install': False, 'path': '/home/matthias/xplore2023/hd_ws/src/control/astra_moveit_config', 'symlink_install': False, 'test_result_base': None}
[0.503s] Level 5:colcon.colcon_core.verb:set package 'manager' build argument 'cmake_args' from command line to 'None'
[0.503s] Level 5:colcon.colcon_core.verb:set package 'manager' build argument 'cmake_target' from command line to 'None'
[0.503s] Level 5:colcon.colcon_core.verb:set package 'manager' build argument 'cmake_target_skip_unavailable' from command line to 'False'
[0.503s] Level 5:colcon.colcon_core.verb:set package 'manager' build argument 'cmake_clean_cache' from command line to 'False'
[0.503s] Level 5:colcon.colcon_core.verb:set package 'manager' build argument 'cmake_clean_first' from command line to 'False'
[0.503s] Level 5:colcon.colcon_core.verb:set package 'manager' build argument 'cmake_force_configure' from command line to 'False'
[0.503s] Level 5:colcon.colcon_core.verb:set package 'manager' build argument 'ament_cmake_args' from command line to 'None'
[0.503s] Level 5:colcon.colcon_core.verb:set package 'manager' build argument 'catkin_cmake_args' from command line to 'None'
[0.503s] Level 5:colcon.colcon_core.verb:set package 'manager' build argument 'catkin_skip_building_tests' from command line to 'False'
[0.503s] DEBUG:colcon.colcon_core.verb:Building package 'manager' with the following arguments: {'ament_cmake_args': None, 'build_base': '/home/matthias/xplore2023/hd_ws/build/manager', 'catkin_cmake_args': None, 'catkin_skip_building_tests': False, 'cmake_args': None, 'cmake_clean_cache': False, 'cmake_clean_first': False, 'cmake_force_configure': False, 'cmake_target': None, 'cmake_target_skip_unavailable': False, 'install_base': '/home/matthias/xplore2023/hd_ws/install/manager', 'merge_install': False, 'path': '/home/matthias/xplore2023/hd_ws/src/control/manager', 'symlink_install': False, 'test_result_base': None}
[0.503s] INFO:colcon.colcon_core.executor:Executing jobs using 'parallel' executor
[0.507s] DEBUG:colcon.colcon_parallel_executor.executor.parallel:run_until_complete
[0.507s] INFO:colcon.colcon_ros.task.ament_cmake.build:Building ROS package in '/home/matthias/xplore2023/hd_ws/src/control/astra_description' with build type 'ament_cmake'
[0.507s] INFO:colcon.colcon_cmake.task.cmake.build:Building CMake package in '/home/matthias/xplore2023/hd_ws/src/control/astra_description'
[0.511s] INFO:colcon.colcon_core.plugin_system:Skipping extension 'colcon_core.shell.bat': Not used on non-Windows systems
[0.511s] INFO:colcon.colcon_core.shell:Skip shell extension 'powershell' for command environment: Not usable outside of PowerShell
[0.511s] DEBUG:colcon.colcon_core.shell:Skip shell extension 'dsv' for command environment
[0.515s] INFO:colcon.colcon_ros.task.ament_cmake.build:Building ROS package in '/home/matthias/xplore2023/hd_ws/src/control/astra_interfaces' with build type 'ament_cmake'
[0.515s] INFO:colcon.colcon_cmake.task.cmake.build:Building CMake package in '/home/matthias/xplore2023/hd_ws/src/control/astra_interfaces'
[0.516s] INFO:colcon.colcon_core.shell:Skip shell extension 'powershell' for command environment: Not usable outside of PowerShell
[0.516s] DEBUG:colcon.colcon_core.shell:Skip shell extension 'dsv' for command environment
[0.521s] INFO:colcon.colcon_ros.task.ament_cmake.build:Building ROS package in '/home/matthias/xplore2023/hd_ws/src/control/hw_interface' with build type 'ament_cmake'
[0.521s] INFO:colcon.colcon_cmake.task.cmake.build:Building CMake package in '/home/matthias/xplore2023/hd_ws/src/control/hw_interface'
[0.522s] INFO:colcon.colcon_core.shell:Skip shell extension 'powershell' for command environment: Not usable outside of PowerShell
[0.522s] DEBUG:colcon.colcon_core.shell:Skip shell extension 'dsv' for command environment
[0.526s] INFO:colcon.colcon_ros.task.ament_cmake.build:Building ROS package in '/home/matthias/xplore2023/hd_ws/src/control/moveit_api_test' with build type 'ament_cmake'
[0.526s] INFO:colcon.colcon_cmake.task.cmake.build:Building CMake package in '/home/matthias/xplore2023/hd_ws/src/control/moveit_api_test'
[0.528s] INFO:colcon.colcon_core.shell:Skip shell extension 'powershell' for command environment: Not usable outside of PowerShell
[0.528s] DEBUG:colcon.colcon_core.shell:Skip shell extension 'dsv' for command environment
[0.532s] INFO:colcon.colcon_ros.task.ament_python.build:Building ROS package in '/home/matthias/xplore2023/hd_ws/src/control/task_execution' with build type 'ament_python'
[0.532s] Level 1:colcon.colcon_core.shell:create_environment_hook('task_execution', 'ament_prefix_path')
[0.533s] INFO:colcon.colcon_core.shell:Creating environment hook '/home/matthias/xplore2023/hd_ws/install/task_execution/share/task_execution/hook/ament_prefix_path.ps1'
[0.534s] INFO:colcon.colcon_core.shell:Creating environment descriptor '/home/matthias/xplore2023/hd_ws/install/task_execution/share/task_execution/hook/ament_prefix_path.dsv'
[0.534s] INFO:colcon.colcon_core.shell:Creating environment hook '/home/matthias/xplore2023/hd_ws/install/task_execution/share/task_execution/hook/ament_prefix_path.sh'
[0.536s] INFO:colcon.colcon_core.shell:Skip shell extension 'powershell' for command environment: Not usable outside of PowerShell
[0.536s] DEBUG:colcon.colcon_core.shell:Skip shell extension 'dsv' for command environment
[0.545s] DEBUG:colcon.colcon_core.event_handler.log_command:Invoking command in '/home/matthias/xplore2023/hd_ws/build/astra_description': CMAKE_PREFIX_PATH=${CMAKE_PREFIX_PATH}:/home/matthias/xplore2023/hd_ws/install/task_execution:/home/matthias/xplore2023/hd_ws/install/manager:/opt/ros/humble /usr/bin/cmake --build /home/matthias/xplore2023/hd_ws/build/astra_description -- -j12 -l12
[0.548s] DEBUG:colcon.colcon_core.event_handler.log_command:Invoking command in '/home/matthias/xplore2023/hd_ws/build/astra_interfaces': CMAKE_PREFIX_PATH=${CMAKE_PREFIX_PATH}:/home/matthias/xplore2023/hd_ws/install/task_execution:/home/matthias/xplore2023/hd_ws/install/manager:/opt/ros/humble /usr/bin/cmake --build /home/matthias/xplore2023/hd_ws/build/astra_interfaces -- -j12 -l12
[0.550s] DEBUG:colcon.colcon_core.event_handler.log_command:Invoking command in '/home/matthias/xplore2023/hd_ws/build/hw_interface': CMAKE_PREFIX_PATH=${CMAKE_PREFIX_PATH}:/home/matthias/xplore2023/hd_ws/install/task_execution:/home/matthias/xplore2023/hd_ws/install/manager:/opt/ros/humble /usr/bin/cmake --build /home/matthias/xplore2023/hd_ws/build/hw_interface -- -j12 -l12
[0.552s] DEBUG:colcon.colcon_core.event_handler.log_command:Invoking command in '/home/matthias/xplore2023/hd_ws/build/moveit_api_test': CMAKE_PREFIX_PATH=${CMAKE_PREFIX_PATH}:/home/matthias/xplore2023/hd_ws/install/task_execution:/home/matthias/xplore2023/hd_ws/install/manager:/opt/ros/humble /usr/bin/cmake /home/matthias/xplore2023/hd_ws/src/control/moveit_api_test -DCMAKE_INSTALL_PREFIX=/home/matthias/xplore2023/hd_ws/install/moveit_api_test
[0.822s] INFO:colcon.colcon_core.task.python.build:Building Python package in '/home/matthias/xplore2023/hd_ws/src/control/task_execution'
[0.825s] INFO:colcon.colcon_core.shell:Skip shell extension 'powershell' for command environment: Not usable outside of PowerShell
[0.825s] DEBUG:colcon.colcon_core.shell:Skip shell extension 'dsv' for command environment
[0.833s] DEBUG:colcon.colcon_core.event_handler.log_command:Invoked command in '/home/matthias/xplore2023/hd_ws/build/hw_interface' returned '0': CMAKE_PREFIX_PATH=${CMAKE_PREFIX_PATH}:/home/matthias/xplore2023/hd_ws/install/task_execution:/home/matthias/xplore2023/hd_ws/install/manager:/opt/ros/humble /usr/bin/cmake --build /home/matthias/xplore2023/hd_ws/build/hw_interface -- -j12 -l12
[0.835s] DEBUG:colcon.colcon_core.event_handler.log_command:Invoked command in '/home/matthias/xplore2023/hd_ws/build/astra_description' returned '0': CMAKE_PREFIX_PATH=${CMAKE_PREFIX_PATH}:/home/matthias/xplore2023/hd_ws/install/task_execution:/home/matthias/xplore2023/hd_ws/install/manager:/opt/ros/humble /usr/bin/cmake --build /home/matthias/xplore2023/hd_ws/build/astra_description -- -j12 -l12
[0.859s] DEBUG:colcon.colcon_core.event_handler.log_command:Invoking command in '/home/matthias/xplore2023/hd_ws/build/hw_interface': CMAKE_PREFIX_PATH=${CMAKE_PREFIX_PATH}:/home/matthias/xplore2023/hd_ws/install/task_execution:/home/matthias/xplore2023/hd_ws/install/manager:/opt/ros/humble /usr/bin/cmake --install /home/matthias/xplore2023/hd_ws/build/hw_interface
[0.861s] DEBUG:colcon.colcon_core.event_handler.log_command:Invoking command in '/home/matthias/xplore2023/hd_ws/build/astra_description': CMAKE_PREFIX_PATH=${CMAKE_PREFIX_PATH}:/home/matthias/xplore2023/hd_ws/install/task_execution:/home/matthias/xplore2023/hd_ws/install/manager:/opt/ros/humble /usr/bin/cmake --install /home/matthias/xplore2023/hd_ws/build/astra_description
[0.867s] Level 1:colcon.colcon_core.environment:create_environment_scripts_only(hw_interface)
[0.871s] DEBUG:colcon.colcon_core.event_handler.log_command:Invoked command in '/home/matthias/xplore2023/hd_ws/build/hw_interface' returned '0': CMAKE_PREFIX_PATH=${CMAKE_PREFIX_PATH}:/home/matthias/xplore2023/hd_ws/install/task_execution:/home/matthias/xplore2023/hd_ws/install/manager:/opt/ros/humble /usr/bin/cmake --install /home/matthias/xplore2023/hd_ws/build/hw_interface
[0.876s] Level 1:colcon.colcon_core.environment:checking '/home/matthias/xplore2023/hd_ws/install/hw_interface' for CMake module files
[0.877s] Level 1:colcon.colcon_core.environment:checking '/home/matthias/xplore2023/hd_ws/install/hw_interface' for CMake config files
[0.877s] Level 1:colcon.colcon_core.shell:create_environment_hook('hw_interface', 'cmake_prefix_path')
[0.878s] INFO:colcon.colcon_core.shell:Creating environment hook '/home/matthias/xplore2023/hd_ws/install/hw_interface/share/hw_interface/hook/cmake_prefix_path.ps1'
[0.879s] INFO:colcon.colcon_core.shell:Creating environment descriptor '/home/matthias/xplore2023/hd_ws/install/hw_interface/share/hw_interface/hook/cmake_prefix_path.dsv'
[0.879s] INFO:colcon.colcon_core.shell:Creating environment hook '/home/matthias/xplore2023/hd_ws/install/hw_interface/share/hw_interface/hook/cmake_prefix_path.sh'
[0.880s] Level 1:colcon.colcon_core.environment:checking '/home/matthias/xplore2023/hd_ws/install/hw_interface/bin'
[0.880s] Level 1:colcon.colcon_core.environment:checking '/home/matthias/xplore2023/hd_ws/install/hw_interface/lib/pkgconfig/hw_interface.pc'
[0.880s] Level 1:colcon.colcon_core.environment:checking '/home/matthias/xplore2023/hd_ws/install/hw_interface/lib/python3.10/site-packages'
[0.880s] Level 1:colcon.colcon_core.environment:checking '/home/matthias/xplore2023/hd_ws/install/hw_interface/bin'
[0.881s] INFO:colcon.colcon_core.shell:Creating package script '/home/matthias/xplore2023/hd_ws/install/hw_interface/share/hw_interface/package.ps1'
[0.882s] INFO:colcon.colcon_core.shell:Creating package descriptor '/home/matthias/xplore2023/hd_ws/install/hw_interface/share/hw_interface/package.dsv'
[0.882s] INFO:colcon.colcon_core.shell:Creating package script '/home/matthias/xplore2023/hd_ws/install/hw_interface/share/hw_interface/package.sh'
[0.883s] INFO:colcon.colcon_core.shell:Creating package script '/home/matthias/xplore2023/hd_ws/install/hw_interface/share/hw_interface/package.bash'
[0.884s] INFO:colcon.colcon_core.shell:Creating package script '/home/matthias/xplore2023/hd_ws/install/hw_interface/share/hw_interface/package.zsh'
[0.884s] Level 1:colcon.colcon_core.environment:create_file_with_runtime_dependencies(/home/matthias/xplore2023/hd_ws/install/hw_interface/share/colcon-core/packages/hw_interface)
[0.886s] Level 1:colcon.colcon_core.environment:create_environment_scripts_only(astra_description)
[0.888s] Level 1:colcon.colcon_core.environment:checking '/home/matthias/xplore2023/hd_ws/install/astra_description' for CMake module files
[0.889s] DEBUG:colcon.colcon_core.event_handler.log_command:Invoked command in '/home/matthias/xplore2023/hd_ws/build/astra_description' returned '0': CMAKE_PREFIX_PATH=${CMAKE_PREFIX_PATH}:/home/matthias/xplore2023/hd_ws/install/task_execution:/home/matthias/xplore2023/hd_ws/install/manager:/opt/ros/humble /usr/bin/cmake --install /home/matthias/xplore2023/hd_ws/build/astra_description
[0.889s] Level 1:colcon.colcon_core.environment:checking '/home/matthias/xplore2023/hd_ws/install/astra_description' for CMake config files
[0.889s] Level 1:colcon.colcon_core.shell:create_environment_hook('astra_description', 'cmake_prefix_path')
[0.890s] INFO:colcon.colcon_core.shell:Creating environment hook '/home/matthias/xplore2023/hd_ws/install/astra_description/share/astra_description/hook/cmake_prefix_path.ps1'
[0.891s] INFO:colcon.colcon_core.shell:Creating environment descriptor '/home/matthias/xplore2023/hd_ws/install/astra_description/share/astra_description/hook/cmake_prefix_path.dsv'
[0.891s] INFO:colcon.colcon_core.shell:Creating environment hook '/home/matthias/xplore2023/hd_ws/install/astra_description/share/astra_description/hook/cmake_prefix_path.sh'
[0.892s] Level 1:colcon.colcon_core.environment:checking '/home/matthias/xplore2023/hd_ws/install/astra_description/bin'
[0.892s] Level 1:colcon.colcon_core.environment:checking '/home/matthias/xplore2023/hd_ws/install/astra_description/lib/pkgconfig/astra_description.pc'
[0.892s] Level 1:colcon.colcon_core.environment:checking '/home/matthias/xplore2023/hd_ws/install/astra_description/lib/python3.10/site-packages'
[0.892s] Level 1:colcon.colcon_core.environment:checking '/home/matthias/xplore2023/hd_ws/install/astra_description/bin'
[0.893s] INFO:colcon.colcon_core.shell:Creating package script '/home/matthias/xplore2023/hd_ws/install/astra_description/share/astra_description/package.ps1'
[0.894s] INFO:colcon.colcon_core.shell:Creating package descriptor '/home/matthias/xplore2023/hd_ws/install/astra_description/share/astra_description/package.dsv'
[0.894s] INFO:colcon.colcon_core.shell:Creating package script '/home/matthias/xplore2023/hd_ws/install/astra_description/share/astra_description/package.sh'
[0.894s] INFO:colcon.colcon_core.shell:Creating package script '/home/matthias/xplore2023/hd_ws/install/astra_description/share/astra_description/package.bash'
[0.895s] INFO:colcon.colcon_core.shell:Creating package script '/home/matthias/xplore2023/hd_ws/install/astra_description/share/astra_description/package.zsh'
[0.895s] Level 1:colcon.colcon_core.environment:create_file_with_runtime_dependencies(/home/matthias/xplore2023/hd_ws/install/astra_description/share/colcon-core/packages/astra_description)
[0.904s] Level 1:colcon.colcon_core.environment:create_environment_scripts_only(hw_interface)
[0.905s] Level 1:colcon.colcon_core.environment:checking '/home/matthias/xplore2023/hd_ws/install/hw_interface' for CMake module files
[0.906s] Level 1:colcon.colcon_core.environment:checking '/home/matthias/xplore2023/hd_ws/install/hw_interface' for CMake config files
[0.906s] Level 1:colcon.colcon_core.shell:create_environment_hook('hw_interface', 'cmake_prefix_path')
[0.907s] INFO:colcon.colcon_core.shell:Creating environment hook '/home/matthias/xplore2023/hd_ws/install/hw_interface/share/hw_interface/hook/cmake_prefix_path.ps1'
[0.908s] INFO:colcon.colcon_core.shell:Creating environment descriptor '/home/matthias/xplore2023/hd_ws/install/hw_interface/share/hw_interface/hook/cmake_prefix_path.dsv'
[0.908s] INFO:colcon.colcon_core.shell:Creating environment hook '/home/matthias/xplore2023/hd_ws/install/hw_interface/share/hw_interface/hook/cmake_prefix_path.sh'
[0.909s] Level 1:colcon.colcon_core.environment:checking '/home/matthias/xplore2023/hd_ws/install/hw_interface/bin'
[0.909s] Level 1:colcon.colcon_core.environment:checking '/home/matthias/xplore2023/hd_ws/install/hw_interface/lib/pkgconfig/hw_interface.pc'
[0.909s] Level 1:colcon.colcon_core.environment:checking '/home/matthias/xplore2023/hd_ws/install/hw_interface/lib/python3.10/site-packages'
[0.909s] Level 1:colcon.colcon_core.environment:checking '/home/matthias/xplore2023/hd_ws/install/hw_interface/bin'
[0.910s] INFO:colcon.colcon_core.shell:Creating package script '/home/matthias/xplore2023/hd_ws/install/hw_interface/share/hw_interface/package.ps1'
[0.911s] INFO:colcon.colcon_core.shell:Creating package descriptor '/home/matthias/xplore2023/hd_ws/install/hw_interface/share/hw_interface/package.dsv'
[0.911s] INFO:colcon.colcon_core.shell:Creating package script '/home/matthias/xplore2023/hd_ws/install/hw_interface/share/hw_interface/package.sh'
[0.912s] INFO:colcon.colcon_core.shell:Creating package script '/home/matthias/xplore2023/hd_ws/install/hw_interface/share/hw_interface/package.bash'
[0.912s] INFO:colcon.colcon_core.shell:Creating package script '/home/matthias/xplore2023/hd_ws/install/hw_interface/share/hw_interface/package.zsh'
[0.912s] Level 1:colcon.colcon_core.environment:create_file_with_runtime_dependencies(/home/matthias/xplore2023/hd_ws/install/hw_interface/share/colcon-core/packages/hw_interface)
[0.914s] DEBUG:colcon.colcon_core.event_handler.log_command:Invoked command in '/home/matthias/xplore2023/hd_ws/build/astra_interfaces' returned '0': CMAKE_PREFIX_PATH=${CMAKE_PREFIX_PATH}:/home/matthias/xplore2023/hd_ws/install/task_execution:/home/matthias/xplore2023/hd_ws/install/manager:/opt/ros/humble /usr/bin/cmake --build /home/matthias/xplore2023/hd_ws/build/astra_interfaces -- -j12 -l12
[0.917s] Level 1:colcon.colcon_core.environment:create_environment_scripts_only(astra_description)
[0.920s] Level 1:colcon.colcon_core.environment:checking '/home/matthias/xplore2023/hd_ws/install/astra_description' for CMake module files
[0.920s] Level 1:colcon.colcon_core.environment:checking '/home/matthias/xplore2023/hd_ws/install/astra_description' for CMake config files
[0.920s] Level 1:colcon.colcon_core.shell:create_environment_hook('astra_description', 'cmake_prefix_path')
[0.922s] INFO:colcon.colcon_core.shell:Creating environment hook '/home/matthias/xplore2023/hd_ws/install/astra_description/share/astra_description/hook/cmake_prefix_path.ps1'
[0.922s] INFO:colcon.colcon_core.shell:Creating environment descriptor '/home/matthias/xplore2023/hd_ws/install/astra_description/share/astra_description/hook/cmake_prefix_path.dsv'
[0.922s] INFO:colcon.colcon_core.shell:Creating environment hook '/home/matthias/xplore2023/hd_ws/install/astra_description/share/astra_description/hook/cmake_prefix_path.sh'
[0.923s] Level 1:colcon.colcon_core.environment:checking '/home/matthias/xplore2023/hd_ws/install/astra_description/bin'
[0.923s] Level 1:colcon.colcon_core.environment:checking '/home/matthias/xplore2023/hd_ws/install/astra_description/lib/pkgconfig/astra_description.pc'
[0.923s] Level 1:colcon.colcon_core.environment:checking '/home/matthias/xplore2023/hd_ws/install/astra_description/lib/python3.10/site-packages'
[0.923s] Level 1:colcon.colcon_core.environment:checking '/home/matthias/xplore2023/hd_ws/install/astra_description/bin'
[0.924s] INFO:colcon.colcon_core.shell:Creating package script '/home/matthias/xplore2023/hd_ws/install/astra_description/share/astra_description/package.ps1'
[0.925s] INFO:colcon.colcon_core.shell:Creating package descriptor '/home/matthias/xplore2023/hd_ws/install/astra_description/share/astra_description/package.dsv'
[0.925s] INFO:colcon.colcon_core.shell:Creating package script '/home/matthias/xplore2023/hd_ws/install/astra_description/share/astra_description/package.sh'
[0.925s] INFO:colcon.colcon_core.shell:Creating package script '/home/matthias/xplore2023/hd_ws/install/astra_description/share/astra_description/package.bash'
[0.926s] INFO:colcon.colcon_core.shell:Creating package script '/home/matthias/xplore2023/hd_ws/install/astra_description/share/astra_description/package.zsh'
[0.926s] Level 1:colcon.colcon_core.environment:create_file_with_runtime_dependencies(/home/matthias/xplore2023/hd_ws/install/astra_description/share/colcon-core/packages/astra_description)
[0.926s] INFO:colcon.colcon_ros.task.ament_cmake.build:Building ROS package in '/home/matthias/xplore2023/hd_ws/src/control/astra_moveit_config' with build type 'ament_cmake'
[0.926s] INFO:colcon.colcon_cmake.task.cmake.build:Building CMake package in '/home/matthias/xplore2023/hd_ws/src/control/astra_moveit_config'
[0.929s] INFO:colcon.colcon_core.shell:Skip shell extension 'powershell' for command environment: Not usable outside of PowerShell
[0.929s] DEBUG:colcon.colcon_core.shell:Skip shell extension 'dsv' for command environment
[0.939s] DEBUG:colcon.colcon_core.event_handler.log_command:Invoking command in '/home/matthias/xplore2023/hd_ws/build/astra_moveit_config': CMAKE_PREFIX_PATH=/home/matthias/xplore2023/hd_ws/install/astra_description:/home/matthias/xplore2023/hd_ws/install/hw_interface:/home/matthias/xplore2023/hd_ws/install/astra_moveit_config:/home/matthias/xplore2023/hd_ws/install/astra_interfaces:/home/matthias/xplore2023/hd_ws/install/task_execution:/home/matthias/xplore2023/hd_ws/install/manager:/opt/ros/humble /usr/bin/cmake --build /home/matthias/xplore2023/hd_ws/build/astra_moveit_config -- -j12 -l12
[0.968s] DEBUG:colcon.colcon_core.event_handler.log_command:Invoked command in '/home/matthias/xplore2023/hd_ws/build/astra_moveit_config' returned '0': CMAKE_PREFIX_PATH=/home/matthias/xplore2023/hd_ws/install/astra_description:/home/matthias/xplore2023/hd_ws/install/hw_interface:/home/matthias/xplore2023/hd_ws/install/astra_moveit_config:/home/matthias/xplore2023/hd_ws/install/astra_interfaces:/home/matthias/xplore2023/hd_ws/install/task_execution:/home/matthias/xplore2023/hd_ws/install/manager:/opt/ros/humble /usr/bin/cmake --build /home/matthias/xplore2023/hd_ws/build/astra_moveit_config -- -j12 -l12
[0.986s] DEBUG:colcon.colcon_core.event_handler.log_command:Invoking command in '/home/matthias/xplore2023/hd_ws/build/astra_moveit_config': CMAKE_PREFIX_PATH=/home/matthias/xplore2023/hd_ws/install/astra_description:/home/matthias/xplore2023/hd_ws/install/hw_interface:/home/matthias/xplore2023/hd_ws/install/astra_moveit_config:/home/matthias/xplore2023/hd_ws/install/astra_interfaces:/home/matthias/xplore2023/hd_ws/install/task_execution:/home/matthias/xplore2023/hd_ws/install/manager:/opt/ros/humble /usr/bin/cmake --install /home/matthias/xplore2023/hd_ws/build/astra_moveit_config
[0.992s] DEBUG:colcon.colcon_core.event_handler.log_command:Invoking command in '/home/matthias/xplore2023/hd_ws/build/astra_interfaces': CMAKE_PREFIX_PATH=${CMAKE_PREFIX_PATH}:/home/matthias/xplore2023/hd_ws/install/task_execution:/home/matthias/xplore2023/hd_ws/install/manager:/opt/ros/humble /usr/bin/cmake --install /home/matthias/xplore2023/hd_ws/build/astra_interfaces
[0.995s] Level 1:colcon.colcon_core.environment:create_environment_scripts_only(astra_moveit_config)
[0.997s] Level 1:colcon.colcon_core.environment:checking '/home/matthias/xplore2023/hd_ws/install/astra_moveit_config' for CMake module files
[0.997s] Level 1:colcon.colcon_core.environment:checking '/home/matthias/xplore2023/hd_ws/install/astra_moveit_config' for CMake config files
[0.998s] Level 1:colcon.colcon_core.shell:create_environment_hook('astra_moveit_config', 'cmake_prefix_path')
[1.000s] INFO:colcon.colcon_core.shell:Creating environment hook '/home/matthias/xplore2023/hd_ws/install/astra_moveit_config/share/astra_moveit_config/hook/cmake_prefix_path.ps1'
[1.001s] INFO:colcon.colcon_core.shell:Creating environment descriptor '/home/matthias/xplore2023/hd_ws/install/astra_moveit_config/share/astra_moveit_config/hook/cmake_prefix_path.dsv'
[1.001s] INFO:colcon.colcon_core.shell:Creating environment hook '/home/matthias/xplore2023/hd_ws/install/astra_moveit_config/share/astra_moveit_config/hook/cmake_prefix_path.sh'
[1.002s] DEBUG:colcon.colcon_core.event_handler.log_command:Invoked command in '/home/matthias/xplore2023/hd_ws/build/astra_moveit_config' returned '0': CMAKE_PREFIX_PATH=/home/matthias/xplore2023/hd_ws/install/astra_description:/home/matthias/xplore2023/hd_ws/install/hw_interface:/home/matthias/xplore2023/hd_ws/install/astra_moveit_config:/home/matthias/xplore2023/hd_ws/install/astra_interfaces:/home/matthias/xplore2023/hd_ws/install/task_execution:/home/matthias/xplore2023/hd_ws/install/manager:/opt/ros/humble /usr/bin/cmake --install /home/matthias/xplore2023/hd_ws/build/astra_moveit_config
[1.003s] Level 1:colcon.colcon_core.environment:checking '/home/matthias/xplore2023/hd_ws/install/astra_moveit_config/bin'
[1.003s] Level 1:colcon.colcon_core.environment:checking '/home/matthias/xplore2023/hd_ws/install/astra_moveit_config/lib/pkgconfig/astra_moveit_config.pc'
[1.003s] Level 1:colcon.colcon_core.environment:checking '/home/matthias/xplore2023/hd_ws/install/astra_moveit_config/lib/python3.10/site-packages'
[1.004s] Level 1:colcon.colcon_core.environment:checking '/home/matthias/xplore2023/hd_ws/install/astra_moveit_config/bin'
[1.006s] INFO:colcon.colcon_core.shell:Creating package script '/home/matthias/xplore2023/hd_ws/install/astra_moveit_config/share/astra_moveit_config/package.ps1'
[1.007s] INFO:colcon.colcon_core.shell:Creating package descriptor '/home/matthias/xplore2023/hd_ws/install/astra_moveit_config/share/astra_moveit_config/package.dsv'
[1.007s] INFO:colcon.colcon_core.shell:Creating package script '/home/matthias/xplore2023/hd_ws/install/astra_moveit_config/share/astra_moveit_config/package.sh'
[1.008s] INFO:colcon.colcon_core.shell:Creating package script '/home/matthias/xplore2023/hd_ws/install/astra_moveit_config/share/astra_moveit_config/package.bash'
[1.008s] INFO:colcon.colcon_core.shell:Creating package script '/home/matthias/xplore2023/hd_ws/install/astra_moveit_config/share/astra_moveit_config/package.zsh'
[1.009s] Level 1:colcon.colcon_core.environment:create_file_with_runtime_dependencies(/home/matthias/xplore2023/hd_ws/install/astra_moveit_config/share/colcon-core/packages/astra_moveit_config)
[1.030s] Level 1:colcon.colcon_core.environment:create_environment_scripts_only(astra_moveit_config)
[1.032s] Level 1:colcon.colcon_core.environment:checking '/home/matthias/xplore2023/hd_ws/install/astra_moveit_config' for CMake module files
[1.032s] Level 1:colcon.colcon_core.environment:checking '/home/matthias/xplore2023/hd_ws/install/astra_moveit_config' for CMake config files
[1.033s] Level 1:colcon.colcon_core.shell:create_environment_hook('astra_moveit_config', 'cmake_prefix_path')
[1.034s] INFO:colcon.colcon_core.shell:Creating environment hook '/home/matthias/xplore2023/hd_ws/install/astra_moveit_config/share/astra_moveit_config/hook/cmake_prefix_path.ps1'
[1.034s] INFO:colcon.colcon_core.shell:Creating environment descriptor '/home/matthias/xplore2023/hd_ws/install/astra_moveit_config/share/astra_moveit_config/hook/cmake_prefix_path.dsv'
[1.034s] INFO:colcon.colcon_core.shell:Creating environment hook '/home/matthias/xplore2023/hd_ws/install/astra_moveit_config/share/astra_moveit_config/hook/cmake_prefix_path.sh'
[1.035s] Level 1:colcon.colcon_core.environment:checking '/home/matthias/xplore2023/hd_ws/install/astra_moveit_config/bin'
[1.035s] Level 1:colcon.colcon_core.environment:checking '/home/matthias/xplore2023/hd_ws/install/astra_moveit_config/lib/pkgconfig/astra_moveit_config.pc'
[1.035s] Level 1:colcon.colcon_core.environment:checking '/home/matthias/xplore2023/hd_ws/install/astra_moveit_config/lib/python3.10/site-packages'
[1.035s] Level 1:colcon.colcon_core.environment:checking '/home/matthias/xplore2023/hd_ws/install/astra_moveit_config/bin'
[1.037s] INFO:colcon.colcon_core.shell:Creating package script '/home/matthias/xplore2023/hd_ws/install/astra_moveit_config/share/astra_moveit_config/package.ps1'
[1.037s] INFO:colcon.colcon_core.shell:Creating package descriptor '/home/matthias/xplore2023/hd_ws/install/astra_moveit_config/share/astra_moveit_config/package.dsv'
[1.038s] INFO:colcon.colcon_core.shell:Creating package script '/home/matthias/xplore2023/hd_ws/install/astra_moveit_config/share/astra_moveit_config/package.sh'
[1.038s] INFO:colcon.colcon_core.shell:Creating package script '/home/matthias/xplore2023/hd_ws/install/astra_moveit_config/share/astra_moveit_config/package.bash'
[1.038s] INFO:colcon.colcon_core.shell:Creating package script '/home/matthias/xplore2023/hd_ws/install/astra_moveit_config/share/astra_moveit_config/package.zsh'
[1.039s] Level 1:colcon.colcon_core.environment:create_file_with_runtime_dependencies(/home/matthias/xplore2023/hd_ws/install/astra_moveit_config/share/colcon-core/packages/astra_moveit_config)
[1.048s] Level 1:colcon.colcon_core.environment:create_environment_scripts_only(astra_interfaces)
[1.050s] Level 1:colcon.colcon_core.environment:checking '/home/matthias/xplore2023/hd_ws/install/astra_interfaces' for CMake module files
[1.050s] DEBUG:colcon.colcon_core.event_handler.log_command:Invoked command in '/home/matthias/xplore2023/hd_ws/build/astra_interfaces' returned '0': CMAKE_PREFIX_PATH=${CMAKE_PREFIX_PATH}:/home/matthias/xplore2023/hd_ws/install/task_execution:/home/matthias/xplore2023/hd_ws/install/manager:/opt/ros/humble /usr/bin/cmake --install /home/matthias/xplore2023/hd_ws/build/astra_interfaces
[1.051s] Level 1:colcon.colcon_core.environment:checking '/home/matthias/xplore2023/hd_ws/install/astra_interfaces' for CMake config files
[1.051s] Level 1:colcon.colcon_core.shell:create_environment_hook('astra_interfaces', 'cmake_prefix_path')
[1.052s] INFO:colcon.colcon_core.shell:Creating environment hook '/home/matthias/xplore2023/hd_ws/install/astra_interfaces/share/astra_interfaces/hook/cmake_prefix_path.ps1'
[1.052s] INFO:colcon.colcon_core.shell:Creating environment descriptor '/home/matthias/xplore2023/hd_ws/install/astra_interfaces/share/astra_interfaces/hook/cmake_prefix_path.dsv'
[1.053s] INFO:colcon.colcon_core.shell:Creating environment hook '/home/matthias/xplore2023/hd_ws/install/astra_interfaces/share/astra_interfaces/hook/cmake_prefix_path.sh'
[1.053s] Level 1:colcon.colcon_core.environment:checking '/home/matthias/xplore2023/hd_ws/install/astra_interfaces/lib'
[1.053s] Level 1:colcon.colcon_core.shell:create_environment_hook('astra_interfaces', 'ld_library_path_lib')
[1.054s] INFO:colcon.colcon_core.shell:Creating environment hook '/home/matthias/xplore2023/hd_ws/install/astra_interfaces/share/astra_interfaces/hook/ld_library_path_lib.ps1'
[1.055s] INFO:colcon.colcon_core.shell:Creating environment descriptor '/home/matthias/xplore2023/hd_ws/install/astra_interfaces/share/astra_interfaces/hook/ld_library_path_lib.dsv'
[1.055s] INFO:colcon.colcon_core.shell:Creating environment hook '/home/matthias/xplore2023/hd_ws/install/astra_interfaces/share/astra_interfaces/hook/ld_library_path_lib.sh'
[1.055s] Level 1:colcon.colcon_core.environment:checking '/home/matthias/xplore2023/hd_ws/install/astra_interfaces/bin'
[1.055s] Level 1:colcon.colcon_core.environment:checking '/home/matthias/xplore2023/hd_ws/install/astra_interfaces/lib/pkgconfig/astra_interfaces.pc'
[1.055s] Level 1:colcon.colcon_core.environment:checking '/home/matthias/xplore2023/hd_ws/install/astra_interfaces/lib/python3.10/site-packages'
[1.056s] Level 1:colcon.colcon_core.environment:checking '/home/matthias/xplore2023/hd_ws/install/astra_interfaces/bin'
[1.057s] INFO:colcon.colcon_core.shell:Creating package script '/home/matthias/xplore2023/hd_ws/install/astra_interfaces/share/astra_interfaces/package.ps1'
[1.057s] INFO:colcon.colcon_core.shell:Creating package descriptor '/home/matthias/xplore2023/hd_ws/install/astra_interfaces/share/astra_interfaces/package.dsv'
[1.058s] INFO:colcon.colcon_core.shell:Creating package script '/home/matthias/xplore2023/hd_ws/install/astra_interfaces/share/astra_interfaces/package.sh'
[1.058s] INFO:colcon.colcon_core.shell:Creating package script '/home/matthias/xplore2023/hd_ws/install/astra_interfaces/share/astra_interfaces/package.bash'
[1.058s] INFO:colcon.colcon_core.shell:Creating package script '/home/matthias/xplore2023/hd_ws/install/astra_interfaces/share/astra_interfaces/package.zsh'
[1.058s] Level 1:colcon.colcon_core.environment:create_file_with_runtime_dependencies(/home/matthias/xplore2023/hd_ws/install/astra_interfaces/share/colcon-core/packages/astra_interfaces)
[1.120s] DEBUG:colcon.colcon_core.event_handler.log_command:Invoked command in '/home/matthias/xplore2023/hd_ws/build/moveit_api_test' returned '1': CMAKE_PREFIX_PATH=${CMAKE_PREFIX_PATH}:/home/matthias/xplore2023/hd_ws/install/task_execution:/home/matthias/xplore2023/hd_ws/install/manager:/opt/ros/humble /usr/bin/cmake /home/matthias/xplore2023/hd_ws/src/control/moveit_api_test -DCMAKE_INSTALL_PREFIX=/home/matthias/xplore2023/hd_ws/install/moveit_api_test
[1.130s] Level 1:colcon.colcon_core.environment:create_environment_scripts_only(moveit_api_test)
[1.132s] Level 1:colcon.colcon_core.environment:checking '/home/matthias/xplore2023/hd_ws/install/moveit_api_test' for CMake module files
[1.132s] Level 1:colcon.colcon_core.environment:checking '/home/matthias/xplore2023/hd_ws/install/moveit_api_test' for CMake config files
[1.133s] Level 1:colcon.colcon_core.environment:checking '/home/matthias/xplore2023/hd_ws/install/moveit_api_test/bin'
[1.133s] Level 1:colcon.colcon_core.environment:checking '/home/matthias/xplore2023/hd_ws/install/moveit_api_test/lib/pkgconfig/moveit_api_test.pc'
[1.133s] Level 1:colcon.colcon_core.environment:checking '/home/matthias/xplore2023/hd_ws/install/moveit_api_test/lib/python3.10/site-packages'
[1.134s] Level 1:colcon.colcon_core.environment:checking '/home/matthias/xplore2023/hd_ws/install/moveit_api_test/bin'
[1.135s] INFO:colcon.colcon_core.shell:Creating package script '/home/matthias/xplore2023/hd_ws/install/moveit_api_test/share/moveit_api_test/package.ps1'
[1.136s] INFO:colcon.colcon_core.shell:Creating package descriptor '/home/matthias/xplore2023/hd_ws/install/moveit_api_test/share/moveit_api_test/package.dsv'
[1.136s] INFO:colcon.colcon_core.shell:Creating package script '/home/matthias/xplore2023/hd_ws/install/moveit_api_test/share/moveit_api_test/package.sh'
[1.136s] INFO:colcon.colcon_core.shell:Creating package script '/home/matthias/xplore2023/hd_ws/install/moveit_api_test/share/moveit_api_test/package.bash'
[1.137s] INFO:colcon.colcon_core.shell:Creating package script '/home/matthias/xplore2023/hd_ws/install/moveit_api_test/share/moveit_api_test/package.zsh'
[1.137s] Level 1:colcon.colcon_core.environment:create_file_with_runtime_dependencies(/home/matthias/xplore2023/hd_ws/install/moveit_api_test/share/colcon-core/packages/moveit_api_test)
[1.284s] DEBUG:colcon.colcon_parallel_executor.executor.parallel:closing loop
[1.284s] DEBUG:colcon.colcon_parallel_executor.executor.parallel:loop closed
[1.284s] DEBUG:colcon.colcon_parallel_executor.executor.parallel:run_until_complete finished with '1'
[1.284s] DEBUG:colcon.colcon_core.event_reactor:joining thread
[1.290s] INFO:colcon.colcon_core.plugin_system:Skipping extension 'colcon_notification.desktop_notification.terminal_notifier': Not used on non-Darwin systems
[1.290s] INFO:colcon.colcon_core.plugin_system:Skipping extension 'colcon_notification.desktop_notification.win32': Not used on non-Windows systems
[1.290s] INFO:colcon.colcon_notification.desktop_notification:Sending desktop notification using 'notify2'
[1.300s] DEBUG:colcon.colcon_core.event_reactor:joined thread
[1.301s] INFO:colcon.colcon_core.shell:Creating prefix script '/home/matthias/xplore2023/hd_ws/install/local_setup.ps1'
[1.302s] INFO:colcon.colcon_core.shell:Creating prefix util module '/home/matthias/xplore2023/hd_ws/install/_local_setup_util_ps1.py'
[1.304s] INFO:colcon.colcon_core.shell:Creating prefix chain script '/home/matthias/xplore2023/hd_ws/install/setup.ps1'
[1.305s] INFO:colcon.colcon_core.shell:Creating prefix script '/home/matthias/xplore2023/hd_ws/install/local_setup.sh'
[1.306s] INFO:colcon.colcon_core.shell:Creating prefix util module '/home/matthias/xplore2023/hd_ws/install/_local_setup_util_sh.py'
[1.306s] INFO:colcon.colcon_core.shell:Creating prefix chain script '/home/matthias/xplore2023/hd_ws/install/setup.sh'
[1.308s] INFO:colcon.colcon_core.shell:Creating prefix script '/home/matthias/xplore2023/hd_ws/install/local_setup.bash'
[1.308s] INFO:colcon.colcon_core.shell:Creating prefix chain script '/home/matthias/xplore2023/hd_ws/install/setup.bash'
[1.310s] INFO:colcon.colcon_core.shell:Creating prefix script '/home/matthias/xplore2023/hd_ws/install/local_setup.zsh'
[1.310s] INFO:colcon.colcon_core.shell:Creating prefix chain script '/home/matthias/xplore2023/hd_ws/install/setup.zsh'
