[0.541s] Invoking command in '/home/xplore/Desktop/main_HD_workspace/hd_ws/build/astra_moveit_config': CMAKE_PREFIX_PATH=/home/xplore/Desktop/main_HD_workspace/hd_ws/install/astra_description:/home/xplore/Desktop/main_HD_workspace/hd_ws/install/tttt:/home/xplore/Desktop/main_HD_workspace/hd_ws/install/moveit_visual_tools:/home/xplore/Desktop/main_HD_workspace/hd_ws/install/astra_moveit_config_new:/home/xplore/Desktop/main_HD_workspace/hd_ws/install/astra_moveit_config0:/home/xplore/Desktop/main_HD_workspace/hd_ws/install/astra_moveit_config:/home/xplore/Desktop/main_HD_workspace/hd_ws/install/astra_interfaces:/home/xplore/Desktop/main_HD_workspace/hd_ws/install/astra_hw_interface:/home/xplore/Desktop/main_HD_workspace/hd_ws/install/task_execution:/home/xplore/Desktop/main_HD_workspace/hd_ws/install/manager:/opt/ros/foxy /usr/bin/cmake --build /home/xplore/Desktop/main_HD_workspace/hd_ws/build/astra_moveit_config -- -j8 -l8
[0.797s] Invoked command in '/home/xplore/Desktop/main_HD_workspace/hd_ws/build/astra_moveit_config' returned '0': CMAKE_PREFIX_PATH=/home/xplore/Desktop/main_HD_workspace/hd_ws/install/astra_description:/home/xplore/Desktop/main_HD_workspace/hd_ws/install/tttt:/home/xplore/Desktop/main_HD_workspace/hd_ws/install/moveit_visual_tools:/home/xplore/Desktop/main_HD_workspace/hd_ws/install/astra_moveit_config_new:/home/xplore/Desktop/main_HD_workspace/hd_ws/install/astra_moveit_config0:/home/xplore/Desktop/main_HD_workspace/hd_ws/install/astra_moveit_config:/home/xplore/Desktop/main_HD_workspace/hd_ws/install/astra_interfaces:/home/xplore/Desktop/main_HD_workspace/hd_ws/install/astra_hw_interface:/home/xplore/Desktop/main_HD_workspace/hd_ws/install/task_execution:/home/xplore/Desktop/main_HD_workspace/hd_ws/install/manager:/opt/ros/foxy /usr/bin/cmake --build /home/xplore/Desktop/main_HD_workspace/hd_ws/build/astra_moveit_config -- -j8 -l8
[1.247s] Invoking command in '/home/xplore/Desktop/main_HD_workspace/hd_ws/build/astra_moveit_config': CMAKE_PREFIX_PATH=/home/xplore/Desktop/main_HD_workspace/hd_ws/install/astra_description:/home/xplore/Desktop/main_HD_workspace/hd_ws/install/tttt:/home/xplore/Desktop/main_HD_workspace/hd_ws/install/moveit_visual_tools:/home/xplore/Desktop/main_HD_workspace/hd_ws/install/astra_moveit_config_new:/home/xplore/Desktop/main_HD_workspace/hd_ws/install/astra_moveit_config0:/home/xplore/Desktop/main_HD_workspace/hd_ws/install/astra_moveit_config:/home/xplore/Desktop/main_HD_workspace/hd_ws/install/astra_interfaces:/home/xplore/Desktop/main_HD_workspace/hd_ws/install/astra_hw_interface:/home/xplore/Desktop/main_HD_workspace/hd_ws/install/task_execution:/home/xplore/Desktop/main_HD_workspace/hd_ws/install/manager:/opt/ros/foxy /usr/bin/cmake --install /home/xplore/Desktop/main_HD_workspace/hd_ws/build/astra_moveit_config
[1.360s] -- Install configuration: ""
[1.361s] -- Up-to-date: /home/xplore/Desktop/main_HD_workspace/hd_ws/install/astra_moveit_config/share/ament_index/resource_index/package_run_dependencies/astra_moveit_config
[1.362s] -- Up-to-date: /home/xplore/Desktop/main_HD_workspace/hd_ws/install/astra_moveit_config/share/ament_index/resource_index/parent_prefix_path/astra_moveit_config
[1.363s] -- Up-to-date: /home/xplore/Desktop/main_HD_workspace/hd_ws/install/astra_moveit_config/share/astra_moveit_config/environment/ament_prefix_path.sh
[1.364s] -- Up-to-date: /home/xplore/Desktop/main_HD_workspace/hd_ws/install/astra_moveit_config/share/astra_moveit_config/environment/ament_prefix_path.dsv
[1.364s] -- Up-to-date: /home/xplore/Desktop/main_HD_workspace/hd_ws/install/astra_moveit_config/share/astra_moveit_config/environment/path.sh
[1.365s] -- Up-to-date: /home/xplore/Desktop/main_HD_workspace/hd_ws/install/astra_moveit_config/share/astra_moveit_config/environment/path.dsv
[1.366s] -- Up-to-date: /home/xplore/Desktop/main_HD_workspace/hd_ws/install/astra_moveit_config/share/astra_moveit_config/local_setup.bash
[1.367s] -- Up-to-date: /home/xplore/Desktop/main_HD_workspace/hd_ws/install/astra_moveit_config/share/astra_moveit_config/local_setup.sh
[1.368s] -- Up-to-date: /home/xplore/Desktop/main_HD_workspace/hd_ws/install/astra_moveit_config/share/astra_moveit_config/local_setup.zsh
[1.369s] -- Up-to-date: /home/xplore/Desktop/main_HD_workspace/hd_ws/install/astra_moveit_config/share/astra_moveit_config/local_setup.dsv
[1.370s] -- Installing: /home/xplore/Desktop/main_HD_workspace/hd_ws/install/astra_moveit_config/share/astra_moveit_config/package.dsv
[1.394s] -- Up-to-date: /home/xplore/Desktop/main_HD_workspace/hd_ws/install/astra_moveit_config/share/ament_index/resource_index/packages/astra_moveit_config
[1.397s] -- Up-to-date: /home/xplore/Desktop/main_HD_workspace/hd_ws/install/astra_moveit_config/share/astra_moveit_config/cmake/astra_moveit_configConfig.cmake
[1.398s] -- Up-to-date: /home/xplore/Desktop/main_HD_workspace/hd_ws/install/astra_moveit_config/share/astra_moveit_config/cmake/astra_moveit_configConfig-version.cmake
[1.398s] -- Up-to-date: /home/xplore/Desktop/main_HD_workspace/hd_ws/install/astra_moveit_config/share/astra_moveit_config/package.xml
[1.398s] -- Up-to-date: /home/xplore/Desktop/main_HD_workspace/hd_ws/install/astra_moveit_config/share/astra_moveit_config/launch
[1.399s] -- Up-to-date: /home/xplore/Desktop/main_HD_workspace/hd_ws/install/astra_moveit_config/share/astra_moveit_config/launch/moveit_rviz.launch.py
[1.399s] -- Installing: /home/xplore/Desktop/main_HD_workspace/hd_ws/install/astra_moveit_config/share/astra_moveit_config/launch/aaa2.launch.py
[1.403s] -- Up-to-date: /home/xplore/Desktop/main_HD_workspace/hd_ws/install/astra_moveit_config/share/astra_moveit_config/launch/setup_assistant.launch.py
[1.403s] -- Up-to-date: /home/xplore/Desktop/main_HD_workspace/hd_ws/install/astra_moveit_config/share/astra_moveit_config/launch/move_group.launch.py
[1.403s] -- Up-to-date: /home/xplore/Desktop/main_HD_workspace/hd_ws/install/astra_moveit_config/share/astra_moveit_config/launch/aaa.launch.py
[1.404s] -- Up-to-date: /home/xplore/Desktop/main_HD_workspace/hd_ws/install/astra_moveit_config/share/astra_moveit_config/launch/static_virtual_joint_tfs.launch.py
[1.404s] -- Up-to-date: /home/xplore/Desktop/main_HD_workspace/hd_ws/install/astra_moveit_config/share/astra_moveit_config/launch/demo.launch.py
[1.404s] -- Up-to-date: /home/xplore/Desktop/main_HD_workspace/hd_ws/install/astra_moveit_config/share/astra_moveit_config/launch/warehouse_db.launch.py
[1.405s] -- Up-to-date: /home/xplore/Desktop/main_HD_workspace/hd_ws/install/astra_moveit_config/share/astra_moveit_config/launch/spawn_controllers.launch.py
[1.405s] -- Up-to-date: /home/xplore/Desktop/main_HD_workspace/hd_ws/install/astra_moveit_config/share/astra_moveit_config/launch/rsp.launch.py
[1.405s] -- Up-to-date: /home/xplore/Desktop/main_HD_workspace/hd_ws/install/astra_moveit_config/share/astra_moveit_config/config
[1.406s] -- Up-to-date: /home/xplore/Desktop/main_HD_workspace/hd_ws/install/astra_moveit_config/share/astra_moveit_config/config/ros2_controllers.yaml
[1.406s] -- Up-to-date: /home/xplore/Desktop/main_HD_workspace/hd_ws/install/astra_moveit_config/share/astra_moveit_config/config/astra.srdf
[1.406s] -- Up-to-date: /home/xplore/Desktop/main_HD_workspace/hd_ws/install/astra_moveit_config/share/astra_moveit_config/config/joint_limits.yaml
[1.407s] -- Up-to-date: /home/xplore/Desktop/main_HD_workspace/hd_ws/install/astra_moveit_config/share/astra_moveit_config/config/pilz_cartesian_limits.yaml
[1.407s] -- Up-to-date: /home/xplore/Desktop/main_HD_workspace/hd_ws/install/astra_moveit_config/share/astra_moveit_config/config/initial_positions.yaml
[1.407s] -- Up-to-date: /home/xplore/Desktop/main_HD_workspace/hd_ws/install/astra_moveit_config/share/astra_moveit_config/config/kinematics.yaml
[1.408s] -- Up-to-date: /home/xplore/Desktop/main_HD_workspace/hd_ws/install/astra_moveit_config/share/astra_moveit_config/config/moveit.rviz
[1.408s] -- Up-to-date: /home/xplore/Desktop/main_HD_workspace/hd_ws/install/astra_moveit_config/share/astra_moveit_config/config/astra.urdf.xacro
[1.408s] -- Up-to-date: /home/xplore/Desktop/main_HD_workspace/hd_ws/install/astra_moveit_config/share/astra_moveit_config/config/moveit_controllers.yaml
[1.409s] -- Up-to-date: /home/xplore/Desktop/main_HD_workspace/hd_ws/install/astra_moveit_config/share/astra_moveit_config/config/ompl_planning.yaml
[1.409s] -- Up-to-date: /home/xplore/Desktop/main_HD_workspace/hd_ws/install/astra_moveit_config/share/astra_moveit_config/config/astra.ros2_control.xacro
[1.409s] -- Up-to-date: /home/xplore/Desktop/main_HD_workspace/hd_ws/install/astra_moveit_config/share/astra_moveit_config/.setup_assistant
[2.257s] Invoked command in '/home/xplore/Desktop/main_HD_workspace/hd_ws/build/astra_moveit_config' returned '0': CMAKE_PREFIX_PATH=/home/xplore/Desktop/main_HD_workspace/hd_ws/install/astra_description:/home/xplore/Desktop/main_HD_workspace/hd_ws/install/tttt:/home/xplore/Desktop/main_HD_workspace/hd_ws/install/moveit_visual_tools:/home/xplore/Desktop/main_HD_workspace/hd_ws/install/astra_moveit_config_new:/home/xplore/Desktop/main_HD_workspace/hd_ws/install/astra_moveit_config0:/home/xplore/Desktop/main_HD_workspace/hd_ws/install/astra_moveit_config:/home/xplore/Desktop/main_HD_workspace/hd_ws/install/astra_interfaces:/home/xplore/Desktop/main_HD_workspace/hd_ws/install/astra_hw_interface:/home/xplore/Desktop/main_HD_workspace/hd_ws/install/task_execution:/home/xplore/Desktop/main_HD_workspace/hd_ws/install/manager:/opt/ros/foxy /usr/bin/cmake --install /home/xplore/Desktop/main_HD_workspace/hd_ws/build/astra_moveit_config
