[0.340s] Invoking command in '/home/matthias/xplore2023/hd_ws/build/tttt': CMAKE_PREFIX_PATH=${CMAKE_PREFIX_PATH}:/home/matthias/xplore2023/hd_ws/install/task_execution:/home/matthias/xplore2023/hd_ws/install/manager:/opt/ros/humble /usr/bin/cmake --build /home/matthias/xplore2023/hd_ws/build/tttt -- -j12 -l12
[0.369s] Invoked command in '/home/matthias/xplore2023/hd_ws/build/tttt' returned '0': CMAKE_PREFIX_PATH=${CMAKE_PREFIX_PATH}:/home/matthias/xplore2023/hd_ws/install/task_execution:/home/matthias/xplore2023/hd_ws/install/manager:/opt/ros/humble /usr/bin/cmake --build /home/matthias/xplore2023/hd_ws/build/tttt -- -j12 -l12
[0.441s] Invoking command in '/home/matthias/xplore2023/hd_ws/build/tttt': CMAKE_PREFIX_PATH=${CMAKE_PREFIX_PATH}:/home/matthias/xplore2023/hd_ws/install/task_execution:/home/matthias/xplore2023/hd_ws/install/manager:/opt/ros/humble /usr/bin/cmake --install /home/matthias/xplore2023/hd_ws/build/tttt
[0.451s] -- Install configuration: ""
[0.451s] -- Up-to-date: /home/matthias/xplore2023/hd_ws/install/tttt/share/ament_index/resource_index/package_run_dependencies/tttt
[0.451s] -- Up-to-date: /home/matthias/xplore2023/hd_ws/install/tttt/share/ament_index/resource_index/parent_prefix_path/tttt
[0.452s] -- Up-to-date: /home/matthias/xplore2023/hd_ws/install/tttt/share/tttt/environment/ament_prefix_path.sh
[0.452s] -- Up-to-date: /home/matthias/xplore2023/hd_ws/install/tttt/share/tttt/environment/ament_prefix_path.dsv
[0.452s] -- Up-to-date: /home/matthias/xplore2023/hd_ws/install/tttt/share/tttt/environment/path.sh
[0.452s] -- Up-to-date: /home/matthias/xplore2023/hd_ws/install/tttt/share/tttt/environment/path.dsv
[0.452s] -- Up-to-date: /home/matthias/xplore2023/hd_ws/install/tttt/share/tttt/local_setup.bash
[0.454s] -- Up-to-date: /home/matthias/xplore2023/hd_ws/install/tttt/share/tttt/local_setup.sh
[0.454s] -- Up-to-date: /home/matthias/xplore2023/hd_ws/install/tttt/share/tttt/local_setup.zsh
[0.454s] -- Up-to-date: /home/matthias/xplore2023/hd_ws/install/tttt/share/tttt/local_setup.dsv
[0.454s] -- Installing: /home/matthias/xplore2023/hd_ws/install/tttt/share/tttt/package.dsv
[0.455s] -- Up-to-date: /home/matthias/xplore2023/hd_ws/install/tttt/share/ament_index/resource_index/packages/tttt
[0.455s] -- Up-to-date: /home/matthias/xplore2023/hd_ws/install/tttt/share/tttt/cmake/ttttConfig.cmake
[0.455s] -- Up-to-date: /home/matthias/xplore2023/hd_ws/install/tttt/share/tttt/cmake/ttttConfig-version.cmake
[0.455s] -- Up-to-date: /home/matthias/xplore2023/hd_ws/install/tttt/share/tttt/package.xml
[0.482s] Invoked command in '/home/matthias/xplore2023/hd_ws/build/tttt' returned '0': CMAKE_PREFIX_PATH=${CMAKE_PREFIX_PATH}:/home/matthias/xplore2023/hd_ws/install/task_execution:/home/matthias/xplore2023/hd_ws/install/manager:/opt/ros/humble /usr/bin/cmake --install /home/matthias/xplore2023/hd_ws/build/tttt
