[0.129s] Invoking command in '/home/xplore/Desktop/main_HD_workspace/hd_ws/build/moveit2_tutorials': CMAKE_PREFIX_PATH=/home/xplore/Desktop/main_HD_workspace/hd_ws/install/moveit_visual_tools:/home/xplore/Desktop/main_HD_workspace/hd_ws/install/tttt:/home/xplore/Desktop/main_HD_workspace/hd_ws/install/astra_moveit_config_new:/home/xplore/Desktop/main_HD_workspace/hd_ws/install/astra_moveit_config0:/home/xplore/Desktop/main_HD_workspace/hd_ws/install/astra_moveit_config:/home/xplore/Desktop/main_HD_workspace/hd_ws/install/astra_interfaces:/home/xplore/Desktop/main_HD_workspace/hd_ws/install/astra_hw_interface:/home/xplore/Desktop/main_HD_workspace/hd_ws/install/astra_description:/home/xplore/Desktop/main_HD_workspace/hd_ws/install/task_execution:/home/xplore/Desktop/main_HD_workspace/hd_ws/install/manager:/opt/ros/foxy LD_LIBRARY_PATH=/home/xplore/Desktop/main_HD_workspace/hd_ws/install/moveit_visual_tools/lib:/home/xplore/Desktop/main_HD_workspace/hd_ws/install/astra_interfaces/lib:/home/xplore/Desktop/main_HD_workspace/hd_ws/install/astra_hw_interface/lib:/usr/lib/aarch64-linux-gnu/gazebo-11/plugins:/opt/ros/foxy/opt/yaml_cpp_vendor/lib:/opt/ros/foxy/opt/rviz_ogre_vendor/lib:/opt/ros/foxy/lib/aarch64-linux-gnu:/opt/ros/foxy/lib:/usr/local/cuda-11.4/lib64 /usr/bin/cmake --build /home/xplore/Desktop/main_HD_workspace/hd_ws/build/moveit2_tutorials -- -j8 -l8
[0.526s] [ 12%] Built target planning_scene_ros_api_tutorial
[0.528s] [ 25%] Built target planning_scene_tutorial
[0.547s] [ 37%] Built target move_group_interface_tutorial
[0.586s] [ 50%] Built target servo_keyboard_input
[0.589s] [ 62%] Built target motion_planning_api_tutorial
[0.591s] [ 75%] Built target servo_cpp_interface_demo
[0.601s] [ 87%] Built target robot_model_and_robot_state_tutorial
[0.607s] [100%] Built target moveit_cpp_tutorial
[1.532s] Invoked command in '/home/xplore/Desktop/main_HD_workspace/hd_ws/build/moveit2_tutorials' returned '0': CMAKE_PREFIX_PATH=/home/xplore/Desktop/main_HD_workspace/hd_ws/install/moveit_visual_tools:/home/xplore/Desktop/main_HD_workspace/hd_ws/install/tttt:/home/xplore/Desktop/main_HD_workspace/hd_ws/install/astra_moveit_config_new:/home/xplore/Desktop/main_HD_workspace/hd_ws/install/astra_moveit_config0:/home/xplore/Desktop/main_HD_workspace/hd_ws/install/astra_moveit_config:/home/xplore/Desktop/main_HD_workspace/hd_ws/install/astra_interfaces:/home/xplore/Desktop/main_HD_workspace/hd_ws/install/astra_hw_interface:/home/xplore/Desktop/main_HD_workspace/hd_ws/install/astra_description:/home/xplore/Desktop/main_HD_workspace/hd_ws/install/task_execution:/home/xplore/Desktop/main_HD_workspace/hd_ws/install/manager:/opt/ros/foxy LD_LIBRARY_PATH=/home/xplore/Desktop/main_HD_workspace/hd_ws/install/moveit_visual_tools/lib:/home/xplore/Desktop/main_HD_workspace/hd_ws/install/astra_interfaces/lib:/home/xplore/Desktop/main_HD_workspace/hd_ws/install/astra_hw_interface/lib:/usr/lib/aarch64-linux-gnu/gazebo-11/plugins:/opt/ros/foxy/opt/yaml_cpp_vendor/lib:/opt/ros/foxy/opt/rviz_ogre_vendor/lib:/opt/ros/foxy/lib/aarch64-linux-gnu:/opt/ros/foxy/lib:/usr/local/cuda-11.4/lib64 /usr/bin/cmake --build /home/xplore/Desktop/main_HD_workspace/hd_ws/build/moveit2_tutorials -- -j8 -l8
[1.839s] Invoking command in '/home/xplore/Desktop/main_HD_workspace/hd_ws/build/moveit2_tutorials': CMAKE_PREFIX_PATH=/home/xplore/Desktop/main_HD_workspace/hd_ws/install/moveit_visual_tools:/home/xplore/Desktop/main_HD_workspace/hd_ws/install/tttt:/home/xplore/Desktop/main_HD_workspace/hd_ws/install/astra_moveit_config_new:/home/xplore/Desktop/main_HD_workspace/hd_ws/install/astra_moveit_config0:/home/xplore/Desktop/main_HD_workspace/hd_ws/install/astra_moveit_config:/home/xplore/Desktop/main_HD_workspace/hd_ws/install/astra_interfaces:/home/xplore/Desktop/main_HD_workspace/hd_ws/install/astra_hw_interface:/home/xplore/Desktop/main_HD_workspace/hd_ws/install/astra_description:/home/xplore/Desktop/main_HD_workspace/hd_ws/install/task_execution:/home/xplore/Desktop/main_HD_workspace/hd_ws/install/manager:/opt/ros/foxy LD_LIBRARY_PATH=/home/xplore/Desktop/main_HD_workspace/hd_ws/install/moveit_visual_tools/lib:/home/xplore/Desktop/main_HD_workspace/hd_ws/install/astra_interfaces/lib:/home/xplore/Desktop/main_HD_workspace/hd_ws/install/astra_hw_interface/lib:/usr/lib/aarch64-linux-gnu/gazebo-11/plugins:/opt/ros/foxy/opt/yaml_cpp_vendor/lib:/opt/ros/foxy/opt/rviz_ogre_vendor/lib:/opt/ros/foxy/lib/aarch64-linux-gnu:/opt/ros/foxy/lib:/usr/local/cuda-11.4/lib64 /usr/bin/cmake --install /home/xplore/Desktop/main_HD_workspace/hd_ws/build/moveit2_tutorials
[1.880s] -- Install configuration: "Release"
[1.881s] -- Up-to-date: /home/xplore/Desktop/main_HD_workspace/hd_ws/install/moveit2_tutorials/share/ament_index/resource_index/package_run_dependencies/moveit2_tutorials
[1.881s] -- Up-to-date: /home/xplore/Desktop/main_HD_workspace/hd_ws/install/moveit2_tutorials/share/ament_index/resource_index/parent_prefix_path/moveit2_tutorials
[1.882s] -- Up-to-date: /home/xplore/Desktop/main_HD_workspace/hd_ws/install/moveit2_tutorials/share/moveit2_tutorials/environment/ament_prefix_path.sh
[1.884s] -- Up-to-date: /home/xplore/Desktop/main_HD_workspace/hd_ws/install/moveit2_tutorials/share/moveit2_tutorials/environment/ament_prefix_path.dsv
[1.885s] -- Up-to-date: /home/xplore/Desktop/main_HD_workspace/hd_ws/install/moveit2_tutorials/share/moveit2_tutorials/environment/path.sh
[1.886s] -- Up-to-date: /home/xplore/Desktop/main_HD_workspace/hd_ws/install/moveit2_tutorials/share/moveit2_tutorials/environment/path.dsv
[1.887s] -- Up-to-date: /home/xplore/Desktop/main_HD_workspace/hd_ws/install/moveit2_tutorials/share/moveit2_tutorials/local_setup.bash
[1.888s] -- Up-to-date: /home/xplore/Desktop/main_HD_workspace/hd_ws/install/moveit2_tutorials/share/moveit2_tutorials/local_setup.sh
[1.889s] -- Up-to-date: /home/xplore/Desktop/main_HD_workspace/hd_ws/install/moveit2_tutorials/share/moveit2_tutorials/local_setup.zsh
[1.890s] -- Up-to-date: /home/xplore/Desktop/main_HD_workspace/hd_ws/install/moveit2_tutorials/share/moveit2_tutorials/local_setup.dsv
[1.890s] -- Installing: /home/xplore/Desktop/main_HD_workspace/hd_ws/install/moveit2_tutorials/share/moveit2_tutorials/package.dsv
[1.891s] -- Up-to-date: /home/xplore/Desktop/main_HD_workspace/hd_ws/install/moveit2_tutorials/share/ament_index/resource_index/packages/moveit2_tutorials
[1.891s] -- Up-to-date: /home/xplore/Desktop/main_HD_workspace/hd_ws/install/moveit2_tutorials/share/moveit2_tutorials/cmake/ament_cmake_export_dependencies-extras.cmake
[1.905s] -- Up-to-date: /home/xplore/Desktop/main_HD_workspace/hd_ws/install/moveit2_tutorials/share/moveit2_tutorials/cmake/ament_cmake_export_include_directories-extras.cmake
[1.907s] -- Up-to-date: /home/xplore/Desktop/main_HD_workspace/hd_ws/install/moveit2_tutorials/share/moveit2_tutorials/cmake/moveit2_tutorialsConfig.cmake
[1.908s] -- Up-to-date: /home/xplore/Desktop/main_HD_workspace/hd_ws/install/moveit2_tutorials/share/moveit2_tutorials/cmake/moveit2_tutorialsConfig-version.cmake
[1.909s] -- Up-to-date: /home/xplore/Desktop/main_HD_workspace/hd_ws/install/moveit2_tutorials/share/moveit2_tutorials/package.xml
[1.910s] -- Up-to-date: /home/xplore/Desktop/main_HD_workspace/hd_ws/install/moveit2_tutorials/lib/moveit2_tutorials/motion_planning_api_tutorial
[1.911s] -- Up-to-date: /home/xplore/Desktop/main_HD_workspace/hd_ws/install/moveit2_tutorials/share/moveit2_tutorials/launch
[1.912s] -- Up-to-date: /home/xplore/Desktop/main_HD_workspace/hd_ws/install/moveit2_tutorials/share/moveit2_tutorials/launch/motion_planning_api_tutorial.launch.py
[1.917s] -- Up-to-date: /home/xplore/Desktop/main_HD_workspace/hd_ws/install/moveit2_tutorials/lib/moveit2_tutorials/move_group_interface_tutorial
[1.927s] -- Up-to-date: /home/xplore/Desktop/main_HD_workspace/hd_ws/install/moveit2_tutorials/share/moveit2_tutorials/launch
[1.928s] -- Up-to-date: /home/xplore/Desktop/main_HD_workspace/hd_ws/install/moveit2_tutorials/share/moveit2_tutorials/launch/move_group_interface_tutorial.launch.py
[1.930s] -- Up-to-date: /home/xplore/Desktop/main_HD_workspace/hd_ws/install/moveit2_tutorials/share/moveit2_tutorials/launch/move_group.launch.py
[1.931s] -- Up-to-date: /home/xplore/Desktop/main_HD_workspace/hd_ws/install/moveit2_tutorials/share/moveit2_tutorials/launch/move_group.rviz
[1.932s] -- Up-to-date: /home/xplore/Desktop/main_HD_workspace/hd_ws/install/moveit2_tutorials/lib/moveit2_tutorials/moveit_cpp_tutorial
[1.933s] -- Up-to-date: /home/xplore/Desktop/main_HD_workspace/hd_ws/install/moveit2_tutorials/share/moveit2_tutorials/launch
[1.933s] -- Up-to-date: /home/xplore/Desktop/main_HD_workspace/hd_ws/install/moveit2_tutorials/share/moveit2_tutorials/launch/moveit_cpp_tutorial.launch.py
[1.935s] -- Up-to-date: /home/xplore/Desktop/main_HD_workspace/hd_ws/install/moveit2_tutorials/share/moveit2_tutorials/launch/moveit_cpp_tutorial.rviz
[1.935s] -- Up-to-date: /home/xplore/Desktop/main_HD_workspace/hd_ws/install/moveit2_tutorials/share/moveit2_tutorials/config
[1.937s] -- Up-to-date: /home/xplore/Desktop/main_HD_workspace/hd_ws/install/moveit2_tutorials/share/moveit2_tutorials/config/moveit_cpp.yaml
[1.938s] -- Up-to-date: /home/xplore/Desktop/main_HD_workspace/hd_ws/install/moveit2_tutorials/lib/moveit2_tutorials/planning_scene_tutorial
[1.939s] -- Up-to-date: /home/xplore/Desktop/main_HD_workspace/hd_ws/install/moveit2_tutorials/share/moveit2_tutorials/launch
[1.940s] -- Up-to-date: /home/xplore/Desktop/main_HD_workspace/hd_ws/install/moveit2_tutorials/share/moveit2_tutorials/launch/planning_scene_tutorial.launch.py
[1.941s] -- Up-to-date: /home/xplore/Desktop/main_HD_workspace/hd_ws/install/moveit2_tutorials/lib/moveit2_tutorials/planning_scene_ros_api_tutorial
[1.942s] -- Up-to-date: /home/xplore/Desktop/main_HD_workspace/hd_ws/install/moveit2_tutorials/share/moveit2_tutorials/launch
[1.943s] -- Up-to-date: /home/xplore/Desktop/main_HD_workspace/hd_ws/install/moveit2_tutorials/share/moveit2_tutorials/launch/planning_scene_ros_api_tutorial.launch.py
[1.944s] -- Up-to-date: /home/xplore/Desktop/main_HD_workspace/hd_ws/install/moveit2_tutorials/share/moveit2_tutorials/launch
[1.944s] -- Up-to-date: /home/xplore/Desktop/main_HD_workspace/hd_ws/install/moveit2_tutorials/share/moveit2_tutorials/launch/panda_moveit_config_demo_empty.rviz
[1.945s] -- Up-to-date: /home/xplore/Desktop/main_HD_workspace/hd_ws/install/moveit2_tutorials/share/moveit2_tutorials/launch/demo.launch.py
[1.947s] -- Up-to-date: /home/xplore/Desktop/main_HD_workspace/hd_ws/install/moveit2_tutorials/share/moveit2_tutorials/launch/panda_moveit_config_demo.rviz
[1.961s] -- Up-to-date: /home/xplore/Desktop/main_HD_workspace/hd_ws/install/moveit2_tutorials/lib/moveit2_tutorials/servo_keyboard_input
[1.962s] -- Up-to-date: /home/xplore/Desktop/main_HD_workspace/hd_ws/install/moveit2_tutorials/lib/moveit2_tutorials/servo_cpp_interface_demo
[1.963s] -- Up-to-date: /home/xplore/Desktop/main_HD_workspace/hd_ws/install/moveit2_tutorials/share/moveit2_tutorials/launch
[1.964s] -- Up-to-date: /home/xplore/Desktop/main_HD_workspace/hd_ws/install/moveit2_tutorials/share/moveit2_tutorials/launch/servo_cpp_interface_demo.launch.py
[1.965s] -- Up-to-date: /home/xplore/Desktop/main_HD_workspace/hd_ws/install/moveit2_tutorials/share/moveit2_tutorials/launch/servo_teleop.launch.py
[1.965s] -- Up-to-date: /home/xplore/Desktop/main_HD_workspace/hd_ws/install/moveit2_tutorials/share/moveit2_tutorials/launch/servo_server_panda.launch.py
[1.966s] -- Up-to-date: /home/xplore/Desktop/main_HD_workspace/hd_ws/install/moveit2_tutorials/share/moveit2_tutorials/config
[1.966s] -- Up-to-date: /home/xplore/Desktop/main_HD_workspace/hd_ws/install/moveit2_tutorials/share/moveit2_tutorials/config/demo_rviz_config.rviz
[1.967s] -- Up-to-date: /home/xplore/Desktop/main_HD_workspace/hd_ws/install/moveit2_tutorials/lib/moveit2_tutorials/robot_model_and_robot_state_tutorial
[1.967s] -- Up-to-date: /home/xplore/Desktop/main_HD_workspace/hd_ws/install/moveit2_tutorials/share/moveit2_tutorials/launch
[1.968s] -- Up-to-date: /home/xplore/Desktop/main_HD_workspace/hd_ws/install/moveit2_tutorials/share/moveit2_tutorials/launch/robot_model_and_robot_state_tutorial.launch.py
[1.980s] Invoked command in '/home/xplore/Desktop/main_HD_workspace/hd_ws/build/moveit2_tutorials' returned '0': CMAKE_PREFIX_PATH=/home/xplore/Desktop/main_HD_workspace/hd_ws/install/moveit_visual_tools:/home/xplore/Desktop/main_HD_workspace/hd_ws/install/tttt:/home/xplore/Desktop/main_HD_workspace/hd_ws/install/astra_moveit_config_new:/home/xplore/Desktop/main_HD_workspace/hd_ws/install/astra_moveit_config0:/home/xplore/Desktop/main_HD_workspace/hd_ws/install/astra_moveit_config:/home/xplore/Desktop/main_HD_workspace/hd_ws/install/astra_interfaces:/home/xplore/Desktop/main_HD_workspace/hd_ws/install/astra_hw_interface:/home/xplore/Desktop/main_HD_workspace/hd_ws/install/astra_description:/home/xplore/Desktop/main_HD_workspace/hd_ws/install/task_execution:/home/xplore/Desktop/main_HD_workspace/hd_ws/install/manager:/opt/ros/foxy LD_LIBRARY_PATH=/home/xplore/Desktop/main_HD_workspace/hd_ws/install/moveit_visual_tools/lib:/home/xplore/Desktop/main_HD_workspace/hd_ws/install/astra_interfaces/lib:/home/xplore/Desktop/main_HD_workspace/hd_ws/install/astra_hw_interface/lib:/usr/lib/aarch64-linux-gnu/gazebo-11/plugins:/opt/ros/foxy/opt/yaml_cpp_vendor/lib:/opt/ros/foxy/opt/rviz_ogre_vendor/lib:/opt/ros/foxy/lib/aarch64-linux-gnu:/opt/ros/foxy/lib:/usr/local/cuda-11.4/lib64 /usr/bin/cmake --install /home/xplore/Desktop/main_HD_workspace/hd_ws/build/moveit2_tutorials
