[1.268s] Invoking command in '/home/xplore/Desktop/main_HD_workspace/hd_ws/build/tttt': CMAKE_PREFIX_PATH=${CMAKE_PREFIX_PATH}:/home/xplore/Desktop/main_HD_workspace/hd_ws/install/task_execution:/home/xplore/Desktop/main_HD_workspace/hd_ws/install/manager:/opt/ros/foxy /usr/bin/cmake /home/xplore/Desktop/main_HD_workspace/hd_ws/tttt -DCMAKE_INSTALL_PREFIX=/home/xplore/Desktop/main_HD_workspace/hd_ws/install/tttt
[1.580s] -- The C compiler identification is GNU 9.4.0
[1.838s] -- The CXX compiler identification is GNU 9.4.0
[1.857s] -- Check for working C compiler: /usr/bin/cc
[2.210s] -- Check for working C compiler: /usr/bin/cc -- works
[2.214s] -- Detecting C compiler ABI info
[2.569s] -- Detecting C compiler ABI info - done
[2.612s] -- Detecting C compile features
[2.613s] -- Detecting C compile features - done
[2.623s] -- Check for working CXX compiler: /usr/bin/c++
[3.002s] -- Check for working CXX compiler: /usr/bin/c++ -- works
[3.007s] -- Detecting CXX compiler ABI info
[3.450s] -- Detecting CXX compiler ABI info - done
[3.524s] -- Detecting CXX compile features
[3.526s] -- Detecting CXX compile features - done
[3.541s] -- Found ament_cmake: 0.9.11 (/opt/ros/foxy/share/ament_cmake/cmake)
[3.665s] -- Found PythonInterp: /usr/bin/python3 (found suitable version "3.8.10", minimum required is "3") 
[3.666s] -- Using PYTHON_EXECUTABLE: /usr/bin/python3
[4.515s] -- Found ament_lint_auto: 0.9.8 (/opt/ros/foxy/share/ament_lint_auto/cmake)
[4.813s] -- Added test 'lint_cmake' to check CMake code style
[4.817s] -- Added test 'xmllint' to check XML markup files
[4.830s] -- Configuring done
[4.862s] -- Generating done
[4.868s] -- Build files have been written to: /home/xplore/Desktop/main_HD_workspace/hd_ws/build/tttt
[4.887s] Invoked command in '/home/xplore/Desktop/main_HD_workspace/hd_ws/build/tttt' returned '0': CMAKE_PREFIX_PATH=${CMAKE_PREFIX_PATH}:/home/xplore/Desktop/main_HD_workspace/hd_ws/install/task_execution:/home/xplore/Desktop/main_HD_workspace/hd_ws/install/manager:/opt/ros/foxy /usr/bin/cmake /home/xplore/Desktop/main_HD_workspace/hd_ws/tttt -DCMAKE_INSTALL_PREFIX=/home/xplore/Desktop/main_HD_workspace/hd_ws/install/tttt
[4.901s] Invoking command in '/home/xplore/Desktop/main_HD_workspace/hd_ws/build/tttt': CMAKE_PREFIX_PATH=${CMAKE_PREFIX_PATH}:/home/xplore/Desktop/main_HD_workspace/hd_ws/install/task_execution:/home/xplore/Desktop/main_HD_workspace/hd_ws/install/manager:/opt/ros/foxy /usr/bin/cmake --build /home/xplore/Desktop/main_HD_workspace/hd_ws/build/tttt -- -j8 -l8
[7.976s] Invoked command in '/home/xplore/Desktop/main_HD_workspace/hd_ws/build/tttt' returned '0': CMAKE_PREFIX_PATH=${CMAKE_PREFIX_PATH}:/home/xplore/Desktop/main_HD_workspace/hd_ws/install/task_execution:/home/xplore/Desktop/main_HD_workspace/hd_ws/install/manager:/opt/ros/foxy /usr/bin/cmake --build /home/xplore/Desktop/main_HD_workspace/hd_ws/build/tttt -- -j8 -l8
[8.122s] Invoking command in '/home/xplore/Desktop/main_HD_workspace/hd_ws/build/tttt': CMAKE_PREFIX_PATH=${CMAKE_PREFIX_PATH}:/home/xplore/Desktop/main_HD_workspace/hd_ws/install/task_execution:/home/xplore/Desktop/main_HD_workspace/hd_ws/install/manager:/opt/ros/foxy /usr/bin/cmake --install /home/xplore/Desktop/main_HD_workspace/hd_ws/build/tttt
[8.190s] -- Install configuration: ""
[8.191s] -- Installing: /home/xplore/Desktop/main_HD_workspace/hd_ws/install/tttt/share/ament_index/resource_index/package_run_dependencies/tttt
[8.192s] -- Installing: /home/xplore/Desktop/main_HD_workspace/hd_ws/install/tttt/share/ament_index/resource_index/parent_prefix_path/tttt
[8.192s] -- Installing: /home/xplore/Desktop/main_HD_workspace/hd_ws/install/tttt/share/tttt/environment/ament_prefix_path.sh
[8.192s] -- Installing: /home/xplore/Desktop/main_HD_workspace/hd_ws/install/tttt/share/tttt/environment/ament_prefix_path.dsv
[8.193s] -- Installing: /home/xplore/Desktop/main_HD_workspace/hd_ws/install/tttt/share/tttt/environment/path.sh
[8.194s] -- Installing: /home/xplore/Desktop/main_HD_workspace/hd_ws/install/tttt/share/tttt/environment/path.dsv
[8.194s] -- Installing: /home/xplore/Desktop/main_HD_workspace/hd_ws/install/tttt/share/tttt/local_setup.bash
[8.195s] -- Installing: /home/xplore/Desktop/main_HD_workspace/hd_ws/install/tttt/share/tttt/local_setup.sh
[8.196s] -- Installing: /home/xplore/Desktop/main_HD_workspace/hd_ws/install/tttt/share/tttt/local_setup.zsh
[8.197s] -- Installing: /home/xplore/Desktop/main_HD_workspace/hd_ws/install/tttt/share/tttt/local_setup.dsv
[8.197s] -- Installing: /home/xplore/Desktop/main_HD_workspace/hd_ws/install/tttt/share/tttt/package.dsv
[8.199s] -- Installing: /home/xplore/Desktop/main_HD_workspace/hd_ws/install/tttt/share/ament_index/resource_index/packages/tttt
[8.200s] -- Installing: /home/xplore/Desktop/main_HD_workspace/hd_ws/install/tttt/share/tttt/cmake/ttttConfig.cmake
[8.200s] -- Installing: /home/xplore/Desktop/main_HD_workspace/hd_ws/install/tttt/share/tttt/cmake/ttttConfig-version.cmake
[8.201s] -- Installing: /home/xplore/Desktop/main_HD_workspace/hd_ws/install/tttt/share/tttt/package.xml
[8.221s] Invoked command in '/home/xplore/Desktop/main_HD_workspace/hd_ws/build/tttt' returned '0': CMAKE_PREFIX_PATH=${CMAKE_PREFIX_PATH}:/home/xplore/Desktop/main_HD_workspace/hd_ws/install/task_execution:/home/xplore/Desktop/main_HD_workspace/hd_ws/install/manager:/opt/ros/foxy /usr/bin/cmake --install /home/xplore/Desktop/main_HD_workspace/hd_ws/build/tttt
