[0.335s] Invoking command in '/home/xplore/Desktop/main_HD_workspace/hd_ws/build/astra_interfaces': CMAKE_PREFIX_PATH=${CMAKE_PREFIX_PATH}:/home/xplore/Desktop/main_HD_workspace/hd_ws/install/task_execution:/home/xplore/Desktop/main_HD_workspace/hd_ws/install/manager:/opt/ros/foxy /usr/bin/cmake --build /home/xplore/Desktop/main_HD_workspace/hd_ws/build/astra_interfaces -- -j8 -l8
[1.310s] [  2%] Built target astra_interfaces__cpp
[1.313s] [ 12%] Built target astra_interfaces__rosidl_generator_c
[1.315s] [ 23%] Built target astra_interfaces__rosidl_typesupport_cpp
[1.318s] [ 44%] Built target astra_interfaces__rosidl_typesupport_fastrtps_cpp
[1.322s] [ 44%] Built target astra_interfaces__rosidl_typesupport_introspection_cpp
[1.326s] [ 55%] Built target astra_interfaces__rosidl_typesupport_c
[1.328s] [ 65%] Built target astra_interfaces__rosidl_typesupport_introspection_c
[1.330s] [ 76%] Built target astra_interfaces__rosidl_typesupport_fastrtps_c
[1.335s] [ 76%] Built target astra_interfaces
[1.337s] [ 78%] Built target astra_interfaces__py
[1.338s] [ 87%] Built target astra_interfaces__python
[1.338s] [ 95%] Built target astra_interfaces__rosidl_typesupport_introspection_c__pyext
[1.338s] [ 95%] Built target astra_interfaces__rosidl_typesupport_fastrtps_c__pyext
[1.338s] [100%] Built target astra_interfaces__rosidl_typesupport_c__pyext
[1.345s] Invoked command in '/home/xplore/Desktop/main_HD_workspace/hd_ws/build/astra_interfaces' returned '0': CMAKE_PREFIX_PATH=${CMAKE_PREFIX_PATH}:/home/xplore/Desktop/main_HD_workspace/hd_ws/install/task_execution:/home/xplore/Desktop/main_HD_workspace/hd_ws/install/manager:/opt/ros/foxy /usr/bin/cmake --build /home/xplore/Desktop/main_HD_workspace/hd_ws/build/astra_interfaces -- -j8 -l8
[1.937s] Invoking command in '/home/xplore/Desktop/main_HD_workspace/hd_ws/build/astra_interfaces': CMAKE_PREFIX_PATH=${CMAKE_PREFIX_PATH}:/home/xplore/Desktop/main_HD_workspace/hd_ws/install/task_execution:/home/xplore/Desktop/main_HD_workspace/hd_ws/install/manager:/opt/ros/foxy /usr/bin/cmake --install /home/xplore/Desktop/main_HD_workspace/hd_ws/build/astra_interfaces
[2.064s] -- Install configuration: ""
[2.065s] -- Up-to-date: /home/xplore/Desktop/main_HD_workspace/hd_ws/install/astra_interfaces/share/ament_index/resource_index/rosidl_interfaces/astra_interfaces
[2.065s] -- Up-to-date: /home/xplore/Desktop/main_HD_workspace/hd_ws/install/astra_interfaces/include/astra_interfaces
[2.066s] -- Up-to-date: /home/xplore/Desktop/main_HD_workspace/hd_ws/install/astra_interfaces/include/astra_interfaces/msg
[2.067s] -- Up-to-date: /home/xplore/Desktop/main_HD_workspace/hd_ws/install/astra_interfaces/include/astra_interfaces/msg/task.h
[2.067s] -- Up-to-date: /home/xplore/Desktop/main_HD_workspace/hd_ws/install/astra_interfaces/include/astra_interfaces/msg/object.h
[2.067s] -- Up-to-date: /home/xplore/Desktop/main_HD_workspace/hd_ws/install/astra_interfaces/include/astra_interfaces/msg/detail
[2.068s] -- Up-to-date: /home/xplore/Desktop/main_HD_workspace/hd_ws/install/astra_interfaces/include/astra_interfaces/msg/detail/object__type_support.h
[2.068s] -- Up-to-date: /home/xplore/Desktop/main_HD_workspace/hd_ws/install/astra_interfaces/include/astra_interfaces/msg/detail/task__struct.h
[2.069s] -- Up-to-date: /home/xplore/Desktop/main_HD_workspace/hd_ws/install/astra_interfaces/include/astra_interfaces/msg/detail/object__functions.c
[2.069s] -- Up-to-date: /home/xplore/Desktop/main_HD_workspace/hd_ws/install/astra_interfaces/include/astra_interfaces/msg/detail/task__functions.c
[2.070s] -- Up-to-date: /home/xplore/Desktop/main_HD_workspace/hd_ws/install/astra_interfaces/include/astra_interfaces/msg/detail/object__struct.h
[2.070s] -- Up-to-date: /home/xplore/Desktop/main_HD_workspace/hd_ws/install/astra_interfaces/include/astra_interfaces/msg/detail/task__type_support.h
[2.070s] -- Up-to-date: /home/xplore/Desktop/main_HD_workspace/hd_ws/install/astra_interfaces/include/astra_interfaces/msg/detail/object__functions.h
[2.076s] -- Up-to-date: /home/xplore/Desktop/main_HD_workspace/hd_ws/install/astra_interfaces/include/astra_interfaces/msg/detail/cmd_outcome__functions.h
[2.084s] -- Up-to-date: /home/xplore/Desktop/main_HD_workspace/hd_ws/install/astra_interfaces/include/astra_interfaces/msg/detail/cmd_outcome__type_support.h
[2.085s] -- Up-to-date: /home/xplore/Desktop/main_HD_workspace/hd_ws/install/astra_interfaces/include/astra_interfaces/msg/detail/cmd_outcome__functions.c
[2.086s] -- Up-to-date: /home/xplore/Desktop/main_HD_workspace/hd_ws/install/astra_interfaces/include/astra_interfaces/msg/detail/task__functions.h
[2.087s] -- Up-to-date: /home/xplore/Desktop/main_HD_workspace/hd_ws/install/astra_interfaces/include/astra_interfaces/msg/detail/cmd_outcome__struct.h
[2.088s] -- Up-to-date: /home/xplore/Desktop/main_HD_workspace/hd_ws/install/astra_interfaces/include/astra_interfaces/msg/rosidl_generator_c__visibility_control.h
[2.089s] -- Up-to-date: /home/xplore/Desktop/main_HD_workspace/hd_ws/install/astra_interfaces/include/astra_interfaces/msg/cmd_outcome.h
[2.090s] -- Up-to-date: /home/xplore/Desktop/main_HD_workspace/hd_ws/install/astra_interfaces/share/astra_interfaces/environment/library_path.sh
[2.090s] -- Up-to-date: /home/xplore/Desktop/main_HD_workspace/hd_ws/install/astra_interfaces/share/astra_interfaces/environment/library_path.dsv
[2.091s] -- Up-to-date: /home/xplore/Desktop/main_HD_workspace/hd_ws/install/astra_interfaces/lib/libastra_interfaces__rosidl_generator_c.so
[2.092s] -- Up-to-date: /home/xplore/Desktop/main_HD_workspace/hd_ws/install/astra_interfaces/include/astra_interfaces
[2.092s] -- Up-to-date: /home/xplore/Desktop/main_HD_workspace/hd_ws/install/astra_interfaces/include/astra_interfaces/msg
[2.093s] -- Up-to-date: /home/xplore/Desktop/main_HD_workspace/hd_ws/install/astra_interfaces/include/astra_interfaces/msg/detail
[2.093s] -- Up-to-date: /home/xplore/Desktop/main_HD_workspace/hd_ws/install/astra_interfaces/include/astra_interfaces/msg/detail/cmd_outcome__rosidl_typesupport_fastrtps_c.h
[2.094s] -- Up-to-date: /home/xplore/Desktop/main_HD_workspace/hd_ws/install/astra_interfaces/include/astra_interfaces/msg/detail/task__rosidl_typesupport_fastrtps_c.h
[2.094s] -- Up-to-date: /home/xplore/Desktop/main_HD_workspace/hd_ws/install/astra_interfaces/include/astra_interfaces/msg/detail/object__rosidl_typesupport_fastrtps_c.h
[2.094s] -- Up-to-date: /home/xplore/Desktop/main_HD_workspace/hd_ws/install/astra_interfaces/include/astra_interfaces/msg/rosidl_typesupport_fastrtps_c__visibility_control.h
[2.095s] -- Up-to-date: /home/xplore/Desktop/main_HD_workspace/hd_ws/install/astra_interfaces/lib/libastra_interfaces__rosidl_typesupport_fastrtps_c.so
[2.096s] -- Up-to-date: /home/xplore/Desktop/main_HD_workspace/hd_ws/install/astra_interfaces/include/astra_interfaces
[2.097s] -- Up-to-date: /home/xplore/Desktop/main_HD_workspace/hd_ws/install/astra_interfaces/include/astra_interfaces/msg
[2.109s] -- Up-to-date: /home/xplore/Desktop/main_HD_workspace/hd_ws/install/astra_interfaces/include/astra_interfaces/msg/rosidl_typesupport_fastrtps_cpp__visibility_control.h
[2.112s] -- Up-to-date: /home/xplore/Desktop/main_HD_workspace/hd_ws/install/astra_interfaces/include/astra_interfaces/msg/detail
[2.113s] -- Up-to-date: /home/xplore/Desktop/main_HD_workspace/hd_ws/install/astra_interfaces/include/astra_interfaces/msg/detail/object__rosidl_typesupport_fastrtps_cpp.hpp
[2.114s] -- Up-to-date: /home/xplore/Desktop/main_HD_workspace/hd_ws/install/astra_interfaces/include/astra_interfaces/msg/detail/cmd_outcome__rosidl_typesupport_fastrtps_cpp.hpp
[2.115s] -- Up-to-date: /home/xplore/Desktop/main_HD_workspace/hd_ws/install/astra_interfaces/include/astra_interfaces/msg/detail/task__rosidl_typesupport_fastrtps_cpp.hpp
[2.116s] -- Up-to-date: /home/xplore/Desktop/main_HD_workspace/hd_ws/install/astra_interfaces/include/astra_interfaces/msg/detail/dds_fastrtps
[2.117s] -- Up-to-date: /home/xplore/Desktop/main_HD_workspace/hd_ws/install/astra_interfaces/lib/libastra_interfaces__rosidl_typesupport_fastrtps_cpp.so
[2.118s] -- Up-to-date: /home/xplore/Desktop/main_HD_workspace/hd_ws/install/astra_interfaces/include/astra_interfaces
[2.119s] -- Up-to-date: /home/xplore/Desktop/main_HD_workspace/hd_ws/install/astra_interfaces/include/astra_interfaces/msg
[2.120s] -- Up-to-date: /home/xplore/Desktop/main_HD_workspace/hd_ws/install/astra_interfaces/include/astra_interfaces/msg/detail
[2.120s] -- Up-to-date: /home/xplore/Desktop/main_HD_workspace/hd_ws/install/astra_interfaces/include/astra_interfaces/msg/detail/task__type_support.c
[2.121s] -- Up-to-date: /home/xplore/Desktop/main_HD_workspace/hd_ws/install/astra_interfaces/include/astra_interfaces/msg/detail/object__type_support.c
[2.122s] -- Up-to-date: /home/xplore/Desktop/main_HD_workspace/hd_ws/install/astra_interfaces/include/astra_interfaces/msg/detail/cmd_outcome__rosidl_typesupport_introspection_c.h
[2.123s] -- Up-to-date: /home/xplore/Desktop/main_HD_workspace/hd_ws/install/astra_interfaces/include/astra_interfaces/msg/detail/cmd_outcome__type_support.c
[2.130s] -- Up-to-date: /home/xplore/Desktop/main_HD_workspace/hd_ws/install/astra_interfaces/include/astra_interfaces/msg/detail/object__rosidl_typesupport_introspection_c.h
[2.138s] -- Up-to-date: /home/xplore/Desktop/main_HD_workspace/hd_ws/install/astra_interfaces/include/astra_interfaces/msg/detail/task__rosidl_typesupport_introspection_c.h
[2.141s] -- Up-to-date: /home/xplore/Desktop/main_HD_workspace/hd_ws/install/astra_interfaces/include/astra_interfaces/msg/rosidl_typesupport_introspection_c__visibility_control.h
[2.141s] -- Up-to-date: /home/xplore/Desktop/main_HD_workspace/hd_ws/install/astra_interfaces/lib/libastra_interfaces__rosidl_typesupport_introspection_c.so
[2.142s] -- Up-to-date: /home/xplore/Desktop/main_HD_workspace/hd_ws/install/astra_interfaces/lib/libastra_interfaces__rosidl_typesupport_c.so
[2.144s] -- Up-to-date: /home/xplore/Desktop/main_HD_workspace/hd_ws/install/astra_interfaces/include/astra_interfaces
[2.146s] -- Up-to-date: /home/xplore/Desktop/main_HD_workspace/hd_ws/install/astra_interfaces/include/astra_interfaces/msg
[2.148s] -- Up-to-date: /home/xplore/Desktop/main_HD_workspace/hd_ws/install/astra_interfaces/include/astra_interfaces/msg/task.hpp
[2.149s] -- Up-to-date: /home/xplore/Desktop/main_HD_workspace/hd_ws/install/astra_interfaces/include/astra_interfaces/msg/detail
[2.151s] -- Up-to-date: /home/xplore/Desktop/main_HD_workspace/hd_ws/install/astra_interfaces/include/astra_interfaces/msg/detail/object__struct.hpp
[2.152s] -- Up-to-date: /home/xplore/Desktop/main_HD_workspace/hd_ws/install/astra_interfaces/include/astra_interfaces/msg/detail/cmd_outcome__builder.hpp
[2.153s] -- Up-to-date: /home/xplore/Desktop/main_HD_workspace/hd_ws/install/astra_interfaces/include/astra_interfaces/msg/detail/task__builder.hpp
[2.155s] -- Up-to-date: /home/xplore/Desktop/main_HD_workspace/hd_ws/install/astra_interfaces/include/astra_interfaces/msg/detail/object__traits.hpp
[2.155s] -- Up-to-date: /home/xplore/Desktop/main_HD_workspace/hd_ws/install/astra_interfaces/include/astra_interfaces/msg/detail/cmd_outcome__struct.hpp
[2.156s] -- Up-to-date: /home/xplore/Desktop/main_HD_workspace/hd_ws/install/astra_interfaces/include/astra_interfaces/msg/detail/cmd_outcome__traits.hpp
[2.169s] -- Up-to-date: /home/xplore/Desktop/main_HD_workspace/hd_ws/install/astra_interfaces/include/astra_interfaces/msg/detail/object__builder.hpp
[2.174s] -- Up-to-date: /home/xplore/Desktop/main_HD_workspace/hd_ws/install/astra_interfaces/include/astra_interfaces/msg/detail/task__struct.hpp
[2.174s] -- Up-to-date: /home/xplore/Desktop/main_HD_workspace/hd_ws/install/astra_interfaces/include/astra_interfaces/msg/detail/task__traits.hpp
[2.175s] -- Up-to-date: /home/xplore/Desktop/main_HD_workspace/hd_ws/install/astra_interfaces/include/astra_interfaces/msg/cmd_outcome.hpp
[2.176s] -- Up-to-date: /home/xplore/Desktop/main_HD_workspace/hd_ws/install/astra_interfaces/include/astra_interfaces/msg/object.hpp
[2.176s] -- Up-to-date: /home/xplore/Desktop/main_HD_workspace/hd_ws/install/astra_interfaces/include/astra_interfaces
[2.177s] -- Up-to-date: /home/xplore/Desktop/main_HD_workspace/hd_ws/install/astra_interfaces/include/astra_interfaces/msg
[2.177s] -- Up-to-date: /home/xplore/Desktop/main_HD_workspace/hd_ws/install/astra_interfaces/include/astra_interfaces/msg/detail
[2.178s] -- Up-to-date: /home/xplore/Desktop/main_HD_workspace/hd_ws/install/astra_interfaces/include/astra_interfaces/msg/detail/object__rosidl_typesupport_introspection_cpp.hpp
[2.179s] -- Up-to-date: /home/xplore/Desktop/main_HD_workspace/hd_ws/install/astra_interfaces/include/astra_interfaces/msg/detail/object__type_support.cpp
[2.179s] -- Up-to-date: /home/xplore/Desktop/main_HD_workspace/hd_ws/install/astra_interfaces/include/astra_interfaces/msg/detail/task__type_support.cpp
[2.179s] -- Up-to-date: /home/xplore/Desktop/main_HD_workspace/hd_ws/install/astra_interfaces/include/astra_interfaces/msg/detail/task__rosidl_typesupport_introspection_cpp.hpp
[2.180s] -- Up-to-date: /home/xplore/Desktop/main_HD_workspace/hd_ws/install/astra_interfaces/include/astra_interfaces/msg/detail/cmd_outcome__rosidl_typesupport_introspection_cpp.hpp
[2.181s] -- Up-to-date: /home/xplore/Desktop/main_HD_workspace/hd_ws/install/astra_interfaces/include/astra_interfaces/msg/detail/cmd_outcome__type_support.cpp
[2.181s] -- Up-to-date: /home/xplore/Desktop/main_HD_workspace/hd_ws/install/astra_interfaces/lib/libastra_interfaces__rosidl_typesupport_introspection_cpp.so
[2.182s] -- Up-to-date: /home/xplore/Desktop/main_HD_workspace/hd_ws/install/astra_interfaces/lib/libastra_interfaces__rosidl_typesupport_cpp.so
[2.183s] -- Up-to-date: /home/xplore/Desktop/main_HD_workspace/hd_ws/install/astra_interfaces/share/astra_interfaces/environment/pythonpath.sh
[2.184s] -- Up-to-date: /home/xplore/Desktop/main_HD_workspace/hd_ws/install/astra_interfaces/share/astra_interfaces/environment/pythonpath.dsv
[2.184s] -- Up-to-date: /home/xplore/Desktop/main_HD_workspace/hd_ws/install/astra_interfaces/lib/python3.8/site-packages/astra_interfaces/__init__.py
[2.184s] -- Up-to-date: /home/xplore/Desktop/main_HD_workspace/hd_ws/install/astra_interfaces/lib/python3.8/site-packages/astra_interfaces/msg
[2.185s] -- Up-to-date: /home/xplore/Desktop/main_HD_workspace/hd_ws/install/astra_interfaces/lib/python3.8/site-packages/astra_interfaces/msg/_task_s.c
[2.185s] -- Up-to-date: /home/xplore/Desktop/main_HD_workspace/hd_ws/install/astra_interfaces/lib/python3.8/site-packages/astra_interfaces/msg/_cmd_outcome_s.c
[2.186s] -- Up-to-date: /home/xplore/Desktop/main_HD_workspace/hd_ws/install/astra_interfaces/lib/python3.8/site-packages/astra_interfaces/msg/_object_s.c
[2.186s] -- Up-to-date: /home/xplore/Desktop/main_HD_workspace/hd_ws/install/astra_interfaces/lib/python3.8/site-packages/astra_interfaces/msg/__init__.py
[2.186s] -- Up-to-date: /home/xplore/Desktop/main_HD_workspace/hd_ws/install/astra_interfaces/lib/python3.8/site-packages/astra_interfaces/msg/_cmd_outcome.py
[2.187s] -- Up-to-date: /home/xplore/Desktop/main_HD_workspace/hd_ws/install/astra_interfaces/lib/python3.8/site-packages/astra_interfaces/msg/_task.py
[2.187s] -- Up-to-date: /home/xplore/Desktop/main_HD_workspace/hd_ws/install/astra_interfaces/lib/python3.8/site-packages/astra_interfaces/msg/_object.py
[2.188s] -- Up-to-date: /home/xplore/Desktop/main_HD_workspace/hd_ws/install/astra_interfaces/lib/python3.8/site-packages/astra_interfaces/astra_interfaces_s__rosidl_typesupport_fastrtps_c.cpython-38-aarch64-linux-gnu.so
[2.188s] -- Up-to-date: /home/xplore/Desktop/main_HD_workspace/hd_ws/install/astra_interfaces/lib/python3.8/site-packages/astra_interfaces/astra_interfaces_s__rosidl_typesupport_introspection_c.cpython-38-aarch64-linux-gnu.so
[2.188s] -- Up-to-date: /home/xplore/Desktop/main_HD_workspace/hd_ws/install/astra_interfaces/lib/python3.8/site-packages/astra_interfaces/astra_interfaces_s__rosidl_typesupport_c.cpython-38-aarch64-linux-gnu.so
[2.189s] -- Up-to-date: /home/xplore/Desktop/main_HD_workspace/hd_ws/install/astra_interfaces/lib/libastra_interfaces__python.so
[2.190s] -- Up-to-date: /home/xplore/Desktop/main_HD_workspace/hd_ws/install/astra_interfaces/share/astra_interfaces/msg/CmdOutcome.idl
[2.190s] -- Up-to-date: /home/xplore/Desktop/main_HD_workspace/hd_ws/install/astra_interfaces/share/astra_interfaces/msg/Object.idl
[2.191s] -- Up-to-date: /home/xplore/Desktop/main_HD_workspace/hd_ws/install/astra_interfaces/share/astra_interfaces/msg/Task.idl
[2.196s] -- Up-to-date: /home/xplore/Desktop/main_HD_workspace/hd_ws/install/astra_interfaces/share/astra_interfaces/msg/CmdOutcome.msg
[2.197s] -- Up-to-date: /home/xplore/Desktop/main_HD_workspace/hd_ws/install/astra_interfaces/share/astra_interfaces/msg/Object.msg
[2.199s] -- Up-to-date: /home/xplore/Desktop/main_HD_workspace/hd_ws/install/astra_interfaces/share/astra_interfaces/msg/Task.msg
[2.199s] -- Up-to-date: /home/xplore/Desktop/main_HD_workspace/hd_ws/install/astra_interfaces/share/ament_index/resource_index/package_run_dependencies/astra_interfaces
[2.200s] -- Up-to-date: /home/xplore/Desktop/main_HD_workspace/hd_ws/install/astra_interfaces/share/ament_index/resource_index/parent_prefix_path/astra_interfaces
[2.201s] -- Up-to-date: /home/xplore/Desktop/main_HD_workspace/hd_ws/install/astra_interfaces/share/astra_interfaces/environment/ament_prefix_path.sh
[2.202s] -- Up-to-date: /home/xplore/Desktop/main_HD_workspace/hd_ws/install/astra_interfaces/share/astra_interfaces/environment/ament_prefix_path.dsv
[2.208s] -- Up-to-date: /home/xplore/Desktop/main_HD_workspace/hd_ws/install/astra_interfaces/share/astra_interfaces/environment/path.sh
[2.208s] -- Up-to-date: /home/xplore/Desktop/main_HD_workspace/hd_ws/install/astra_interfaces/share/astra_interfaces/environment/path.dsv
[2.210s] -- Up-to-date: /home/xplore/Desktop/main_HD_workspace/hd_ws/install/astra_interfaces/share/astra_interfaces/local_setup.bash
[2.211s] -- Up-to-date: /home/xplore/Desktop/main_HD_workspace/hd_ws/install/astra_interfaces/share/astra_interfaces/local_setup.sh
[2.211s] -- Up-to-date: /home/xplore/Desktop/main_HD_workspace/hd_ws/install/astra_interfaces/share/astra_interfaces/local_setup.zsh
[2.212s] -- Up-to-date: /home/xplore/Desktop/main_HD_workspace/hd_ws/install/astra_interfaces/share/astra_interfaces/local_setup.dsv
[2.213s] -- Installing: /home/xplore/Desktop/main_HD_workspace/hd_ws/install/astra_interfaces/share/astra_interfaces/package.dsv
[2.213s] -- Up-to-date: /home/xplore/Desktop/main_HD_workspace/hd_ws/install/astra_interfaces/share/ament_index/resource_index/packages/astra_interfaces
[2.214s] -- Up-to-date: /home/xplore/Desktop/main_HD_workspace/hd_ws/install/astra_interfaces/share/astra_interfaces/cmake/astra_interfaces__rosidl_generator_cExport.cmake
[2.214s] -- Up-to-date: /home/xplore/Desktop/main_HD_workspace/hd_ws/install/astra_interfaces/share/astra_interfaces/cmake/astra_interfaces__rosidl_generator_cExport-noconfig.cmake
[2.215s] -- Up-to-date: /home/xplore/Desktop/main_HD_workspace/hd_ws/install/astra_interfaces/share/astra_interfaces/cmake/astra_interfaces__rosidl_typesupport_introspection_cExport.cmake
[2.215s] -- Up-to-date: /home/xplore/Desktop/main_HD_workspace/hd_ws/install/astra_interfaces/share/astra_interfaces/cmake/astra_interfaces__rosidl_typesupport_introspection_cExport-noconfig.cmake
[2.216s] -- Up-to-date: /home/xplore/Desktop/main_HD_workspace/hd_ws/install/astra_interfaces/share/astra_interfaces/cmake/astra_interfaces__rosidl_typesupport_cExport.cmake
[2.216s] -- Up-to-date: /home/xplore/Desktop/main_HD_workspace/hd_ws/install/astra_interfaces/share/astra_interfaces/cmake/astra_interfaces__rosidl_typesupport_cExport-noconfig.cmake
[2.217s] -- Up-to-date: /home/xplore/Desktop/main_HD_workspace/hd_ws/install/astra_interfaces/share/astra_interfaces/cmake/astra_interfaces__rosidl_generator_cppExport.cmake
[2.217s] -- Up-to-date: /home/xplore/Desktop/main_HD_workspace/hd_ws/install/astra_interfaces/share/astra_interfaces/cmake/astra_interfaces__rosidl_typesupport_introspection_cppExport.cmake
[2.218s] -- Up-to-date: /home/xplore/Desktop/main_HD_workspace/hd_ws/install/astra_interfaces/share/astra_interfaces/cmake/astra_interfaces__rosidl_typesupport_introspection_cppExport-noconfig.cmake
[2.218s] -- Up-to-date: /home/xplore/Desktop/main_HD_workspace/hd_ws/install/astra_interfaces/share/astra_interfaces/cmake/astra_interfaces__rosidl_typesupport_cppExport.cmake
[2.218s] -- Up-to-date: /home/xplore/Desktop/main_HD_workspace/hd_ws/install/astra_interfaces/share/astra_interfaces/cmake/astra_interfaces__rosidl_typesupport_cppExport-noconfig.cmake
[2.219s] -- Up-to-date: /home/xplore/Desktop/main_HD_workspace/hd_ws/install/astra_interfaces/share/astra_interfaces/cmake/rosidl_cmake-extras.cmake
[2.220s] -- Up-to-date: /home/xplore/Desktop/main_HD_workspace/hd_ws/install/astra_interfaces/share/astra_interfaces/cmake/ament_cmake_export_dependencies-extras.cmake
[2.220s] -- Up-to-date: /home/xplore/Desktop/main_HD_workspace/hd_ws/install/astra_interfaces/share/astra_interfaces/cmake/ament_cmake_export_libraries-extras.cmake
[2.220s] -- Up-to-date: /home/xplore/Desktop/main_HD_workspace/hd_ws/install/astra_interfaces/share/astra_interfaces/cmake/ament_cmake_export_targets-extras.cmake
[2.221s] -- Up-to-date: /home/xplore/Desktop/main_HD_workspace/hd_ws/install/astra_interfaces/share/astra_interfaces/cmake/ament_cmake_export_include_directories-extras.cmake
[2.221s] -- Up-to-date: /home/xplore/Desktop/main_HD_workspace/hd_ws/install/astra_interfaces/share/astra_interfaces/cmake/rosidl_cmake_export_typesupport_libraries-extras.cmake
[2.222s] -- Up-to-date: /home/xplore/Desktop/main_HD_workspace/hd_ws/install/astra_interfaces/share/astra_interfaces/cmake/rosidl_cmake_export_typesupport_targets-extras.cmake
[2.225s] -- Up-to-date: /home/xplore/Desktop/main_HD_workspace/hd_ws/install/astra_interfaces/share/astra_interfaces/cmake/astra_interfacesConfig.cmake
[2.225s] -- Up-to-date: /home/xplore/Desktop/main_HD_workspace/hd_ws/install/astra_interfaces/share/astra_interfaces/cmake/astra_interfacesConfig-version.cmake
[2.226s] -- Up-to-date: /home/xplore/Desktop/main_HD_workspace/hd_ws/install/astra_interfaces/share/astra_interfaces/package.xml
[2.436s] Invoked command in '/home/xplore/Desktop/main_HD_workspace/hd_ws/build/astra_interfaces' returned '0': CMAKE_PREFIX_PATH=${CMAKE_PREFIX_PATH}:/home/xplore/Desktop/main_HD_workspace/hd_ws/install/task_execution:/home/xplore/Desktop/main_HD_workspace/hd_ws/install/manager:/opt/ros/foxy /usr/bin/cmake --install /home/xplore/Desktop/main_HD_workspace/hd_ws/build/astra_interfaces
