[0.049s] Invoking command in '/home/matthias/xplore2023/hd_ws/build/astra_interfaces': CMAKE_PREFIX_PATH=${CMAKE_PREFIX_PATH}:/home/matthias/xplore2023/hd_ws/install/task_execution:/home/matthias/xplore2023/hd_ws/install/manager:/opt/ros/humble /usr/bin/cmake --build /home/matthias/xplore2023/hd_ws/build/astra_interfaces -- -j12 -l12
[0.126s] [  2%] Built target astra_interfaces__cpp
[0.129s] [ 12%] Built target astra_interfaces__rosidl_generator_c
[0.154s] [ 12%] Built target ament_cmake_python_copy_astra_interfaces
[0.183s] [ 23%] Built target astra_interfaces__rosidl_typesupport_cpp
[0.184s] [ 34%] Built target astra_interfaces__rosidl_typesupport_introspection_c
[0.186s] [ 55%] Built target astra_interfaces__rosidl_typesupport_introspection_cpp
[0.186s] [ 55%] Built target astra_interfaces__rosidl_typesupport_c
[0.189s] [ 65%] Built target astra_interfaces__rosidl_typesupport_fastrtps_cpp
[0.191s] [ 76%] Built target astra_interfaces__rosidl_typesupport_fastrtps_c
[0.228s] [ 76%] Built target astra_interfaces
[0.266s] [ 78%] Built target astra_interfaces__py
[0.308s] [ 87%] Built target astra_interfaces__rosidl_generator_py
[0.334s] [100%] Built target astra_interfaces__rosidl_typesupport_introspection_c__pyext
[0.334s] [100%] Built target astra_interfaces__rosidl_typesupport_fastrtps_c__pyext
[0.335s] [100%] Built target astra_interfaces__rosidl_typesupport_c__pyext
[0.509s] running egg_info
[0.510s] writing astra_interfaces.egg-info/PKG-INFO
[0.510s] writing dependency_links to astra_interfaces.egg-info/dependency_links.txt
[0.510s] writing top-level names to astra_interfaces.egg-info/top_level.txt
[0.513s] reading manifest file 'astra_interfaces.egg-info/SOURCES.txt'
[0.515s] writing manifest file 'astra_interfaces.egg-info/SOURCES.txt'
[0.541s] [100%] Built target ament_cmake_python_build_astra_interfaces_egg
[0.562s] Invoked command in '/home/matthias/xplore2023/hd_ws/build/astra_interfaces' returned '0': CMAKE_PREFIX_PATH=${CMAKE_PREFIX_PATH}:/home/matthias/xplore2023/hd_ws/install/task_execution:/home/matthias/xplore2023/hd_ws/install/manager:/opt/ros/humble /usr/bin/cmake --build /home/matthias/xplore2023/hd_ws/build/astra_interfaces -- -j12 -l12
[0.665s] Invoking command in '/home/matthias/xplore2023/hd_ws/build/astra_interfaces': CMAKE_PREFIX_PATH=${CMAKE_PREFIX_PATH}:/home/matthias/xplore2023/hd_ws/install/task_execution:/home/matthias/xplore2023/hd_ws/install/manager:/opt/ros/humble /usr/bin/cmake --install /home/matthias/xplore2023/hd_ws/build/astra_interfaces
[0.671s] -- Install configuration: ""
[0.671s] -- Up-to-date: /home/matthias/xplore2023/hd_ws/install/astra_interfaces/share/ament_index/resource_index/rosidl_interfaces/astra_interfaces
[0.671s] -- Up-to-date: /home/matthias/xplore2023/hd_ws/install/astra_interfaces/include/astra_interfaces/astra_interfaces
[0.671s] -- Up-to-date: /home/matthias/xplore2023/hd_ws/install/astra_interfaces/include/astra_interfaces/astra_interfaces/msg
[0.672s] -- Up-to-date: /home/matthias/xplore2023/hd_ws/install/astra_interfaces/include/astra_interfaces/astra_interfaces/msg/task.h
[0.672s] -- Up-to-date: /home/matthias/xplore2023/hd_ws/install/astra_interfaces/include/astra_interfaces/astra_interfaces/msg/detail
[0.672s] -- Up-to-date: /home/matthias/xplore2023/hd_ws/install/astra_interfaces/include/astra_interfaces/astra_interfaces/msg/detail/task__type_support.h
[0.672s] -- Up-to-date: /home/matthias/xplore2023/hd_ws/install/astra_interfaces/include/astra_interfaces/astra_interfaces/msg/detail/task__functions.c
[0.672s] -- Up-to-date: /home/matthias/xplore2023/hd_ws/install/astra_interfaces/include/astra_interfaces/astra_interfaces/msg/detail/object__type_support.h
[0.672s] -- Up-to-date: /home/matthias/xplore2023/hd_ws/install/astra_interfaces/include/astra_interfaces/astra_interfaces/msg/detail/task__struct.h
[0.672s] -- Up-to-date: /home/matthias/xplore2023/hd_ws/install/astra_interfaces/include/astra_interfaces/astra_interfaces/msg/detail/cmd_outcome__type_support.h
[0.672s] -- Up-to-date: /home/matthias/xplore2023/hd_ws/install/astra_interfaces/include/astra_interfaces/astra_interfaces/msg/detail/cmd_outcome__struct.h
[0.672s] -- Up-to-date: /home/matthias/xplore2023/hd_ws/install/astra_interfaces/include/astra_interfaces/astra_interfaces/msg/detail/object__functions.h
[0.672s] -- Up-to-date: /home/matthias/xplore2023/hd_ws/install/astra_interfaces/include/astra_interfaces/astra_interfaces/msg/detail/object__struct.h
[0.672s] -- Up-to-date: /home/matthias/xplore2023/hd_ws/install/astra_interfaces/include/astra_interfaces/astra_interfaces/msg/detail/task__functions.h
[0.672s] -- Up-to-date: /home/matthias/xplore2023/hd_ws/install/astra_interfaces/include/astra_interfaces/astra_interfaces/msg/detail/object__functions.c
[0.672s] -- Up-to-date: /home/matthias/xplore2023/hd_ws/install/astra_interfaces/include/astra_interfaces/astra_interfaces/msg/detail/cmd_outcome__functions.c
[0.672s] -- Up-to-date: /home/matthias/xplore2023/hd_ws/install/astra_interfaces/include/astra_interfaces/astra_interfaces/msg/detail/cmd_outcome__functions.h
[0.672s] -- Up-to-date: /home/matthias/xplore2023/hd_ws/install/astra_interfaces/include/astra_interfaces/astra_interfaces/msg/rosidl_generator_c__visibility_control.h
[0.672s] -- Up-to-date: /home/matthias/xplore2023/hd_ws/install/astra_interfaces/include/astra_interfaces/astra_interfaces/msg/object.h
[0.673s] -- Up-to-date: /home/matthias/xplore2023/hd_ws/install/astra_interfaces/include/astra_interfaces/astra_interfaces/msg/cmd_outcome.h
[0.673s] -- Up-to-date: /home/matthias/xplore2023/hd_ws/install/astra_interfaces/share/astra_interfaces/environment/library_path.sh
[0.673s] -- Up-to-date: /home/matthias/xplore2023/hd_ws/install/astra_interfaces/share/astra_interfaces/environment/library_path.dsv
[0.673s] -- Up-to-date: /home/matthias/xplore2023/hd_ws/install/astra_interfaces/lib/libastra_interfaces__rosidl_generator_c.so
[0.673s] -- Up-to-date: /home/matthias/xplore2023/hd_ws/install/astra_interfaces/include/astra_interfaces/astra_interfaces
[0.673s] -- Up-to-date: /home/matthias/xplore2023/hd_ws/install/astra_interfaces/include/astra_interfaces/astra_interfaces/msg
[0.673s] -- Up-to-date: /home/matthias/xplore2023/hd_ws/install/astra_interfaces/include/astra_interfaces/astra_interfaces/msg/detail
[0.673s] -- Up-to-date: /home/matthias/xplore2023/hd_ws/install/astra_interfaces/include/astra_interfaces/astra_interfaces/msg/detail/task__rosidl_typesupport_fastrtps_c.h
[0.673s] -- Up-to-date: /home/matthias/xplore2023/hd_ws/install/astra_interfaces/include/astra_interfaces/astra_interfaces/msg/detail/object__rosidl_typesupport_fastrtps_c.h
[0.673s] -- Up-to-date: /home/matthias/xplore2023/hd_ws/install/astra_interfaces/include/astra_interfaces/astra_interfaces/msg/detail/cmd_outcome__rosidl_typesupport_fastrtps_c.h
[0.673s] -- Up-to-date: /home/matthias/xplore2023/hd_ws/install/astra_interfaces/include/astra_interfaces/astra_interfaces/msg/rosidl_typesupport_fastrtps_c__visibility_control.h
[0.673s] -- Up-to-date: /home/matthias/xplore2023/hd_ws/install/astra_interfaces/lib/libastra_interfaces__rosidl_typesupport_fastrtps_c.so
[0.673s] -- Up-to-date: /home/matthias/xplore2023/hd_ws/install/astra_interfaces/include/astra_interfaces/astra_interfaces
[0.674s] -- Up-to-date: /home/matthias/xplore2023/hd_ws/install/astra_interfaces/include/astra_interfaces/astra_interfaces/msg
[0.674s] -- Up-to-date: /home/matthias/xplore2023/hd_ws/install/astra_interfaces/include/astra_interfaces/astra_interfaces/msg/object.hpp
[0.674s] -- Up-to-date: /home/matthias/xplore2023/hd_ws/install/astra_interfaces/include/astra_interfaces/astra_interfaces/msg/detail
[0.674s] -- Up-to-date: /home/matthias/xplore2023/hd_ws/install/astra_interfaces/include/astra_interfaces/astra_interfaces/msg/detail/cmd_outcome__struct.hpp
[0.674s] -- Up-to-date: /home/matthias/xplore2023/hd_ws/install/astra_interfaces/include/astra_interfaces/astra_interfaces/msg/detail/task__struct.hpp
[0.674s] -- Up-to-date: /home/matthias/xplore2023/hd_ws/install/astra_interfaces/include/astra_interfaces/astra_interfaces/msg/detail/cmd_outcome__builder.hpp
[0.674s] -- Up-to-date: /home/matthias/xplore2023/hd_ws/install/astra_interfaces/include/astra_interfaces/astra_interfaces/msg/detail/object__builder.hpp
[0.674s] -- Up-to-date: /home/matthias/xplore2023/hd_ws/install/astra_interfaces/include/astra_interfaces/astra_interfaces/msg/detail/cmd_outcome__traits.hpp
[0.674s] -- Up-to-date: /home/matthias/xplore2023/hd_ws/install/astra_interfaces/include/astra_interfaces/astra_interfaces/msg/detail/object__struct.hpp
[0.674s] -- Up-to-date: /home/matthias/xplore2023/hd_ws/install/astra_interfaces/include/astra_interfaces/astra_interfaces/msg/detail/task__builder.hpp
[0.674s] -- Up-to-date: /home/matthias/xplore2023/hd_ws/install/astra_interfaces/include/astra_interfaces/astra_interfaces/msg/detail/object__traits.hpp
[0.674s] -- Up-to-date: /home/matthias/xplore2023/hd_ws/install/astra_interfaces/include/astra_interfaces/astra_interfaces/msg/detail/task__traits.hpp
[0.675s] -- Up-to-date: /home/matthias/xplore2023/hd_ws/install/astra_interfaces/include/astra_interfaces/astra_interfaces/msg/task.hpp
[0.675s] -- Up-to-date: /home/matthias/xplore2023/hd_ws/install/astra_interfaces/include/astra_interfaces/astra_interfaces/msg/cmd_outcome.hpp
[0.675s] -- Up-to-date: /home/matthias/xplore2023/hd_ws/install/astra_interfaces/include/astra_interfaces/astra_interfaces
[0.675s] -- Up-to-date: /home/matthias/xplore2023/hd_ws/install/astra_interfaces/include/astra_interfaces/astra_interfaces/msg
[0.675s] -- Up-to-date: /home/matthias/xplore2023/hd_ws/install/astra_interfaces/include/astra_interfaces/astra_interfaces/msg/detail
[0.675s] -- Up-to-date: /home/matthias/xplore2023/hd_ws/install/astra_interfaces/include/astra_interfaces/astra_interfaces/msg/detail/object__rosidl_typesupport_fastrtps_cpp.hpp
[0.675s] -- Up-to-date: /home/matthias/xplore2023/hd_ws/install/astra_interfaces/include/astra_interfaces/astra_interfaces/msg/detail/dds_fastrtps
[0.675s] -- Up-to-date: /home/matthias/xplore2023/hd_ws/install/astra_interfaces/include/astra_interfaces/astra_interfaces/msg/detail/task__rosidl_typesupport_fastrtps_cpp.hpp
[0.675s] -- Up-to-date: /home/matthias/xplore2023/hd_ws/install/astra_interfaces/include/astra_interfaces/astra_interfaces/msg/detail/cmd_outcome__rosidl_typesupport_fastrtps_cpp.hpp
[0.675s] -- Up-to-date: /home/matthias/xplore2023/hd_ws/install/astra_interfaces/include/astra_interfaces/astra_interfaces/msg/rosidl_typesupport_fastrtps_cpp__visibility_control.h
[0.675s] -- Up-to-date: /home/matthias/xplore2023/hd_ws/install/astra_interfaces/lib/libastra_interfaces__rosidl_typesupport_fastrtps_cpp.so
[0.675s] -- Up-to-date: /home/matthias/xplore2023/hd_ws/install/astra_interfaces/include/astra_interfaces/astra_interfaces
[0.675s] -- Up-to-date: /home/matthias/xplore2023/hd_ws/install/astra_interfaces/include/astra_interfaces/astra_interfaces/msg
[0.675s] -- Up-to-date: /home/matthias/xplore2023/hd_ws/install/astra_interfaces/include/astra_interfaces/astra_interfaces/msg/detail
[0.676s] -- Up-to-date: /home/matthias/xplore2023/hd_ws/install/astra_interfaces/include/astra_interfaces/astra_interfaces/msg/detail/cmd_outcome__type_support.c
[0.676s] -- Up-to-date: /home/matthias/xplore2023/hd_ws/install/astra_interfaces/include/astra_interfaces/astra_interfaces/msg/detail/object__type_support.c
[0.676s] -- Up-to-date: /home/matthias/xplore2023/hd_ws/install/astra_interfaces/include/astra_interfaces/astra_interfaces/msg/detail/cmd_outcome__rosidl_typesupport_introspection_c.h
[0.676s] -- Up-to-date: /home/matthias/xplore2023/hd_ws/install/astra_interfaces/include/astra_interfaces/astra_interfaces/msg/detail/object__rosidl_typesupport_introspection_c.h
[0.676s] -- Up-to-date: /home/matthias/xplore2023/hd_ws/install/astra_interfaces/include/astra_interfaces/astra_interfaces/msg/detail/task__rosidl_typesupport_introspection_c.h
[0.676s] -- Up-to-date: /home/matthias/xplore2023/hd_ws/install/astra_interfaces/include/astra_interfaces/astra_interfaces/msg/detail/task__type_support.c
[0.676s] -- Up-to-date: /home/matthias/xplore2023/hd_ws/install/astra_interfaces/include/astra_interfaces/astra_interfaces/msg/rosidl_typesupport_introspection_c__visibility_control.h
[0.676s] -- Up-to-date: /home/matthias/xplore2023/hd_ws/install/astra_interfaces/lib/libastra_interfaces__rosidl_typesupport_introspection_c.so
[0.676s] -- Up-to-date: /home/matthias/xplore2023/hd_ws/install/astra_interfaces/lib/libastra_interfaces__rosidl_typesupport_c.so
[0.676s] -- Up-to-date: /home/matthias/xplore2023/hd_ws/install/astra_interfaces/include/astra_interfaces/astra_interfaces
[0.676s] -- Up-to-date: /home/matthias/xplore2023/hd_ws/install/astra_interfaces/include/astra_interfaces/astra_interfaces/msg
[0.676s] -- Up-to-date: /home/matthias/xplore2023/hd_ws/install/astra_interfaces/include/astra_interfaces/astra_interfaces/msg/detail
[0.677s] -- Up-to-date: /home/matthias/xplore2023/hd_ws/install/astra_interfaces/include/astra_interfaces/astra_interfaces/msg/detail/cmd_outcome__type_support.cpp
[0.677s] -- Up-to-date: /home/matthias/xplore2023/hd_ws/install/astra_interfaces/include/astra_interfaces/astra_interfaces/msg/detail/task__rosidl_typesupport_introspection_cpp.hpp
[0.677s] -- Up-to-date: /home/matthias/xplore2023/hd_ws/install/astra_interfaces/include/astra_interfaces/astra_interfaces/msg/detail/task__type_support.cpp
[0.677s] -- Up-to-date: /home/matthias/xplore2023/hd_ws/install/astra_interfaces/include/astra_interfaces/astra_interfaces/msg/detail/object__type_support.cpp
[0.677s] -- Up-to-date: /home/matthias/xplore2023/hd_ws/install/astra_interfaces/include/astra_interfaces/astra_interfaces/msg/detail/object__rosidl_typesupport_introspection_cpp.hpp
[0.677s] -- Up-to-date: /home/matthias/xplore2023/hd_ws/install/astra_interfaces/include/astra_interfaces/astra_interfaces/msg/detail/cmd_outcome__rosidl_typesupport_introspection_cpp.hpp
[0.677s] -- Up-to-date: /home/matthias/xplore2023/hd_ws/install/astra_interfaces/lib/libastra_interfaces__rosidl_typesupport_introspection_cpp.so
[0.677s] -- Up-to-date: /home/matthias/xplore2023/hd_ws/install/astra_interfaces/lib/libastra_interfaces__rosidl_typesupport_cpp.so
[0.677s] -- Up-to-date: /home/matthias/xplore2023/hd_ws/install/astra_interfaces/share/astra_interfaces/environment/pythonpath.sh
[0.677s] -- Up-to-date: /home/matthias/xplore2023/hd_ws/install/astra_interfaces/share/astra_interfaces/environment/pythonpath.dsv
[0.677s] -- Up-to-date: /home/matthias/xplore2023/hd_ws/install/astra_interfaces/local/lib/python3.10/dist-packages/astra_interfaces-0.0.0-py3.10.egg-info
[0.677s] -- Installing: /home/matthias/xplore2023/hd_ws/install/astra_interfaces/local/lib/python3.10/dist-packages/astra_interfaces-0.0.0-py3.10.egg-info/PKG-INFO
[0.678s] -- Installing: /home/matthias/xplore2023/hd_ws/install/astra_interfaces/local/lib/python3.10/dist-packages/astra_interfaces-0.0.0-py3.10.egg-info/dependency_links.txt
[0.678s] -- Installing: /home/matthias/xplore2023/hd_ws/install/astra_interfaces/local/lib/python3.10/dist-packages/astra_interfaces-0.0.0-py3.10.egg-info/top_level.txt
[0.678s] -- Installing: /home/matthias/xplore2023/hd_ws/install/astra_interfaces/local/lib/python3.10/dist-packages/astra_interfaces-0.0.0-py3.10.egg-info/SOURCES.txt
[0.678s] -- Up-to-date: /home/matthias/xplore2023/hd_ws/install/astra_interfaces/local/lib/python3.10/dist-packages/astra_interfaces
[0.678s] -- Up-to-date: /home/matthias/xplore2023/hd_ws/install/astra_interfaces/local/lib/python3.10/dist-packages/astra_interfaces/astra_interfaces_s__rosidl_typesupport_c.cpython-310-x86_64-linux-gnu.so
[0.678s] -- Up-to-date: /home/matthias/xplore2023/hd_ws/install/astra_interfaces/local/lib/python3.10/dist-packages/astra_interfaces/__init__.py
[0.678s] -- Up-to-date: /home/matthias/xplore2023/hd_ws/install/astra_interfaces/local/lib/python3.10/dist-packages/astra_interfaces/_astra_interfaces_s.ep.rosidl_typesupport_fastrtps_c.c
[0.678s] -- Up-to-date: /home/matthias/xplore2023/hd_ws/install/astra_interfaces/local/lib/python3.10/dist-packages/astra_interfaces/astra_interfaces_s__rosidl_typesupport_introspection_c.cpython-310-x86_64-linux-gnu.so
[0.678s] -- Up-to-date: /home/matthias/xplore2023/hd_ws/install/astra_interfaces/local/lib/python3.10/dist-packages/astra_interfaces/_astra_interfaces_s.ep.rosidl_typesupport_c.c
[0.678s] -- Up-to-date: /home/matthias/xplore2023/hd_ws/install/astra_interfaces/local/lib/python3.10/dist-packages/astra_interfaces/astra_interfaces_s__rosidl_typesupport_fastrtps_c.cpython-310-x86_64-linux-gnu.so
[0.678s] -- Up-to-date: /home/matthias/xplore2023/hd_ws/install/astra_interfaces/local/lib/python3.10/dist-packages/astra_interfaces/_astra_interfaces_s.ep.rosidl_typesupport_introspection_c.c
[0.678s] -- Up-to-date: /home/matthias/xplore2023/hd_ws/install/astra_interfaces/local/lib/python3.10/dist-packages/astra_interfaces/libastra_interfaces__rosidl_generator_py.so
[0.678s] -- Up-to-date: /home/matthias/xplore2023/hd_ws/install/astra_interfaces/local/lib/python3.10/dist-packages/astra_interfaces/msg
[0.678s] -- Up-to-date: /home/matthias/xplore2023/hd_ws/install/astra_interfaces/local/lib/python3.10/dist-packages/astra_interfaces/msg/_object.py
[0.678s] -- Up-to-date: /home/matthias/xplore2023/hd_ws/install/astra_interfaces/local/lib/python3.10/dist-packages/astra_interfaces/msg/_object_s.c
[0.678s] -- Up-to-date: /home/matthias/xplore2023/hd_ws/install/astra_interfaces/local/lib/python3.10/dist-packages/astra_interfaces/msg/__init__.py
[0.679s] -- Up-to-date: /home/matthias/xplore2023/hd_ws/install/astra_interfaces/local/lib/python3.10/dist-packages/astra_interfaces/msg/_cmd_outcome_s.c
[0.679s] -- Up-to-date: /home/matthias/xplore2023/hd_ws/install/astra_interfaces/local/lib/python3.10/dist-packages/astra_interfaces/msg/_cmd_outcome.py
[0.679s] -- Up-to-date: /home/matthias/xplore2023/hd_ws/install/astra_interfaces/local/lib/python3.10/dist-packages/astra_interfaces/msg/_task.py
[0.679s] -- Up-to-date: /home/matthias/xplore2023/hd_ws/install/astra_interfaces/local/lib/python3.10/dist-packages/astra_interfaces/msg/_task_s.c
[0.707s] Listing '/home/matthias/xplore2023/hd_ws/install/astra_interfaces/local/lib/python3.10/dist-packages/astra_interfaces'...
[0.707s] Listing '/home/matthias/xplore2023/hd_ws/install/astra_interfaces/local/lib/python3.10/dist-packages/astra_interfaces/msg'...
[0.711s] -- Up-to-date: /home/matthias/xplore2023/hd_ws/install/astra_interfaces/local/lib/python3.10/dist-packages/astra_interfaces/astra_interfaces_s__rosidl_typesupport_fastrtps_c.cpython-310-x86_64-linux-gnu.so
[0.712s] -- Up-to-date: /home/matthias/xplore2023/hd_ws/install/astra_interfaces/local/lib/python3.10/dist-packages/astra_interfaces/astra_interfaces_s__rosidl_typesupport_introspection_c.cpython-310-x86_64-linux-gnu.so
[0.712s] -- Up-to-date: /home/matthias/xplore2023/hd_ws/install/astra_interfaces/local/lib/python3.10/dist-packages/astra_interfaces/astra_interfaces_s__rosidl_typesupport_c.cpython-310-x86_64-linux-gnu.so
[0.713s] -- Up-to-date: /home/matthias/xplore2023/hd_ws/install/astra_interfaces/lib/libastra_interfaces__rosidl_generator_py.so
[0.713s] -- Up-to-date: /home/matthias/xplore2023/hd_ws/install/astra_interfaces/share/astra_interfaces/msg/CmdOutcome.idl
[0.713s] -- Up-to-date: /home/matthias/xplore2023/hd_ws/install/astra_interfaces/share/astra_interfaces/msg/Object.idl
[0.713s] -- Up-to-date: /home/matthias/xplore2023/hd_ws/install/astra_interfaces/share/astra_interfaces/msg/Task.idl
[0.713s] -- Up-to-date: /home/matthias/xplore2023/hd_ws/install/astra_interfaces/share/astra_interfaces/msg/CmdOutcome.msg
[0.713s] -- Up-to-date: /home/matthias/xplore2023/hd_ws/install/astra_interfaces/share/astra_interfaces/msg/Object.msg
[0.713s] -- Up-to-date: /home/matthias/xplore2023/hd_ws/install/astra_interfaces/share/astra_interfaces/msg/Task.msg
[0.714s] -- Up-to-date: /home/matthias/xplore2023/hd_ws/install/astra_interfaces/share/ament_index/resource_index/package_run_dependencies/astra_interfaces
[0.714s] -- Up-to-date: /home/matthias/xplore2023/hd_ws/install/astra_interfaces/share/ament_index/resource_index/parent_prefix_path/astra_interfaces
[0.714s] -- Up-to-date: /home/matthias/xplore2023/hd_ws/install/astra_interfaces/share/astra_interfaces/environment/ament_prefix_path.sh
[0.714s] -- Up-to-date: /home/matthias/xplore2023/hd_ws/install/astra_interfaces/share/astra_interfaces/environment/ament_prefix_path.dsv
[0.714s] -- Up-to-date: /home/matthias/xplore2023/hd_ws/install/astra_interfaces/share/astra_interfaces/environment/path.sh
[0.714s] -- Up-to-date: /home/matthias/xplore2023/hd_ws/install/astra_interfaces/share/astra_interfaces/environment/path.dsv
[0.714s] -- Up-to-date: /home/matthias/xplore2023/hd_ws/install/astra_interfaces/share/astra_interfaces/local_setup.bash
[0.714s] -- Up-to-date: /home/matthias/xplore2023/hd_ws/install/astra_interfaces/share/astra_interfaces/local_setup.sh
[0.714s] -- Up-to-date: /home/matthias/xplore2023/hd_ws/install/astra_interfaces/share/astra_interfaces/local_setup.zsh
[0.714s] -- Up-to-date: /home/matthias/xplore2023/hd_ws/install/astra_interfaces/share/astra_interfaces/local_setup.dsv
[0.714s] -- Installing: /home/matthias/xplore2023/hd_ws/install/astra_interfaces/share/astra_interfaces/package.dsv
[0.714s] -- Up-to-date: /home/matthias/xplore2023/hd_ws/install/astra_interfaces/share/ament_index/resource_index/packages/astra_interfaces
[0.714s] -- Up-to-date: /home/matthias/xplore2023/hd_ws/install/astra_interfaces/share/astra_interfaces/cmake/export_astra_interfaces__rosidl_generator_cExport.cmake
[0.714s] -- Up-to-date: /home/matthias/xplore2023/hd_ws/install/astra_interfaces/share/astra_interfaces/cmake/export_astra_interfaces__rosidl_generator_cExport-noconfig.cmake
[0.715s] -- Up-to-date: /home/matthias/xplore2023/hd_ws/install/astra_interfaces/share/astra_interfaces/cmake/export_astra_interfaces__rosidl_typesupport_fastrtps_cExport.cmake
[0.715s] -- Up-to-date: /home/matthias/xplore2023/hd_ws/install/astra_interfaces/share/astra_interfaces/cmake/export_astra_interfaces__rosidl_typesupport_fastrtps_cExport-noconfig.cmake
[0.715s] -- Up-to-date: /home/matthias/xplore2023/hd_ws/install/astra_interfaces/share/astra_interfaces/cmake/export_astra_interfaces__rosidl_generator_cppExport.cmake
[0.716s] -- Up-to-date: /home/matthias/xplore2023/hd_ws/install/astra_interfaces/share/astra_interfaces/cmake/export_astra_interfaces__rosidl_typesupport_fastrtps_cppExport.cmake
[0.716s] -- Up-to-date: /home/matthias/xplore2023/hd_ws/install/astra_interfaces/share/astra_interfaces/cmake/export_astra_interfaces__rosidl_typesupport_fastrtps_cppExport-noconfig.cmake
[0.717s] -- Up-to-date: /home/matthias/xplore2023/hd_ws/install/astra_interfaces/share/astra_interfaces/cmake/astra_interfaces__rosidl_typesupport_introspection_cExport.cmake
[0.717s] -- Up-to-date: /home/matthias/xplore2023/hd_ws/install/astra_interfaces/share/astra_interfaces/cmake/astra_interfaces__rosidl_typesupport_introspection_cExport-noconfig.cmake
[0.717s] -- Up-to-date: /home/matthias/xplore2023/hd_ws/install/astra_interfaces/share/astra_interfaces/cmake/astra_interfaces__rosidl_typesupport_cExport.cmake
[0.718s] -- Up-to-date: /home/matthias/xplore2023/hd_ws/install/astra_interfaces/share/astra_interfaces/cmake/astra_interfaces__rosidl_typesupport_cExport-noconfig.cmake
[0.718s] -- Up-to-date: /home/matthias/xplore2023/hd_ws/install/astra_interfaces/share/astra_interfaces/cmake/astra_interfaces__rosidl_typesupport_introspection_cppExport.cmake
[0.718s] -- Up-to-date: /home/matthias/xplore2023/hd_ws/install/astra_interfaces/share/astra_interfaces/cmake/astra_interfaces__rosidl_typesupport_introspection_cppExport-noconfig.cmake
[0.719s] -- Up-to-date: /home/matthias/xplore2023/hd_ws/install/astra_interfaces/share/astra_interfaces/cmake/astra_interfaces__rosidl_typesupport_cppExport.cmake
[0.719s] -- Up-to-date: /home/matthias/xplore2023/hd_ws/install/astra_interfaces/share/astra_interfaces/cmake/astra_interfaces__rosidl_typesupport_cppExport-noconfig.cmake
[0.719s] -- Up-to-date: /home/matthias/xplore2023/hd_ws/install/astra_interfaces/share/astra_interfaces/cmake/export_astra_interfaces__rosidl_generator_pyExport.cmake
[0.719s] -- Up-to-date: /home/matthias/xplore2023/hd_ws/install/astra_interfaces/share/astra_interfaces/cmake/export_astra_interfaces__rosidl_generator_pyExport-noconfig.cmake
[0.720s] -- Up-to-date: /home/matthias/xplore2023/hd_ws/install/astra_interfaces/share/astra_interfaces/cmake/rosidl_cmake-extras.cmake
[0.720s] -- Up-to-date: /home/matthias/xplore2023/hd_ws/install/astra_interfaces/share/astra_interfaces/cmake/ament_cmake_export_dependencies-extras.cmake
[0.720s] -- Up-to-date: /home/matthias/xplore2023/hd_ws/install/astra_interfaces/share/astra_interfaces/cmake/ament_cmake_export_include_directories-extras.cmake
[0.720s] -- Up-to-date: /home/matthias/xplore2023/hd_ws/install/astra_interfaces/share/astra_interfaces/cmake/ament_cmake_export_libraries-extras.cmake
[0.720s] -- Up-to-date: /home/matthias/xplore2023/hd_ws/install/astra_interfaces/share/astra_interfaces/cmake/ament_cmake_export_targets-extras.cmake
[0.720s] -- Up-to-date: /home/matthias/xplore2023/hd_ws/install/astra_interfaces/share/astra_interfaces/cmake/rosidl_cmake_export_typesupport_targets-extras.cmake
[0.720s] -- Up-to-date: /home/matthias/xplore2023/hd_ws/install/astra_interfaces/share/astra_interfaces/cmake/rosidl_cmake_export_typesupport_libraries-extras.cmake
[0.720s] -- Up-to-date: /home/matthias/xplore2023/hd_ws/install/astra_interfaces/share/astra_interfaces/cmake/astra_interfacesConfig.cmake
[0.720s] -- Up-to-date: /home/matthias/xplore2023/hd_ws/install/astra_interfaces/share/astra_interfaces/cmake/astra_interfacesConfig-version.cmake
[0.720s] -- Up-to-date: /home/matthias/xplore2023/hd_ws/install/astra_interfaces/share/astra_interfaces/package.xml
[0.722s] Invoked command in '/home/matthias/xplore2023/hd_ws/build/astra_interfaces' returned '0': CMAKE_PREFIX_PATH=${CMAKE_PREFIX_PATH}:/home/matthias/xplore2023/hd_ws/install/task_execution:/home/matthias/xplore2023/hd_ws/install/manager:/opt/ros/humble /usr/bin/cmake --install /home/matthias/xplore2023/hd_ws/build/astra_interfaces
