[0.041s] Invoking command in '/home/matthias/xplore2023/hd_ws/build/astra_interfaces': CMAKE_PREFIX_PATH=${CMAKE_PREFIX_PATH}:/home/matthias/xplore2023/hd_ws/install/task_execution:/home/matthias/xplore2023/hd_ws/install/manager:/home/matthias/xplore2023/hd_ws/install/hw_interface:/home/matthias/xplore2023/hd_ws/install/astra_description:/opt/ros/humble /usr/bin/cmake --build /home/matthias/xplore2023/hd_ws/build/astra_interfaces -- -j12 -l12
[0.441s] [  2%] Built target astra_interfaces__cpp
[0.442s] [ 12%] Built target astra_interfaces__rosidl_generator_c
[0.442s] [ 12%] Built target ament_cmake_python_copy_astra_interfaces
[0.443s] [ 23%] Built target astra_interfaces__rosidl_typesupport_fastrtps_cpp
[0.443s] [ 34%] Built target astra_interfaces__rosidl_typesupport_cpp
[0.443s] [ 44%] Built target astra_interfaces__rosidl_typesupport_introspection_cpp
[0.443s] [ 55%] Built target astra_interfaces__rosidl_typesupport_fastrtps_c
[0.443s] [ 65%] Built target astra_interfaces__rosidl_typesupport_introspection_c
[0.443s] [ 76%] Built target astra_interfaces__rosidl_typesupport_c
[0.443s] [ 76%] Built target astra_interfaces
[0.443s] [ 78%] Built target astra_interfaces__py
[0.443s] [ 87%] Built target astra_interfaces__rosidl_generator_py
[0.443s] [ 91%] Built target astra_interfaces__rosidl_typesupport_fastrtps_c__pyext
[0.444s] [ 95%] Built target astra_interfaces__rosidl_typesupport_introspection_c__pyext
[0.444s] [100%] Built target astra_interfaces__rosidl_typesupport_c__pyext
[0.552s] running egg_info
[0.553s] writing astra_interfaces.egg-info/PKG-INFO
[0.553s] writing dependency_links to astra_interfaces.egg-info/dependency_links.txt
[0.553s] writing top-level names to astra_interfaces.egg-info/top_level.txt
[0.556s] reading manifest file 'astra_interfaces.egg-info/SOURCES.txt'
[0.556s] writing manifest file 'astra_interfaces.egg-info/SOURCES.txt'
[0.578s] [100%] Built target ament_cmake_python_build_astra_interfaces_egg
