[  8%] Built target astra_interfaces__cpp
[ 12%] Built target astra_interfaces__rosidl_generator_c
[ 12%] Built target ament_cmake_python_copy_astra_interfaces
[ 23%] Built target astra_interfaces__rosidl_typesupport_c
[ 34%] Built target astra_interfaces__rosidl_typesupport_introspection_c
[ 44%] Built target astra_interfaces__rosidl_typesupport_fastrtps_c
[ 55%] Built target astra_interfaces__rosidl_typesupport_introspection_cpp
[ 65%] Built target astra_interfaces__rosidl_typesupport_cpp
[ 76%] Built target astra_interfaces__rosidl_typesupport_fastrtps_cpp
[ 76%] Built target astra_interfaces
[ 78%] Built target astra_interfaces__py
[ 87%] Built target astra_interfaces__rosidl_generator_py
[100%] Built target astra_interfaces__rosidl_typesupport_introspection_c__pyext
[100%] Built target astra_interfaces__rosidl_typesupport_c__pyext
[100%] Built target astra_interfaces__rosidl_typesupport_fastrtps_c__pyext
running egg_info
writing astra_interfaces.egg-info/PKG-INFO
writing dependency_links to astra_interfaces.egg-info/dependency_links.txt
writing top-level names to astra_interfaces.egg-info/top_level.txt
reading manifest file 'astra_interfaces.egg-info/SOURCES.txt'
writing manifest file 'astra_interfaces.egg-info/SOURCES.txt'
[100%] Built target ament_cmake_python_build_astra_interfaces_egg
