[0.036s] Invoking command in '/home/matthias/xplore2023/hd_ws/build/astra_interfaces': CMAKE_PREFIX_PATH=${CMAKE_PREFIX_PATH}:/home/matthias/xplore2023/hd_ws/install/task_execution:/home/matthias/xplore2023/hd_ws/install/manager:/opt/ros/humble /usr/bin/cmake --build /home/matthias/xplore2023/hd_ws/build/astra_interfaces -- -j12 -l12
[0.324s] [  8%] Built target astra_interfaces__cpp
[0.325s] [ 12%] Built target astra_interfaces__rosidl_generator_c
[0.325s] [ 12%] Built target ament_cmake_python_copy_astra_interfaces
[0.325s] [ 23%] Built target astra_interfaces__rosidl_typesupport_c
[0.325s] [ 34%] Built target astra_interfaces__rosidl_typesupport_introspection_c
[0.326s] [ 44%] Built target astra_interfaces__rosidl_typesupport_fastrtps_c
[0.326s] [ 55%] Built target astra_interfaces__rosidl_typesupport_introspection_cpp
[0.326s] [ 65%] Built target astra_interfaces__rosidl_typesupport_cpp
[0.327s] [ 76%] Built target astra_interfaces__rosidl_typesupport_fastrtps_cpp
[0.327s] [ 76%] Built target astra_interfaces
[0.327s] [ 78%] Built target astra_interfaces__py
[0.328s] [ 87%] Built target astra_interfaces__rosidl_generator_py
[0.328s] [100%] Built target astra_interfaces__rosidl_typesupport_introspection_c__pyext
[0.328s] [100%] Built target astra_interfaces__rosidl_typesupport_c__pyext
[0.328s] [100%] Built target astra_interfaces__rosidl_typesupport_fastrtps_c__pyext
[0.375s] running egg_info
[0.375s] writing astra_interfaces.egg-info/PKG-INFO
[0.376s] writing dependency_links to astra_interfaces.egg-info/dependency_links.txt
[0.376s] writing top-level names to astra_interfaces.egg-info/top_level.txt
[0.376s] reading manifest file 'astra_interfaces.egg-info/SOURCES.txt'
[0.376s] writing manifest file 'astra_interfaces.egg-info/SOURCES.txt'
[0.404s] [100%] Built target ament_cmake_python_build_astra_interfaces_egg
