[0.469s] Invoking command in '/home/xplore/Desktop/main_HD_workspace/hd_ws/build/astra_moveit_config_new': CMAKE_PREFIX_PATH=/home/xplore/Desktop/main_HD_workspace/hd_ws/install/astra_description:/home/xplore/Desktop/main_HD_workspace/hd_ws/install/tttt:/home/xplore/Desktop/main_HD_workspace/hd_ws/install/moveit_visual_tools:/home/xplore/Desktop/main_HD_workspace/hd_ws/install/astra_moveit_config_new:/home/xplore/Desktop/main_HD_workspace/hd_ws/install/astra_moveit_config0:/home/xplore/Desktop/main_HD_workspace/hd_ws/install/astra_moveit_config:/home/xplore/Desktop/main_HD_workspace/hd_ws/install/astra_interfaces:/home/xplore/Desktop/main_HD_workspace/hd_ws/install/astra_hw_interface:/home/xplore/Desktop/main_HD_workspace/hd_ws/install/task_execution:/home/xplore/Desktop/main_HD_workspace/hd_ws/install/manager:/opt/ros/foxy /usr/bin/cmake --build /home/xplore/Desktop/main_HD_workspace/hd_ws/build/astra_moveit_config_new -- -j8 -l8
[0.938s] Invoked command in '/home/xplore/Desktop/main_HD_workspace/hd_ws/build/astra_moveit_config_new' returned '0': CMAKE_PREFIX_PATH=/home/xplore/Desktop/main_HD_workspace/hd_ws/install/astra_description:/home/xplore/Desktop/main_HD_workspace/hd_ws/install/tttt:/home/xplore/Desktop/main_HD_workspace/hd_ws/install/moveit_visual_tools:/home/xplore/Desktop/main_HD_workspace/hd_ws/install/astra_moveit_config_new:/home/xplore/Desktop/main_HD_workspace/hd_ws/install/astra_moveit_config0:/home/xplore/Desktop/main_HD_workspace/hd_ws/install/astra_moveit_config:/home/xplore/Desktop/main_HD_workspace/hd_ws/install/astra_interfaces:/home/xplore/Desktop/main_HD_workspace/hd_ws/install/astra_hw_interface:/home/xplore/Desktop/main_HD_workspace/hd_ws/install/task_execution:/home/xplore/Desktop/main_HD_workspace/hd_ws/install/manager:/opt/ros/foxy /usr/bin/cmake --build /home/xplore/Desktop/main_HD_workspace/hd_ws/build/astra_moveit_config_new -- -j8 -l8
[1.930s] Invoking command in '/home/xplore/Desktop/main_HD_workspace/hd_ws/build/astra_moveit_config_new': CMAKE_PREFIX_PATH=/home/xplore/Desktop/main_HD_workspace/hd_ws/install/astra_description:/home/xplore/Desktop/main_HD_workspace/hd_ws/install/tttt:/home/xplore/Desktop/main_HD_workspace/hd_ws/install/moveit_visual_tools:/home/xplore/Desktop/main_HD_workspace/hd_ws/install/astra_moveit_config_new:/home/xplore/Desktop/main_HD_workspace/hd_ws/install/astra_moveit_config0:/home/xplore/Desktop/main_HD_workspace/hd_ws/install/astra_moveit_config:/home/xplore/Desktop/main_HD_workspace/hd_ws/install/astra_interfaces:/home/xplore/Desktop/main_HD_workspace/hd_ws/install/astra_hw_interface:/home/xplore/Desktop/main_HD_workspace/hd_ws/install/task_execution:/home/xplore/Desktop/main_HD_workspace/hd_ws/install/manager:/opt/ros/foxy /usr/bin/cmake --install /home/xplore/Desktop/main_HD_workspace/hd_ws/build/astra_moveit_config_new
[2.012s] -- Install configuration: ""
[2.013s] -- Up-to-date: /home/xplore/Desktop/main_HD_workspace/hd_ws/install/astra_moveit_config_new/share/ament_index/resource_index/package_run_dependencies/astra_moveit_config_new
[2.013s] -- Up-to-date: /home/xplore/Desktop/main_HD_workspace/hd_ws/install/astra_moveit_config_new/share/ament_index/resource_index/parent_prefix_path/astra_moveit_config_new
[2.014s] -- Up-to-date: /home/xplore/Desktop/main_HD_workspace/hd_ws/install/astra_moveit_config_new/share/astra_moveit_config_new/environment/ament_prefix_path.sh
[2.015s] -- Up-to-date: /home/xplore/Desktop/main_HD_workspace/hd_ws/install/astra_moveit_config_new/share/astra_moveit_config_new/environment/ament_prefix_path.dsv
[2.016s] -- Up-to-date: /home/xplore/Desktop/main_HD_workspace/hd_ws/install/astra_moveit_config_new/share/astra_moveit_config_new/environment/path.sh
[2.017s] -- Up-to-date: /home/xplore/Desktop/main_HD_workspace/hd_ws/install/astra_moveit_config_new/share/astra_moveit_config_new/environment/path.dsv
[2.027s] -- Up-to-date: /home/xplore/Desktop/main_HD_workspace/hd_ws/install/astra_moveit_config_new/share/astra_moveit_config_new/local_setup.bash
[2.033s] -- Up-to-date: /home/xplore/Desktop/main_HD_workspace/hd_ws/install/astra_moveit_config_new/share/astra_moveit_config_new/local_setup.sh
[2.051s] -- Up-to-date: /home/xplore/Desktop/main_HD_workspace/hd_ws/install/astra_moveit_config_new/share/astra_moveit_config_new/local_setup.zsh
[2.053s] -- Up-to-date: /home/xplore/Desktop/main_HD_workspace/hd_ws/install/astra_moveit_config_new/share/astra_moveit_config_new/local_setup.dsv
[2.054s] -- Installing: /home/xplore/Desktop/main_HD_workspace/hd_ws/install/astra_moveit_config_new/share/astra_moveit_config_new/package.dsv
[2.054s] -- Up-to-date: /home/xplore/Desktop/main_HD_workspace/hd_ws/install/astra_moveit_config_new/share/ament_index/resource_index/packages/astra_moveit_config_new
[2.055s] -- Up-to-date: /home/xplore/Desktop/main_HD_workspace/hd_ws/install/astra_moveit_config_new/share/astra_moveit_config_new/cmake/astra_moveit_config_newConfig.cmake
[2.056s] -- Up-to-date: /home/xplore/Desktop/main_HD_workspace/hd_ws/install/astra_moveit_config_new/share/astra_moveit_config_new/cmake/astra_moveit_config_newConfig-version.cmake
[2.056s] -- Up-to-date: /home/xplore/Desktop/main_HD_workspace/hd_ws/install/astra_moveit_config_new/share/astra_moveit_config_new/package.xml
[2.057s] -- Up-to-date: /home/xplore/Desktop/main_HD_workspace/hd_ws/install/astra_moveit_config_new/share/astra_moveit_config_new/launch
[2.057s] -- Up-to-date: /home/xplore/Desktop/main_HD_workspace/hd_ws/install/astra_moveit_config_new/share/astra_moveit_config_new/launch/moveit_rviz.launch.py
[2.059s] -- Up-to-date: /home/xplore/Desktop/main_HD_workspace/hd_ws/install/astra_moveit_config_new/share/astra_moveit_config_new/launch/setup_assistant.launch.py
[2.059s] -- Up-to-date: /home/xplore/Desktop/main_HD_workspace/hd_ws/install/astra_moveit_config_new/share/astra_moveit_config_new/launch/move_group.launch.py
[2.060s] -- Up-to-date: /home/xplore/Desktop/main_HD_workspace/hd_ws/install/astra_moveit_config_new/share/astra_moveit_config_new/launch/static_virtual_joint_tfs.launch.py
[2.060s] -- Up-to-date: /home/xplore/Desktop/main_HD_workspace/hd_ws/install/astra_moveit_config_new/share/astra_moveit_config_new/launch/demo.launch.py
[2.061s] -- Up-to-date: /home/xplore/Desktop/main_HD_workspace/hd_ws/install/astra_moveit_config_new/share/astra_moveit_config_new/launch/warehouse_db.launch.py
[2.061s] -- Up-to-date: /home/xplore/Desktop/main_HD_workspace/hd_ws/install/astra_moveit_config_new/share/astra_moveit_config_new/launch/spawn_controllers.launch.py
[2.062s] -- Up-to-date: /home/xplore/Desktop/main_HD_workspace/hd_ws/install/astra_moveit_config_new/share/astra_moveit_config_new/launch/rsp.launch.py
[2.062s] -- Up-to-date: /home/xplore/Desktop/main_HD_workspace/hd_ws/install/astra_moveit_config_new/share/astra_moveit_config_new/config
[2.063s] -- Up-to-date: /home/xplore/Desktop/main_HD_workspace/hd_ws/install/astra_moveit_config_new/share/astra_moveit_config_new/config/ros2_controllers.yaml
[2.063s] -- Up-to-date: /home/xplore/Desktop/main_HD_workspace/hd_ws/install/astra_moveit_config_new/share/astra_moveit_config_new/config/astra.srdf
[2.069s] -- Up-to-date: /home/xplore/Desktop/main_HD_workspace/hd_ws/install/astra_moveit_config_new/share/astra_moveit_config_new/config/joint_limits.yaml
[2.076s] -- Up-to-date: /home/xplore/Desktop/main_HD_workspace/hd_ws/install/astra_moveit_config_new/share/astra_moveit_config_new/config/pilz_cartesian_limits.yaml
[2.077s] -- Up-to-date: /home/xplore/Desktop/main_HD_workspace/hd_ws/install/astra_moveit_config_new/share/astra_moveit_config_new/config/initial_positions.yaml
[2.078s] -- Up-to-date: /home/xplore/Desktop/main_HD_workspace/hd_ws/install/astra_moveit_config_new/share/astra_moveit_config_new/config/kinematics.yaml
[2.079s] -- Up-to-date: /home/xplore/Desktop/main_HD_workspace/hd_ws/install/astra_moveit_config_new/share/astra_moveit_config_new/config/moveit.rviz
[2.080s] -- Up-to-date: /home/xplore/Desktop/main_HD_workspace/hd_ws/install/astra_moveit_config_new/share/astra_moveit_config_new/config/astra.urdf.xacro
[2.081s] -- Up-to-date: /home/xplore/Desktop/main_HD_workspace/hd_ws/install/astra_moveit_config_new/share/astra_moveit_config_new/config/moveit_controllers.yaml
[2.082s] -- Up-to-date: /home/xplore/Desktop/main_HD_workspace/hd_ws/install/astra_moveit_config_new/share/astra_moveit_config_new/config/astra.ros2_control.xacro
[2.083s] -- Up-to-date: /home/xplore/Desktop/main_HD_workspace/hd_ws/install/astra_moveit_config_new/share/astra_moveit_config_new/.setup_assistant
[2.085s] Invoked command in '/home/xplore/Desktop/main_HD_workspace/hd_ws/build/astra_moveit_config_new' returned '0': CMAKE_PREFIX_PATH=/home/xplore/Desktop/main_HD_workspace/hd_ws/install/astra_description:/home/xplore/Desktop/main_HD_workspace/hd_ws/install/tttt:/home/xplore/Desktop/main_HD_workspace/hd_ws/install/moveit_visual_tools:/home/xplore/Desktop/main_HD_workspace/hd_ws/install/astra_moveit_config_new:/home/xplore/Desktop/main_HD_workspace/hd_ws/install/astra_moveit_config0:/home/xplore/Desktop/main_HD_workspace/hd_ws/install/astra_moveit_config:/home/xplore/Desktop/main_HD_workspace/hd_ws/install/astra_interfaces:/home/xplore/Desktop/main_HD_workspace/hd_ws/install/astra_hw_interface:/home/xplore/Desktop/main_HD_workspace/hd_ws/install/task_execution:/home/xplore/Desktop/main_HD_workspace/hd_ws/install/manager:/opt/ros/foxy /usr/bin/cmake --install /home/xplore/Desktop/main_HD_workspace/hd_ws/build/astra_moveit_config_new
