[0.008s] Invoking command in '/home/matthias/xplore2023/hd_ws/build/astra_moveit_config': CMAKE_PREFIX_PATH=/home/matthias/xplore2023/hd_ws/install/astra_description:/home/matthias/xplore2023/hd_ws/install/astra_interfaces:/home/matthias/xplore2023/hd_ws/install/task_execution:/home/matthias/xplore2023/hd_ws/install/manager:/opt/ros/humble /usr/bin/cmake /home/matthias/xplore2023/hd_ws/src/control/astra_moveit_config -DCMAKE_INSTALL_PREFIX=/home/matthias/xplore2023/hd_ws/install/astra_moveit_config
[0.068s] -- The C compiler identification is GNU 11.3.0
[0.180s] -- The CXX compiler identification is GNU 11.3.0
[0.199s] -- Detecting C compiler ABI info
[0.262s] -- Detecting C compiler ABI info - done
[0.269s] -- Check for working C compiler: /usr/bin/cc - skipped
[0.269s] -- Detecting C compile features
[0.270s] -- Detecting C compile features - done
[0.274s] -- Detecting CXX compiler ABI info
[0.367s] -- Detecting CXX compiler ABI info - done
[0.394s] -- Check for working CXX compiler: /usr/bin/c++ - skipped
[0.395s] -- Detecting CXX compile features
[0.397s] -- Detecting CXX compile features - done
[0.410s] -- Found ament_cmake: 1.3.2 (/opt/ros/humble/share/ament_cmake/cmake)
[1.042s] -- Found Python3: /usr/bin/python3.10 (found version "3.10.6") found components: Interpreter 
[1.208s] -- Configuring done
[1.210s] -- Generating done
[1.210s] -- Build files have been written to: /home/matthias/xplore2023/hd_ws/build/astra_moveit_config
[1.298s] Invoked command in '/home/matthias/xplore2023/hd_ws/build/astra_moveit_config' returned '0': CMAKE_PREFIX_PATH=/home/matthias/xplore2023/hd_ws/install/astra_description:/home/matthias/xplore2023/hd_ws/install/astra_interfaces:/home/matthias/xplore2023/hd_ws/install/task_execution:/home/matthias/xplore2023/hd_ws/install/manager:/opt/ros/humble /usr/bin/cmake /home/matthias/xplore2023/hd_ws/src/control/astra_moveit_config -DCMAKE_INSTALL_PREFIX=/home/matthias/xplore2023/hd_ws/install/astra_moveit_config
[1.299s] Invoking command in '/home/matthias/xplore2023/hd_ws/build/astra_moveit_config': CMAKE_PREFIX_PATH=/home/matthias/xplore2023/hd_ws/install/astra_description:/home/matthias/xplore2023/hd_ws/install/astra_interfaces:/home/matthias/xplore2023/hd_ws/install/task_execution:/home/matthias/xplore2023/hd_ws/install/manager:/opt/ros/humble /usr/bin/cmake --build /home/matthias/xplore2023/hd_ws/build/astra_moveit_config -- -j12 -l12
[1.333s] Invoked command in '/home/matthias/xplore2023/hd_ws/build/astra_moveit_config' returned '0': CMAKE_PREFIX_PATH=/home/matthias/xplore2023/hd_ws/install/astra_description:/home/matthias/xplore2023/hd_ws/install/astra_interfaces:/home/matthias/xplore2023/hd_ws/install/task_execution:/home/matthias/xplore2023/hd_ws/install/manager:/opt/ros/humble /usr/bin/cmake --build /home/matthias/xplore2023/hd_ws/build/astra_moveit_config -- -j12 -l12
[1.361s] Invoking command in '/home/matthias/xplore2023/hd_ws/build/astra_moveit_config': CMAKE_PREFIX_PATH=/home/matthias/xplore2023/hd_ws/install/astra_description:/home/matthias/xplore2023/hd_ws/install/astra_interfaces:/home/matthias/xplore2023/hd_ws/install/task_execution:/home/matthias/xplore2023/hd_ws/install/manager:/opt/ros/humble /usr/bin/cmake --install /home/matthias/xplore2023/hd_ws/build/astra_moveit_config
[1.372s] -- Install configuration: ""
[1.373s] -- Installing: /home/matthias/xplore2023/hd_ws/install/astra_moveit_config/share/ament_index/resource_index/package_run_dependencies/astra_moveit_config
[1.373s] -- Installing: /home/matthias/xplore2023/hd_ws/install/astra_moveit_config/share/ament_index/resource_index/parent_prefix_path/astra_moveit_config
[1.374s] -- Installing: /home/matthias/xplore2023/hd_ws/install/astra_moveit_config/share/astra_moveit_config/environment/ament_prefix_path.sh
[1.374s] -- Installing: /home/matthias/xplore2023/hd_ws/install/astra_moveit_config/share/astra_moveit_config/environment/ament_prefix_path.dsv
[1.374s] -- Installing: /home/matthias/xplore2023/hd_ws/install/astra_moveit_config/share/astra_moveit_config/environment/path.sh
[1.375s] -- Installing: /home/matthias/xplore2023/hd_ws/install/astra_moveit_config/share/astra_moveit_config/environment/path.dsv
[1.375s] -- Installing: /home/matthias/xplore2023/hd_ws/install/astra_moveit_config/share/astra_moveit_config/local_setup.bash
[1.375s] -- Installing: /home/matthias/xplore2023/hd_ws/install/astra_moveit_config/share/astra_moveit_config/local_setup.sh
[1.375s] -- Installing: /home/matthias/xplore2023/hd_ws/install/astra_moveit_config/share/astra_moveit_config/local_setup.zsh
[1.376s] -- Installing: /home/matthias/xplore2023/hd_ws/install/astra_moveit_config/share/astra_moveit_config/local_setup.dsv
[1.376s] -- Installing: /home/matthias/xplore2023/hd_ws/install/astra_moveit_config/share/astra_moveit_config/package.dsv
[1.376s] -- Installing: /home/matthias/xplore2023/hd_ws/install/astra_moveit_config/share/ament_index/resource_index/packages/astra_moveit_config
[1.377s] -- Installing: /home/matthias/xplore2023/hd_ws/install/astra_moveit_config/share/astra_moveit_config/cmake/astra_moveit_configConfig.cmake
[1.377s] -- Installing: /home/matthias/xplore2023/hd_ws/install/astra_moveit_config/share/astra_moveit_config/cmake/astra_moveit_configConfig-version.cmake
[1.378s] -- Installing: /home/matthias/xplore2023/hd_ws/install/astra_moveit_config/share/astra_moveit_config/package.xml
[1.378s] -- Installing: /home/matthias/xplore2023/hd_ws/install/astra_moveit_config/share/astra_moveit_config/launch
[1.378s] -- Installing: /home/matthias/xplore2023/hd_ws/install/astra_moveit_config/share/astra_moveit_config/launch/spawn_controllers.launch.py
[1.379s] -- Installing: /home/matthias/xplore2023/hd_ws/install/astra_moveit_config/share/astra_moveit_config/launch/demo.launch.py
[1.379s] -- Installing: /home/matthias/xplore2023/hd_ws/install/astra_moveit_config/share/astra_moveit_config/launch/rsp.launch.py
[1.379s] -- Installing: /home/matthias/xplore2023/hd_ws/install/astra_moveit_config/share/astra_moveit_config/launch/setup_assistant.launch.py
[1.380s] -- Installing: /home/matthias/xplore2023/hd_ws/install/astra_moveit_config/share/astra_moveit_config/launch/static_virtual_joint_tfs.launch.py
[1.380s] -- Installing: /home/matthias/xplore2023/hd_ws/install/astra_moveit_config/share/astra_moveit_config/launch/moveit_rviz.launch.py
[1.380s] -- Installing: /home/matthias/xplore2023/hd_ws/install/astra_moveit_config/share/astra_moveit_config/launch/warehouse_db.launch.py
[1.381s] -- Installing: /home/matthias/xplore2023/hd_ws/install/astra_moveit_config/share/astra_moveit_config/launch/move_group.launch.py
[1.381s] -- Installing: /home/matthias/xplore2023/hd_ws/install/astra_moveit_config/share/astra_moveit_config/config
[1.382s] -- Installing: /home/matthias/xplore2023/hd_ws/install/astra_moveit_config/share/astra_moveit_config/config/astra.srdf
[1.382s] -- Installing: /home/matthias/xplore2023/hd_ws/install/astra_moveit_config/share/astra_moveit_config/config/kinematics.yaml
[1.382s] -- Installing: /home/matthias/xplore2023/hd_ws/install/astra_moveit_config/share/astra_moveit_config/config/joint_limits.yaml
[1.382s] -- Installing: /home/matthias/xplore2023/hd_ws/install/astra_moveit_config/share/astra_moveit_config/config/moveit.rviz
[1.383s] -- Installing: /home/matthias/xplore2023/hd_ws/install/astra_moveit_config/share/astra_moveit_config/config/pilz_cartesian_limits.yaml
[1.383s] -- Installing: /home/matthias/xplore2023/hd_ws/install/astra_moveit_config/share/astra_moveit_config/config/initial_positions.yaml
[1.383s] -- Installing: /home/matthias/xplore2023/hd_ws/install/astra_moveit_config/share/astra_moveit_config/config/moveit_controllers.yaml
[1.383s] -- Installing: /home/matthias/xplore2023/hd_ws/install/astra_moveit_config/share/astra_moveit_config/config/ros2_controllers.yaml
[1.383s] -- Installing: /home/matthias/xplore2023/hd_ws/install/astra_moveit_config/share/astra_moveit_config/config/astra.ros2_control.xacro
[1.384s] -- Installing: /home/matthias/xplore2023/hd_ws/install/astra_moveit_config/share/astra_moveit_config/config/astra.urdf.xacro
[1.384s] -- Installing: /home/matthias/xplore2023/hd_ws/install/astra_moveit_config/share/astra_moveit_config/.setup_assistant
[1.388s] Invoked command in '/home/matthias/xplore2023/hd_ws/build/astra_moveit_config' returned '0': CMAKE_PREFIX_PATH=/home/matthias/xplore2023/hd_ws/install/astra_description:/home/matthias/xplore2023/hd_ws/install/astra_interfaces:/home/matthias/xplore2023/hd_ws/install/task_execution:/home/matthias/xplore2023/hd_ws/install/manager:/opt/ros/humble /usr/bin/cmake --install /home/matthias/xplore2023/hd_ws/build/astra_moveit_config
