[1.714s] Invoking command in '/home/matthias/xplore2023/hd_ws/src/control/task_execution': PYTHONPATH=/home/matthias/xplore2023/hd_ws/build/task_execution/prefix_override:/home/matthias/xplore2023/hd_ws/install/task_execution/lib/python3.10/site-packages:${PYTHONPATH} /usr/bin/python3 setup.py egg_info --egg-base ../../../build/task_execution build --build-base /home/matthias/xplore2023/hd_ws/build/task_execution/build install --record /home/matthias/xplore2023/hd_ws/build/task_execution/install.log --single-version-externally-managed
[1.972s] running egg_info
[1.972s] writing ../../../build/task_execution/task_execution.egg-info/PKG-INFO
[1.973s] writing dependency_links to ../../../build/task_execution/task_execution.egg-info/dependency_links.txt
[1.973s] writing entry points to ../../../build/task_execution/task_execution.egg-info/entry_points.txt
[1.973s] writing requirements to ../../../build/task_execution/task_execution.egg-info/requires.txt
[1.973s] writing top-level names to ../../../build/task_execution/task_execution.egg-info/top_level.txt
[1.977s] reading manifest file '../../../build/task_execution/task_execution.egg-info/SOURCES.txt'
[1.978s] writing manifest file '../../../build/task_execution/task_execution.egg-info/SOURCES.txt'
[1.978s] running build
[1.978s] running build_py
[1.979s] running install
[1.979s] /usr/lib/python3/dist-packages/setuptools/command/install.py:34: SetuptoolsDeprecationWarning: setup.py install is deprecated. Use build and pip and other standards-based tools.
[1.979s]   warnings.warn(
[1.980s] running install_lib
[1.981s] running install_data
[1.982s] running install_egg_info
[1.984s] removing '/home/matthias/xplore2023/hd_ws/install/task_execution/lib/python3.10/site-packages/task_execution-0.0.0-py3.10.egg-info' (and everything under it)
[1.984s] Copying ../../../build/task_execution/task_execution.egg-info to /home/matthias/xplore2023/hd_ws/install/task_execution/lib/python3.10/site-packages/task_execution-0.0.0-py3.10.egg-info
[1.985s] running install_scripts
[2.005s] Installing test script to /home/matthias/xplore2023/hd_ws/install/task_execution/lib/task_execution
[2.006s] writing list of installed files to '/home/matthias/xplore2023/hd_ws/build/task_execution/install.log'
[2.034s] Invoked command in '/home/matthias/xplore2023/hd_ws/src/control/task_execution' returned '0': PYTHONPATH=/home/matthias/xplore2023/hd_ws/build/task_execution/prefix_override:/home/matthias/xplore2023/hd_ws/install/task_execution/lib/python3.10/site-packages:${PYTHONPATH} /usr/bin/python3 setup.py egg_info --egg-base ../../../build/task_execution build --build-base /home/matthias/xplore2023/hd_ws/build/task_execution/build install --record /home/matthias/xplore2023/hd_ws/build/task_execution/install.log --single-version-externally-managed
