[0.381s] DEBUG:colcon:Command line arguments: ['/usr/bin/colcon', 'build']
[0.381s] DEBUG:colcon:Parsed command line arguments: Namespace(log_base=None, log_level=None, verb_name='build', build_base='build', install_base='install', merge_install=False, symlink_install=False, test_result_base=None, continue_on_error=False, executor='parallel', parallel_workers=12, event_handlers=None, ignore_user_meta=False, metas=['./colcon.meta'], base_paths=['.'], packages_ignore=None, packages_ignore_regex=None, paths=None, packages_up_to=None, packages_up_to_regex=None, packages_above=None, packages_above_and_dependencies=None, packages_above_depth=None, packages_select_by_dep=None, packages_skip_by_dep=None, packages_skip_up_to=None, packages_select_build_failed=False, packages_skip_build_finished=False, packages_select_test_failures=False, packages_skip_test_passed=False, packages_select=None, packages_skip=None, packages_select_regex=None, packages_skip_regex=None, packages_start=None, packages_end=None, allow_overriding=[], cmake_args=None, cmake_target=None, cmake_target_skip_unavailable=False, cmake_clean_cache=False, cmake_clean_first=False, cmake_force_configure=False, ament_cmake_args=None, catkin_cmake_args=None, catkin_skip_building_tests=False, mixin_files=None, mixin=None, verb_parser=<colcon_mixin.mixin.mixin_argument.MixinArgumentDecorator object at 0x7fdaa87d8b20>, verb_extension=<colcon_core.verb.build.BuildVerb object at 0x7fdaa9128700>, main=<bound method BuildVerb.main of <colcon_core.verb.build.BuildVerb object at 0x7fdaa9128700>>, mixin_verb=('build',))
[0.406s] Level 1:colcon.colcon_core.package_discovery:discover_packages(colcon_meta) check parameters
[0.406s] Level 1:colcon.colcon_core.package_discovery:discover_packages(recursive) check parameters
[0.406s] Level 1:colcon.colcon_core.package_discovery:discover_packages(ignore) check parameters
[0.406s] Level 1:colcon.colcon_core.package_discovery:discover_packages(path) check parameters
[0.406s] Level 1:colcon.colcon_core.package_discovery:discover_packages(colcon_meta) discover
[0.406s] Level 1:colcon.colcon_core.package_discovery:discover_packages(recursive) discover
[0.406s] INFO:colcon.colcon_core.package_discovery:Crawling recursively for packages in '/home/matthias/xplore2023/hd_ws'
[0.406s] Level 1:colcon.colcon_core.package_identification:_identify(.) by extensions ['ignore', 'ignore_ament_install']
[0.406s] Level 1:colcon.colcon_core.package_identification:_identify(.) by extension 'ignore'
[0.406s] Level 1:colcon.colcon_core.package_identification:_identify(.) by extension 'ignore_ament_install'
[0.407s] Level 1:colcon.colcon_core.package_identification:_identify(.) by extensions ['colcon_pkg']
[0.407s] Level 1:colcon.colcon_core.package_identification:_identify(.) by extension 'colcon_pkg'
[0.407s] Level 1:colcon.colcon_core.package_identification:_identify(.) by extensions ['colcon_meta']
[0.407s] Level 1:colcon.colcon_core.package_identification:_identify(.) by extension 'colcon_meta'
[0.407s] Level 1:colcon.colcon_core.package_identification:_identify(.) by extensions ['ros']
[0.407s] Level 1:colcon.colcon_core.package_identification:_identify(.) by extension 'ros'
[0.418s] Level 1:colcon.colcon_core.package_identification:_identify(.) by extensions ['cmake', 'python']
[0.418s] Level 1:colcon.colcon_core.package_identification:_identify(.) by extension 'cmake'
[0.418s] Level 1:colcon.colcon_core.package_identification:_identify(.) by extension 'python'
[0.418s] Level 1:colcon.colcon_core.package_identification:_identify(.) by extensions ['python_setup_py']
[0.418s] Level 1:colcon.colcon_core.package_identification:_identify(.) by extension 'python_setup_py'
[0.418s] Level 1:colcon.colcon_core.package_identification:_identify(build) by extensions ['ignore', 'ignore_ament_install']
[0.418s] Level 1:colcon.colcon_core.package_identification:_identify(build) by extension 'ignore'
[0.418s] Level 1:colcon.colcon_core.package_identification:_identify(build) ignored
[0.418s] Level 1:colcon.colcon_core.package_identification:_identify(install) by extensions ['ignore', 'ignore_ament_install']
[0.418s] Level 1:colcon.colcon_core.package_identification:_identify(install) by extension 'ignore'
[0.418s] Level 1:colcon.colcon_core.package_identification:_identify(install) ignored
[0.419s] Level 1:colcon.colcon_core.package_identification:_identify(log) by extensions ['ignore', 'ignore_ament_install']
[0.419s] Level 1:colcon.colcon_core.package_identification:_identify(log) by extension 'ignore'
[0.419s] Level 1:colcon.colcon_core.package_identification:_identify(log) ignored
[0.419s] Level 1:colcon.colcon_core.package_identification:_identify(src) by extensions ['ignore', 'ignore_ament_install']
[0.419s] Level 1:colcon.colcon_core.package_identification:_identify(src) by extension 'ignore'
[0.419s] Level 1:colcon.colcon_core.package_identification:_identify(src) by extension 'ignore_ament_install'
[0.419s] Level 1:colcon.colcon_core.package_identification:_identify(src) by extensions ['colcon_pkg']
[0.419s] Level 1:colcon.colcon_core.package_identification:_identify(src) by extension 'colcon_pkg'
[0.419s] Level 1:colcon.colcon_core.package_identification:_identify(src) by extensions ['colcon_meta']
[0.419s] Level 1:colcon.colcon_core.package_identification:_identify(src) by extension 'colcon_meta'
[0.419s] Level 1:colcon.colcon_core.package_identification:_identify(src) by extensions ['ros']
[0.419s] Level 1:colcon.colcon_core.package_identification:_identify(src) by extension 'ros'
[0.419s] Level 1:colcon.colcon_core.package_identification:_identify(src) by extensions ['cmake', 'python']
[0.419s] Level 1:colcon.colcon_core.package_identification:_identify(src) by extension 'cmake'
[0.419s] Level 1:colcon.colcon_core.package_identification:_identify(src) by extension 'python'
[0.419s] Level 1:colcon.colcon_core.package_identification:_identify(src) by extensions ['python_setup_py']
[0.419s] Level 1:colcon.colcon_core.package_identification:_identify(src) by extension 'python_setup_py'
[0.419s] Level 1:colcon.colcon_core.package_identification:_identify(src/control) by extensions ['ignore', 'ignore_ament_install']
[0.419s] Level 1:colcon.colcon_core.package_identification:_identify(src/control) by extension 'ignore'
[0.419s] Level 1:colcon.colcon_core.package_identification:_identify(src/control) by extension 'ignore_ament_install'
[0.419s] Level 1:colcon.colcon_core.package_identification:_identify(src/control) by extensions ['colcon_pkg']
[0.420s] Level 1:colcon.colcon_core.package_identification:_identify(src/control) by extension 'colcon_pkg'
[0.420s] Level 1:colcon.colcon_core.package_identification:_identify(src/control) by extensions ['colcon_meta']
[0.420s] Level 1:colcon.colcon_core.package_identification:_identify(src/control) by extension 'colcon_meta'
[0.420s] Level 1:colcon.colcon_core.package_identification:_identify(src/control) by extensions ['ros']
[0.420s] Level 1:colcon.colcon_core.package_identification:_identify(src/control) by extension 'ros'
[0.420s] Level 1:colcon.colcon_core.package_identification:_identify(src/control) by extensions ['cmake', 'python']
[0.420s] Level 1:colcon.colcon_core.package_identification:_identify(src/control) by extension 'cmake'
[0.420s] Level 1:colcon.colcon_core.package_identification:_identify(src/control) by extension 'python'
[0.420s] Level 1:colcon.colcon_core.package_identification:_identify(src/control) by extensions ['python_setup_py']
[0.420s] Level 1:colcon.colcon_core.package_identification:_identify(src/control) by extension 'python_setup_py'
[0.420s] Level 1:colcon.colcon_core.package_identification:_identify(src/control/astra_description) by extensions ['ignore', 'ignore_ament_install']
[0.420s] Level 1:colcon.colcon_core.package_identification:_identify(src/control/astra_description) by extension 'ignore'
[0.420s] Level 1:colcon.colcon_core.package_identification:_identify(src/control/astra_description) by extension 'ignore_ament_install'
[0.420s] Level 1:colcon.colcon_core.package_identification:_identify(src/control/astra_description) by extensions ['colcon_pkg']
[0.420s] Level 1:colcon.colcon_core.package_identification:_identify(src/control/astra_description) by extension 'colcon_pkg'
[0.420s] Level 1:colcon.colcon_core.package_identification:_identify(src/control/astra_description) by extensions ['colcon_meta']
[0.420s] Level 1:colcon.colcon_core.package_identification:_identify(src/control/astra_description) by extension 'colcon_meta'
[0.420s] Level 1:colcon.colcon_core.package_identification:_identify(src/control/astra_description) by extensions ['ros']
[0.420s] Level 1:colcon.colcon_core.package_identification:_identify(src/control/astra_description) by extension 'ros'
[0.423s] DEBUG:colcon.colcon_core.package_identification:Package 'src/control/astra_description' with type 'ros.ament_cmake' and name 'astra_description'
[0.423s] Level 1:colcon.colcon_core.package_identification:_identify(src/control/astra_interfaces) by extensions ['ignore', 'ignore_ament_install']
[0.423s] Level 1:colcon.colcon_core.package_identification:_identify(src/control/astra_interfaces) by extension 'ignore'
[0.423s] Level 1:colcon.colcon_core.package_identification:_identify(src/control/astra_interfaces) by extension 'ignore_ament_install'
[0.423s] Level 1:colcon.colcon_core.package_identification:_identify(src/control/astra_interfaces) by extensions ['colcon_pkg']
[0.423s] Level 1:colcon.colcon_core.package_identification:_identify(src/control/astra_interfaces) by extension 'colcon_pkg'
[0.423s] Level 1:colcon.colcon_core.package_identification:_identify(src/control/astra_interfaces) by extensions ['colcon_meta']
[0.423s] Level 1:colcon.colcon_core.package_identification:_identify(src/control/astra_interfaces) by extension 'colcon_meta'
[0.423s] Level 1:colcon.colcon_core.package_identification:_identify(src/control/astra_interfaces) by extensions ['ros']
[0.423s] Level 1:colcon.colcon_core.package_identification:_identify(src/control/astra_interfaces) by extension 'ros'
[0.424s] DEBUG:colcon.colcon_core.package_identification:Package 'src/control/astra_interfaces' with type 'ros.ament_cmake' and name 'astra_interfaces'
[0.424s] Level 1:colcon.colcon_core.package_identification:_identify(src/control/astra_moveit_config) by extensions ['ignore', 'ignore_ament_install']
[0.424s] Level 1:colcon.colcon_core.package_identification:_identify(src/control/astra_moveit_config) by extension 'ignore'
[0.424s] Level 1:colcon.colcon_core.package_identification:_identify(src/control/astra_moveit_config) by extension 'ignore_ament_install'
[0.424s] Level 1:colcon.colcon_core.package_identification:_identify(src/control/astra_moveit_config) by extensions ['colcon_pkg']
[0.424s] Level 1:colcon.colcon_core.package_identification:_identify(src/control/astra_moveit_config) by extension 'colcon_pkg'
[0.424s] Level 1:colcon.colcon_core.package_identification:_identify(src/control/astra_moveit_config) by extensions ['colcon_meta']
[0.424s] Level 1:colcon.colcon_core.package_identification:_identify(src/control/astra_moveit_config) by extension 'colcon_meta'
[0.424s] Level 1:colcon.colcon_core.package_identification:_identify(src/control/astra_moveit_config) by extensions ['ros']
[0.424s] Level 1:colcon.colcon_core.package_identification:_identify(src/control/astra_moveit_config) by extension 'ros'
[0.425s] DEBUG:colcon.colcon_core.package_identification:Package 'src/control/astra_moveit_config' with type 'ros.ament_cmake' and name 'astra_moveit_config'
[0.425s] Level 1:colcon.colcon_core.package_identification:_identify(src/control/hw_interface) by extensions ['ignore', 'ignore_ament_install']
[0.425s] Level 1:colcon.colcon_core.package_identification:_identify(src/control/hw_interface) by extension 'ignore'
[0.425s] Level 1:colcon.colcon_core.package_identification:_identify(src/control/hw_interface) by extension 'ignore_ament_install'
[0.426s] Level 1:colcon.colcon_core.package_identification:_identify(src/control/hw_interface) by extensions ['colcon_pkg']
[0.426s] Level 1:colcon.colcon_core.package_identification:_identify(src/control/hw_interface) by extension 'colcon_pkg'
[0.426s] Level 1:colcon.colcon_core.package_identification:_identify(src/control/hw_interface) by extensions ['colcon_meta']
[0.426s] Level 1:colcon.colcon_core.package_identification:_identify(src/control/hw_interface) by extension 'colcon_meta'
[0.426s] Level 1:colcon.colcon_core.package_identification:_identify(src/control/hw_interface) by extensions ['ros']
[0.426s] Level 1:colcon.colcon_core.package_identification:_identify(src/control/hw_interface) by extension 'ros'
[0.426s] DEBUG:colcon.colcon_core.package_identification:Package 'src/control/hw_interface' with type 'ros.ament_cmake' and name 'hw_interface'
[0.426s] Level 1:colcon.colcon_core.package_identification:_identify(src/control/manager) by extensions ['ignore', 'ignore_ament_install']
[0.426s] Level 1:colcon.colcon_core.package_identification:_identify(src/control/manager) by extension 'ignore'
[0.426s] Level 1:colcon.colcon_core.package_identification:_identify(src/control/manager) by extension 'ignore_ament_install'
[0.427s] Level 1:colcon.colcon_core.package_identification:_identify(src/control/manager) by extensions ['colcon_pkg']
[0.427s] Level 1:colcon.colcon_core.package_identification:_identify(src/control/manager) by extension 'colcon_pkg'
[0.427s] Level 1:colcon.colcon_core.package_identification:_identify(src/control/manager) by extensions ['colcon_meta']
[0.427s] Level 1:colcon.colcon_core.package_identification:_identify(src/control/manager) by extension 'colcon_meta'
[0.427s] Level 1:colcon.colcon_core.package_identification:_identify(src/control/manager) by extensions ['ros']
[0.427s] Level 1:colcon.colcon_core.package_identification:_identify(src/control/manager) by extension 'ros'
[0.427s] DEBUG:colcon.colcon_core.package_identification:Package 'src/control/manager' with type 'ros.ament_python' and name 'manager'
[0.427s] Level 1:colcon.colcon_core.package_identification:_identify(src/control/moveit_api_test) by extensions ['ignore', 'ignore_ament_install']
[0.427s] Level 1:colcon.colcon_core.package_identification:_identify(src/control/moveit_api_test) by extension 'ignore'
[0.428s] Level 1:colcon.colcon_core.package_identification:_identify(src/control/moveit_api_test) by extension 'ignore_ament_install'
[0.428s] Level 1:colcon.colcon_core.package_identification:_identify(src/control/moveit_api_test) by extensions ['colcon_pkg']
[0.428s] Level 1:colcon.colcon_core.package_identification:_identify(src/control/moveit_api_test) by extension 'colcon_pkg'
[0.428s] Level 1:colcon.colcon_core.package_identification:_identify(src/control/moveit_api_test) by extensions ['colcon_meta']
[0.428s] Level 1:colcon.colcon_core.package_identification:_identify(src/control/moveit_api_test) by extension 'colcon_meta'
[0.428s] Level 1:colcon.colcon_core.package_identification:_identify(src/control/moveit_api_test) by extensions ['ros']
[0.428s] Level 1:colcon.colcon_core.package_identification:_identify(src/control/moveit_api_test) by extension 'ros'
[0.428s] DEBUG:colcon.colcon_core.package_identification:Package 'src/control/moveit_api_test' with type 'ros.ament_cmake' and name 'moveit_api_test'
[0.428s] Level 1:colcon.colcon_core.package_identification:_identify(src/control/task_execution) by extensions ['ignore', 'ignore_ament_install']
[0.428s] Level 1:colcon.colcon_core.package_identification:_identify(src/control/task_execution) by extension 'ignore'
[0.428s] Level 1:colcon.colcon_core.package_identification:_identify(src/control/task_execution) by extension 'ignore_ament_install'
[0.429s] Level 1:colcon.colcon_core.package_identification:_identify(src/control/task_execution) by extensions ['colcon_pkg']
[0.429s] Level 1:colcon.colcon_core.package_identification:_identify(src/control/task_execution) by extension 'colcon_pkg'
[0.429s] Level 1:colcon.colcon_core.package_identification:_identify(src/control/task_execution) by extensions ['colcon_meta']
[0.429s] Level 1:colcon.colcon_core.package_identification:_identify(src/control/task_execution) by extension 'colcon_meta'
[0.429s] Level 1:colcon.colcon_core.package_identification:_identify(src/control/task_execution) by extensions ['ros']
[0.429s] Level 1:colcon.colcon_core.package_identification:_identify(src/control/task_execution) by extension 'ros'
[0.429s] DEBUG:colcon.colcon_core.package_identification:Package 'src/control/task_execution' with type 'ros.ament_python' and name 'task_execution'
[0.429s] Level 1:colcon.colcon_core.package_discovery:discover_packages(recursive) using defaults
[0.429s] Level 1:colcon.colcon_core.package_discovery:discover_packages(ignore) discover
[0.429s] Level 1:colcon.colcon_core.package_discovery:discover_packages(ignore) using defaults
[0.429s] Level 1:colcon.colcon_core.package_discovery:discover_packages(path) discover
[0.429s] Level 1:colcon.colcon_core.package_discovery:discover_packages(path) using defaults
[0.450s] Level 1:colcon.colcon_core.package_discovery:discover_packages(prefix_path) check parameters
[0.450s] Level 1:colcon.colcon_core.package_discovery:discover_packages(prefix_path) discover
[0.453s] DEBUG:colcon.colcon_installed_package_information.package_discovery:Found 7 installed packages in /home/matthias/xplore2023/hd_ws/install
[0.454s] DEBUG:colcon.colcon_installed_package_information.package_discovery:Found 329 installed packages in /opt/ros/humble
[0.456s] Level 1:colcon.colcon_core.package_discovery:discover_packages(prefix_path) using defaults
[0.516s] Level 5:colcon.colcon_core.verb:set package 'astra_description' build argument 'cmake_args' from command line to 'None'
[0.516s] Level 5:colcon.colcon_core.verb:set package 'astra_description' build argument 'cmake_target' from command line to 'None'
[0.516s] Level 5:colcon.colcon_core.verb:set package 'astra_description' build argument 'cmake_target_skip_unavailable' from command line to 'False'
[0.516s] Level 5:colcon.colcon_core.verb:set package 'astra_description' build argument 'cmake_clean_cache' from command line to 'False'
[0.516s] Level 5:colcon.colcon_core.verb:set package 'astra_description' build argument 'cmake_clean_first' from command line to 'False'
[0.516s] Level 5:colcon.colcon_core.verb:set package 'astra_description' build argument 'cmake_force_configure' from command line to 'False'
[0.516s] Level 5:colcon.colcon_core.verb:set package 'astra_description' build argument 'ament_cmake_args' from command line to 'None'
[0.516s] Level 5:colcon.colcon_core.verb:set package 'astra_description' build argument 'catkin_cmake_args' from command line to 'None'
[0.516s] Level 5:colcon.colcon_core.verb:set package 'astra_description' build argument 'catkin_skip_building_tests' from command line to 'False'
[0.516s] DEBUG:colcon.colcon_core.verb:Building package 'astra_description' with the following arguments: {'ament_cmake_args': None, 'build_base': '/home/matthias/xplore2023/hd_ws/build/astra_description', 'catkin_cmake_args': None, 'catkin_skip_building_tests': False, 'cmake_args': None, 'cmake_clean_cache': False, 'cmake_clean_first': False, 'cmake_force_configure': False, 'cmake_target': None, 'cmake_target_skip_unavailable': False, 'install_base': '/home/matthias/xplore2023/hd_ws/install/astra_description', 'merge_install': False, 'path': '/home/matthias/xplore2023/hd_ws/src/control/astra_description', 'symlink_install': False, 'test_result_base': None}
[0.517s] Level 5:colcon.colcon_core.verb:set package 'astra_interfaces' build argument 'cmake_args' from command line to 'None'
[0.517s] Level 5:colcon.colcon_core.verb:set package 'astra_interfaces' build argument 'cmake_target' from command line to 'None'
[0.517s] Level 5:colcon.colcon_core.verb:set package 'astra_interfaces' build argument 'cmake_target_skip_unavailable' from command line to 'False'
[0.517s] Level 5:colcon.colcon_core.verb:set package 'astra_interfaces' build argument 'cmake_clean_cache' from command line to 'False'
[0.517s] Level 5:colcon.colcon_core.verb:set package 'astra_interfaces' build argument 'cmake_clean_first' from command line to 'False'
[0.517s] Level 5:colcon.colcon_core.verb:set package 'astra_interfaces' build argument 'cmake_force_configure' from command line to 'False'
[0.517s] Level 5:colcon.colcon_core.verb:set package 'astra_interfaces' build argument 'ament_cmake_args' from command line to 'None'
[0.517s] Level 5:colcon.colcon_core.verb:set package 'astra_interfaces' build argument 'catkin_cmake_args' from command line to 'None'
[0.517s] Level 5:colcon.colcon_core.verb:set package 'astra_interfaces' build argument 'catkin_skip_building_tests' from command line to 'False'
[0.517s] DEBUG:colcon.colcon_core.verb:Building package 'astra_interfaces' with the following arguments: {'ament_cmake_args': None, 'build_base': '/home/matthias/xplore2023/hd_ws/build/astra_interfaces', 'catkin_cmake_args': None, 'catkin_skip_building_tests': False, 'cmake_args': None, 'cmake_clean_cache': False, 'cmake_clean_first': False, 'cmake_force_configure': False, 'cmake_target': None, 'cmake_target_skip_unavailable': False, 'install_base': '/home/matthias/xplore2023/hd_ws/install/astra_interfaces', 'merge_install': False, 'path': '/home/matthias/xplore2023/hd_ws/src/control/astra_interfaces', 'symlink_install': False, 'test_result_base': None}
[0.518s] Level 5:colcon.colcon_core.verb:set package 'hw_interface' build argument 'cmake_args' from command line to 'None'
[0.518s] Level 5:colcon.colcon_core.verb:set package 'hw_interface' build argument 'cmake_target' from command line to 'None'
[0.518s] Level 5:colcon.colcon_core.verb:set package 'hw_interface' build argument 'cmake_target_skip_unavailable' from command line to 'False'
[0.518s] Level 5:colcon.colcon_core.verb:set package 'hw_interface' build argument 'cmake_clean_cache' from command line to 'False'
[0.518s] Level 5:colcon.colcon_core.verb:set package 'hw_interface' build argument 'cmake_clean_first' from command line to 'False'
[0.518s] Level 5:colcon.colcon_core.verb:set package 'hw_interface' build argument 'cmake_force_configure' from command line to 'False'
[0.518s] Level 5:colcon.colcon_core.verb:set package 'hw_interface' build argument 'ament_cmake_args' from command line to 'None'
[0.518s] Level 5:colcon.colcon_core.verb:set package 'hw_interface' build argument 'catkin_cmake_args' from command line to 'None'
[0.518s] Level 5:colcon.colcon_core.verb:set package 'hw_interface' build argument 'catkin_skip_building_tests' from command line to 'False'
[0.518s] DEBUG:colcon.colcon_core.verb:Building package 'hw_interface' with the following arguments: {'ament_cmake_args': None, 'build_base': '/home/matthias/xplore2023/hd_ws/build/hw_interface', 'catkin_cmake_args': None, 'catkin_skip_building_tests': False, 'cmake_args': None, 'cmake_clean_cache': False, 'cmake_clean_first': False, 'cmake_force_configure': False, 'cmake_target': None, 'cmake_target_skip_unavailable': False, 'install_base': '/home/matthias/xplore2023/hd_ws/install/hw_interface', 'merge_install': False, 'path': '/home/matthias/xplore2023/hd_ws/src/control/hw_interface', 'symlink_install': False, 'test_result_base': None}
[0.519s] Level 5:colcon.colcon_core.verb:set package 'moveit_api_test' build argument 'cmake_args' from command line to 'None'
[0.519s] Level 5:colcon.colcon_core.verb:set package 'moveit_api_test' build argument 'cmake_target' from command line to 'None'
[0.519s] Level 5:colcon.colcon_core.verb:set package 'moveit_api_test' build argument 'cmake_target_skip_unavailable' from command line to 'False'
[0.519s] Level 5:colcon.colcon_core.verb:set package 'moveit_api_test' build argument 'cmake_clean_cache' from command line to 'False'
[0.519s] Level 5:colcon.colcon_core.verb:set package 'moveit_api_test' build argument 'cmake_clean_first' from command line to 'False'
[0.519s] Level 5:colcon.colcon_core.verb:set package 'moveit_api_test' build argument 'cmake_force_configure' from command line to 'False'
[0.519s] Level 5:colcon.colcon_core.verb:set package 'moveit_api_test' build argument 'ament_cmake_args' from command line to 'None'
[0.519s] Level 5:colcon.colcon_core.verb:set package 'moveit_api_test' build argument 'catkin_cmake_args' from command line to 'None'
[0.519s] Level 5:colcon.colcon_core.verb:set package 'moveit_api_test' build argument 'catkin_skip_building_tests' from command line to 'False'
[0.519s] DEBUG:colcon.colcon_core.verb:Building package 'moveit_api_test' with the following arguments: {'ament_cmake_args': None, 'build_base': '/home/matthias/xplore2023/hd_ws/build/moveit_api_test', 'catkin_cmake_args': None, 'catkin_skip_building_tests': False, 'cmake_args': None, 'cmake_clean_cache': False, 'cmake_clean_first': False, 'cmake_force_configure': False, 'cmake_target': None, 'cmake_target_skip_unavailable': False, 'install_base': '/home/matthias/xplore2023/hd_ws/install/moveit_api_test', 'merge_install': False, 'path': '/home/matthias/xplore2023/hd_ws/src/control/moveit_api_test', 'symlink_install': False, 'test_result_base': None}
[0.520s] Level 5:colcon.colcon_core.verb:set package 'task_execution' build argument 'cmake_args' from command line to 'None'
[0.520s] Level 5:colcon.colcon_core.verb:set package 'task_execution' build argument 'cmake_target' from command line to 'None'
[0.520s] Level 5:colcon.colcon_core.verb:set package 'task_execution' build argument 'cmake_target_skip_unavailable' from command line to 'False'
[0.520s] Level 5:colcon.colcon_core.verb:set package 'task_execution' build argument 'cmake_clean_cache' from command line to 'False'
[0.520s] Level 5:colcon.colcon_core.verb:set package 'task_execution' build argument 'cmake_clean_first' from command line to 'False'
[0.520s] Level 5:colcon.colcon_core.verb:set package 'task_execution' build argument 'cmake_force_configure' from command line to 'False'
[0.520s] Level 5:colcon.colcon_core.verb:set package 'task_execution' build argument 'ament_cmake_args' from command line to 'None'
[0.520s] Level 5:colcon.colcon_core.verb:set package 'task_execution' build argument 'catkin_cmake_args' from command line to 'None'
[0.520s] Level 5:colcon.colcon_core.verb:set package 'task_execution' build argument 'catkin_skip_building_tests' from command line to 'False'
[0.520s] DEBUG:colcon.colcon_core.verb:Building package 'task_execution' with the following arguments: {'ament_cmake_args': None, 'build_base': '/home/matthias/xplore2023/hd_ws/build/task_execution', 'catkin_cmake_args': None, 'catkin_skip_building_tests': False, 'cmake_args': None, 'cmake_clean_cache': False, 'cmake_clean_first': False, 'cmake_force_configure': False, 'cmake_target': None, 'cmake_target_skip_unavailable': False, 'install_base': '/home/matthias/xplore2023/hd_ws/install/task_execution', 'merge_install': False, 'path': '/home/matthias/xplore2023/hd_ws/src/control/task_execution', 'symlink_install': False, 'test_result_base': None}
[0.521s] Level 5:colcon.colcon_core.verb:set package 'astra_moveit_config' build argument 'cmake_args' from command line to 'None'
[0.521s] Level 5:colcon.colcon_core.verb:set package 'astra_moveit_config' build argument 'cmake_target' from command line to 'None'
[0.521s] Level 5:colcon.colcon_core.verb:set package 'astra_moveit_config' build argument 'cmake_target_skip_unavailable' from command line to 'False'
[0.521s] Level 5:colcon.colcon_core.verb:set package 'astra_moveit_config' build argument 'cmake_clean_cache' from command line to 'False'
[0.521s] Level 5:colcon.colcon_core.verb:set package 'astra_moveit_config' build argument 'cmake_clean_first' from command line to 'False'
[0.521s] Level 5:colcon.colcon_core.verb:set package 'astra_moveit_config' build argument 'cmake_force_configure' from command line to 'False'
[0.521s] Level 5:colcon.colcon_core.verb:set package 'astra_moveit_config' build argument 'ament_cmake_args' from command line to 'None'
[0.521s] Level 5:colcon.colcon_core.verb:set package 'astra_moveit_config' build argument 'catkin_cmake_args' from command line to 'None'
[0.521s] Level 5:colcon.colcon_core.verb:set package 'astra_moveit_config' build argument 'catkin_skip_building_tests' from command line to 'False'
[0.521s] DEBUG:colcon.colcon_core.verb:Building package 'astra_moveit_config' with the following arguments: {'ament_cmake_args': None, 'build_base': '/home/matthias/xplore2023/hd_ws/build/astra_moveit_config', 'catkin_cmake_args': None, 'catkin_skip_building_tests': False, 'cmake_args': None, 'cmake_clean_cache': False, 'cmake_clean_first': False, 'cmake_force_configure': False, 'cmake_target': None, 'cmake_target_skip_unavailable': False, 'install_base': '/home/matthias/xplore2023/hd_ws/install/astra_moveit_config', 'merge_install': False, 'path': '/home/matthias/xplore2023/hd_ws/src/control/astra_moveit_config', 'symlink_install': False, 'test_result_base': None}
[0.522s] Level 5:colcon.colcon_core.verb:set package 'manager' build argument 'cmake_args' from command line to 'None'
[0.522s] Level 5:colcon.colcon_core.verb:set package 'manager' build argument 'cmake_target' from command line to 'None'
[0.522s] Level 5:colcon.colcon_core.verb:set package 'manager' build argument 'cmake_target_skip_unavailable' from command line to 'False'
[0.522s] Level 5:colcon.colcon_core.verb:set package 'manager' build argument 'cmake_clean_cache' from command line to 'False'
[0.522s] Level 5:colcon.colcon_core.verb:set package 'manager' build argument 'cmake_clean_first' from command line to 'False'
[0.522s] Level 5:colcon.colcon_core.verb:set package 'manager' build argument 'cmake_force_configure' from command line to 'False'
[0.522s] Level 5:colcon.colcon_core.verb:set package 'manager' build argument 'ament_cmake_args' from command line to 'None'
[0.522s] Level 5:colcon.colcon_core.verb:set package 'manager' build argument 'catkin_cmake_args' from command line to 'None'
[0.522s] Level 5:colcon.colcon_core.verb:set package 'manager' build argument 'catkin_skip_building_tests' from command line to 'False'
[0.523s] DEBUG:colcon.colcon_core.verb:Building package 'manager' with the following arguments: {'ament_cmake_args': None, 'build_base': '/home/matthias/xplore2023/hd_ws/build/manager', 'catkin_cmake_args': None, 'catkin_skip_building_tests': False, 'cmake_args': None, 'cmake_clean_cache': False, 'cmake_clean_first': False, 'cmake_force_configure': False, 'cmake_target': None, 'cmake_target_skip_unavailable': False, 'install_base': '/home/matthias/xplore2023/hd_ws/install/manager', 'merge_install': False, 'path': '/home/matthias/xplore2023/hd_ws/src/control/manager', 'symlink_install': False, 'test_result_base': None}
[0.523s] INFO:colcon.colcon_core.executor:Executing jobs using 'parallel' executor
[0.526s] DEBUG:colcon.colcon_parallel_executor.executor.parallel:run_until_complete
[0.526s] INFO:colcon.colcon_ros.task.ament_cmake.build:Building ROS package in '/home/matthias/xplore2023/hd_ws/src/control/astra_description' with build type 'ament_cmake'
[0.527s] INFO:colcon.colcon_cmake.task.cmake.build:Building CMake package in '/home/matthias/xplore2023/hd_ws/src/control/astra_description'
[0.530s] INFO:colcon.colcon_core.plugin_system:Skipping extension 'colcon_core.shell.bat': Not used on non-Windows systems
[0.531s] INFO:colcon.colcon_core.shell:Skip shell extension 'powershell' for command environment: Not usable outside of PowerShell
[0.531s] DEBUG:colcon.colcon_core.shell:Skip shell extension 'dsv' for command environment
[0.535s] INFO:colcon.colcon_ros.task.ament_cmake.build:Building ROS package in '/home/matthias/xplore2023/hd_ws/src/control/astra_interfaces' with build type 'ament_cmake'
[0.535s] INFO:colcon.colcon_cmake.task.cmake.build:Building CMake package in '/home/matthias/xplore2023/hd_ws/src/control/astra_interfaces'
[0.536s] INFO:colcon.colcon_core.shell:Skip shell extension 'powershell' for command environment: Not usable outside of PowerShell
[0.536s] DEBUG:colcon.colcon_core.shell:Skip shell extension 'dsv' for command environment
[0.540s] INFO:colcon.colcon_ros.task.ament_cmake.build:Building ROS package in '/home/matthias/xplore2023/hd_ws/src/control/hw_interface' with build type 'ament_cmake'
[0.540s] INFO:colcon.colcon_cmake.task.cmake.build:Building CMake package in '/home/matthias/xplore2023/hd_ws/src/control/hw_interface'
[0.541s] INFO:colcon.colcon_core.shell:Skip shell extension 'powershell' for command environment: Not usable outside of PowerShell
[0.541s] DEBUG:colcon.colcon_core.shell:Skip shell extension 'dsv' for command environment
[0.545s] INFO:colcon.colcon_ros.task.ament_cmake.build:Building ROS package in '/home/matthias/xplore2023/hd_ws/src/control/moveit_api_test' with build type 'ament_cmake'
[0.545s] INFO:colcon.colcon_cmake.task.cmake.build:Building CMake package in '/home/matthias/xplore2023/hd_ws/src/control/moveit_api_test'
[0.547s] INFO:colcon.colcon_core.shell:Skip shell extension 'powershell' for command environment: Not usable outside of PowerShell
[0.547s] DEBUG:colcon.colcon_core.shell:Skip shell extension 'dsv' for command environment
[0.551s] INFO:colcon.colcon_ros.task.ament_python.build:Building ROS package in '/home/matthias/xplore2023/hd_ws/src/control/task_execution' with build type 'ament_python'
[0.551s] Level 1:colcon.colcon_core.shell:create_environment_hook('task_execution', 'ament_prefix_path')
[0.552s] INFO:colcon.colcon_core.shell:Creating environment hook '/home/matthias/xplore2023/hd_ws/install/task_execution/share/task_execution/hook/ament_prefix_path.ps1'
[0.552s] INFO:colcon.colcon_core.shell:Creating environment descriptor '/home/matthias/xplore2023/hd_ws/install/task_execution/share/task_execution/hook/ament_prefix_path.dsv'
[0.553s] INFO:colcon.colcon_core.shell:Creating environment hook '/home/matthias/xplore2023/hd_ws/install/task_execution/share/task_execution/hook/ament_prefix_path.sh'
[0.554s] INFO:colcon.colcon_core.shell:Skip shell extension 'powershell' for command environment: Not usable outside of PowerShell
[0.554s] DEBUG:colcon.colcon_core.shell:Skip shell extension 'dsv' for command environment
[0.565s] DEBUG:colcon.colcon_core.event_handler.log_command:Invoking command in '/home/matthias/xplore2023/hd_ws/build/astra_description': CMAKE_PREFIX_PATH=${CMAKE_PREFIX_PATH}:/home/matthias/xplore2023/hd_ws/install/task_execution:/home/matthias/xplore2023/hd_ws/install/manager:/opt/ros/humble /usr/bin/cmake --build /home/matthias/xplore2023/hd_ws/build/astra_description -- -j12 -l12
[0.567s] DEBUG:colcon.colcon_core.event_handler.log_command:Invoking command in '/home/matthias/xplore2023/hd_ws/build/astra_interfaces': CMAKE_PREFIX_PATH=${CMAKE_PREFIX_PATH}:/home/matthias/xplore2023/hd_ws/install/task_execution:/home/matthias/xplore2023/hd_ws/install/manager:/opt/ros/humble /usr/bin/cmake --build /home/matthias/xplore2023/hd_ws/build/astra_interfaces -- -j12 -l12
[0.569s] DEBUG:colcon.colcon_core.event_handler.log_command:Invoking command in '/home/matthias/xplore2023/hd_ws/build/hw_interface': CMAKE_PREFIX_PATH=${CMAKE_PREFIX_PATH}:/home/matthias/xplore2023/hd_ws/install/task_execution:/home/matthias/xplore2023/hd_ws/install/manager:/opt/ros/humble /usr/bin/cmake --build /home/matthias/xplore2023/hd_ws/build/hw_interface -- -j12 -l12
[0.572s] DEBUG:colcon.colcon_core.event_handler.log_command:Invoking command in '/home/matthias/xplore2023/hd_ws/build/moveit_api_test': CMAKE_PREFIX_PATH=${CMAKE_PREFIX_PATH}:/home/matthias/xplore2023/hd_ws/install/task_execution:/home/matthias/xplore2023/hd_ws/install/manager:/opt/ros/humble /usr/bin/cmake --build /home/matthias/xplore2023/hd_ws/build/moveit_api_test -- -j12 -l12
[0.833s] INFO:colcon.colcon_core.task.python.build:Building Python package in '/home/matthias/xplore2023/hd_ws/src/control/task_execution'
[0.834s] INFO:colcon.colcon_core.shell:Skip shell extension 'powershell' for command environment: Not usable outside of PowerShell
[0.834s] DEBUG:colcon.colcon_core.shell:Skip shell extension 'dsv' for command environment
[0.839s] DEBUG:colcon.colcon_core.event_handler.log_command:Invoked command in '/home/matthias/xplore2023/hd_ws/build/hw_interface' returned '0': CMAKE_PREFIX_PATH=${CMAKE_PREFIX_PATH}:/home/matthias/xplore2023/hd_ws/install/task_execution:/home/matthias/xplore2023/hd_ws/install/manager:/opt/ros/humble /usr/bin/cmake --build /home/matthias/xplore2023/hd_ws/build/hw_interface -- -j12 -l12
[0.840s] DEBUG:colcon.colcon_core.event_handler.log_command:Invoked command in '/home/matthias/xplore2023/hd_ws/build/astra_description' returned '0': CMAKE_PREFIX_PATH=${CMAKE_PREFIX_PATH}:/home/matthias/xplore2023/hd_ws/install/task_execution:/home/matthias/xplore2023/hd_ws/install/manager:/opt/ros/humble /usr/bin/cmake --build /home/matthias/xplore2023/hd_ws/build/astra_description -- -j12 -l12
[0.865s] DEBUG:colcon.colcon_core.event_handler.log_command:Invoking command in '/home/matthias/xplore2023/hd_ws/build/hw_interface': CMAKE_PREFIX_PATH=${CMAKE_PREFIX_PATH}:/home/matthias/xplore2023/hd_ws/install/task_execution:/home/matthias/xplore2023/hd_ws/install/manager:/opt/ros/humble /usr/bin/cmake --install /home/matthias/xplore2023/hd_ws/build/hw_interface
[0.867s] DEBUG:colcon.colcon_core.event_handler.log_command:Invoking command in '/home/matthias/xplore2023/hd_ws/build/astra_description': CMAKE_PREFIX_PATH=${CMAKE_PREFIX_PATH}:/home/matthias/xplore2023/hd_ws/install/task_execution:/home/matthias/xplore2023/hd_ws/install/manager:/opt/ros/humble /usr/bin/cmake --install /home/matthias/xplore2023/hd_ws/build/astra_description
[0.873s] Level 1:colcon.colcon_core.environment:create_environment_scripts_only(hw_interface)
[0.874s] DEBUG:colcon.colcon_core.event_handler.log_command:Invoked command in '/home/matthias/xplore2023/hd_ws/build/hw_interface' returned '0': CMAKE_PREFIX_PATH=${CMAKE_PREFIX_PATH}:/home/matthias/xplore2023/hd_ws/install/task_execution:/home/matthias/xplore2023/hd_ws/install/manager:/opt/ros/humble /usr/bin/cmake --install /home/matthias/xplore2023/hd_ws/build/hw_interface
[0.882s] Level 1:colcon.colcon_core.environment:checking '/home/matthias/xplore2023/hd_ws/install/hw_interface' for CMake module files
[0.883s] Level 1:colcon.colcon_core.environment:checking '/home/matthias/xplore2023/hd_ws/install/hw_interface' for CMake config files
[0.883s] Level 1:colcon.colcon_core.shell:create_environment_hook('hw_interface', 'cmake_prefix_path')
[0.885s] INFO:colcon.colcon_core.shell:Creating environment hook '/home/matthias/xplore2023/hd_ws/install/hw_interface/share/hw_interface/hook/cmake_prefix_path.ps1'
[0.886s] INFO:colcon.colcon_core.shell:Creating environment descriptor '/home/matthias/xplore2023/hd_ws/install/hw_interface/share/hw_interface/hook/cmake_prefix_path.dsv'
[0.886s] INFO:colcon.colcon_core.shell:Creating environment hook '/home/matthias/xplore2023/hd_ws/install/hw_interface/share/hw_interface/hook/cmake_prefix_path.sh'
[0.887s] Level 1:colcon.colcon_core.environment:checking '/home/matthias/xplore2023/hd_ws/install/hw_interface/bin'
[0.887s] Level 1:colcon.colcon_core.environment:checking '/home/matthias/xplore2023/hd_ws/install/hw_interface/lib/pkgconfig/hw_interface.pc'
[0.887s] Level 1:colcon.colcon_core.environment:checking '/home/matthias/xplore2023/hd_ws/install/hw_interface/lib/python3.10/site-packages'
[0.887s] Level 1:colcon.colcon_core.environment:checking '/home/matthias/xplore2023/hd_ws/install/hw_interface/bin'
[0.890s] INFO:colcon.colcon_core.shell:Creating package script '/home/matthias/xplore2023/hd_ws/install/hw_interface/share/hw_interface/package.ps1'
[0.891s] INFO:colcon.colcon_core.shell:Creating package descriptor '/home/matthias/xplore2023/hd_ws/install/hw_interface/share/hw_interface/package.dsv'
[0.891s] INFO:colcon.colcon_core.shell:Creating package script '/home/matthias/xplore2023/hd_ws/install/hw_interface/share/hw_interface/package.sh'
[0.892s] INFO:colcon.colcon_core.shell:Creating package script '/home/matthias/xplore2023/hd_ws/install/hw_interface/share/hw_interface/package.bash'
[0.893s] INFO:colcon.colcon_core.shell:Creating package script '/home/matthias/xplore2023/hd_ws/install/hw_interface/share/hw_interface/package.zsh'
[0.894s] Level 1:colcon.colcon_core.environment:create_file_with_runtime_dependencies(/home/matthias/xplore2023/hd_ws/install/hw_interface/share/colcon-core/packages/hw_interface)
[0.896s] Level 1:colcon.colcon_core.environment:create_environment_scripts_only(astra_description)
[0.899s] Level 1:colcon.colcon_core.environment:checking '/home/matthias/xplore2023/hd_ws/install/astra_description' for CMake module files
[0.900s] DEBUG:colcon.colcon_core.event_handler.log_command:Invoked command in '/home/matthias/xplore2023/hd_ws/build/astra_description' returned '0': CMAKE_PREFIX_PATH=${CMAKE_PREFIX_PATH}:/home/matthias/xplore2023/hd_ws/install/task_execution:/home/matthias/xplore2023/hd_ws/install/manager:/opt/ros/humble /usr/bin/cmake --install /home/matthias/xplore2023/hd_ws/build/astra_description
[0.900s] Level 1:colcon.colcon_core.environment:checking '/home/matthias/xplore2023/hd_ws/install/astra_description' for CMake config files
[0.901s] Level 1:colcon.colcon_core.shell:create_environment_hook('astra_description', 'cmake_prefix_path')
[0.903s] INFO:colcon.colcon_core.shell:Creating environment hook '/home/matthias/xplore2023/hd_ws/install/astra_description/share/astra_description/hook/cmake_prefix_path.ps1'
[0.904s] INFO:colcon.colcon_core.shell:Creating environment descriptor '/home/matthias/xplore2023/hd_ws/install/astra_description/share/astra_description/hook/cmake_prefix_path.dsv'
[0.904s] INFO:colcon.colcon_core.shell:Creating environment hook '/home/matthias/xplore2023/hd_ws/install/astra_description/share/astra_description/hook/cmake_prefix_path.sh'
[0.904s] Level 1:colcon.colcon_core.environment:checking '/home/matthias/xplore2023/hd_ws/install/astra_description/bin'
[0.905s] Level 1:colcon.colcon_core.environment:checking '/home/matthias/xplore2023/hd_ws/install/astra_description/lib/pkgconfig/astra_description.pc'
[0.905s] Level 1:colcon.colcon_core.environment:checking '/home/matthias/xplore2023/hd_ws/install/astra_description/lib/python3.10/site-packages'
[0.905s] Level 1:colcon.colcon_core.environment:checking '/home/matthias/xplore2023/hd_ws/install/astra_description/bin'
[0.907s] INFO:colcon.colcon_core.shell:Creating package script '/home/matthias/xplore2023/hd_ws/install/astra_description/share/astra_description/package.ps1'
[0.908s] INFO:colcon.colcon_core.shell:Creating package descriptor '/home/matthias/xplore2023/hd_ws/install/astra_description/share/astra_description/package.dsv'
[0.908s] INFO:colcon.colcon_core.shell:Creating package script '/home/matthias/xplore2023/hd_ws/install/astra_description/share/astra_description/package.sh'
[0.909s] INFO:colcon.colcon_core.shell:Creating package script '/home/matthias/xplore2023/hd_ws/install/astra_description/share/astra_description/package.bash'
[0.909s] INFO:colcon.colcon_core.shell:Creating package script '/home/matthias/xplore2023/hd_ws/install/astra_description/share/astra_description/package.zsh'
[0.910s] Level 1:colcon.colcon_core.environment:create_file_with_runtime_dependencies(/home/matthias/xplore2023/hd_ws/install/astra_description/share/colcon-core/packages/astra_description)
[0.914s] Level 1:colcon.colcon_core.environment:create_environment_scripts_only(hw_interface)
[0.917s] Level 1:colcon.colcon_core.environment:checking '/home/matthias/xplore2023/hd_ws/install/hw_interface' for CMake module files
[0.918s] Level 1:colcon.colcon_core.environment:checking '/home/matthias/xplore2023/hd_ws/install/hw_interface' for CMake config files
[0.918s] Level 1:colcon.colcon_core.shell:create_environment_hook('hw_interface', 'cmake_prefix_path')
[0.920s] INFO:colcon.colcon_core.shell:Creating environment hook '/home/matthias/xplore2023/hd_ws/install/hw_interface/share/hw_interface/hook/cmake_prefix_path.ps1'
[0.921s] INFO:colcon.colcon_core.shell:Creating environment descriptor '/home/matthias/xplore2023/hd_ws/install/hw_interface/share/hw_interface/hook/cmake_prefix_path.dsv'
[0.921s] INFO:colcon.colcon_core.shell:Creating environment hook '/home/matthias/xplore2023/hd_ws/install/hw_interface/share/hw_interface/hook/cmake_prefix_path.sh'
[0.922s] Level 1:colcon.colcon_core.environment:checking '/home/matthias/xplore2023/hd_ws/install/hw_interface/bin'
[0.922s] Level 1:colcon.colcon_core.environment:checking '/home/matthias/xplore2023/hd_ws/install/hw_interface/lib/pkgconfig/hw_interface.pc'
[0.922s] Level 1:colcon.colcon_core.environment:checking '/home/matthias/xplore2023/hd_ws/install/hw_interface/lib/python3.10/site-packages'
[0.922s] Level 1:colcon.colcon_core.environment:checking '/home/matthias/xplore2023/hd_ws/install/hw_interface/bin'
[0.925s] INFO:colcon.colcon_core.shell:Creating package script '/home/matthias/xplore2023/hd_ws/install/hw_interface/share/hw_interface/package.ps1'
[0.925s] INFO:colcon.colcon_core.shell:Creating package descriptor '/home/matthias/xplore2023/hd_ws/install/hw_interface/share/hw_interface/package.dsv'
[0.926s] INFO:colcon.colcon_core.shell:Creating package script '/home/matthias/xplore2023/hd_ws/install/hw_interface/share/hw_interface/package.sh'
[0.926s] INFO:colcon.colcon_core.shell:Creating package script '/home/matthias/xplore2023/hd_ws/install/hw_interface/share/hw_interface/package.bash'
[0.927s] INFO:colcon.colcon_core.shell:Creating package script '/home/matthias/xplore2023/hd_ws/install/hw_interface/share/hw_interface/package.zsh'
[0.927s] Level 1:colcon.colcon_core.environment:create_file_with_runtime_dependencies(/home/matthias/xplore2023/hd_ws/install/hw_interface/share/colcon-core/packages/hw_interface)
[0.930s] Level 1:colcon.colcon_core.environment:create_environment_scripts_only(astra_description)
[0.933s] Level 1:colcon.colcon_core.environment:checking '/home/matthias/xplore2023/hd_ws/install/astra_description' for CMake module files
[0.934s] Level 1:colcon.colcon_core.environment:checking '/home/matthias/xplore2023/hd_ws/install/astra_description' for CMake config files
[0.934s] Level 1:colcon.colcon_core.shell:create_environment_hook('astra_description', 'cmake_prefix_path')
[0.936s] INFO:colcon.colcon_core.shell:Creating environment hook '/home/matthias/xplore2023/hd_ws/install/astra_description/share/astra_description/hook/cmake_prefix_path.ps1'
[0.936s] INFO:colcon.colcon_core.shell:Creating environment descriptor '/home/matthias/xplore2023/hd_ws/install/astra_description/share/astra_description/hook/cmake_prefix_path.dsv'
[0.937s] INFO:colcon.colcon_core.shell:Creating environment hook '/home/matthias/xplore2023/hd_ws/install/astra_description/share/astra_description/hook/cmake_prefix_path.sh'
[0.937s] Level 1:colcon.colcon_core.environment:checking '/home/matthias/xplore2023/hd_ws/install/astra_description/bin'
[0.938s] Level 1:colcon.colcon_core.environment:checking '/home/matthias/xplore2023/hd_ws/install/astra_description/lib/pkgconfig/astra_description.pc'
[0.938s] Level 1:colcon.colcon_core.environment:checking '/home/matthias/xplore2023/hd_ws/install/astra_description/lib/python3.10/site-packages'
[0.938s] Level 1:colcon.colcon_core.environment:checking '/home/matthias/xplore2023/hd_ws/install/astra_description/bin'
[0.940s] INFO:colcon.colcon_core.shell:Creating package script '/home/matthias/xplore2023/hd_ws/install/astra_description/share/astra_description/package.ps1'
[0.941s] INFO:colcon.colcon_core.shell:Creating package descriptor '/home/matthias/xplore2023/hd_ws/install/astra_description/share/astra_description/package.dsv'
[0.942s] INFO:colcon.colcon_core.shell:Creating package script '/home/matthias/xplore2023/hd_ws/install/astra_description/share/astra_description/package.sh'
[0.942s] INFO:colcon.colcon_core.shell:Creating package script '/home/matthias/xplore2023/hd_ws/install/astra_description/share/astra_description/package.bash'
[0.943s] INFO:colcon.colcon_core.shell:Creating package script '/home/matthias/xplore2023/hd_ws/install/astra_description/share/astra_description/package.zsh'
[0.943s] Level 1:colcon.colcon_core.environment:create_file_with_runtime_dependencies(/home/matthias/xplore2023/hd_ws/install/astra_description/share/colcon-core/packages/astra_description)
[0.943s] INFO:colcon.colcon_ros.task.ament_cmake.build:Building ROS package in '/home/matthias/xplore2023/hd_ws/src/control/astra_moveit_config' with build type 'ament_cmake'
[0.944s] INFO:colcon.colcon_cmake.task.cmake.build:Building CMake package in '/home/matthias/xplore2023/hd_ws/src/control/astra_moveit_config'
[0.946s] INFO:colcon.colcon_core.shell:Skip shell extension 'powershell' for command environment: Not usable outside of PowerShell
[0.946s] DEBUG:colcon.colcon_core.shell:Skip shell extension 'dsv' for command environment
[0.959s] DEBUG:colcon.colcon_core.event_handler.log_command:Invoking command in '/home/matthias/xplore2023/hd_ws/build/astra_moveit_config': CMAKE_PREFIX_PATH=/home/matthias/xplore2023/hd_ws/install/astra_description:/home/matthias/xplore2023/hd_ws/install/hw_interface:/home/matthias/xplore2023/hd_ws/install/astra_moveit_config:/home/matthias/xplore2023/hd_ws/install/astra_interfaces:/home/matthias/xplore2023/hd_ws/install/task_execution:/home/matthias/xplore2023/hd_ws/install/manager:/opt/ros/humble /usr/bin/cmake --build /home/matthias/xplore2023/hd_ws/build/astra_moveit_config -- -j12 -l12
[0.989s] DEBUG:colcon.colcon_core.event_handler.log_command:Invoked command in '/home/matthias/xplore2023/hd_ws/build/astra_moveit_config' returned '0': CMAKE_PREFIX_PATH=/home/matthias/xplore2023/hd_ws/install/astra_description:/home/matthias/xplore2023/hd_ws/install/hw_interface:/home/matthias/xplore2023/hd_ws/install/astra_moveit_config:/home/matthias/xplore2023/hd_ws/install/astra_interfaces:/home/matthias/xplore2023/hd_ws/install/task_execution:/home/matthias/xplore2023/hd_ws/install/manager:/opt/ros/humble /usr/bin/cmake --build /home/matthias/xplore2023/hd_ws/build/astra_moveit_config -- -j12 -l12
[1.008s] DEBUG:colcon.colcon_core.event_handler.log_command:Invoking command in '/home/matthias/xplore2023/hd_ws/build/astra_moveit_config': CMAKE_PREFIX_PATH=/home/matthias/xplore2023/hd_ws/install/astra_description:/home/matthias/xplore2023/hd_ws/install/hw_interface:/home/matthias/xplore2023/hd_ws/install/astra_moveit_config:/home/matthias/xplore2023/hd_ws/install/astra_interfaces:/home/matthias/xplore2023/hd_ws/install/task_execution:/home/matthias/xplore2023/hd_ws/install/manager:/opt/ros/humble /usr/bin/cmake --install /home/matthias/xplore2023/hd_ws/build/astra_moveit_config
[1.018s] Level 1:colcon.colcon_core.environment:create_environment_scripts_only(astra_moveit_config)
[1.020s] Level 1:colcon.colcon_core.environment:checking '/home/matthias/xplore2023/hd_ws/install/astra_moveit_config' for CMake module files
[1.021s] DEBUG:colcon.colcon_core.event_handler.log_command:Invoked command in '/home/matthias/xplore2023/hd_ws/build/astra_moveit_config' returned '0': CMAKE_PREFIX_PATH=/home/matthias/xplore2023/hd_ws/install/astra_description:/home/matthias/xplore2023/hd_ws/install/hw_interface:/home/matthias/xplore2023/hd_ws/install/astra_moveit_config:/home/matthias/xplore2023/hd_ws/install/astra_interfaces:/home/matthias/xplore2023/hd_ws/install/task_execution:/home/matthias/xplore2023/hd_ws/install/manager:/opt/ros/humble /usr/bin/cmake --install /home/matthias/xplore2023/hd_ws/build/astra_moveit_config
[1.021s] Level 1:colcon.colcon_core.environment:checking '/home/matthias/xplore2023/hd_ws/install/astra_moveit_config' for CMake config files
[1.022s] Level 1:colcon.colcon_core.shell:create_environment_hook('astra_moveit_config', 'cmake_prefix_path')
[1.023s] INFO:colcon.colcon_core.shell:Creating environment hook '/home/matthias/xplore2023/hd_ws/install/astra_moveit_config/share/astra_moveit_config/hook/cmake_prefix_path.ps1'
[1.024s] INFO:colcon.colcon_core.shell:Creating environment descriptor '/home/matthias/xplore2023/hd_ws/install/astra_moveit_config/share/astra_moveit_config/hook/cmake_prefix_path.dsv'
[1.024s] INFO:colcon.colcon_core.shell:Creating environment hook '/home/matthias/xplore2023/hd_ws/install/astra_moveit_config/share/astra_moveit_config/hook/cmake_prefix_path.sh'
[1.024s] Level 1:colcon.colcon_core.environment:checking '/home/matthias/xplore2023/hd_ws/install/astra_moveit_config/bin'
[1.024s] Level 1:colcon.colcon_core.environment:checking '/home/matthias/xplore2023/hd_ws/install/astra_moveit_config/lib/pkgconfig/astra_moveit_config.pc'
[1.025s] Level 1:colcon.colcon_core.environment:checking '/home/matthias/xplore2023/hd_ws/install/astra_moveit_config/lib/python3.10/site-packages'
[1.025s] Level 1:colcon.colcon_core.environment:checking '/home/matthias/xplore2023/hd_ws/install/astra_moveit_config/bin'
[1.026s] INFO:colcon.colcon_core.shell:Creating package script '/home/matthias/xplore2023/hd_ws/install/astra_moveit_config/share/astra_moveit_config/package.ps1'
[1.026s] INFO:colcon.colcon_core.shell:Creating package descriptor '/home/matthias/xplore2023/hd_ws/install/astra_moveit_config/share/astra_moveit_config/package.dsv'
[1.027s] INFO:colcon.colcon_core.shell:Creating package script '/home/matthias/xplore2023/hd_ws/install/astra_moveit_config/share/astra_moveit_config/package.sh'
[1.027s] INFO:colcon.colcon_core.shell:Creating package script '/home/matthias/xplore2023/hd_ws/install/astra_moveit_config/share/astra_moveit_config/package.bash'
[1.027s] INFO:colcon.colcon_core.shell:Creating package script '/home/matthias/xplore2023/hd_ws/install/astra_moveit_config/share/astra_moveit_config/package.zsh'
[1.028s] Level 1:colcon.colcon_core.environment:create_file_with_runtime_dependencies(/home/matthias/xplore2023/hd_ws/install/astra_moveit_config/share/colcon-core/packages/astra_moveit_config)
[1.047s] Level 1:colcon.colcon_core.environment:create_environment_scripts_only(astra_moveit_config)
[1.050s] Level 1:colcon.colcon_core.environment:checking '/home/matthias/xplore2023/hd_ws/install/astra_moveit_config' for CMake module files
[1.051s] Level 1:colcon.colcon_core.environment:checking '/home/matthias/xplore2023/hd_ws/install/astra_moveit_config' for CMake config files
[1.051s] Level 1:colcon.colcon_core.shell:create_environment_hook('astra_moveit_config', 'cmake_prefix_path')
[1.053s] INFO:colcon.colcon_core.shell:Creating environment hook '/home/matthias/xplore2023/hd_ws/install/astra_moveit_config/share/astra_moveit_config/hook/cmake_prefix_path.ps1'
[1.054s] INFO:colcon.colcon_core.shell:Creating environment descriptor '/home/matthias/xplore2023/hd_ws/install/astra_moveit_config/share/astra_moveit_config/hook/cmake_prefix_path.dsv'
[1.054s] INFO:colcon.colcon_core.shell:Creating environment hook '/home/matthias/xplore2023/hd_ws/install/astra_moveit_config/share/astra_moveit_config/hook/cmake_prefix_path.sh'
[1.055s] Level 1:colcon.colcon_core.environment:checking '/home/matthias/xplore2023/hd_ws/install/astra_moveit_config/bin'
[1.055s] Level 1:colcon.colcon_core.environment:checking '/home/matthias/xplore2023/hd_ws/install/astra_moveit_config/lib/pkgconfig/astra_moveit_config.pc'
[1.055s] Level 1:colcon.colcon_core.environment:checking '/home/matthias/xplore2023/hd_ws/install/astra_moveit_config/lib/python3.10/site-packages'
[1.056s] Level 1:colcon.colcon_core.environment:checking '/home/matthias/xplore2023/hd_ws/install/astra_moveit_config/bin'
[1.058s] INFO:colcon.colcon_core.shell:Creating package script '/home/matthias/xplore2023/hd_ws/install/astra_moveit_config/share/astra_moveit_config/package.ps1'
[1.058s] INFO:colcon.colcon_core.shell:Creating package descriptor '/home/matthias/xplore2023/hd_ws/install/astra_moveit_config/share/astra_moveit_config/package.dsv'
[1.059s] INFO:colcon.colcon_core.shell:Creating package script '/home/matthias/xplore2023/hd_ws/install/astra_moveit_config/share/astra_moveit_config/package.sh'
[1.060s] INFO:colcon.colcon_core.shell:Creating package script '/home/matthias/xplore2023/hd_ws/install/astra_moveit_config/share/astra_moveit_config/package.bash'
[1.060s] INFO:colcon.colcon_core.shell:Creating package script '/home/matthias/xplore2023/hd_ws/install/astra_moveit_config/share/astra_moveit_config/package.zsh'
[1.061s] Level 1:colcon.colcon_core.environment:create_file_with_runtime_dependencies(/home/matthias/xplore2023/hd_ws/install/astra_moveit_config/share/colcon-core/packages/astra_moveit_config)
[1.341s] DEBUG:colcon.colcon_core.event_handler.log_command:Invoking command in '/home/matthias/xplore2023/hd_ws/src/control/task_execution': PYTHONPATH=/home/matthias/xplore2023/hd_ws/build/task_execution/prefix_override:/home/matthias/xplore2023/hd_ws/install/task_execution/lib/python3.10/site-packages:${PYTHONPATH} /usr/bin/python3 setup.py egg_info --egg-base ../../../build/task_execution build --build-base /home/matthias/xplore2023/hd_ws/build/task_execution/build install --record /home/matthias/xplore2023/hd_ws/build/task_execution/install.log --single-version-externally-managed
[1.623s] Level 1:colcon.colcon_core.environment:checking '/home/matthias/xplore2023/hd_ws/install/task_execution' for CMake module files
[1.623s] DEBUG:colcon.colcon_core.event_handler.log_command:Invoked command in '/home/matthias/xplore2023/hd_ws/src/control/task_execution' returned '0': PYTHONPATH=/home/matthias/xplore2023/hd_ws/build/task_execution/prefix_override:/home/matthias/xplore2023/hd_ws/install/task_execution/lib/python3.10/site-packages:${PYTHONPATH} /usr/bin/python3 setup.py egg_info --egg-base ../../../build/task_execution build --build-base /home/matthias/xplore2023/hd_ws/build/task_execution/build install --record /home/matthias/xplore2023/hd_ws/build/task_execution/install.log --single-version-externally-managed
[1.624s] Level 1:colcon.colcon_core.environment:checking '/home/matthias/xplore2023/hd_ws/install/task_execution' for CMake config files
[1.625s] Level 1:colcon.colcon_core.environment:checking '/home/matthias/xplore2023/hd_ws/install/task_execution/lib'
[1.625s] Level 1:colcon.colcon_core.environment:checking '/home/matthias/xplore2023/hd_ws/install/task_execution/bin'
[1.625s] Level 1:colcon.colcon_core.environment:checking '/home/matthias/xplore2023/hd_ws/install/task_execution/lib/pkgconfig/task_execution.pc'
[1.626s] Level 1:colcon.colcon_core.environment:checking '/home/matthias/xplore2023/hd_ws/install/task_execution/lib/python3.10/site-packages'
[1.626s] Level 1:colcon.colcon_core.shell:create_environment_hook('task_execution', 'pythonpath')
[1.627s] INFO:colcon.colcon_core.shell:Creating environment hook '/home/matthias/xplore2023/hd_ws/install/task_execution/share/task_execution/hook/pythonpath.ps1'
[1.627s] INFO:colcon.colcon_core.shell:Creating environment descriptor '/home/matthias/xplore2023/hd_ws/install/task_execution/share/task_execution/hook/pythonpath.dsv'
[1.627s] INFO:colcon.colcon_core.shell:Creating environment hook '/home/matthias/xplore2023/hd_ws/install/task_execution/share/task_execution/hook/pythonpath.sh'
[1.628s] Level 1:colcon.colcon_core.environment:checking '/home/matthias/xplore2023/hd_ws/install/task_execution/bin'
[1.628s] Level 1:colcon.colcon_core.environment:create_environment_scripts_only(task_execution)
[1.630s] INFO:colcon.colcon_core.shell:Creating package script '/home/matthias/xplore2023/hd_ws/install/task_execution/share/task_execution/package.ps1'
[1.631s] INFO:colcon.colcon_core.shell:Creating package descriptor '/home/matthias/xplore2023/hd_ws/install/task_execution/share/task_execution/package.dsv'
[1.631s] INFO:colcon.colcon_core.shell:Creating package script '/home/matthias/xplore2023/hd_ws/install/task_execution/share/task_execution/package.sh'
[1.631s] INFO:colcon.colcon_core.shell:Creating package script '/home/matthias/xplore2023/hd_ws/install/task_execution/share/task_execution/package.bash'
[1.631s] INFO:colcon.colcon_core.shell:Creating package script '/home/matthias/xplore2023/hd_ws/install/task_execution/share/task_execution/package.zsh'
[1.632s] Level 1:colcon.colcon_core.environment:create_file_with_runtime_dependencies(/home/matthias/xplore2023/hd_ws/install/task_execution/share/colcon-core/packages/task_execution)
[2.803s] DEBUG:colcon.colcon_core.event_handler.log_command:Invoked command in '/home/matthias/xplore2023/hd_ws/build/moveit_api_test' returned '2': CMAKE_PREFIX_PATH=${CMAKE_PREFIX_PATH}:/home/matthias/xplore2023/hd_ws/install/task_execution:/home/matthias/xplore2023/hd_ws/install/manager:/opt/ros/humble /usr/bin/cmake --build /home/matthias/xplore2023/hd_ws/build/moveit_api_test -- -j12 -l12
[2.892s] Level 1:colcon.colcon_core.environment:create_environment_scripts_only(moveit_api_test)
[2.896s] Level 1:colcon.colcon_core.environment:checking '/home/matthias/xplore2023/hd_ws/install/moveit_api_test' for CMake module files
[2.897s] Level 1:colcon.colcon_core.environment:checking '/home/matthias/xplore2023/hd_ws/install/moveit_api_test' for CMake config files
[2.898s] Level 1:colcon.colcon_core.environment:checking '/home/matthias/xplore2023/hd_ws/install/moveit_api_test/bin'
[2.898s] Level 1:colcon.colcon_core.environment:checking '/home/matthias/xplore2023/hd_ws/install/moveit_api_test/lib/pkgconfig/moveit_api_test.pc'
[2.899s] Level 1:colcon.colcon_core.environment:checking '/home/matthias/xplore2023/hd_ws/install/moveit_api_test/lib/python3.10/site-packages'
[2.899s] Level 1:colcon.colcon_core.environment:checking '/home/matthias/xplore2023/hd_ws/install/moveit_api_test/bin'
[2.902s] INFO:colcon.colcon_core.shell:Creating package script '/home/matthias/xplore2023/hd_ws/install/moveit_api_test/share/moveit_api_test/package.ps1'
[2.904s] INFO:colcon.colcon_core.shell:Creating package descriptor '/home/matthias/xplore2023/hd_ws/install/moveit_api_test/share/moveit_api_test/package.dsv'
[2.905s] INFO:colcon.colcon_core.shell:Creating package script '/home/matthias/xplore2023/hd_ws/install/moveit_api_test/share/moveit_api_test/package.sh'
[2.906s] INFO:colcon.colcon_core.shell:Creating package script '/home/matthias/xplore2023/hd_ws/install/moveit_api_test/share/moveit_api_test/package.bash'
[2.909s] INFO:colcon.colcon_core.shell:Creating package script '/home/matthias/xplore2023/hd_ws/install/moveit_api_test/share/moveit_api_test/package.zsh'
[2.909s] Level 1:colcon.colcon_core.environment:create_file_with_runtime_dependencies(/home/matthias/xplore2023/hd_ws/install/moveit_api_test/share/colcon-core/packages/moveit_api_test)
[4.867s] DEBUG:colcon.colcon_parallel_executor.executor.parallel:closing loop
[4.867s] DEBUG:colcon.colcon_parallel_executor.executor.parallel:loop closed
[4.867s] DEBUG:colcon.colcon_parallel_executor.executor.parallel:run_until_complete finished with '2'
[4.867s] DEBUG:colcon.colcon_core.event_reactor:joining thread
[4.878s] INFO:colcon.colcon_core.plugin_system:Skipping extension 'colcon_notification.desktop_notification.terminal_notifier': Not used on non-Darwin systems
[4.878s] INFO:colcon.colcon_core.plugin_system:Skipping extension 'colcon_notification.desktop_notification.win32': Not used on non-Windows systems
[4.879s] INFO:colcon.colcon_notification.desktop_notification:Sending desktop notification using 'notify2'
[4.916s] DEBUG:colcon.colcon_core.event_reactor:joined thread
[4.921s] INFO:colcon.colcon_core.shell:Creating prefix script '/home/matthias/xplore2023/hd_ws/install/local_setup.ps1'
[4.924s] INFO:colcon.colcon_core.shell:Creating prefix util module '/home/matthias/xplore2023/hd_ws/install/_local_setup_util_ps1.py'
[4.928s] INFO:colcon.colcon_core.shell:Creating prefix chain script '/home/matthias/xplore2023/hd_ws/install/setup.ps1'
[4.934s] INFO:colcon.colcon_core.shell:Creating prefix script '/home/matthias/xplore2023/hd_ws/install/local_setup.sh'
[4.935s] INFO:colcon.colcon_core.shell:Creating prefix util module '/home/matthias/xplore2023/hd_ws/install/_local_setup_util_sh.py'
[4.937s] INFO:colcon.colcon_core.shell:Creating prefix chain script '/home/matthias/xplore2023/hd_ws/install/setup.sh'
[4.942s] INFO:colcon.colcon_core.shell:Creating prefix script '/home/matthias/xplore2023/hd_ws/install/local_setup.bash'
[4.944s] INFO:colcon.colcon_core.shell:Creating prefix chain script '/home/matthias/xplore2023/hd_ws/install/setup.bash'
[4.949s] INFO:colcon.colcon_core.shell:Creating prefix script '/home/matthias/xplore2023/hd_ws/install/local_setup.zsh'
[4.951s] INFO:colcon.colcon_core.shell:Creating prefix chain script '/home/matthias/xplore2023/hd_ws/install/setup.zsh'
