[4.090s] Invoking command in '/home/xplore/Desktop/main_HD_workspace/2023/ros2_ws/src/vision': LD_LIBRARY_PATH=/home/xplore/Desktop/main_HD_workspace/2023/ros2_ws/install/interfaces/lib:/usr/lib/aarch64-linux-gnu/gazebo-11/plugins:/opt/ros/foxy/opt/yaml_cpp_vendor/lib:/opt/ros/foxy/opt/rviz_ogre_vendor/lib:/opt/ros/foxy/lib/aarch64-linux-gnu:/opt/ros/foxy/lib:/usr/local/cuda-11.4/lib64 PYTHONPATH=/home/xplore/Desktop/main_HD_workspace/2023/ros2_ws/build/vision/prefix_override:/home/xplore/Desktop/main_HD_workspace/2023/ros2_ws/install/vision/lib/python3.8/site-packages:/home/xplore/Desktop/main_HD_workspace/2023/ros2_ws/install/interfaces/lib/python3.8/site-packages:/home/xplore/Desktop/main_HD_workspace/2023/ros2_ws/install/vision/lib/python3.8/site-packages:/opt/ros/foxy/lib/python3.8/site-packages:/usr/local/lib:/usr/local/lib/python3.8/pyrealsense2:/usr/lib/python2.7/dist-packages/pyrealsense2 /usr/bin/python3 setup.py egg_info --egg-base ../../build/vision build --build-base /home/xplore/Desktop/main_HD_workspace/2023/ros2_ws/build/vision/build install --record /home/xplore/Desktop/main_HD_workspace/2023/ros2_ws/build/vision/install.log --single-version-externally-managed
[5.410s] running egg_info
[5.415s] writing ../../build/vision/vision.egg-info/PKG-INFO
[5.417s] writing dependency_links to ../../build/vision/vision.egg-info/dependency_links.txt
[5.423s] writing entry points to ../../build/vision/vision.egg-info/entry_points.txt
[5.424s] writing requirements to ../../build/vision/vision.egg-info/requires.txt
[5.424s] writing top-level names to ../../build/vision/vision.egg-info/top_level.txt
[5.624s] reading manifest file '../../build/vision/vision.egg-info/SOURCES.txt'
[5.628s] writing manifest file '../../build/vision/vision.egg-info/SOURCES.txt'
[5.629s] running build
[5.629s] running build_py
[5.630s] copying vision/test_ros.py -> /home/xplore/Desktop/main_HD_workspace/2023/ros2_ws/build/vision/build/lib/vision
[5.631s] running install
[5.636s] running install_lib
[5.644s] copying /home/xplore/Desktop/main_HD_workspace/2023/ros2_ws/build/vision/build/lib/vision/test_ros.py -> /home/xplore/Desktop/main_HD_workspace/2023/ros2_ws/install/vision/lib/python3.8/site-packages/vision
[5.648s] byte-compiling /home/xplore/Desktop/main_HD_workspace/2023/ros2_ws/install/vision/lib/python3.8/site-packages/vision/test_ros.py to test_ros.cpython-38.pyc
[5.659s] running install_data
[5.659s] running install_egg_info
[5.669s] removing '/home/xplore/Desktop/main_HD_workspace/2023/ros2_ws/install/vision/lib/python3.8/site-packages/vision-0.0.0-py3.8.egg-info' (and everything under it)
[5.670s] Copying ../../build/vision/vision.egg-info to /home/xplore/Desktop/main_HD_workspace/2023/ros2_ws/install/vision/lib/python3.8/site-packages/vision-0.0.0-py3.8.egg-info
[5.682s] running install_scripts
[5.794s] Installing listener script to /home/xplore/Desktop/main_HD_workspace/2023/ros2_ws/install/vision/lib/vision
[5.799s] Installing talker script to /home/xplore/Desktop/main_HD_workspace/2023/ros2_ws/install/vision/lib/vision
[5.803s] writing list of installed files to '/home/xplore/Desktop/main_HD_workspace/2023/ros2_ws/build/vision/install.log'
[5.929s] Invoked command in '/home/xplore/Desktop/main_HD_workspace/2023/ros2_ws/src/vision' returned '0': LD_LIBRARY_PATH=/home/xplore/Desktop/main_HD_workspace/2023/ros2_ws/install/interfaces/lib:/usr/lib/aarch64-linux-gnu/gazebo-11/plugins:/opt/ros/foxy/opt/yaml_cpp_vendor/lib:/opt/ros/foxy/opt/rviz_ogre_vendor/lib:/opt/ros/foxy/lib/aarch64-linux-gnu:/opt/ros/foxy/lib:/usr/local/cuda-11.4/lib64 PYTHONPATH=/home/xplore/Desktop/main_HD_workspace/2023/ros2_ws/build/vision/prefix_override:/home/xplore/Desktop/main_HD_workspace/2023/ros2_ws/install/vision/lib/python3.8/site-packages:/home/xplore/Desktop/main_HD_workspace/2023/ros2_ws/install/interfaces/lib/python3.8/site-packages:/home/xplore/Desktop/main_HD_workspace/2023/ros2_ws/install/vision/lib/python3.8/site-packages:/opt/ros/foxy/lib/python3.8/site-packages:/usr/local/lib:/usr/local/lib/python3.8/pyrealsense2:/usr/lib/python2.7/dist-packages/pyrealsense2 /usr/bin/python3 setup.py egg_info --egg-base ../../build/vision build --build-base /home/xplore/Desktop/main_HD_workspace/2023/ros2_ws/build/vision/build install --record /home/xplore/Desktop/main_HD_workspace/2023/ros2_ws/build/vision/install.log --single-version-externally-managed
