[0.018s] Invoking command in '/home/matthias/xplore2023/hd_ws/build/astra_description': CMAKE_PREFIX_PATH=/opt/ros/humble /usr/bin/cmake /home/matthias/xplore2023/hd_ws/src/control/astra_description -DCMAKE_INSTALL_PREFIX=/home/matthias/xplore2023/hd_ws/install/astra_description
[0.126s] -- The C compiler identification is GNU 11.3.0
[0.208s] -- The CXX compiler identification is GNU 11.3.0
[0.220s] -- Detecting C compiler ABI info
[0.284s] -- Detecting C compiler ABI info - done
[0.289s] -- Check for working C compiler: /usr/bin/cc - skipped
[0.289s] -- Detecting C compile features
[0.289s] -- Detecting C compile features - done
[0.293s] -- Detecting CXX compiler ABI info
[0.360s] -- Detecting CXX compiler ABI info - done
[0.367s] -- Check for working CXX compiler: /usr/bin/c++ - skipped
[0.367s] -- Detecting CXX compile features
[0.367s] -- Detecting CXX compile features - done
[0.374s] -- Found ament_cmake: 1.3.2 (/opt/ros/humble/share/ament_cmake/cmake)
[0.526s] -- Found Python3: /usr/bin/python3.10 (found version "3.10.6") found components: Interpreter 
[0.619s] -- Found ament_lint_auto: 0.12.4 (/opt/ros/humble/share/ament_lint_auto/cmake)
[0.698s] -- Added test 'lint_cmake' to check CMake code style
[0.700s] -- Added test 'xmllint' to check XML markup files
[0.702s] -- Configuring done
[0.704s] -- Generating done
[0.705s] -- Build files have been written to: /home/matthias/xplore2023/hd_ws/build/astra_description
[0.709s] Invoked command in '/home/matthias/xplore2023/hd_ws/build/astra_description' returned '0': CMAKE_PREFIX_PATH=/opt/ros/humble /usr/bin/cmake /home/matthias/xplore2023/hd_ws/src/control/astra_description -DCMAKE_INSTALL_PREFIX=/home/matthias/xplore2023/hd_ws/install/astra_description
[0.711s] Invoking command in '/home/matthias/xplore2023/hd_ws/build/astra_description': CMAKE_PREFIX_PATH=/opt/ros/humble /usr/bin/cmake --build /home/matthias/xplore2023/hd_ws/build/astra_description -- -j12 -l12
