[0.078s] Invoking command in '/home/xplore/Desktop/main_HD_workspace/2023/ros2_ws/build/interfaces': CMAKE_PREFIX_PATH=/opt/ros/foxy /usr/bin/cmake /home/xplore/Desktop/main_HD_workspace/2023/ros2_ws/src/interfaces -DCMAKE_INSTALL_PREFIX=/home/xplore/Desktop/main_HD_workspace/2023/ros2_ws/install/interfaces
[0.482s] -- The C compiler identification is GNU 9.4.0
[0.823s] -- The CXX compiler identification is GNU 9.4.0
[0.855s] -- Check for working C compiler: /usr/bin/cc
[1.199s] -- Check for working C compiler: /usr/bin/cc -- works
[1.210s] -- Detecting C compiler ABI info
[1.571s] -- Detecting C compiler ABI info - done
[1.630s] -- Detecting C compile features
[1.631s] -- Detecting C compile features - done
[1.648s] -- Check for working CXX compiler: /usr/bin/c++
[2.035s] -- Check for working CXX compiler: /usr/bin/c++ -- works
[2.040s] -- Detecting CXX compiler ABI info
[2.415s] -- Detecting CXX compiler ABI info - done
[2.469s] -- Detecting CXX compile features
[2.471s] -- Detecting CXX compile features - done
[2.491s] -- Found ament_cmake: 0.9.11 (/opt/ros/foxy/share/ament_cmake/cmake)
[2.611s] -- Found PythonInterp: /usr/bin/python3 (found suitable version "3.8.10", minimum required is "3") 
[2.612s] -- Using PYTHON_EXECUTABLE: /usr/bin/python3
[3.466s] -- Found geometry_msgs: 2.0.5 (/opt/ros/foxy/share/geometry_msgs/cmake)
[3.596s] -- Using all available rosidl_typesupport_c: rosidl_typesupport_fastrtps_c;rosidl_typesupport_introspection_c
[3.631s] -- Found rosidl_adapter: 1.3.0 (/opt/ros/foxy/share/rosidl_adapter/cmake)
[4.054s] -- Found OpenSSL: /usr/lib/aarch64-linux-gnu/libcrypto.so (found version "1.1.1f")  
[4.163s] -- Found FastRTPS: /opt/ros/foxy/include  
[4.472s] -- Using all available rosidl_typesupport_cpp: rosidl_typesupport_fastrtps_cpp;rosidl_typesupport_introspection_cpp
[4.815s] -- Found rosidl_default_generators: 1.0.1 (/opt/ros/foxy/share/rosidl_default_generators/cmake)
[4.940s] -- Found PythonInterp: /usr/bin/python3 (found version "3.8.10") 
[5.602s] -- Found ament_cmake_ros: 0.9.2 (/opt/ros/foxy/share/ament_cmake_ros/cmake)
[6.495s] -- Using all available rosidl_typesupport_c: rosidl_typesupport_fastrtps_c;rosidl_typesupport_introspection_c
[6.900s] -- Using all available rosidl_typesupport_cpp: rosidl_typesupport_fastrtps_cpp;rosidl_typesupport_introspection_cpp
[6.996s] -- Found PythonInterp: /usr/bin/python3 (found suitable version "3.8.10", minimum required is "3.5") 
[7.005s] -- Found python_cmake_module: 0.8.1 (/opt/ros/foxy/share/python_cmake_module/cmake)
[7.118s] -- Found PythonLibs: /usr/lib/aarch64-linux-gnu/libpython3.8.so (found suitable version "3.8.10", minimum required is "3.5") 
[7.119s] -- Using PYTHON_EXECUTABLE: /usr/bin/python3
[7.119s] -- Using PYTHON_INCLUDE_DIRS: /usr/include/python3.8
[7.120s] -- Using PYTHON_LIBRARIES: /usr/lib/aarch64-linux-gnu/libpython3.8.so
[7.204s] -- Found PythonExtra: .so  
[7.502s] -- Found ament_lint_auto: 0.9.8 (/opt/ros/foxy/share/ament_lint_auto/cmake)
[7.583s] -- Added test 'lint_cmake' to check CMake code style
[7.589s] -- Added test 'xmllint' to check XML markup files
[7.615s] -- Configuring done
[7.895s] -- Generating done
[7.908s] -- Build files have been written to: /home/xplore/Desktop/main_HD_workspace/2023/ros2_ws/build/interfaces
[7.941s] Invoked command in '/home/xplore/Desktop/main_HD_workspace/2023/ros2_ws/build/interfaces' returned '0': CMAKE_PREFIX_PATH=/opt/ros/foxy /usr/bin/cmake /home/xplore/Desktop/main_HD_workspace/2023/ros2_ws/src/interfaces -DCMAKE_INSTALL_PREFIX=/home/xplore/Desktop/main_HD_workspace/2023/ros2_ws/install/interfaces
[7.958s] Invoking command in '/home/xplore/Desktop/main_HD_workspace/2023/ros2_ws/build/interfaces': CMAKE_PREFIX_PATH=/opt/ros/foxy /usr/bin/cmake --build /home/xplore/Desktop/main_HD_workspace/2023/ros2_ws/build/interfaces -- -j4 -l4
[8.153s] [35m[1mScanning dependencies of target interfaces__cpp[0m
[8.155s] [  3%] [34m[1mGenerating C code for ROS interfaces[0m
[8.206s] [  6%] [34m[1mGenerating C++ code for ROS interfaces[0m
[9.150s] [  6%] Built target interfaces__cpp
[9.221s] [35m[1mScanning dependencies of target interfaces__rosidl_generator_c[0m
[9.224s] [  9%] [34m[1mGenerating C++ introspection for ROS interfaces[0m
[9.226s] [ 12%] [34m[1mGenerating C++ type support for eProsima Fast-RTPS[0m
[9.245s] [ 16%] [34m[1mGenerating C++ type support dispatch for ROS interfaces[0m
[9.296s] [ 19%] [32mBuilding C object CMakeFiles/interfaces__rosidl_generator_c.dir/rosidl_generator_c/interfaces/msg/detail/panel_object__functions.c.o[0m
[9.580s] [ 22%] [32m[1mLinking C shared library libinterfaces__rosidl_generator_c.so[0m
[9.789s] [ 22%] Built target interfaces__rosidl_generator_c
[9.873s] [ 25%] [34m[1mGenerating C type support dispatch for ROS interfaces[0m
[10.031s] [35m[1mScanning dependencies of target interfaces__rosidl_typesupport_cpp[0m
[10.050s] [35m[1mScanning dependencies of target interfaces__rosidl_typesupport_introspection_cpp[0m
[10.109s] [ 29%] [32mBuilding CXX object CMakeFiles/interfaces__rosidl_typesupport_cpp.dir/rosidl_typesupport_cpp/interfaces/msg/panel_object__type_support.cpp.o[0m
[10.120s] [ 32%] [32mBuilding CXX object CMakeFiles/interfaces__rosidl_typesupport_introspection_cpp.dir/rosidl_typesupport_introspection_cpp/interfaces/msg/detail/panel_object__type_support.cpp.o[0m
[10.121s] [35m[1mScanning dependencies of target interfaces__rosidl_typesupport_fastrtps_cpp[0m
[10.227s] [ 35%] [32mBuilding CXX object CMakeFiles/interfaces__rosidl_typesupport_fastrtps_cpp.dir/rosidl_typesupport_fastrtps_cpp/interfaces/msg/detail/dds_fastrtps/panel_object__type_support.cpp.o[0m
[10.612s] [35m[1mScanning dependencies of target interfaces__rosidl_typesupport_c[0m
[10.678s] [ 38%] [32mBuilding CXX object CMakeFiles/interfaces__rosidl_typesupport_c.dir/rosidl_typesupport_c/interfaces/msg/panel_object__type_support.cpp.o[0m
[10.846s] [ 41%] [32m[1mLinking CXX shared library libinterfaces__rosidl_typesupport_c.so[0m
[11.045s] [ 41%] Built target interfaces__rosidl_typesupport_c
[11.099s] [ 45%] [34m[1mGenerating C introspection for ROS interfaces[0m
[11.520s] [ 48%] [32m[1mLinking CXX shared library libinterfaces__rosidl_typesupport_introspection_cpp.so[0m
[11.552s] [ 51%] [32m[1mLinking CXX shared library libinterfaces__rosidl_typesupport_cpp.so[0m
[11.752s] [ 51%] Built target interfaces__rosidl_typesupport_cpp
[11.843s] [ 51%] Built target interfaces__rosidl_typesupport_introspection_cpp
[11.954s] [35m[1mScanning dependencies of target interfaces__rosidl_typesupport_introspection_c[0m
[12.019s] [ 54%] [32mBuilding C object CMakeFiles/interfaces__rosidl_typesupport_introspection_c.dir/rosidl_typesupport_introspection_c/interfaces/msg/detail/panel_object__type_support.c.o[0m
[12.198s] [ 58%] [32m[1mLinking C shared library libinterfaces__rosidl_typesupport_introspection_c.so[0m
[12.292s] [ 61%] [32m[1mLinking CXX shared library libinterfaces__rosidl_typesupport_fastrtps_cpp.so[0m
[12.348s] [ 61%] Built target interfaces__rosidl_typesupport_introspection_c
[12.635s] [ 61%] Built target interfaces__rosidl_typesupport_fastrtps_cpp
[12.688s] [ 64%] [34m[1mGenerating C type support for eProsima Fast-RTPS[0m
[13.446s] [35m[1mScanning dependencies of target interfaces__rosidl_typesupport_fastrtps_c[0m
[13.528s] [ 67%] [32mBuilding CXX object CMakeFiles/interfaces__rosidl_typesupport_fastrtps_c.dir/rosidl_typesupport_fastrtps_c/interfaces/msg/detail/panel_object__type_support_c.cpp.o[0m
[15.099s] [ 70%] [32m[1mLinking CXX shared library libinterfaces__rosidl_typesupport_fastrtps_c.so[0m
[15.461s] [ 70%] Built target interfaces__rosidl_typesupport_fastrtps_c
[15.508s] [35m[1mScanning dependencies of target interfaces[0m
[15.558s] [ 70%] Built target interfaces
[15.606s] [35m[1mScanning dependencies of target interfaces__py[0m
[15.661s] [ 74%] [34m[1mGenerating Python code for ROS interfaces[0m
[17.121s] [ 74%] Built target interfaces__py
[17.166s] [35m[1mScanning dependencies of target interfaces__python[0m
[17.301s] [ 77%] [32mBuilding C object CMakeFiles/interfaces__python.dir/rosidl_generator_py/interfaces/msg/_panel_object_s.c.o[0m
[17.768s] [ 80%] [32m[1mLinking C shared library rosidl_generator_py/interfaces/libinterfaces__python.so[0m
[17.967s] [ 80%] Built target interfaces__python
[18.018s] [35m[1mScanning dependencies of target interfaces__rosidl_typesupport_fastrtps_c__pyext[0m
[18.031s] [35m[1mScanning dependencies of target interfaces__rosidl_typesupport_c__pyext[0m
[18.033s] [35m[1mScanning dependencies of target interfaces__rosidl_typesupport_introspection_c__pyext[0m
[18.142s] [ 83%] [32mBuilding C object CMakeFiles/interfaces__rosidl_typesupport_fastrtps_c__pyext.dir/rosidl_generator_py/interfaces/_interfaces_s.ep.rosidl_typesupport_fastrtps_c.c.o[0m
[18.154s] [ 87%] [32mBuilding C object CMakeFiles/interfaces__rosidl_typesupport_c__pyext.dir/rosidl_generator_py/interfaces/_interfaces_s.ep.rosidl_typesupport_c.c.o[0m
[18.166s] [ 90%] [32mBuilding C object CMakeFiles/interfaces__rosidl_typesupport_introspection_c__pyext.dir/rosidl_generator_py/interfaces/_interfaces_s.ep.rosidl_typesupport_introspection_c.c.o[0m
[18.567s] [ 93%] [32m[1mLinking C shared library rosidl_generator_py/interfaces/interfaces_s__rosidl_typesupport_introspection_c.cpython-38-aarch64-linux-gnu.so[0m
[18.610s] [ 96%] [32m[1mLinking C shared library rosidl_generator_py/interfaces/interfaces_s__rosidl_typesupport_c.cpython-38-aarch64-linux-gnu.so[0m
[18.616s] [100%] [32m[1mLinking CXX shared library rosidl_generator_py/interfaces/interfaces_s__rosidl_typesupport_fastrtps_c.cpython-38-aarch64-linux-gnu.so[0m
[18.757s] [100%] Built target interfaces__rosidl_typesupport_introspection_c__pyext
[18.809s] [100%] Built target interfaces__rosidl_typesupport_c__pyext
[18.935s] [100%] Built target interfaces__rosidl_typesupport_fastrtps_c__pyext
[18.990s] Invoked command in '/home/xplore/Desktop/main_HD_workspace/2023/ros2_ws/build/interfaces' returned '0': CMAKE_PREFIX_PATH=/opt/ros/foxy /usr/bin/cmake --build /home/xplore/Desktop/main_HD_workspace/2023/ros2_ws/build/interfaces -- -j4 -l4
[19.282s] Invoking command in '/home/xplore/Desktop/main_HD_workspace/2023/ros2_ws/build/interfaces': CMAKE_PREFIX_PATH=/opt/ros/foxy /usr/bin/cmake --install /home/xplore/Desktop/main_HD_workspace/2023/ros2_ws/build/interfaces
[19.328s] -- Install configuration: ""
[19.330s] -- Installing: /home/xplore/Desktop/main_HD_workspace/2023/ros2_ws/install/interfaces/share/ament_index/resource_index/rosidl_interfaces/interfaces
[19.331s] -- Installing: /home/xplore/Desktop/main_HD_workspace/2023/ros2_ws/install/interfaces/include/interfaces
[19.332s] -- Installing: /home/xplore/Desktop/main_HD_workspace/2023/ros2_ws/install/interfaces/include/interfaces/msg
[19.332s] -- Installing: /home/xplore/Desktop/main_HD_workspace/2023/ros2_ws/install/interfaces/include/interfaces/msg/detail
[19.333s] -- Installing: /home/xplore/Desktop/main_HD_workspace/2023/ros2_ws/install/interfaces/include/interfaces/msg/detail/panel_object__functions.c
[19.333s] -- Installing: /home/xplore/Desktop/main_HD_workspace/2023/ros2_ws/install/interfaces/include/interfaces/msg/detail/panel_object__struct.h
[19.334s] -- Installing: /home/xplore/Desktop/main_HD_workspace/2023/ros2_ws/install/interfaces/include/interfaces/msg/detail/panel_object__functions.h
[19.334s] -- Installing: /home/xplore/Desktop/main_HD_workspace/2023/ros2_ws/install/interfaces/include/interfaces/msg/detail/panel_object__type_support.h
[19.335s] -- Installing: /home/xplore/Desktop/main_HD_workspace/2023/ros2_ws/install/interfaces/include/interfaces/msg/rosidl_generator_c__visibility_control.h
[19.336s] -- Installing: /home/xplore/Desktop/main_HD_workspace/2023/ros2_ws/install/interfaces/include/interfaces/msg/panel_object.h
[19.337s] -- Installing: /home/xplore/Desktop/main_HD_workspace/2023/ros2_ws/install/interfaces/share/interfaces/environment/library_path.sh
[19.338s] -- Installing: /home/xplore/Desktop/main_HD_workspace/2023/ros2_ws/install/interfaces/share/interfaces/environment/library_path.dsv
[19.339s] -- Installing: /home/xplore/Desktop/main_HD_workspace/2023/ros2_ws/install/interfaces/lib/libinterfaces__rosidl_generator_c.so
[19.342s] -- Set runtime path of "/home/xplore/Desktop/main_HD_workspace/2023/ros2_ws/install/interfaces/lib/libinterfaces__rosidl_generator_c.so" to ""
[19.342s] -- Up-to-date: /home/xplore/Desktop/main_HD_workspace/2023/ros2_ws/install/interfaces/include/interfaces
[19.342s] -- Up-to-date: /home/xplore/Desktop/main_HD_workspace/2023/ros2_ws/install/interfaces/include/interfaces/msg
[19.343s] -- Up-to-date: /home/xplore/Desktop/main_HD_workspace/2023/ros2_ws/install/interfaces/include/interfaces/msg/detail
[19.343s] -- Installing: /home/xplore/Desktop/main_HD_workspace/2023/ros2_ws/install/interfaces/include/interfaces/msg/detail/panel_object__rosidl_typesupport_fastrtps_c.h
[19.343s] -- Installing: /home/xplore/Desktop/main_HD_workspace/2023/ros2_ws/install/interfaces/include/interfaces/msg/rosidl_typesupport_fastrtps_c__visibility_control.h
[19.344s] -- Installing: /home/xplore/Desktop/main_HD_workspace/2023/ros2_ws/install/interfaces/lib/libinterfaces__rosidl_typesupport_fastrtps_c.so
[19.347s] -- Set runtime path of "/home/xplore/Desktop/main_HD_workspace/2023/ros2_ws/install/interfaces/lib/libinterfaces__rosidl_typesupport_fastrtps_c.so" to ""
[19.347s] -- Up-to-date: /home/xplore/Desktop/main_HD_workspace/2023/ros2_ws/install/interfaces/include/interfaces
[19.348s] -- Up-to-date: /home/xplore/Desktop/main_HD_workspace/2023/ros2_ws/install/interfaces/include/interfaces/msg
[19.348s] -- Installing: /home/xplore/Desktop/main_HD_workspace/2023/ros2_ws/install/interfaces/include/interfaces/msg/rosidl_typesupport_fastrtps_cpp__visibility_control.h
[19.349s] -- Up-to-date: /home/xplore/Desktop/main_HD_workspace/2023/ros2_ws/install/interfaces/include/interfaces/msg/detail
[19.349s] -- Installing: /home/xplore/Desktop/main_HD_workspace/2023/ros2_ws/install/interfaces/include/interfaces/msg/detail/panel_object__rosidl_typesupport_fastrtps_cpp.hpp
[19.349s] -- Installing: /home/xplore/Desktop/main_HD_workspace/2023/ros2_ws/install/interfaces/include/interfaces/msg/detail/dds_fastrtps
[19.350s] -- Installing: /home/xplore/Desktop/main_HD_workspace/2023/ros2_ws/install/interfaces/lib/libinterfaces__rosidl_typesupport_fastrtps_cpp.so
[19.352s] -- Set runtime path of "/home/xplore/Desktop/main_HD_workspace/2023/ros2_ws/install/interfaces/lib/libinterfaces__rosidl_typesupport_fastrtps_cpp.so" to ""
[19.353s] -- Up-to-date: /home/xplore/Desktop/main_HD_workspace/2023/ros2_ws/install/interfaces/include/interfaces
[19.353s] -- Up-to-date: /home/xplore/Desktop/main_HD_workspace/2023/ros2_ws/install/interfaces/include/interfaces/msg
[19.354s] -- Up-to-date: /home/xplore/Desktop/main_HD_workspace/2023/ros2_ws/install/interfaces/include/interfaces/msg/detail
[19.354s] -- Installing: /home/xplore/Desktop/main_HD_workspace/2023/ros2_ws/install/interfaces/include/interfaces/msg/detail/panel_object__type_support.c
[19.355s] -- Installing: /home/xplore/Desktop/main_HD_workspace/2023/ros2_ws/install/interfaces/include/interfaces/msg/detail/panel_object__rosidl_typesupport_introspection_c.h
[19.356s] -- Installing: /home/xplore/Desktop/main_HD_workspace/2023/ros2_ws/install/interfaces/include/interfaces/msg/rosidl_typesupport_introspection_c__visibility_control.h
[19.356s] -- Installing: /home/xplore/Desktop/main_HD_workspace/2023/ros2_ws/install/interfaces/lib/libinterfaces__rosidl_typesupport_introspection_c.so
[19.358s] -- Set runtime path of "/home/xplore/Desktop/main_HD_workspace/2023/ros2_ws/install/interfaces/lib/libinterfaces__rosidl_typesupport_introspection_c.so" to ""
[19.358s] -- Installing: /home/xplore/Desktop/main_HD_workspace/2023/ros2_ws/install/interfaces/lib/libinterfaces__rosidl_typesupport_c.so
[19.361s] -- Set runtime path of "/home/xplore/Desktop/main_HD_workspace/2023/ros2_ws/install/interfaces/lib/libinterfaces__rosidl_typesupport_c.so" to ""
[19.362s] -- Up-to-date: /home/xplore/Desktop/main_HD_workspace/2023/ros2_ws/install/interfaces/include/interfaces
[19.362s] -- Up-to-date: /home/xplore/Desktop/main_HD_workspace/2023/ros2_ws/install/interfaces/include/interfaces/msg
[19.362s] -- Up-to-date: /home/xplore/Desktop/main_HD_workspace/2023/ros2_ws/install/interfaces/include/interfaces/msg/detail
[19.363s] -- Installing: /home/xplore/Desktop/main_HD_workspace/2023/ros2_ws/install/interfaces/include/interfaces/msg/detail/panel_object__traits.hpp
[19.363s] -- Installing: /home/xplore/Desktop/main_HD_workspace/2023/ros2_ws/install/interfaces/include/interfaces/msg/detail/panel_object__builder.hpp
[19.364s] -- Installing: /home/xplore/Desktop/main_HD_workspace/2023/ros2_ws/install/interfaces/include/interfaces/msg/detail/panel_object__struct.hpp
[19.364s] -- Installing: /home/xplore/Desktop/main_HD_workspace/2023/ros2_ws/install/interfaces/include/interfaces/msg/panel_object.hpp
[19.364s] -- Up-to-date: /home/xplore/Desktop/main_HD_workspace/2023/ros2_ws/install/interfaces/include/interfaces
[19.365s] -- Up-to-date: /home/xplore/Desktop/main_HD_workspace/2023/ros2_ws/install/interfaces/include/interfaces/msg
[19.365s] -- Up-to-date: /home/xplore/Desktop/main_HD_workspace/2023/ros2_ws/install/interfaces/include/interfaces/msg/detail
[19.366s] -- Installing: /home/xplore/Desktop/main_HD_workspace/2023/ros2_ws/install/interfaces/include/interfaces/msg/detail/panel_object__rosidl_typesupport_introspection_cpp.hpp
[19.366s] -- Installing: /home/xplore/Desktop/main_HD_workspace/2023/ros2_ws/install/interfaces/include/interfaces/msg/detail/panel_object__type_support.cpp
[19.366s] -- Installing: /home/xplore/Desktop/main_HD_workspace/2023/ros2_ws/install/interfaces/lib/libinterfaces__rosidl_typesupport_introspection_cpp.so
[19.369s] -- Set runtime path of "/home/xplore/Desktop/main_HD_workspace/2023/ros2_ws/install/interfaces/lib/libinterfaces__rosidl_typesupport_introspection_cpp.so" to ""
[19.369s] -- Installing: /home/xplore/Desktop/main_HD_workspace/2023/ros2_ws/install/interfaces/lib/libinterfaces__rosidl_typesupport_cpp.so
[19.371s] -- Set runtime path of "/home/xplore/Desktop/main_HD_workspace/2023/ros2_ws/install/interfaces/lib/libinterfaces__rosidl_typesupport_cpp.so" to ""
[19.373s] -- Installing: /home/xplore/Desktop/main_HD_workspace/2023/ros2_ws/install/interfaces/share/interfaces/environment/pythonpath.sh
[19.374s] -- Installing: /home/xplore/Desktop/main_HD_workspace/2023/ros2_ws/install/interfaces/share/interfaces/environment/pythonpath.dsv
[19.375s] -- Installing: /home/xplore/Desktop/main_HD_workspace/2023/ros2_ws/install/interfaces/lib/python3.8/site-packages/interfaces/__init__.py
[19.494s] Compiling '/home/xplore/Desktop/main_HD_workspace/2023/ros2_ws/install/interfaces/lib/python3.8/site-packages/interfaces/__init__.py'...
[19.510s] -- Installing: /home/xplore/Desktop/main_HD_workspace/2023/ros2_ws/install/interfaces/lib/python3.8/site-packages/interfaces/msg
[19.511s] -- Installing: /home/xplore/Desktop/main_HD_workspace/2023/ros2_ws/install/interfaces/lib/python3.8/site-packages/interfaces/msg/__init__.py
[19.512s] -- Installing: /home/xplore/Desktop/main_HD_workspace/2023/ros2_ws/install/interfaces/lib/python3.8/site-packages/interfaces/msg/_panel_object_s.c
[19.513s] -- Installing: /home/xplore/Desktop/main_HD_workspace/2023/ros2_ws/install/interfaces/lib/python3.8/site-packages/interfaces/msg/_panel_object.py
[19.515s] -- Installing: /home/xplore/Desktop/main_HD_workspace/2023/ros2_ws/install/interfaces/lib/python3.8/site-packages/interfaces/interfaces_s__rosidl_typesupport_fastrtps_c.cpython-38-aarch64-linux-gnu.so
[19.517s] -- Set runtime path of "/home/xplore/Desktop/main_HD_workspace/2023/ros2_ws/install/interfaces/lib/python3.8/site-packages/interfaces/interfaces_s__rosidl_typesupport_fastrtps_c.cpython-38-aarch64-linux-gnu.so" to ""
[19.518s] -- Installing: /home/xplore/Desktop/main_HD_workspace/2023/ros2_ws/install/interfaces/lib/python3.8/site-packages/interfaces/interfaces_s__rosidl_typesupport_introspection_c.cpython-38-aarch64-linux-gnu.so
[19.521s] -- Set runtime path of "/home/xplore/Desktop/main_HD_workspace/2023/ros2_ws/install/interfaces/lib/python3.8/site-packages/interfaces/interfaces_s__rosidl_typesupport_introspection_c.cpython-38-aarch64-linux-gnu.so" to ""
[19.521s] -- Installing: /home/xplore/Desktop/main_HD_workspace/2023/ros2_ws/install/interfaces/lib/python3.8/site-packages/interfaces/interfaces_s__rosidl_typesupport_c.cpython-38-aarch64-linux-gnu.so
[19.524s] -- Set runtime path of "/home/xplore/Desktop/main_HD_workspace/2023/ros2_ws/install/interfaces/lib/python3.8/site-packages/interfaces/interfaces_s__rosidl_typesupport_c.cpython-38-aarch64-linux-gnu.so" to ""
[19.524s] -- Installing: /home/xplore/Desktop/main_HD_workspace/2023/ros2_ws/install/interfaces/lib/libinterfaces__python.so
[19.527s] -- Set runtime path of "/home/xplore/Desktop/main_HD_workspace/2023/ros2_ws/install/interfaces/lib/libinterfaces__python.so" to ""
[19.527s] -- Installing: /home/xplore/Desktop/main_HD_workspace/2023/ros2_ws/install/interfaces/share/interfaces/msg/PanelObject.idl
[19.528s] -- Installing: /home/xplore/Desktop/main_HD_workspace/2023/ros2_ws/install/interfaces/share/interfaces/msg/PanelObject.msg
[19.529s] -- Installing: /home/xplore/Desktop/main_HD_workspace/2023/ros2_ws/install/interfaces/share/ament_index/resource_index/package_run_dependencies/interfaces
[19.530s] -- Installing: /home/xplore/Desktop/main_HD_workspace/2023/ros2_ws/install/interfaces/share/ament_index/resource_index/parent_prefix_path/interfaces
[19.531s] -- Installing: /home/xplore/Desktop/main_HD_workspace/2023/ros2_ws/install/interfaces/share/interfaces/environment/ament_prefix_path.sh
[19.532s] -- Installing: /home/xplore/Desktop/main_HD_workspace/2023/ros2_ws/install/interfaces/share/interfaces/environment/ament_prefix_path.dsv
[19.532s] -- Installing: /home/xplore/Desktop/main_HD_workspace/2023/ros2_ws/install/interfaces/share/interfaces/environment/path.sh
[19.533s] -- Installing: /home/xplore/Desktop/main_HD_workspace/2023/ros2_ws/install/interfaces/share/interfaces/environment/path.dsv
[19.534s] -- Installing: /home/xplore/Desktop/main_HD_workspace/2023/ros2_ws/install/interfaces/share/interfaces/local_setup.bash
[19.535s] -- Installing: /home/xplore/Desktop/main_HD_workspace/2023/ros2_ws/install/interfaces/share/interfaces/local_setup.sh
[19.536s] -- Installing: /home/xplore/Desktop/main_HD_workspace/2023/ros2_ws/install/interfaces/share/interfaces/local_setup.zsh
[19.536s] -- Installing: /home/xplore/Desktop/main_HD_workspace/2023/ros2_ws/install/interfaces/share/interfaces/local_setup.dsv
[19.537s] -- Installing: /home/xplore/Desktop/main_HD_workspace/2023/ros2_ws/install/interfaces/share/interfaces/package.dsv
[19.538s] -- Installing: /home/xplore/Desktop/main_HD_workspace/2023/ros2_ws/install/interfaces/share/ament_index/resource_index/packages/interfaces
[19.539s] -- Installing: /home/xplore/Desktop/main_HD_workspace/2023/ros2_ws/install/interfaces/share/interfaces/cmake/interfaces__rosidl_generator_cExport.cmake
[19.540s] -- Installing: /home/xplore/Desktop/main_HD_workspace/2023/ros2_ws/install/interfaces/share/interfaces/cmake/interfaces__rosidl_generator_cExport-noconfig.cmake
[19.541s] -- Installing: /home/xplore/Desktop/main_HD_workspace/2023/ros2_ws/install/interfaces/share/interfaces/cmake/interfaces__rosidl_typesupport_introspection_cExport.cmake
[19.542s] -- Installing: /home/xplore/Desktop/main_HD_workspace/2023/ros2_ws/install/interfaces/share/interfaces/cmake/interfaces__rosidl_typesupport_introspection_cExport-noconfig.cmake
[19.543s] -- Installing: /home/xplore/Desktop/main_HD_workspace/2023/ros2_ws/install/interfaces/share/interfaces/cmake/interfaces__rosidl_typesupport_cExport.cmake
[19.544s] -- Installing: /home/xplore/Desktop/main_HD_workspace/2023/ros2_ws/install/interfaces/share/interfaces/cmake/interfaces__rosidl_typesupport_cExport-noconfig.cmake
[19.545s] -- Installing: /home/xplore/Desktop/main_HD_workspace/2023/ros2_ws/install/interfaces/share/interfaces/cmake/interfaces__rosidl_generator_cppExport.cmake
[19.545s] -- Installing: /home/xplore/Desktop/main_HD_workspace/2023/ros2_ws/install/interfaces/share/interfaces/cmake/interfaces__rosidl_typesupport_introspection_cppExport.cmake
[19.546s] -- Installing: /home/xplore/Desktop/main_HD_workspace/2023/ros2_ws/install/interfaces/share/interfaces/cmake/interfaces__rosidl_typesupport_introspection_cppExport-noconfig.cmake
[19.547s] -- Installing: /home/xplore/Desktop/main_HD_workspace/2023/ros2_ws/install/interfaces/share/interfaces/cmake/interfaces__rosidl_typesupport_cppExport.cmake
[19.548s] -- Installing: /home/xplore/Desktop/main_HD_workspace/2023/ros2_ws/install/interfaces/share/interfaces/cmake/interfaces__rosidl_typesupport_cppExport-noconfig.cmake
[19.549s] -- Installing: /home/xplore/Desktop/main_HD_workspace/2023/ros2_ws/install/interfaces/share/interfaces/cmake/rosidl_cmake-extras.cmake
[19.550s] -- Installing: /home/xplore/Desktop/main_HD_workspace/2023/ros2_ws/install/interfaces/share/interfaces/cmake/ament_cmake_export_dependencies-extras.cmake
[19.550s] -- Installing: /home/xplore/Desktop/main_HD_workspace/2023/ros2_ws/install/interfaces/share/interfaces/cmake/ament_cmake_export_libraries-extras.cmake
[19.551s] -- Installing: /home/xplore/Desktop/main_HD_workspace/2023/ros2_ws/install/interfaces/share/interfaces/cmake/ament_cmake_export_targets-extras.cmake
[19.552s] -- Installing: /home/xplore/Desktop/main_HD_workspace/2023/ros2_ws/install/interfaces/share/interfaces/cmake/ament_cmake_export_include_directories-extras.cmake
[19.552s] -- Installing: /home/xplore/Desktop/main_HD_workspace/2023/ros2_ws/install/interfaces/share/interfaces/cmake/rosidl_cmake_export_typesupport_libraries-extras.cmake
[19.553s] -- Installing: /home/xplore/Desktop/main_HD_workspace/2023/ros2_ws/install/interfaces/share/interfaces/cmake/rosidl_cmake_export_typesupport_targets-extras.cmake
[19.554s] -- Installing: /home/xplore/Desktop/main_HD_workspace/2023/ros2_ws/install/interfaces/share/interfaces/cmake/interfacesConfig.cmake
[19.555s] -- Installing: /home/xplore/Desktop/main_HD_workspace/2023/ros2_ws/install/interfaces/share/interfaces/cmake/interfacesConfig-version.cmake
[19.555s] -- Installing: /home/xplore/Desktop/main_HD_workspace/2023/ros2_ws/install/interfaces/share/interfaces/package.xml
[19.570s] Invoked command in '/home/xplore/Desktop/main_HD_workspace/2023/ros2_ws/build/interfaces' returned '0': CMAKE_PREFIX_PATH=/opt/ros/foxy /usr/bin/cmake --install /home/xplore/Desktop/main_HD_workspace/2023/ros2_ws/build/interfaces
