[0.443s] Invoking command in '/home/xplore/Desktop/main_HD_workspace/hd_ws/build/astra_moveit_config_new': CMAKE_PREFIX_PATH=/home/xplore/Desktop/main_HD_workspace/hd_ws/install/astra_description:/home/xplore/Desktop/main_HD_workspace/hd_ws/install/tttt:/home/xplore/Desktop/main_HD_workspace/hd_ws/install/moveit_visual_tools:/home/xplore/Desktop/main_HD_workspace/hd_ws/install/astra_moveit_config_new:/home/xplore/Desktop/main_HD_workspace/hd_ws/install/astra_moveit_config0:/home/xplore/Desktop/main_HD_workspace/hd_ws/install/astra_moveit_config:/home/xplore/Desktop/main_HD_workspace/hd_ws/install/astra_interfaces:/home/xplore/Desktop/main_HD_workspace/hd_ws/install/astra_hw_interface:/home/xplore/Desktop/main_HD_workspace/hd_ws/install/task_execution:/home/xplore/Desktop/main_HD_workspace/hd_ws/install/manager:/opt/ros/foxy /usr/bin/cmake --build /home/xplore/Desktop/main_HD_workspace/hd_ws/build/astra_moveit_config_new -- -j8 -l8
[0.657s] Invoked command in '/home/xplore/Desktop/main_HD_workspace/hd_ws/build/astra_moveit_config_new' returned '0': CMAKE_PREFIX_PATH=/home/xplore/Desktop/main_HD_workspace/hd_ws/install/astra_description:/home/xplore/Desktop/main_HD_workspace/hd_ws/install/tttt:/home/xplore/Desktop/main_HD_workspace/hd_ws/install/moveit_visual_tools:/home/xplore/Desktop/main_HD_workspace/hd_ws/install/astra_moveit_config_new:/home/xplore/Desktop/main_HD_workspace/hd_ws/install/astra_moveit_config0:/home/xplore/Desktop/main_HD_workspace/hd_ws/install/astra_moveit_config:/home/xplore/Desktop/main_HD_workspace/hd_ws/install/astra_interfaces:/home/xplore/Desktop/main_HD_workspace/hd_ws/install/astra_hw_interface:/home/xplore/Desktop/main_HD_workspace/hd_ws/install/task_execution:/home/xplore/Desktop/main_HD_workspace/hd_ws/install/manager:/opt/ros/foxy /usr/bin/cmake --build /home/xplore/Desktop/main_HD_workspace/hd_ws/build/astra_moveit_config_new -- -j8 -l8
[0.784s] Invoking command in '/home/xplore/Desktop/main_HD_workspace/hd_ws/build/astra_moveit_config_new': CMAKE_PREFIX_PATH=/home/xplore/Desktop/main_HD_workspace/hd_ws/install/astra_description:/home/xplore/Desktop/main_HD_workspace/hd_ws/install/tttt:/home/xplore/Desktop/main_HD_workspace/hd_ws/install/moveit_visual_tools:/home/xplore/Desktop/main_HD_workspace/hd_ws/install/astra_moveit_config_new:/home/xplore/Desktop/main_HD_workspace/hd_ws/install/astra_moveit_config0:/home/xplore/Desktop/main_HD_workspace/hd_ws/install/astra_moveit_config:/home/xplore/Desktop/main_HD_workspace/hd_ws/install/astra_interfaces:/home/xplore/Desktop/main_HD_workspace/hd_ws/install/astra_hw_interface:/home/xplore/Desktop/main_HD_workspace/hd_ws/install/task_execution:/home/xplore/Desktop/main_HD_workspace/hd_ws/install/manager:/opt/ros/foxy /usr/bin/cmake --install /home/xplore/Desktop/main_HD_workspace/hd_ws/build/astra_moveit_config_new
[0.879s] -- Install configuration: ""
[0.886s] -- Up-to-date: /home/xplore/Desktop/main_HD_workspace/hd_ws/install/astra_moveit_config_new/share/ament_index/resource_index/package_run_dependencies/astra_moveit_config_new
[0.886s] -- Up-to-date: /home/xplore/Desktop/main_HD_workspace/hd_ws/install/astra_moveit_config_new/share/ament_index/resource_index/parent_prefix_path/astra_moveit_config_new
[0.886s] -- Up-to-date: /home/xplore/Desktop/main_HD_workspace/hd_ws/install/astra_moveit_config_new/share/astra_moveit_config_new/environment/ament_prefix_path.sh
[0.887s] -- Up-to-date: /home/xplore/Desktop/main_HD_workspace/hd_ws/install/astra_moveit_config_new/share/astra_moveit_config_new/environment/ament_prefix_path.dsv
[0.887s] -- Up-to-date: /home/xplore/Desktop/main_HD_workspace/hd_ws/install/astra_moveit_config_new/share/astra_moveit_config_new/environment/path.sh
[0.887s] -- Up-to-date: /home/xplore/Desktop/main_HD_workspace/hd_ws/install/astra_moveit_config_new/share/astra_moveit_config_new/environment/path.dsv
[0.888s] -- Up-to-date: /home/xplore/Desktop/main_HD_workspace/hd_ws/install/astra_moveit_config_new/share/astra_moveit_config_new/local_setup.bash
[0.888s] -- Up-to-date: /home/xplore/Desktop/main_HD_workspace/hd_ws/install/astra_moveit_config_new/share/astra_moveit_config_new/local_setup.sh
[0.888s] -- Up-to-date: /home/xplore/Desktop/main_HD_workspace/hd_ws/install/astra_moveit_config_new/share/astra_moveit_config_new/local_setup.zsh
[0.889s] -- Up-to-date: /home/xplore/Desktop/main_HD_workspace/hd_ws/install/astra_moveit_config_new/share/astra_moveit_config_new/local_setup.dsv
[0.889s] -- Installing: /home/xplore/Desktop/main_HD_workspace/hd_ws/install/astra_moveit_config_new/share/astra_moveit_config_new/package.dsv
[0.890s] -- Up-to-date: /home/xplore/Desktop/main_HD_workspace/hd_ws/install/astra_moveit_config_new/share/ament_index/resource_index/packages/astra_moveit_config_new
[0.890s] -- Up-to-date: /home/xplore/Desktop/main_HD_workspace/hd_ws/install/astra_moveit_config_new/share/astra_moveit_config_new/cmake/astra_moveit_config_newConfig.cmake
[0.890s] -- Up-to-date: /home/xplore/Desktop/main_HD_workspace/hd_ws/install/astra_moveit_config_new/share/astra_moveit_config_new/cmake/astra_moveit_config_newConfig-version.cmake
[0.891s] -- Up-to-date: /home/xplore/Desktop/main_HD_workspace/hd_ws/install/astra_moveit_config_new/share/astra_moveit_config_new/package.xml
[0.891s] -- Up-to-date: /home/xplore/Desktop/main_HD_workspace/hd_ws/install/astra_moveit_config_new/share/astra_moveit_config_new/launch
[0.891s] -- Up-to-date: /home/xplore/Desktop/main_HD_workspace/hd_ws/install/astra_moveit_config_new/share/astra_moveit_config_new/launch/moveit_rviz.launch.py
[0.893s] -- Up-to-date: /home/xplore/Desktop/main_HD_workspace/hd_ws/install/astra_moveit_config_new/share/astra_moveit_config_new/launch/setup_assistant.launch.py
[0.893s] -- Up-to-date: /home/xplore/Desktop/main_HD_workspace/hd_ws/install/astra_moveit_config_new/share/astra_moveit_config_new/launch/move_group.launch.py
[0.893s] -- Up-to-date: /home/xplore/Desktop/main_HD_workspace/hd_ws/install/astra_moveit_config_new/share/astra_moveit_config_new/launch/static_virtual_joint_tfs.launch.py
[0.894s] -- Up-to-date: /home/xplore/Desktop/main_HD_workspace/hd_ws/install/astra_moveit_config_new/share/astra_moveit_config_new/launch/demo.launch.py
[0.894s] -- Up-to-date: /home/xplore/Desktop/main_HD_workspace/hd_ws/install/astra_moveit_config_new/share/astra_moveit_config_new/launch/warehouse_db.launch.py
[0.894s] -- Up-to-date: /home/xplore/Desktop/main_HD_workspace/hd_ws/install/astra_moveit_config_new/share/astra_moveit_config_new/launch/spawn_controllers.launch.py
[0.894s] -- Up-to-date: /home/xplore/Desktop/main_HD_workspace/hd_ws/install/astra_moveit_config_new/share/astra_moveit_config_new/launch/rsp.launch.py
[0.895s] -- Up-to-date: /home/xplore/Desktop/main_HD_workspace/hd_ws/install/astra_moveit_config_new/share/astra_moveit_config_new/config
[0.895s] -- Up-to-date: /home/xplore/Desktop/main_HD_workspace/hd_ws/install/astra_moveit_config_new/share/astra_moveit_config_new/config/ros2_controllers.yaml
[0.895s] -- Up-to-date: /home/xplore/Desktop/main_HD_workspace/hd_ws/install/astra_moveit_config_new/share/astra_moveit_config_new/config/astra.srdf
[0.895s] -- Up-to-date: /home/xplore/Desktop/main_HD_workspace/hd_ws/install/astra_moveit_config_new/share/astra_moveit_config_new/config/joint_limits.yaml
[0.896s] -- Up-to-date: /home/xplore/Desktop/main_HD_workspace/hd_ws/install/astra_moveit_config_new/share/astra_moveit_config_new/config/pilz_cartesian_limits.yaml
[0.896s] -- Up-to-date: /home/xplore/Desktop/main_HD_workspace/hd_ws/install/astra_moveit_config_new/share/astra_moveit_config_new/config/initial_positions.yaml
[0.896s] -- Up-to-date: /home/xplore/Desktop/main_HD_workspace/hd_ws/install/astra_moveit_config_new/share/astra_moveit_config_new/config/kinematics.yaml
[0.896s] -- Up-to-date: /home/xplore/Desktop/main_HD_workspace/hd_ws/install/astra_moveit_config_new/share/astra_moveit_config_new/config/moveit.rviz
[0.897s] -- Up-to-date: /home/xplore/Desktop/main_HD_workspace/hd_ws/install/astra_moveit_config_new/share/astra_moveit_config_new/config/astra.urdf.xacro
[0.897s] -- Up-to-date: /home/xplore/Desktop/main_HD_workspace/hd_ws/install/astra_moveit_config_new/share/astra_moveit_config_new/config/moveit_controllers.yaml
[0.897s] -- Up-to-date: /home/xplore/Desktop/main_HD_workspace/hd_ws/install/astra_moveit_config_new/share/astra_moveit_config_new/config/astra.ros2_control.xacro
[0.897s] -- Up-to-date: /home/xplore/Desktop/main_HD_workspace/hd_ws/install/astra_moveit_config_new/share/astra_moveit_config_new/.setup_assistant
[1.226s] Invoked command in '/home/xplore/Desktop/main_HD_workspace/hd_ws/build/astra_moveit_config_new' returned '0': CMAKE_PREFIX_PATH=/home/xplore/Desktop/main_HD_workspace/hd_ws/install/astra_description:/home/xplore/Desktop/main_HD_workspace/hd_ws/install/tttt:/home/xplore/Desktop/main_HD_workspace/hd_ws/install/moveit_visual_tools:/home/xplore/Desktop/main_HD_workspace/hd_ws/install/astra_moveit_config_new:/home/xplore/Desktop/main_HD_workspace/hd_ws/install/astra_moveit_config0:/home/xplore/Desktop/main_HD_workspace/hd_ws/install/astra_moveit_config:/home/xplore/Desktop/main_HD_workspace/hd_ws/install/astra_interfaces:/home/xplore/Desktop/main_HD_workspace/hd_ws/install/astra_hw_interface:/home/xplore/Desktop/main_HD_workspace/hd_ws/install/task_execution:/home/xplore/Desktop/main_HD_workspace/hd_ws/install/manager:/opt/ros/foxy /usr/bin/cmake --install /home/xplore/Desktop/main_HD_workspace/hd_ws/build/astra_moveit_config_new
