[0.090s] Invoking command in '/home/eylul/main_HD_workspace/2023/ros2_ws/build/interfaces': CMAKE_PREFIX_PATH=/opt/ros/humble /usr/bin/cmake /home/eylul/main_HD_workspace/2023/ros2_ws/src/interfaces -DCMAKE_INSTALL_PREFIX=/home/eylul/main_HD_workspace/2023/ros2_ws/install/interfaces
[0.115s] -- Found ament_cmake: 1.3.3 (/opt/ros/humble/share/ament_cmake/cmake)
[0.469s] -- Found geometry_msgs: 4.2.3 (/opt/ros/humble/share/geometry_msgs/cmake)
[0.575s] -- Found rosidl_generator_c: 3.1.4 (/opt/ros/humble/share/rosidl_generator_c/cmake)
[0.580s] -- Found rosidl_adapter: 3.1.4 (/opt/ros/humble/share/rosidl_adapter/cmake)
[0.592s] -- Found rosidl_generator_cpp: 3.1.4 (/opt/ros/humble/share/rosidl_generator_cpp/cmake)
[0.644s] -- Using all available rosidl_typesupport_c: rosidl_typesupport_fastrtps_c;rosidl_typesupport_introspection_c
[0.688s] -- Using all available rosidl_typesupport_cpp: rosidl_typesupport_fastrtps_cpp;rosidl_typesupport_introspection_cpp
[0.906s] -- Found rosidl_default_generators: 1.2.0 (/opt/ros/humble/share/rosidl_default_generators/cmake)
[1.764s] -- Found ament_cmake_ros: 0.10.0 (/opt/ros/humble/share/ament_cmake_ros/cmake)
[3.109s] -- Using all available rosidl_typesupport_c: rosidl_typesupport_fastrtps_c;rosidl_typesupport_introspection_c
[3.706s] -- Using all available rosidl_typesupport_cpp: rosidl_typesupport_fastrtps_cpp;rosidl_typesupport_introspection_cpp
[3.767s] -- Found PythonInterp: /usr/bin/python3 (found suitable version "3.10.6", minimum required is "3.6") 
[3.773s] -- Found python_cmake_module: 0.10.0 (/opt/ros/humble/share/python_cmake_module/cmake)
[3.911s] -- Found PythonLibs: /usr/lib/x86_64-linux-gnu/libpython3.10.so (found suitable version "3.10.6", minimum required is "3.5") 
[3.911s] -- Using PYTHON_EXECUTABLE: /usr/bin/python3
[3.911s] -- Using PYTHON_INCLUDE_DIRS: /usr/include/python3.10
[3.911s] -- Using PYTHON_LIBRARIES: /usr/lib/x86_64-linux-gnu/libpython3.10.so
[4.009s] -- Found PythonExtra: .so  
[4.282s] -- Found ament_lint_auto: 0.12.5 (/opt/ros/humble/share/ament_lint_auto/cmake)
[4.431s] -- Added test 'lint_cmake' to check CMake code style
[4.437s] -- Added test 'xmllint' to check XML markup files
[4.495s] -- Configuring done
[4.601s] -- Generating done
[4.606s] -- Build files have been written to: /home/eylul/main_HD_workspace/2023/ros2_ws/build/interfaces
[4.619s] Invoked command in '/home/eylul/main_HD_workspace/2023/ros2_ws/build/interfaces' returned '0': CMAKE_PREFIX_PATH=/opt/ros/humble /usr/bin/cmake /home/eylul/main_HD_workspace/2023/ros2_ws/src/interfaces -DCMAKE_INSTALL_PREFIX=/home/eylul/main_HD_workspace/2023/ros2_ws/install/interfaces
[4.625s] Invoking command in '/home/eylul/main_HD_workspace/2023/ros2_ws/build/interfaces': CMAKE_PREFIX_PATH=/opt/ros/humble /usr/bin/cmake --build /home/eylul/main_HD_workspace/2023/ros2_ws/build/interfaces -- -j4 -l4
[4.767s] [  3%] [34m[1mGenerating C code for ROS interfaces[0m
[4.799s] [  6%] [34m[1mGenerating C++ code for ROS interfaces[0m
[4.813s] [  6%] Built target ament_cmake_python_copy_interfaces
[5.347s] [  6%] Built target interfaces__cpp
[5.409s] running egg_info
[5.409s] creating interfaces.egg-info
[5.409s] writing interfaces.egg-info/PKG-INFO
[5.409s] writing dependency_links to interfaces.egg-info/dependency_links.txt
[5.409s] writing top-level names to interfaces.egg-info/top_level.txt
[5.409s] writing manifest file 'interfaces.egg-info/SOURCES.txt'
[5.428s] reading manifest file 'interfaces.egg-info/SOURCES.txt'
[5.428s] writing manifest file 'interfaces.egg-info/SOURCES.txt'
[5.451s] [  9%] [32mBuilding C object CMakeFiles/interfaces__rosidl_generator_c.dir/rosidl_generator_c/interfaces/msg/detail/panel_object__functions.c.o[0m
[5.452s] [ 12%] [34m[1mGenerating C++ type support dispatch for ROS interfaces[0m
[5.465s] [ 16%] [34m[1mGenerating C++ type support for eProsima Fast-RTPS[0m
[5.552s] [ 16%] Built target ament_cmake_python_build_interfaces_egg
[5.664s] [ 19%] [34m[1mGenerating C++ introspection for ROS interfaces[0m
[6.326s] [ 22%] [32m[1mLinking C shared library libinterfaces__rosidl_generator_c.so[0m
[6.539s] [ 22%] Built target interfaces__rosidl_generator_c
[6.560s] [ 25%] [32mBuilding CXX object CMakeFiles/interfaces__rosidl_typesupport_cpp.dir/rosidl_typesupport_cpp/interfaces/msg/panel_object__type_support.cpp.o[0m
[6.579s] [ 29%] [34m[1mGenerating C type support for eProsima Fast-RTPS[0m
[6.761s] [ 32%] [32mBuilding CXX object CMakeFiles/interfaces__rosidl_typesupport_fastrtps_cpp.dir/rosidl_typesupport_fastrtps_cpp/interfaces/msg/detail/dds_fastrtps/panel_object__type_support.cpp.o[0m
[6.812s] [ 35%] [32mBuilding CXX object CMakeFiles/interfaces__rosidl_typesupport_introspection_cpp.dir/rosidl_typesupport_introspection_cpp/interfaces/msg/detail/panel_object__type_support.cpp.o[0m
[7.156s] [ 38%] [32mBuilding CXX object CMakeFiles/interfaces__rosidl_typesupport_fastrtps_c.dir/rosidl_typesupport_fastrtps_c/interfaces/msg/detail/panel_object__type_support_c.cpp.o[0m
[7.575s] [ 41%] [32m[1mLinking CXX shared library libinterfaces__rosidl_typesupport_cpp.so[0m
[7.690s] [ 41%] Built target interfaces__rosidl_typesupport_cpp
[7.761s] [ 45%] [34m[1mGenerating C introspection for ROS interfaces[0m
[7.876s] [ 48%] [32m[1mLinking CXX shared library libinterfaces__rosidl_typesupport_introspection_cpp.so[0m
[7.990s] [ 51%] [32m[1mLinking CXX shared library libinterfaces__rosidl_typesupport_fastrtps_cpp.so[0m
[8.103s] [ 51%] Built target interfaces__rosidl_typesupport_introspection_cpp
[8.124s] [ 54%] [32m[1mLinking CXX shared library libinterfaces__rosidl_typesupport_fastrtps_c.so[0m
[8.238s] [ 58%] [34m[1mGenerating C type support dispatch for ROS interfaces[0m
[8.364s] [ 58%] Built target interfaces__rosidl_typesupport_fastrtps_cpp
[8.465s] [ 58%] Built target interfaces__rosidl_typesupport_fastrtps_c
[8.563s] [ 61%] [32mBuilding C object CMakeFiles/interfaces__rosidl_typesupport_introspection_c.dir/rosidl_typesupport_introspection_c/interfaces/msg/detail/panel_object__type_support.c.o[0m
[8.699s] [ 64%] [32m[1mLinking C shared library libinterfaces__rosidl_typesupport_introspection_c.so[0m
[8.783s] [ 64%] Built target interfaces__rosidl_typesupport_introspection_c
[8.841s] [ 67%] [32mBuilding CXX object CMakeFiles/interfaces__rosidl_typesupport_c.dir/rosidl_typesupport_c/interfaces/msg/panel_object__type_support.cpp.o[0m
[8.945s] [ 70%] [32m[1mLinking CXX shared library libinterfaces__rosidl_typesupport_c.so[0m
[9.098s] [ 70%] Built target interfaces__rosidl_typesupport_c
[9.173s] [ 70%] Built target interfaces
[9.255s] [ 74%] [34m[1mGenerating Python code for ROS interfaces[0m
[9.902s] [ 74%] Built target interfaces__py
[9.992s] [ 77%] [32mBuilding C object CMakeFiles/interfaces__rosidl_generator_py.dir/rosidl_generator_py/interfaces/msg/_panel_object_s.c.o[0m
[10.610s] [ 80%] [32m[1mLinking C shared library rosidl_generator_py/interfaces/libinterfaces__rosidl_generator_py.so[0m
[10.712s] [ 80%] Built target interfaces__rosidl_generator_py
[10.793s] [ 83%] [32mBuilding C object CMakeFiles/interfaces__rosidl_typesupport_introspection_c__pyext.dir/rosidl_generator_py/interfaces/_interfaces_s.ep.rosidl_typesupport_introspection_c.c.o[0m
[10.810s] [ 87%] [32mBuilding C object CMakeFiles/interfaces__rosidl_typesupport_c__pyext.dir/rosidl_generator_py/interfaces/_interfaces_s.ep.rosidl_typesupport_c.c.o[0m
[10.816s] [ 90%] [32mBuilding C object CMakeFiles/interfaces__rosidl_typesupport_fastrtps_c__pyext.dir/rosidl_generator_py/interfaces/_interfaces_s.ep.rosidl_typesupport_fastrtps_c.c.o[0m
[11.014s] [ 93%] [32m[1mLinking C shared library rosidl_generator_py/interfaces/interfaces_s__rosidl_typesupport_introspection_c.cpython-310-x86_64-linux-gnu.so[0m
[11.033s] [ 96%] [32m[1mLinking C shared library rosidl_generator_py/interfaces/interfaces_s__rosidl_typesupport_c.cpython-310-x86_64-linux-gnu.so[0m
[11.046s] [100%] [32m[1mLinking C shared library rosidl_generator_py/interfaces/interfaces_s__rosidl_typesupport_fastrtps_c.cpython-310-x86_64-linux-gnu.so[0m
[11.156s] [100%] Built target interfaces__rosidl_typesupport_introspection_c__pyext
[11.188s] [100%] Built target interfaces__rosidl_typesupport_c__pyext
[11.298s] [100%] Built target interfaces__rosidl_typesupport_fastrtps_c__pyext
[11.354s] Invoked command in '/home/eylul/main_HD_workspace/2023/ros2_ws/build/interfaces' returned '0': CMAKE_PREFIX_PATH=/opt/ros/humble /usr/bin/cmake --build /home/eylul/main_HD_workspace/2023/ros2_ws/build/interfaces -- -j4 -l4
[11.893s] Invoking command in '/home/eylul/main_HD_workspace/2023/ros2_ws/build/interfaces': CMAKE_PREFIX_PATH=/opt/ros/humble /usr/bin/cmake --install /home/eylul/main_HD_workspace/2023/ros2_ws/build/interfaces
[11.910s] -- Install configuration: ""
[11.914s] -- Installing: /home/eylul/main_HD_workspace/2023/ros2_ws/install/interfaces/share/ament_index/resource_index/rosidl_interfaces/interfaces
[11.916s] -- Installing: /home/eylul/main_HD_workspace/2023/ros2_ws/install/interfaces/include/interfaces/interfaces
[11.916s] -- Installing: /home/eylul/main_HD_workspace/2023/ros2_ws/install/interfaces/include/interfaces/interfaces/msg
[11.916s] -- Installing: /home/eylul/main_HD_workspace/2023/ros2_ws/install/interfaces/include/interfaces/interfaces/msg/panel_object.h
[11.917s] -- Installing: /home/eylul/main_HD_workspace/2023/ros2_ws/install/interfaces/include/interfaces/interfaces/msg/rosidl_generator_c__visibility_control.h
[11.917s] -- Installing: /home/eylul/main_HD_workspace/2023/ros2_ws/install/interfaces/include/interfaces/interfaces/msg/detail
[11.917s] -- Installing: /home/eylul/main_HD_workspace/2023/ros2_ws/install/interfaces/include/interfaces/interfaces/msg/detail/panel_object__struct.h
[11.918s] -- Installing: /home/eylul/main_HD_workspace/2023/ros2_ws/install/interfaces/include/interfaces/interfaces/msg/detail/panel_object__type_support.h
[11.918s] -- Installing: /home/eylul/main_HD_workspace/2023/ros2_ws/install/interfaces/include/interfaces/interfaces/msg/detail/panel_object__functions.h
[11.918s] -- Installing: /home/eylul/main_HD_workspace/2023/ros2_ws/install/interfaces/include/interfaces/interfaces/msg/detail/panel_object__functions.c
[11.918s] -- Installing: /home/eylul/main_HD_workspace/2023/ros2_ws/install/interfaces/share/interfaces/environment/library_path.sh
[11.918s] -- Installing: /home/eylul/main_HD_workspace/2023/ros2_ws/install/interfaces/share/interfaces/environment/library_path.dsv
[11.918s] -- Installing: /home/eylul/main_HD_workspace/2023/ros2_ws/install/interfaces/lib/libinterfaces__rosidl_generator_c.so
[11.918s] -- Set runtime path of "/home/eylul/main_HD_workspace/2023/ros2_ws/install/interfaces/lib/libinterfaces__rosidl_generator_c.so" to ""
[11.918s] -- Up-to-date: /home/eylul/main_HD_workspace/2023/ros2_ws/install/interfaces/include/interfaces/interfaces
[11.918s] -- Up-to-date: /home/eylul/main_HD_workspace/2023/ros2_ws/install/interfaces/include/interfaces/interfaces/msg
[11.919s] -- Installing: /home/eylul/main_HD_workspace/2023/ros2_ws/install/interfaces/include/interfaces/interfaces/msg/rosidl_typesupport_fastrtps_c__visibility_control.h
[11.919s] -- Up-to-date: /home/eylul/main_HD_workspace/2023/ros2_ws/install/interfaces/include/interfaces/interfaces/msg/detail
[11.919s] -- Installing: /home/eylul/main_HD_workspace/2023/ros2_ws/install/interfaces/include/interfaces/interfaces/msg/detail/panel_object__rosidl_typesupport_fastrtps_c.h
[11.919s] -- Installing: /home/eylul/main_HD_workspace/2023/ros2_ws/install/interfaces/lib/libinterfaces__rosidl_typesupport_fastrtps_c.so
[11.920s] -- Set runtime path of "/home/eylul/main_HD_workspace/2023/ros2_ws/install/interfaces/lib/libinterfaces__rosidl_typesupport_fastrtps_c.so" to ""
[11.920s] -- Up-to-date: /home/eylul/main_HD_workspace/2023/ros2_ws/install/interfaces/include/interfaces/interfaces
[11.920s] -- Up-to-date: /home/eylul/main_HD_workspace/2023/ros2_ws/install/interfaces/include/interfaces/interfaces/msg
[11.920s] -- Up-to-date: /home/eylul/main_HD_workspace/2023/ros2_ws/install/interfaces/include/interfaces/interfaces/msg/detail
[11.921s] -- Installing: /home/eylul/main_HD_workspace/2023/ros2_ws/install/interfaces/include/interfaces/interfaces/msg/detail/panel_object__struct.hpp
[11.923s] -- Installing: /home/eylul/main_HD_workspace/2023/ros2_ws/install/interfaces/include/interfaces/interfaces/msg/detail/panel_object__traits.hpp
[11.925s] -- Installing: /home/eylul/main_HD_workspace/2023/ros2_ws/install/interfaces/include/interfaces/interfaces/msg/detail/panel_object__builder.hpp
[11.925s] -- Installing: /home/eylul/main_HD_workspace/2023/ros2_ws/install/interfaces/include/interfaces/interfaces/msg/panel_object.hpp
[11.926s] -- Up-to-date: /home/eylul/main_HD_workspace/2023/ros2_ws/install/interfaces/include/interfaces/interfaces
[11.926s] -- Up-to-date: /home/eylul/main_HD_workspace/2023/ros2_ws/install/interfaces/include/interfaces/interfaces/msg
[11.926s] -- Installing: /home/eylul/main_HD_workspace/2023/ros2_ws/install/interfaces/include/interfaces/interfaces/msg/rosidl_typesupport_fastrtps_cpp__visibility_control.h
[11.926s] -- Up-to-date: /home/eylul/main_HD_workspace/2023/ros2_ws/install/interfaces/include/interfaces/interfaces/msg/detail
[11.927s] -- Installing: /home/eylul/main_HD_workspace/2023/ros2_ws/install/interfaces/include/interfaces/interfaces/msg/detail/dds_fastrtps
[11.928s] -- Installing: /home/eylul/main_HD_workspace/2023/ros2_ws/install/interfaces/include/interfaces/interfaces/msg/detail/panel_object__rosidl_typesupport_fastrtps_cpp.hpp
[11.928s] -- Installing: /home/eylul/main_HD_workspace/2023/ros2_ws/install/interfaces/lib/libinterfaces__rosidl_typesupport_fastrtps_cpp.so
[11.929s] -- Set runtime path of "/home/eylul/main_HD_workspace/2023/ros2_ws/install/interfaces/lib/libinterfaces__rosidl_typesupport_fastrtps_cpp.so" to ""
[11.929s] -- Up-to-date: /home/eylul/main_HD_workspace/2023/ros2_ws/install/interfaces/include/interfaces/interfaces
[11.929s] -- Up-to-date: /home/eylul/main_HD_workspace/2023/ros2_ws/install/interfaces/include/interfaces/interfaces/msg
[11.930s] -- Installing: /home/eylul/main_HD_workspace/2023/ros2_ws/install/interfaces/include/interfaces/interfaces/msg/rosidl_typesupport_introspection_c__visibility_control.h
[11.930s] -- Up-to-date: /home/eylul/main_HD_workspace/2023/ros2_ws/install/interfaces/include/interfaces/interfaces/msg/detail
[11.931s] -- Installing: /home/eylul/main_HD_workspace/2023/ros2_ws/install/interfaces/include/interfaces/interfaces/msg/detail/panel_object__type_support.c
[11.931s] -- Installing: /home/eylul/main_HD_workspace/2023/ros2_ws/install/interfaces/include/interfaces/interfaces/msg/detail/panel_object__rosidl_typesupport_introspection_c.h
[11.931s] -- Installing: /home/eylul/main_HD_workspace/2023/ros2_ws/install/interfaces/lib/libinterfaces__rosidl_typesupport_introspection_c.so
[11.931s] -- Set runtime path of "/home/eylul/main_HD_workspace/2023/ros2_ws/install/interfaces/lib/libinterfaces__rosidl_typesupport_introspection_c.so" to ""
[11.931s] -- Installing: /home/eylul/main_HD_workspace/2023/ros2_ws/install/interfaces/lib/libinterfaces__rosidl_typesupport_c.so
[11.931s] -- Set runtime path of "/home/eylul/main_HD_workspace/2023/ros2_ws/install/interfaces/lib/libinterfaces__rosidl_typesupport_c.so" to ""
[11.932s] -- Up-to-date: /home/eylul/main_HD_workspace/2023/ros2_ws/install/interfaces/include/interfaces/interfaces
[11.932s] -- Up-to-date: /home/eylul/main_HD_workspace/2023/ros2_ws/install/interfaces/include/interfaces/interfaces/msg
[11.932s] -- Up-to-date: /home/eylul/main_HD_workspace/2023/ros2_ws/install/interfaces/include/interfaces/interfaces/msg/detail
[11.932s] -- Installing: /home/eylul/main_HD_workspace/2023/ros2_ws/install/interfaces/include/interfaces/interfaces/msg/detail/panel_object__type_support.cpp
[11.932s] -- Installing: /home/eylul/main_HD_workspace/2023/ros2_ws/install/interfaces/include/interfaces/interfaces/msg/detail/panel_object__rosidl_typesupport_introspection_cpp.hpp
[11.932s] -- Installing: /home/eylul/main_HD_workspace/2023/ros2_ws/install/interfaces/lib/libinterfaces__rosidl_typesupport_introspection_cpp.so
[11.932s] -- Set runtime path of "/home/eylul/main_HD_workspace/2023/ros2_ws/install/interfaces/lib/libinterfaces__rosidl_typesupport_introspection_cpp.so" to ""
[11.932s] -- Installing: /home/eylul/main_HD_workspace/2023/ros2_ws/install/interfaces/lib/libinterfaces__rosidl_typesupport_cpp.so
[11.932s] -- Set runtime path of "/home/eylul/main_HD_workspace/2023/ros2_ws/install/interfaces/lib/libinterfaces__rosidl_typesupport_cpp.so" to ""
[11.933s] -- Installing: /home/eylul/main_HD_workspace/2023/ros2_ws/install/interfaces/share/interfaces/environment/pythonpath.sh
[11.933s] -- Installing: /home/eylul/main_HD_workspace/2023/ros2_ws/install/interfaces/share/interfaces/environment/pythonpath.dsv
[11.933s] -- Installing: /home/eylul/main_HD_workspace/2023/ros2_ws/install/interfaces/local/lib/python3.10/dist-packages/interfaces-0.0.0-py3.10.egg-info
[11.933s] -- Installing: /home/eylul/main_HD_workspace/2023/ros2_ws/install/interfaces/local/lib/python3.10/dist-packages/interfaces-0.0.0-py3.10.egg-info/top_level.txt
[11.933s] -- Installing: /home/eylul/main_HD_workspace/2023/ros2_ws/install/interfaces/local/lib/python3.10/dist-packages/interfaces-0.0.0-py3.10.egg-info/PKG-INFO
[11.933s] -- Installing: /home/eylul/main_HD_workspace/2023/ros2_ws/install/interfaces/local/lib/python3.10/dist-packages/interfaces-0.0.0-py3.10.egg-info/dependency_links.txt
[11.933s] -- Installing: /home/eylul/main_HD_workspace/2023/ros2_ws/install/interfaces/local/lib/python3.10/dist-packages/interfaces-0.0.0-py3.10.egg-info/SOURCES.txt
[11.933s] -- Installing: /home/eylul/main_HD_workspace/2023/ros2_ws/install/interfaces/local/lib/python3.10/dist-packages/interfaces
[11.934s] -- Installing: /home/eylul/main_HD_workspace/2023/ros2_ws/install/interfaces/local/lib/python3.10/dist-packages/interfaces/msg
[11.934s] -- Installing: /home/eylul/main_HD_workspace/2023/ros2_ws/install/interfaces/local/lib/python3.10/dist-packages/interfaces/msg/__init__.py
[11.934s] -- Installing: /home/eylul/main_HD_workspace/2023/ros2_ws/install/interfaces/local/lib/python3.10/dist-packages/interfaces/msg/_panel_object.py
[11.934s] -- Installing: /home/eylul/main_HD_workspace/2023/ros2_ws/install/interfaces/local/lib/python3.10/dist-packages/interfaces/msg/_panel_object_s.c
[11.934s] -- Installing: /home/eylul/main_HD_workspace/2023/ros2_ws/install/interfaces/local/lib/python3.10/dist-packages/interfaces/_interfaces_s.ep.rosidl_typesupport_c.c
[11.934s] -- Installing: /home/eylul/main_HD_workspace/2023/ros2_ws/install/interfaces/local/lib/python3.10/dist-packages/interfaces/interfaces_s__rosidl_typesupport_c.cpython-310-x86_64-linux-gnu.so
[11.934s] -- Installing: /home/eylul/main_HD_workspace/2023/ros2_ws/install/interfaces/local/lib/python3.10/dist-packages/interfaces/_interfaces_s.ep.rosidl_typesupport_fastrtps_c.c
[11.934s] -- Installing: /home/eylul/main_HD_workspace/2023/ros2_ws/install/interfaces/local/lib/python3.10/dist-packages/interfaces/libinterfaces__rosidl_generator_py.so
[11.934s] -- Installing: /home/eylul/main_HD_workspace/2023/ros2_ws/install/interfaces/local/lib/python3.10/dist-packages/interfaces/interfaces_s__rosidl_typesupport_introspection_c.cpython-310-x86_64-linux-gnu.so
[11.935s] -- Installing: /home/eylul/main_HD_workspace/2023/ros2_ws/install/interfaces/local/lib/python3.10/dist-packages/interfaces/__init__.py
[11.935s] -- Installing: /home/eylul/main_HD_workspace/2023/ros2_ws/install/interfaces/local/lib/python3.10/dist-packages/interfaces/_interfaces_s.ep.rosidl_typesupport_introspection_c.c
[11.935s] -- Installing: /home/eylul/main_HD_workspace/2023/ros2_ws/install/interfaces/local/lib/python3.10/dist-packages/interfaces/interfaces_s__rosidl_typesupport_fastrtps_c.cpython-310-x86_64-linux-gnu.so
[11.997s] Listing '/home/eylul/main_HD_workspace/2023/ros2_ws/install/interfaces/local/lib/python3.10/dist-packages/interfaces'...
[11.998s] Compiling '/home/eylul/main_HD_workspace/2023/ros2_ws/install/interfaces/local/lib/python3.10/dist-packages/interfaces/__init__.py'...
[11.998s] Listing '/home/eylul/main_HD_workspace/2023/ros2_ws/install/interfaces/local/lib/python3.10/dist-packages/interfaces/msg'...
[11.998s] Compiling '/home/eylul/main_HD_workspace/2023/ros2_ws/install/interfaces/local/lib/python3.10/dist-packages/interfaces/msg/__init__.py'...
[11.998s] Compiling '/home/eylul/main_HD_workspace/2023/ros2_ws/install/interfaces/local/lib/python3.10/dist-packages/interfaces/msg/_panel_object.py'...
[12.005s] -- Installing: /home/eylul/main_HD_workspace/2023/ros2_ws/install/interfaces/local/lib/python3.10/dist-packages/interfaces/interfaces_s__rosidl_typesupport_fastrtps_c.cpython-310-x86_64-linux-gnu.so
[12.007s] -- Set runtime path of "/home/eylul/main_HD_workspace/2023/ros2_ws/install/interfaces/local/lib/python3.10/dist-packages/interfaces/interfaces_s__rosidl_typesupport_fastrtps_c.cpython-310-x86_64-linux-gnu.so" to ""
[12.007s] -- Installing: /home/eylul/main_HD_workspace/2023/ros2_ws/install/interfaces/local/lib/python3.10/dist-packages/interfaces/interfaces_s__rosidl_typesupport_introspection_c.cpython-310-x86_64-linux-gnu.so
[12.009s] -- Set runtime path of "/home/eylul/main_HD_workspace/2023/ros2_ws/install/interfaces/local/lib/python3.10/dist-packages/interfaces/interfaces_s__rosidl_typesupport_introspection_c.cpython-310-x86_64-linux-gnu.so" to ""
[12.012s] -- Installing: /home/eylul/main_HD_workspace/2023/ros2_ws/install/interfaces/local/lib/python3.10/dist-packages/interfaces/interfaces_s__rosidl_typesupport_c.cpython-310-x86_64-linux-gnu.so
[12.012s] -- Set runtime path of "/home/eylul/main_HD_workspace/2023/ros2_ws/install/interfaces/local/lib/python3.10/dist-packages/interfaces/interfaces_s__rosidl_typesupport_c.cpython-310-x86_64-linux-gnu.so" to ""
[12.012s] -- Installing: /home/eylul/main_HD_workspace/2023/ros2_ws/install/interfaces/lib/libinterfaces__rosidl_generator_py.so
[12.013s] -- Set runtime path of "/home/eylul/main_HD_workspace/2023/ros2_ws/install/interfaces/lib/libinterfaces__rosidl_generator_py.so" to ""
[12.013s] -- Installing: /home/eylul/main_HD_workspace/2023/ros2_ws/install/interfaces/share/interfaces/msg/PanelObject.idl
[12.014s] -- Installing: /home/eylul/main_HD_workspace/2023/ros2_ws/install/interfaces/share/interfaces/msg/PanelObject.msg
[12.014s] -- Installing: /home/eylul/main_HD_workspace/2023/ros2_ws/install/interfaces/share/ament_index/resource_index/package_run_dependencies/interfaces
[12.015s] -- Installing: /home/eylul/main_HD_workspace/2023/ros2_ws/install/interfaces/share/ament_index/resource_index/parent_prefix_path/interfaces
[12.015s] -- Installing: /home/eylul/main_HD_workspace/2023/ros2_ws/install/interfaces/share/interfaces/environment/ament_prefix_path.sh
[12.016s] -- Installing: /home/eylul/main_HD_workspace/2023/ros2_ws/install/interfaces/share/interfaces/environment/ament_prefix_path.dsv
[12.017s] -- Installing: /home/eylul/main_HD_workspace/2023/ros2_ws/install/interfaces/share/interfaces/environment/path.sh
[12.018s] -- Installing: /home/eylul/main_HD_workspace/2023/ros2_ws/install/interfaces/share/interfaces/environment/path.dsv
[12.019s] -- Installing: /home/eylul/main_HD_workspace/2023/ros2_ws/install/interfaces/share/interfaces/local_setup.bash
[12.020s] -- Installing: /home/eylul/main_HD_workspace/2023/ros2_ws/install/interfaces/share/interfaces/local_setup.sh
[12.021s] -- Installing: /home/eylul/main_HD_workspace/2023/ros2_ws/install/interfaces/share/interfaces/local_setup.zsh
[12.024s] -- Installing: /home/eylul/main_HD_workspace/2023/ros2_ws/install/interfaces/share/interfaces/local_setup.dsv
[12.024s] -- Installing: /home/eylul/main_HD_workspace/2023/ros2_ws/install/interfaces/share/interfaces/package.dsv
[12.024s] -- Installing: /home/eylul/main_HD_workspace/2023/ros2_ws/install/interfaces/share/ament_index/resource_index/packages/interfaces
[12.025s] -- Installing: /home/eylul/main_HD_workspace/2023/ros2_ws/install/interfaces/share/interfaces/cmake/export_interfaces__rosidl_generator_cExport.cmake
[12.025s] -- Installing: /home/eylul/main_HD_workspace/2023/ros2_ws/install/interfaces/share/interfaces/cmake/export_interfaces__rosidl_generator_cExport-noconfig.cmake
[12.025s] -- Installing: /home/eylul/main_HD_workspace/2023/ros2_ws/install/interfaces/share/interfaces/cmake/export_interfaces__rosidl_typesupport_fastrtps_cExport.cmake
[12.026s] -- Installing: /home/eylul/main_HD_workspace/2023/ros2_ws/install/interfaces/share/interfaces/cmake/export_interfaces__rosidl_typesupport_fastrtps_cExport-noconfig.cmake
[12.026s] -- Installing: /home/eylul/main_HD_workspace/2023/ros2_ws/install/interfaces/share/interfaces/cmake/export_interfaces__rosidl_generator_cppExport.cmake
[12.027s] -- Installing: /home/eylul/main_HD_workspace/2023/ros2_ws/install/interfaces/share/interfaces/cmake/export_interfaces__rosidl_typesupport_fastrtps_cppExport.cmake
[12.027s] -- Installing: /home/eylul/main_HD_workspace/2023/ros2_ws/install/interfaces/share/interfaces/cmake/export_interfaces__rosidl_typesupport_fastrtps_cppExport-noconfig.cmake
[12.028s] -- Installing: /home/eylul/main_HD_workspace/2023/ros2_ws/install/interfaces/share/interfaces/cmake/interfaces__rosidl_typesupport_introspection_cExport.cmake
[12.029s] -- Installing: /home/eylul/main_HD_workspace/2023/ros2_ws/install/interfaces/share/interfaces/cmake/interfaces__rosidl_typesupport_introspection_cExport-noconfig.cmake
[12.029s] -- Installing: /home/eylul/main_HD_workspace/2023/ros2_ws/install/interfaces/share/interfaces/cmake/interfaces__rosidl_typesupport_cExport.cmake
[12.030s] -- Installing: /home/eylul/main_HD_workspace/2023/ros2_ws/install/interfaces/share/interfaces/cmake/interfaces__rosidl_typesupport_cExport-noconfig.cmake
[12.030s] -- Installing: /home/eylul/main_HD_workspace/2023/ros2_ws/install/interfaces/share/interfaces/cmake/interfaces__rosidl_typesupport_introspection_cppExport.cmake
[12.031s] -- Installing: /home/eylul/main_HD_workspace/2023/ros2_ws/install/interfaces/share/interfaces/cmake/interfaces__rosidl_typesupport_introspection_cppExport-noconfig.cmake
[12.031s] -- Installing: /home/eylul/main_HD_workspace/2023/ros2_ws/install/interfaces/share/interfaces/cmake/interfaces__rosidl_typesupport_cppExport.cmake
[12.032s] -- Installing: /home/eylul/main_HD_workspace/2023/ros2_ws/install/interfaces/share/interfaces/cmake/interfaces__rosidl_typesupport_cppExport-noconfig.cmake
[12.033s] -- Installing: /home/eylul/main_HD_workspace/2023/ros2_ws/install/interfaces/share/interfaces/cmake/export_interfaces__rosidl_generator_pyExport.cmake
[12.034s] -- Installing: /home/eylul/main_HD_workspace/2023/ros2_ws/install/interfaces/share/interfaces/cmake/export_interfaces__rosidl_generator_pyExport-noconfig.cmake
[12.034s] -- Installing: /home/eylul/main_HD_workspace/2023/ros2_ws/install/interfaces/share/interfaces/cmake/rosidl_cmake-extras.cmake
[12.035s] -- Installing: /home/eylul/main_HD_workspace/2023/ros2_ws/install/interfaces/share/interfaces/cmake/ament_cmake_export_dependencies-extras.cmake
[12.036s] -- Installing: /home/eylul/main_HD_workspace/2023/ros2_ws/install/interfaces/share/interfaces/cmake/ament_cmake_export_include_directories-extras.cmake
[12.036s] -- Installing: /home/eylul/main_HD_workspace/2023/ros2_ws/install/interfaces/share/interfaces/cmake/ament_cmake_export_libraries-extras.cmake
[12.037s] -- Installing: /home/eylul/main_HD_workspace/2023/ros2_ws/install/interfaces/share/interfaces/cmake/ament_cmake_export_targets-extras.cmake
[12.041s] -- Installing: /home/eylul/main_HD_workspace/2023/ros2_ws/install/interfaces/share/interfaces/cmake/rosidl_cmake_export_typesupport_targets-extras.cmake
[12.041s] -- Installing: /home/eylul/main_HD_workspace/2023/ros2_ws/install/interfaces/share/interfaces/cmake/rosidl_cmake_export_typesupport_libraries-extras.cmake
[12.041s] -- Installing: /home/eylul/main_HD_workspace/2023/ros2_ws/install/interfaces/share/interfaces/cmake/interfacesConfig.cmake
[12.041s] -- Installing: /home/eylul/main_HD_workspace/2023/ros2_ws/install/interfaces/share/interfaces/cmake/interfacesConfig-version.cmake
[12.042s] -- Installing: /home/eylul/main_HD_workspace/2023/ros2_ws/install/interfaces/share/interfaces/package.xml
[12.049s] Invoked command in '/home/eylul/main_HD_workspace/2023/ros2_ws/build/interfaces' returned '0': CMAKE_PREFIX_PATH=/opt/ros/humble /usr/bin/cmake --install /home/eylul/main_HD_workspace/2023/ros2_ws/build/interfaces
