[0.054s] Invoking command in '/home/matthias/xplore2023/hd_ws/build/astra_moveit_config0': CMAKE_PREFIX_PATH=/home/matthias/xplore2023/hd_ws/install/astra_description:/home/matthias/xplore2023/hd_ws/install/astra_moveit_config0:/home/matthias/xplore2023/hd_ws/install/tttt:/home/matthias/xplore2023/hd_ws/install/moveit_api_test2:/home/matthias/xplore2023/hd_ws/install/moveit_api_test:/home/matthias/xplore2023/hd_ws/install/hw_interface:/home/matthias/xplore2023/hd_ws/install/astra_moveit_config_new:/home/matthias/xplore2023/hd_ws/install/astra_moveit_config:/home/matthias/xplore2023/hd_ws/install/astra_interfaces:/home/matthias/xplore2023/hd_ws/install/task_execution:/home/matthias/xplore2023/hd_ws/install/manager:/opt/ros/humble /usr/bin/cmake --build /home/matthias/xplore2023/hd_ws/build/astra_moveit_config0 -- -j12 -l12
[0.096s] Invoked command in '/home/matthias/xplore2023/hd_ws/build/astra_moveit_config0' returned '0': CMAKE_PREFIX_PATH=/home/matthias/xplore2023/hd_ws/install/astra_description:/home/matthias/xplore2023/hd_ws/install/astra_moveit_config0:/home/matthias/xplore2023/hd_ws/install/tttt:/home/matthias/xplore2023/hd_ws/install/moveit_api_test2:/home/matthias/xplore2023/hd_ws/install/moveit_api_test:/home/matthias/xplore2023/hd_ws/install/hw_interface:/home/matthias/xplore2023/hd_ws/install/astra_moveit_config_new:/home/matthias/xplore2023/hd_ws/install/astra_moveit_config:/home/matthias/xplore2023/hd_ws/install/astra_interfaces:/home/matthias/xplore2023/hd_ws/install/task_execution:/home/matthias/xplore2023/hd_ws/install/manager:/opt/ros/humble /usr/bin/cmake --build /home/matthias/xplore2023/hd_ws/build/astra_moveit_config0 -- -j12 -l12
[0.122s] Invoking command in '/home/matthias/xplore2023/hd_ws/build/astra_moveit_config0': CMAKE_PREFIX_PATH=/home/matthias/xplore2023/hd_ws/install/astra_description:/home/matthias/xplore2023/hd_ws/install/astra_moveit_config0:/home/matthias/xplore2023/hd_ws/install/tttt:/home/matthias/xplore2023/hd_ws/install/moveit_api_test2:/home/matthias/xplore2023/hd_ws/install/moveit_api_test:/home/matthias/xplore2023/hd_ws/install/hw_interface:/home/matthias/xplore2023/hd_ws/install/astra_moveit_config_new:/home/matthias/xplore2023/hd_ws/install/astra_moveit_config:/home/matthias/xplore2023/hd_ws/install/astra_interfaces:/home/matthias/xplore2023/hd_ws/install/task_execution:/home/matthias/xplore2023/hd_ws/install/manager:/opt/ros/humble /usr/bin/cmake --install /home/matthias/xplore2023/hd_ws/build/astra_moveit_config0
[0.147s] -- Install configuration: ""
[0.150s] -- Up-to-date: /home/matthias/xplore2023/hd_ws/install/astra_moveit_config0/share/ament_index/resource_index/package_run_dependencies/astra_moveit_config0
[0.150s] -- Up-to-date: /home/matthias/xplore2023/hd_ws/install/astra_moveit_config0/share/ament_index/resource_index/parent_prefix_path/astra_moveit_config0
[0.151s] -- Up-to-date: /home/matthias/xplore2023/hd_ws/install/astra_moveit_config0/share/astra_moveit_config0/environment/ament_prefix_path.sh
[0.151s] -- Up-to-date: /home/matthias/xplore2023/hd_ws/install/astra_moveit_config0/share/astra_moveit_config0/environment/ament_prefix_path.dsv
[0.152s] -- Up-to-date: /home/matthias/xplore2023/hd_ws/install/astra_moveit_config0/share/astra_moveit_config0/environment/path.sh
[0.152s] -- Up-to-date: /home/matthias/xplore2023/hd_ws/install/astra_moveit_config0/share/astra_moveit_config0/environment/path.dsv
[0.152s] -- Up-to-date: /home/matthias/xplore2023/hd_ws/install/astra_moveit_config0/share/astra_moveit_config0/local_setup.bash
[0.152s] -- Up-to-date: /home/matthias/xplore2023/hd_ws/install/astra_moveit_config0/share/astra_moveit_config0/local_setup.sh
[0.153s] -- Up-to-date: /home/matthias/xplore2023/hd_ws/install/astra_moveit_config0/share/astra_moveit_config0/local_setup.zsh
[0.153s] -- Up-to-date: /home/matthias/xplore2023/hd_ws/install/astra_moveit_config0/share/astra_moveit_config0/local_setup.dsv
[0.153s] -- Installing: /home/matthias/xplore2023/hd_ws/install/astra_moveit_config0/share/astra_moveit_config0/package.dsv
[0.154s] -- Up-to-date: /home/matthias/xplore2023/hd_ws/install/astra_moveit_config0/share/ament_index/resource_index/packages/astra_moveit_config0
[0.154s] -- Up-to-date: /home/matthias/xplore2023/hd_ws/install/astra_moveit_config0/share/astra_moveit_config0/cmake/astra_moveit_config0Config.cmake
[0.154s] -- Up-to-date: /home/matthias/xplore2023/hd_ws/install/astra_moveit_config0/share/astra_moveit_config0/cmake/astra_moveit_config0Config-version.cmake
[0.154s] -- Up-to-date: /home/matthias/xplore2023/hd_ws/install/astra_moveit_config0/share/astra_moveit_config0/package.xml
[0.157s] -- Up-to-date: /home/matthias/xplore2023/hd_ws/install/astra_moveit_config0/share/astra_moveit_config0/launch
[0.157s] -- Up-to-date: /home/matthias/xplore2023/hd_ws/install/astra_moveit_config0/share/astra_moveit_config0/launch/spawn_controllers.launch.py
[0.157s] -- Up-to-date: /home/matthias/xplore2023/hd_ws/install/astra_moveit_config0/share/astra_moveit_config0/launch/demo.launch.py
[0.157s] -- Up-to-date: /home/matthias/xplore2023/hd_ws/install/astra_moveit_config0/share/astra_moveit_config0/launch/rsp.launch.py
[0.157s] -- Up-to-date: /home/matthias/xplore2023/hd_ws/install/astra_moveit_config0/share/astra_moveit_config0/launch/setup_assistant.launch.py
[0.157s] -- Up-to-date: /home/matthias/xplore2023/hd_ws/install/astra_moveit_config0/share/astra_moveit_config0/launch/static_virtual_joint_tfs.launch.py
[0.158s] -- Up-to-date: /home/matthias/xplore2023/hd_ws/install/astra_moveit_config0/share/astra_moveit_config0/launch/moveit_rviz.launch.py
[0.158s] -- Up-to-date: /home/matthias/xplore2023/hd_ws/install/astra_moveit_config0/share/astra_moveit_config0/launch/warehouse_db.launch.py
[0.158s] -- Up-to-date: /home/matthias/xplore2023/hd_ws/install/astra_moveit_config0/share/astra_moveit_config0/launch/move_group.launch.py
[0.158s] -- Up-to-date: /home/matthias/xplore2023/hd_ws/install/astra_moveit_config0/share/astra_moveit_config0/config
[0.158s] -- Up-to-date: /home/matthias/xplore2023/hd_ws/install/astra_moveit_config0/share/astra_moveit_config0/config/astra.srdf
[0.158s] -- Up-to-date: /home/matthias/xplore2023/hd_ws/install/astra_moveit_config0/share/astra_moveit_config0/config/kinematics.yaml
[0.158s] -- Up-to-date: /home/matthias/xplore2023/hd_ws/install/astra_moveit_config0/share/astra_moveit_config0/config/joint_limits.yaml
[0.158s] -- Up-to-date: /home/matthias/xplore2023/hd_ws/install/astra_moveit_config0/share/astra_moveit_config0/config/moveit.rviz
[0.158s] -- Up-to-date: /home/matthias/xplore2023/hd_ws/install/astra_moveit_config0/share/astra_moveit_config0/config/pilz_cartesian_limits.yaml
[0.158s] -- Up-to-date: /home/matthias/xplore2023/hd_ws/install/astra_moveit_config0/share/astra_moveit_config0/config/initial_positions.yaml
[0.159s] -- Up-to-date: /home/matthias/xplore2023/hd_ws/install/astra_moveit_config0/share/astra_moveit_config0/config/moveit_controllers.yaml
[0.159s] -- Installing: /home/matthias/xplore2023/hd_ws/install/astra_moveit_config0/share/astra_moveit_config0/config/ros2_controllers.yaml
[0.159s] -- Up-to-date: /home/matthias/xplore2023/hd_ws/install/astra_moveit_config0/share/astra_moveit_config0/config/astra.ros2_control.xacro
[0.159s] -- Up-to-date: /home/matthias/xplore2023/hd_ws/install/astra_moveit_config0/share/astra_moveit_config0/config/astra.urdf.xacro
[0.159s] -- Up-to-date: /home/matthias/xplore2023/hd_ws/install/astra_moveit_config0/share/astra_moveit_config0/.setup_assistant
[0.176s] Invoked command in '/home/matthias/xplore2023/hd_ws/build/astra_moveit_config0' returned '0': CMAKE_PREFIX_PATH=/home/matthias/xplore2023/hd_ws/install/astra_description:/home/matthias/xplore2023/hd_ws/install/astra_moveit_config0:/home/matthias/xplore2023/hd_ws/install/tttt:/home/matthias/xplore2023/hd_ws/install/moveit_api_test2:/home/matthias/xplore2023/hd_ws/install/moveit_api_test:/home/matthias/xplore2023/hd_ws/install/hw_interface:/home/matthias/xplore2023/hd_ws/install/astra_moveit_config_new:/home/matthias/xplore2023/hd_ws/install/astra_moveit_config:/home/matthias/xplore2023/hd_ws/install/astra_interfaces:/home/matthias/xplore2023/hd_ws/install/task_execution:/home/matthias/xplore2023/hd_ws/install/manager:/opt/ros/humble /usr/bin/cmake --install /home/matthias/xplore2023/hd_ws/build/astra_moveit_config0
