running egg_info
creating ../../../build/task_execution/task_execution.egg-info
writing ../../../build/task_execution/task_execution.egg-info/PKG-INFO
writing dependency_links to ../../../build/task_execution/task_execution.egg-info/dependency_links.txt
writing entry points to ../../../build/task_execution/task_execution.egg-info/entry_points.txt
writing requirements to ../../../build/task_execution/task_execution.egg-info/requires.txt
writing top-level names to ../../../build/task_execution/task_execution.egg-info/top_level.txt
writing manifest file '../../../build/task_execution/task_execution.egg-info/SOURCES.txt'
reading manifest file '../../../build/task_execution/task_execution.egg-info/SOURCES.txt'
writing manifest file '../../../build/task_execution/task_execution.egg-info/SOURCES.txt'
running build
running build_py
creating /home/matthias/xplore2023/hd_ws/build/task_execution/build
creating /home/matthias/xplore2023/hd_ws/build/task_execution/build/lib
creating /home/matthias/xplore2023/hd_ws/build/task_execution/build/lib/task_execution
copying task_execution/planner_test.py -> /home/matthias/xplore2023/hd_ws/build/task_execution/build/lib/task_execution
copying task_execution/trajectory_planner.py -> /home/matthias/xplore2023/hd_ws/build/task_execution/build/lib/task_execution
copying task_execution/__init__.py -> /home/matthias/xplore2023/hd_ws/build/task_execution/build/lib/task_execution
copying task_execution/task_executor.py -> /home/matthias/xplore2023/hd_ws/build/task_execution/build/lib/task_execution
copying task_execution/vision_test.py -> /home/matthias/xplore2023/hd_ws/build/task_execution/build/lib/task_execution
running install
running install_lib
creating /home/matthias/xplore2023/hd_ws/install/task_execution/lib/python3.10/site-packages/task_execution
copying /home/matthias/xplore2023/hd_ws/build/task_execution/build/lib/task_execution/planner_test.py -> /home/matthias/xplore2023/hd_ws/install/task_execution/lib/python3.10/site-packages/task_execution
copying /home/matthias/xplore2023/hd_ws/build/task_execution/build/lib/task_execution/trajectory_planner.py -> /home/matthias/xplore2023/hd_ws/install/task_execution/lib/python3.10/site-packages/task_execution
copying /home/matthias/xplore2023/hd_ws/build/task_execution/build/lib/task_execution/__init__.py -> /home/matthias/xplore2023/hd_ws/install/task_execution/lib/python3.10/site-packages/task_execution
copying /home/matthias/xplore2023/hd_ws/build/task_execution/build/lib/task_execution/task_executor.py -> /home/matthias/xplore2023/hd_ws/install/task_execution/lib/python3.10/site-packages/task_execution
copying /home/matthias/xplore2023/hd_ws/build/task_execution/build/lib/task_execution/vision_test.py -> /home/matthias/xplore2023/hd_ws/install/task_execution/lib/python3.10/site-packages/task_execution
byte-compiling /home/matthias/xplore2023/hd_ws/install/task_execution/lib/python3.10/site-packages/task_execution/planner_test.py to planner_test.cpython-310.pyc
byte-compiling /home/matthias/xplore2023/hd_ws/install/task_execution/lib/python3.10/site-packages/task_execution/trajectory_planner.py to trajectory_planner.cpython-310.pyc
byte-compiling /home/matthias/xplore2023/hd_ws/install/task_execution/lib/python3.10/site-packages/task_execution/__init__.py to __init__.cpython-310.pyc
byte-compiling /home/matthias/xplore2023/hd_ws/install/task_execution/lib/python3.10/site-packages/task_execution/task_executor.py to task_executor.cpython-310.pyc
byte-compiling /home/matthias/xplore2023/hd_ws/install/task_execution/lib/python3.10/site-packages/task_execution/vision_test.py to vision_test.cpython-310.pyc
running install_data
creating /home/matthias/xplore2023/hd_ws/install/task_execution/share/ament_index
creating /home/matthias/xplore2023/hd_ws/install/task_execution/share/ament_index/resource_index
creating /home/matthias/xplore2023/hd_ws/install/task_execution/share/ament_index/resource_index/packages
copying resource/task_execution -> /home/matthias/xplore2023/hd_ws/install/task_execution/share/ament_index/resource_index/packages
copying package.xml -> /home/matthias/xplore2023/hd_ws/install/task_execution/share/task_execution
running install_egg_info
Copying ../../../build/task_execution/task_execution.egg-info to /home/matthias/xplore2023/hd_ws/install/task_execution/lib/python3.10/site-packages/task_execution-0.0.0-py3.10.egg-info
running install_scripts
writing list of installed files to '/home/matthias/xplore2023/hd_ws/build/task_execution/install.log'
